
2014-06-04 10:34:11|FAIL|Insert Into sum_login_daily_detail|MSG=SQLSTATE[42S22]: Column not found: 1054 Unknown column 'logincnt' in 'field list'
2014-06-04 10:35:11|FAIL|Insert Into sum_login_daily_detail|MSG=SQLSTATE[42S22]: Column not found: 1054 Unknown column 'server' in 'field list'
2014-06-04 10:36:07|OK|Insert Into sum_login_daily_detail|rowCount=2079
2014-06-04 10:38:16|OK|Insert Into sum_login_daily_detail|rowCount=2079
2014-06-04 11:40:33|FAIL|Insert Into sum_newuser_daily_detail|MSG=SQLSTATE[42000]: Syntax error or access violation: 1064 You have an error in your SQL syntax; check the manual that corresponds to your MySQL server version for the right syntax to use near '' at line 1
2014-06-04 11:49:58|OK|Insert Into sum_newuser_daily_detail|rowCount=267
2014-06-05 10:08:14|OK|Insert Into sum_newuser_daily_detail|rowCount=359
2014-06-05 10:24:18|OK|Insert Into sum_newuser_daily_detail|rowCount=359
2014-06-05 10:35:55|OK|Insert Into sum_login_daily_detail|rowCount=2110
2014-06-05 10:37:32|OK|Insert Into sum_newuser_daily_detail|rowCount=359
2014-06-05 10:37:37|OK|Insert Into sum_newuser_daily_detail|rowCount=267
2014-06-05 10:37:41|OK|Insert Into sum_newuser_daily_detail|rowCount=412
2014-06-05 10:37:45|OK|Insert Into sum_newuser_daily_detail|rowCount=335
2014-06-05 10:38:03|OK|Insert Into sum_newuser_daily_detail|rowCount=361
2014-06-05 10:38:15|OK|Insert Into sum_newuser_daily_detail|rowCount=310
2014-06-05 10:38:19|OK|Insert Into sum_newuser_daily_detail|rowCount=324
2014-06-05 10:38:23|OK|Insert Into sum_newuser_daily_detail|rowCount=288
2014-06-05 10:38:28|OK|Insert Into sum_newuser_daily_detail|rowCount=353
2014-06-05 10:38:32|OK|Insert Into sum_newuser_daily_detail|rowCount=251
2014-06-05 10:38:35|OK|Insert Into sum_newuser_daily_detail|rowCount=314
2014-06-05 10:38:39|OK|Insert Into sum_newuser_daily_detail|rowCount=382
2014-06-05 10:38:42|OK|Insert Into sum_newuser_daily_detail|rowCount=274
2014-06-05 10:38:50|OK|Insert Into sum_newuser_daily_detail|rowCount=320
2014-06-05 10:38:56|OK|Insert Into sum_newuser_daily_detail|rowCount=257
2014-06-05 10:39:00|OK|Insert Into sum_newuser_daily_detail|rowCount=321
2014-06-05 16:21:29|OK|Insert Into sum_login_daily_detail|rowCount=1905
2014-06-05 16:21:43|OK|Insert Into sum_login_daily_detail|rowCount=1902
2014-06-05 16:22:11|OK|Insert Into sum_login_daily_detail|rowCount=1940
2014-06-05 16:22:26|OK|Insert Into sum_login_daily_detail|rowCount=1949
2014-06-05 16:22:39|OK|Insert Into sum_login_daily_detail|rowCount=1984
2014-06-05 16:22:59|OK|Insert Into sum_login_daily_detail|rowCount=1967
2014-06-05 16:23:17|OK|Insert Into sum_login_daily_detail|rowCount=1941
2014-06-05 16:23:32|OK|Insert Into sum_login_daily_detail|rowCount=2009
2014-06-05 16:23:48|OK|Insert Into sum_login_daily_detail|rowCount=1977
2014-06-05 16:24:02|OK|Insert Into sum_login_daily_detail|rowCount=2043
2014-06-06 13:36:56|OK|Insert Into sum_newuser_daily_detail|rowCount=283
2014-06-06 13:37:04|OK|Insert Into sum_login_daily_detail|rowCount=2095
2014-06-06 14:53:51|OK|Insert Into sum_login_daily_detail|rowCount=2048
2014-06-06 14:55:09|OK|Insert Into sum_login_daily_detail|rowCount=2062
2014-06-06 14:55:54|OK|Insert Into sum_login_daily_detail|rowCount=2083
2014-06-06 14:56:06|OK|Insert Into sum_login_daily_detail|rowCount=2107
2014-06-06 14:56:20|OK|Insert Into sum_login_daily_detail|rowCount=2079
2014-06-26 17:49:57|OK|Insert Into sum_newuser_daily_detail|rowCount=367
2014-06-26 17:50:08|OK|Insert Into sum_login_daily_detail|rowCount=2260
2014-06-26 17:55:41|OK|Insert Into sum_newuser_daily_detail|rowCount=340
2014-06-26 17:55:52|OK|Insert Into sum_login_daily_detail|rowCount=2286
2014-06-26 17:56:46|OK|Insert Into sum_newuser_daily_detail|rowCount=327
2014-06-26 17:56:58|OK|Insert Into sum_login_daily_detail|rowCount=2291
2014-06-26 17:57:37|OK|Insert Into sum_newuser_daily_detail|rowCount=349
2014-06-26 17:57:49|OK|Insert Into sum_login_daily_detail|rowCount=2322
2014-06-26 17:58:24|OK|Insert Into sum_newuser_daily_detail|rowCount=344
2014-06-26 17:58:36|OK|Insert Into sum_login_daily_detail|rowCount=2330
2014-06-26 17:59:12|OK|Insert Into sum_newuser_daily_detail|rowCount=393
2014-06-26 17:59:23|OK|Insert Into sum_login_daily_detail|rowCount=2376
2014-06-26 17:59:59|OK|Insert Into sum_newuser_daily_detail|rowCount=356
2014-06-26 18:00:12|OK|Insert Into sum_login_daily_detail|rowCount=2360
2014-06-26 18:00:52|OK|Insert Into sum_newuser_daily_detail|rowCount=404
2014-06-26 18:01:05|OK|Insert Into sum_login_daily_detail|rowCount=2406
2014-06-26 18:01:38|OK|Insert Into sum_newuser_daily_detail|rowCount=316
2014-06-26 18:01:51|OK|Insert Into sum_login_daily_detail|rowCount=2383
2014-06-26 18:02:28|OK|Insert Into sum_newuser_daily_detail|rowCount=385
2014-06-26 18:02:41|OK|Insert Into sum_login_daily_detail|rowCount=2417
2014-06-26 18:03:35|OK|Insert Into sum_newuser_daily_detail|rowCount=380
2014-06-26 18:03:49|OK|Insert Into sum_login_daily_detail|rowCount=2418
2014-06-26 18:04:31|OK|Insert Into sum_newuser_daily_detail|rowCount=291
2014-06-26 18:04:43|OK|Insert Into sum_login_daily_detail|rowCount=2381
2014-06-30 10:19:57|OK|Insert Into sum_newuser_daily_detail|rowCount=608
2014-06-30 10:20:10|OK|Insert Into sum_login_daily_detail|rowCount=2459
2014-06-30 21:32:50|OK|Insert Into sum_newuser_daily_detail|rowCount=608
2014-06-30 21:32:57|OK|Insert Into sum_login_daily_detail|rowCount=2459
2014-07-01 02:00:34|OK|Insert Into sum_newuser_daily_detail|rowCount=530
2014-07-01 02:00:41|OK|Insert Into sum_login_daily_detail|rowCount=2500
2014-07-01 09:51:29|OK|Insert Into sum_newuser_daily_detail|rowCount=369
2014-07-01 09:51:34|OK|Insert Into sum_login_daily_detail|rowCount=2436
2014-07-01 09:52:21|OK|Insert Into sum_newuser_daily_detail|rowCount=628
2014-07-01 09:52:26|OK|Insert Into sum_login_daily_detail|rowCount=2452
2014-07-01 09:53:17|OK|Insert Into sum_newuser_daily_detail|rowCount=716
2014-07-01 09:53:23|OK|Insert Into sum_login_daily_detail|rowCount=2450
2014-07-02 12:10:53|OK|Insert Into sum_newuser_daily_detail|rowCount=474
2014-07-02 12:11:00|OK|Insert Into sum_login_daily_detail|rowCount=2476
2014-07-03 02:00:43|OK|Insert Into sum_newuser_daily_detail|rowCount=446
2014-07-03 02:00:50|OK|Insert Into sum_login_daily_detail|rowCount=2535
2014-07-04 02:00:44|OK|Insert Into sum_newuser_daily_detail|rowCount=422
2014-07-04 02:00:51|OK|Insert Into sum_login_daily_detail|rowCount=2519
2014-07-05 02:00:48|OK|Insert Into sum_newuser_daily_detail|rowCount=383
2014-07-05 02:00:55|OK|Insert Into sum_login_daily_detail|rowCount=2548
2014-07-06 02:00:46|OK|Insert Into sum_newuser_daily_detail|rowCount=395
2014-07-06 02:00:53|OK|Insert Into sum_login_daily_detail|rowCount=2548
2014-07-07 16:12:28|OK|Insert Into sum_newuser_daily_detail|rowCount=425
2014-07-07 16:12:36|OK|Insert Into sum_login_daily_detail|rowCount=2581
2014-07-08 08:58:52|OK|Insert Into sum_newuser_daily_detail|rowCount=362
2014-07-08 08:59:00|OK|Insert Into sum_login_daily_detail|rowCount=2576
2014-07-09 09:30:16|OK|Insert Into sum_newuser_daily_detail|rowCount=390
2014-07-09 09:30:23|OK|Insert Into sum_login_daily_detail|rowCount=2614
2014-07-09 09:34:52|OK|Insert Into sum_newuser_daily_detail|rowCount=362
2014-07-09 09:34:58|OK|Insert Into sum_login_daily_detail|rowCount=2576
2014-07-09 09:35:13|OK|Insert Into sum_newuser_daily_detail|rowCount=390
2014-07-09 09:35:20|OK|Insert Into sum_login_daily_detail|rowCount=2614
2014-07-10 02:15:00|OK|Insert Into sum_newuser_daily_detail|rowCount=349
2014-07-10 02:15:07|OK|Insert Into sum_login_daily_detail|rowCount=2598
2014-07-11 02:15:00|OK|Insert Into sum_newuser_daily_detail|rowCount=353
2014-07-11 02:15:07|OK|Insert Into sum_login_daily_detail|rowCount=2652
2014-07-12 02:15:00|OK|Insert Into sum_newuser_daily_detail|rowCount=337
2014-07-12 02:15:07|OK|Insert Into sum_login_daily_detail|rowCount=2623
2014-07-13 02:15:00|OK|Insert Into sum_newuser_daily_detail|rowCount=413
2014-07-13 02:15:07|OK|Insert Into sum_login_daily_detail|rowCount=2652
2014-07-14 02:15:00|OK|Insert Into sum_newuser_daily_detail|rowCount=344
2014-07-14 02:15:07|OK|Insert Into sum_login_daily_detail|rowCount=2652
2014-07-15 02:15:00|OK|Insert Into sum_newuser_daily_detail|rowCount=340
2014-07-15 02:15:08|OK|Insert Into sum_login_daily_detail|rowCount=2670
2014-07-16 02:15:00|OK|Insert Into sum_newuser_daily_detail|rowCount=359
2014-07-16 02:15:07|OK|Insert Into sum_login_daily_detail|rowCount=2656
2014-07-17 02:15:00|OK|Insert Into sum_newuser_daily_detail|rowCount=390
2014-07-17 02:15:07|OK|Insert Into sum_login_daily_detail|rowCount=2706
2014-07-18 02:15:00|OK|Insert Into sum_newuser_daily_detail|rowCount=322
2014-07-18 02:15:07|OK|Insert Into sum_login_daily_detail|rowCount=2695
2014-07-19 02:15:00|OK|Insert Into sum_newuser_daily_detail|rowCount=379
2014-07-19 02:15:07|OK|Insert Into sum_login_daily_detail|rowCount=2714
2014-07-20 02:15:00|OK|Insert Into sum_newuser_daily_detail|rowCount=352
2014-07-20 02:15:08|OK|Insert Into sum_login_daily_detail|rowCount=2707
2014-07-21 02:15:00|OK|Insert Into sum_newuser_daily_detail|rowCount=368
2014-07-21 02:15:07|OK|Insert Into sum_login_daily_detail|rowCount=2710
2014-07-22 02:15:00|OK|Insert Into sum_newuser_daily_detail|rowCount=324
2014-07-22 02:15:07|OK|Insert Into sum_login_daily_detail|rowCount=2732
2014-07-23 02:15:00|OK|Insert Into sum_newuser_daily_detail|rowCount=417
2014-07-23 02:15:08|OK|Insert Into sum_login_daily_detail|rowCount=2764
2014-07-24 02:15:00|OK|Insert Into sum_newuser_daily_detail|rowCount=322
2014-07-24 02:15:07|OK|Insert Into sum_login_daily_detail|rowCount=2739
2014-07-25 02:15:00|OK|Insert Into sum_newuser_daily_detail|rowCount=357
2014-07-25 02:15:08|OK|Insert Into sum_login_daily_detail|rowCount=2801
2014-07-26 02:15:00|OK|Insert Into sum_newuser_daily_detail|rowCount=362
2014-07-26 02:15:08|OK|Insert Into sum_login_daily_detail|rowCount=2811
2014-07-27 02:15:00|OK|Insert Into sum_newuser_daily_detail|rowCount=365
2014-07-27 02:15:08|OK|Insert Into sum_login_daily_detail|rowCount=2825
2014-07-28 02:15:00|OK|Insert Into sum_newuser_daily_detail|rowCount=326
2014-07-28 02:15:08|OK|Insert Into sum_login_daily_detail|rowCount=2804
2014-07-29 02:15:00|OK|Insert Into sum_newuser_daily_detail|rowCount=363
2014-07-29 02:15:08|OK|Insert Into sum_login_daily_detail|rowCount=2849
2014-07-30 02:15:00|OK|Insert Into sum_newuser_daily_detail|rowCount=328
2014-07-30 02:15:07|OK|Insert Into sum_login_daily_detail|rowCount=2811
2014-07-31 02:15:00|OK|Insert Into sum_newuser_daily_detail|rowCount=350
2014-07-31 02:15:09|OK|Insert Into sum_login_daily_detail|rowCount=2880
2014-08-01 02:15:00|OK|Insert Into sum_newuser_daily_detail|rowCount=317
2014-08-01 02:15:08|OK|Insert Into sum_login_daily_detail|rowCount=2836
2014-08-02 02:15:00|OK|Insert Into sum_newuser_daily_detail|rowCount=387
2014-08-02 02:15:09|OK|Insert Into sum_login_daily_detail|rowCount=2859
2014-08-03 02:15:00|OK|Insert Into sum_newuser_daily_detail|rowCount=320
2014-08-03 02:15:08|OK|Insert Into sum_login_daily_detail|rowCount=2852
2014-08-04 02:15:00|OK|Insert Into sum_newuser_daily_detail|rowCount=369
2014-08-04 02:15:08|OK|Insert Into sum_login_daily_detail|rowCount=2875
2014-08-05 02:15:00|OK|Insert Into sum_newuser_daily_detail|rowCount=335
2014-08-05 02:15:07|OK|Insert Into sum_login_daily_detail|rowCount=2850
2014-08-06 02:15:00|OK|Insert Into sum_newuser_daily_detail|rowCount=388
2014-08-06 02:15:09|OK|Insert Into sum_login_daily_detail|rowCount=2905
2014-08-07 02:15:00|OK|Insert Into sum_newuser_daily_detail|rowCount=357
2014-08-07 02:15:09|OK|Insert Into sum_login_daily_detail|rowCount=2915
2014-08-08 02:15:00|OK|Insert Into sum_newuser_daily_detail|rowCount=375
2014-08-08 02:15:09|OK|Insert Into sum_login_daily_detail|rowCount=2968
2014-08-09 02:15:00|OK|Insert Into sum_newuser_daily_detail|rowCount=363
2014-08-09 02:15:08|OK|Insert Into sum_login_daily_detail|rowCount=2919
2014-08-10 02:15:00|OK|Insert Into sum_newuser_daily_detail|rowCount=404
2014-08-10 02:15:09|OK|Insert Into sum_login_daily_detail|rowCount=2996
2014-08-11 02:15:00|OK|Insert Into sum_newuser_daily_detail|rowCount=375
2014-08-11 02:15:08|OK|Insert Into sum_login_daily_detail|rowCount=2953
2014-08-12 02:15:00|OK|Insert Into sum_newuser_daily_detail|rowCount=367
2014-08-12 02:15:08|OK|Insert Into sum_login_daily_detail|rowCount=2999
2014-08-13 02:15:00|OK|Insert Into sum_newuser_daily_detail|rowCount=341
2014-08-13 02:15:08|OK|Insert Into sum_login_daily_detail|rowCount=2983
2014-08-14 02:15:00|OK|Insert Into sum_newuser_daily_detail|rowCount=432
2014-08-14 02:15:09|OK|Insert Into sum_login_daily_detail|rowCount=3043
2014-08-15 02:15:00|OK|Insert Into sum_newuser_daily_detail|rowCount=371
2014-08-15 02:15:09|OK|Insert Into sum_login_daily_detail|rowCount=3014
2014-08-16 02:15:00|OK|Insert Into sum_newuser_daily_detail|rowCount=397
2014-08-16 02:15:09|OK|Insert Into sum_login_daily_detail|rowCount=3047
2014-08-17 02:15:00|OK|Insert Into sum_newuser_daily_detail|rowCount=369
2014-08-17 02:15:09|OK|Insert Into sum_login_daily_detail|rowCount=3042
2014-08-18 02:15:00|OK|Insert Into sum_newuser_daily_detail|rowCount=365
2014-08-18 02:15:09|OK|Insert Into sum_login_daily_detail|rowCount=3106
2014-08-19 02:15:00|OK|Insert Into sum_newuser_daily_detail|rowCount=335
2014-08-19 02:15:09|OK|Insert Into sum_login_daily_detail|rowCount=3074
2014-08-20 02:15:00|OK|Insert Into sum_newuser_daily_detail|rowCount=405
2014-08-20 02:15:09|OK|Insert Into sum_login_daily_detail|rowCount=3089
2014-08-21 02:15:00|OK|Insert Into sum_newuser_daily_detail|rowCount=346
2014-08-21 02:15:09|OK|Insert Into sum_login_daily_detail|rowCount=3103
2014-08-22 02:15:00|OK|Insert Into sum_newuser_daily_detail|rowCount=392
2014-08-22 02:15:09|OK|Insert Into sum_login_daily_detail|rowCount=3143
2014-08-23 02:15:00|OK|Insert Into sum_newuser_daily_detail|rowCount=331
2014-08-23 02:15:09|OK|Insert Into sum_login_daily_detail|rowCount=3110
2014-08-24 02:15:00|OK|Insert Into sum_newuser_daily_detail|rowCount=379
2014-08-24 02:15:10|OK|Insert Into sum_login_daily_detail|rowCount=3163
2014-08-25 02:15:00|OK|Insert Into sum_newuser_daily_detail|rowCount=285
2014-08-25 02:15:09|OK|Insert Into sum_login_daily_detail|rowCount=3154
2014-08-26 02:15:00|OK|Insert Into sum_newuser_daily_detail|rowCount=326
2014-08-26 02:15:10|OK|Insert Into sum_login_daily_detail|rowCount=3174
2014-08-27 02:15:00|OK|Insert Into sum_newuser_daily_detail|rowCount=346
2014-08-27 02:15:09|OK|Insert Into sum_login_daily_detail|rowCount=3143
2014-08-28 02:15:00|OK|Insert Into sum_newuser_daily_detail|rowCount=369
2014-08-28 02:15:09|OK|Insert Into sum_login_daily_detail|rowCount=3182
2014-08-29 02:15:00|OK|Insert Into sum_newuser_daily_detail|rowCount=314
2014-08-29 02:15:10|OK|Insert Into sum_login_daily_detail|rowCount=3157
2014-08-30 02:15:00|OK|Insert Into sum_newuser_daily_detail|rowCount=380
2014-08-30 02:15:10|OK|Insert Into sum_login_daily_detail|rowCount=3194
2014-08-31 02:15:00|OK|Insert Into sum_newuser_daily_detail|rowCount=330
2014-08-31 02:15:09|OK|Insert Into sum_login_daily_detail|rowCount=3149
2014-09-01 02:15:00|OK|Insert Into sum_newuser_daily_detail|rowCount=418
2014-09-01 02:15:10|OK|Insert Into sum_login_daily_detail|rowCount=3190
2014-09-02 02:15:00|OK|Insert Into sum_newuser_daily_detail|rowCount=281
2014-09-02 02:15:09|OK|Insert Into sum_login_daily_detail|rowCount=3147
2014-09-03 02:15:00|OK|Insert Into sum_newuser_daily_detail|rowCount=329
2014-09-03 02:15:09|OK|Insert Into sum_login_daily_detail|rowCount=3171
2014-09-04 02:15:00|OK|Insert Into sum_newuser_daily_detail|rowCount=314
2014-09-04 02:15:09|OK|Insert Into sum_login_daily_detail|rowCount=3145
2014-09-05 02:15:00|OK|Insert Into sum_newuser_daily_detail|rowCount=439
2014-09-05 02:15:09|OK|Insert Into sum_login_daily_detail|rowCount=3153
2014-09-06 02:15:00|OK|Insert Into sum_newuser_daily_detail|rowCount=289
2014-09-06 02:15:08|OK|Insert Into sum_login_daily_detail|rowCount=3108
2014-09-07 02:15:00|OK|Insert Into sum_newuser_daily_detail|rowCount=369
2014-09-07 02:15:09|OK|Insert Into sum_login_daily_detail|rowCount=3192
2014-09-08 02:15:00|OK|Insert Into sum_newuser_daily_detail|rowCount=312
2014-09-08 02:15:10|OK|Insert Into sum_login_daily_detail|rowCount=3187
2014-09-09 02:15:00|OK|Insert Into sum_newuser_daily_detail|rowCount=330
2014-09-09 02:15:10|OK|Insert Into sum_login_daily_detail|rowCount=3222
2014-09-10 02:15:00|OK|Insert Into sum_newuser_daily_detail|rowCount=287
2014-09-10 02:15:10|OK|Insert Into sum_login_daily_detail|rowCount=3158
2014-09-11 02:15:00|OK|Insert Into sum_newuser_daily_detail|rowCount=335
2014-09-11 02:15:09|OK|Insert Into sum_login_daily_detail|rowCount=3197
2014-09-12 02:15:00|OK|Insert Into sum_newuser_daily_detail|rowCount=284
2014-09-12 02:15:09|OK|Insert Into sum_login_daily_detail|rowCount=3142
2014-09-13 02:15:00|OK|Insert Into sum_newuser_daily_detail|rowCount=240
2014-09-13 02:15:09|OK|Insert Into sum_login_daily_detail|rowCount=3167
2014-09-14 02:15:00|OK|Insert Into sum_newuser_daily_detail|rowCount=339
2014-09-14 02:15:09|OK|Insert Into sum_login_daily_detail|rowCount=3218
2014-09-15 02:15:00|OK|Insert Into sum_newuser_daily_detail|rowCount=306
2014-09-15 02:15:09|OK|Insert Into sum_login_daily_detail|rowCount=3187
2014-09-16 02:15:00|OK|Insert Into sum_newuser_daily_detail|rowCount=230
2014-09-16 02:15:08|OK|Insert Into sum_login_daily_detail|rowCount=3147
2014-09-17 02:15:00|OK|Insert Into sum_newuser_daily_detail|rowCount=316
2014-09-17 02:15:09|OK|Insert Into sum_login_daily_detail|rowCount=3206
2014-09-18 02:15:00|OK|Insert Into sum_newuser_daily_detail|rowCount=267
2014-09-18 02:15:10|OK|Insert Into sum_login_daily_detail|rowCount=3171
2014-09-19 02:15:00|OK|Insert Into sum_newuser_daily_detail|rowCount=235
2014-09-19 02:15:09|OK|Insert Into sum_login_daily_detail|rowCount=3133
2014-09-20 02:15:00|OK|Insert Into sum_newuser_daily_detail|rowCount=274
2014-09-20 02:15:10|OK|Insert Into sum_login_daily_detail|rowCount=3193
2014-09-21 02:15:00|OK|Insert Into sum_newuser_daily_detail|rowCount=286
2014-09-21 02:15:09|OK|Insert Into sum_login_daily_detail|rowCount=3193
2014-09-22 02:15:00|OK|Insert Into sum_newuser_daily_detail|rowCount=265
2014-09-22 02:15:09|OK|Insert Into sum_login_daily_detail|rowCount=3187
2014-09-23 02:15:00|OK|Insert Into sum_newuser_daily_detail|rowCount=245
2014-09-23 02:15:09|OK|Insert Into sum_login_daily_detail|rowCount=3184
2014-09-24 02:15:00|OK|Insert Into sum_newuser_daily_detail|rowCount=235
2014-09-24 02:15:09|OK|Insert Into sum_login_daily_detail|rowCount=3174
2014-09-25 02:15:00|OK|Insert Into sum_newuser_daily_detail|rowCount=242
2014-09-25 02:15:09|OK|Insert Into sum_login_daily_detail|rowCount=3174
2014-09-26 02:15:00|OK|Insert Into sum_newuser_daily_detail|rowCount=300
2014-09-26 02:15:09|OK|Insert Into sum_login_daily_detail|rowCount=3194
2014-09-27 02:15:00|OK|Insert Into sum_newuser_daily_detail|rowCount=308
2014-09-27 02:15:10|OK|Insert Into sum_login_daily_detail|rowCount=3211
2014-09-28 02:15:00|OK|Insert Into sum_newuser_daily_detail|rowCount=344
2014-09-28 02:15:10|OK|Insert Into sum_login_daily_detail|rowCount=3240
2014-09-29 02:15:00|OK|Insert Into sum_newuser_daily_detail|rowCount=225
2014-09-29 02:15:09|OK|Insert Into sum_login_daily_detail|rowCount=3204
2014-09-30 02:15:00|OK|Insert Into sum_newuser_daily_detail|rowCount=205
2014-09-30 02:15:09|OK|Insert Into sum_login_daily_detail|rowCount=3163
2014-10-01 02:15:00|OK|Insert Into sum_newuser_daily_detail|rowCount=337
2014-10-01 02:15:10|OK|Insert Into sum_login_daily_detail|rowCount=3227
2014-10-02 02:15:00|OK|Insert Into sum_newuser_daily_detail|rowCount=312
2014-10-02 02:15:10|OK|Insert Into sum_login_daily_detail|rowCount=3237
2014-10-03 02:15:00|OK|Insert Into sum_newuser_daily_detail|rowCount=250
2014-10-03 02:15:09|OK|Insert Into sum_login_daily_detail|rowCount=3223
2014-10-04 02:15:00|OK|Insert Into sum_newuser_daily_detail|rowCount=355
2014-10-04 02:15:10|OK|Insert Into sum_login_daily_detail|rowCount=3260
2014-10-05 02:15:00|OK|Insert Into sum_newuser_daily_detail|rowCount=266
2014-10-05 02:15:09|OK|Insert Into sum_login_daily_detail|rowCount=3249
2014-10-06 02:15:00|OK|Insert Into sum_newuser_daily_detail|rowCount=256
2014-10-06 02:15:10|OK|Insert Into sum_login_daily_detail|rowCount=3248
2014-10-07 02:15:00|OK|Insert Into sum_newuser_daily_detail|rowCount=271
2014-10-07 02:15:10|OK|Insert Into sum_login_daily_detail|rowCount=3268
2014-10-08 02:15:00|OK|Insert Into sum_newuser_daily_detail|rowCount=236
2014-10-08 02:15:10|OK|Insert Into sum_login_daily_detail|rowCount=3241
2014-10-09 02:15:00|OK|Insert Into sum_newuser_daily_detail|rowCount=217
2014-10-09 02:15:09|OK|Insert Into sum_login_daily_detail|rowCount=3217
2014-10-10 02:15:00|OK|Insert Into sum_newuser_daily_detail|rowCount=305
2014-10-10 02:15:10|OK|Insert Into sum_login_daily_detail|rowCount=3233
2014-10-11 02:15:00|OK|Insert Into sum_newuser_daily_detail|rowCount=228
2014-10-11 02:15:10|OK|Insert Into sum_login_daily_detail|rowCount=3226
2014-10-11 20:57:04|FAIL|Insert Into sum_newuser_daily_detail|MSG=SQLSTATE[42000]: Syntax error or access violation: 1064 You have an error in your SQL syntax; check the manual that corresponds to your MySQL server version for the right syntax to use near '' at line 1
2014-10-11 20:57:04|FAIL|Insert Into sum_login_daily_detail|MSG=SQLSTATE[42000]: Syntax error or access violation: 1064 You have an error in your SQL syntax; check the manual that corresponds to your MySQL server version for the right syntax to use near '' at line 1
2014-10-11 21:02:04|FAIL|NO DATA INSERT TO  sum_newuser_daily_detail
2014-10-11 21:02:04|FAIL|NO DATA INSERT TO  sum_login_daily_detail
2014-10-11 21:04:33|FAIL|NO DATA INSERT TO  sum_newuser_daily_detail
2014-10-11 21:04:33|FAIL|NO DATA INSERT TO  sum_login_daily_detail
2014-10-11 21:11:41|FAIL|NO DATA INSERT TO  sum_newuser_daily_detail
2014-10-11 21:11:41|FAIL|NO DATA INSERT TO  sum_login_daily_detail
2014-10-11 21:12:16|OK|Insert Into sum_newuser_daily_detail|rowCount=2
2014-10-11 21:12:16|OK|Insert Into sum_login_daily_detail|rowCount=3
2014-10-11 21:18:10|FAIL|NO DATA INSERT TO  sum_newuser_daily_detail
2014-10-11 21:18:10|FAIL|NO DATA INSERT TO  sum_login_daily_detail
2014-10-11 21:21:45|FAIL|NO DATA INSERT TO  sum_newuser_daily_detail
2014-10-11 21:21:45|FAIL|NO DATA INSERT TO  sum_login_daily_detail
2014-10-11 21:22:21|OK|Insert Into sum_newuser_daily_detail|rowCount=2
2014-10-11 21:22:21|OK|Insert Into sum_login_daily_detail|rowCount=3
2014-10-11 22:05:59|FAIL|NO DATA INSERT TO  sum_newuser_daily_detail
2014-10-11 22:05:59|FAIL|NO DATA INSERT TO  sum_login_daily_detail
2014-10-11 22:06:52|OK|Insert Into sum_newuser_daily_detail|rowCount=2
2014-10-11 22:06:52|OK|Insert Into sum_login_daily_detail|rowCount=3
2014-10-11 22:08:57|FAIL|NO DATA INSERT TO  sum_newuser_daily_detail
2014-10-11 22:08:57|FAIL|NO DATA INSERT TO  sum_login_daily_detail
2014-10-11 22:09:31|OK|Insert Into sum_newuser_daily_detail|rowCount=2
2014-10-11 22:09:31|OK|Insert Into sum_login_daily_detail|rowCount=3
2014-10-11 22:12:44|FAIL|NO DATA INSERT TO  sum_newuser_daily_detail
2014-10-11 22:12:44|FAIL|NO DATA INSERT TO  sum_login_daily_detail
2014-10-11 22:13:19|OK|Insert Into sum_newuser_daily_detail|rowCount=2
2014-10-11 22:13:19|OK|Insert Into sum_login_daily_detail|rowCount=3
2014-10-11 22:13:57|OK|Insert Into sum_newuser_daily_detail|rowCount=6
2014-10-11 22:13:57|OK|Insert Into sum_login_daily_detail|rowCount=6
2014-10-11 22:14:34|OK|Insert Into sum_newuser_daily_detail|rowCount=21
2014-10-11 22:14:34|OK|Insert Into sum_login_daily_detail|rowCount=7
2014-10-11 22:15:09|OK|Insert Into sum_newuser_daily_detail|rowCount=107
2014-10-11 22:15:09|OK|Insert Into sum_login_daily_detail|rowCount=7
2014-10-11 22:15:52|OK|Insert Into sum_newuser_daily_detail|rowCount=84
2014-10-11 22:15:52|OK|Insert Into sum_login_daily_detail|rowCount=7
2014-10-11 22:16:30|OK|Insert Into sum_newuser_daily_detail|rowCount=59
2014-10-11 22:16:30|OK|Insert Into sum_login_daily_detail|rowCount=8
2014-10-11 22:27:26|OK|Insert Into sum_newuser_daily_detail|rowCount=45
2014-10-11 22:27:26|OK|Insert Into sum_login_daily_detail|rowCount=7
2014-10-11 22:30:00|OK|Insert Into sum_newuser_daily_detail|rowCount=38
2014-10-11 22:30:00|OK|Insert Into sum_login_daily_detail|rowCount=5
2014-10-12 02:15:00|OK|Insert Into sum_newuser_daily_detail|rowCount=223
2014-10-12 02:15:10|OK|Insert Into sum_login_daily_detail|rowCount=3262
2014-10-13 02:15:00|OK|Insert Into sum_newuser_daily_detail|rowCount=309
2014-10-13 02:15:10|OK|Insert Into sum_login_daily_detail|rowCount=3282
2014-10-13 22:48:08|OK|Insert Into sum_newuser_daily_detail|rowCount=236
2014-10-13 22:48:18|OK|Insert Into sum_login_daily_detail|rowCount=3241
2014-10-13 22:48:26|OK|Insert Into sum_newuser_daily_detail|rowCount=217
2014-10-13 22:48:36|OK|Insert Into sum_login_daily_detail|rowCount=3217
2014-10-13 22:48:45|OK|Insert Into sum_newuser_daily_detail|rowCount=305
2014-10-13 22:48:55|OK|Insert Into sum_login_daily_detail|rowCount=3233
2014-10-13 22:49:05|OK|Insert Into sum_newuser_daily_detail|rowCount=228
2014-10-13 22:49:15|OK|Insert Into sum_login_daily_detail|rowCount=3226
2014-10-13 22:49:26|OK|Insert Into sum_newuser_daily_detail|rowCount=223
2014-10-13 22:49:36|OK|Insert Into sum_login_daily_detail|rowCount=3262
2014-10-13 22:49:47|OK|Insert Into sum_newuser_daily_detail|rowCount=309
2014-10-13 22:49:58|OK|Insert Into sum_login_daily_detail|rowCount=3282
2014-10-14 02:15:00|OK|Insert Into sum_newuser_daily_detail|rowCount=212
2014-10-14 02:15:10|OK|Insert Into sum_login_daily_detail|rowCount=3261
2014-10-14 10:41:51|OK|Insert Into sum_newuser_daily_detail|rowCount=300
2014-10-14 10:42:01|OK|Insert Into sum_login_daily_detail|rowCount=3194
2014-10-14 10:42:15|OK|Insert Into sum_newuser_daily_detail|rowCount=308
2014-10-14 10:42:25|OK|Insert Into sum_login_daily_detail|rowCount=3211
2014-10-14 10:42:41|OK|Insert Into sum_newuser_daily_detail|rowCount=344
2014-10-14 10:42:51|OK|Insert Into sum_login_daily_detail|rowCount=3240
2014-10-14 10:43:07|OK|Insert Into sum_newuser_daily_detail|rowCount=225
2014-10-14 10:43:17|OK|Insert Into sum_login_daily_detail|rowCount=3204
2014-10-14 10:43:30|OK|Insert Into sum_newuser_daily_detail|rowCount=205
2014-10-14 10:43:39|OK|Insert Into sum_login_daily_detail|rowCount=3163
2014-10-14 10:43:54|OK|Insert Into sum_newuser_daily_detail|rowCount=337
2014-10-14 10:44:04|OK|Insert Into sum_login_daily_detail|rowCount=3227
2014-10-14 10:44:19|OK|Insert Into sum_newuser_daily_detail|rowCount=312
2014-10-14 10:44:28|OK|Insert Into sum_login_daily_detail|rowCount=3237
2014-10-14 10:44:35|OK|Insert Into sum_newuser_daily_detail|rowCount=250
2014-10-14 10:44:45|OK|Insert Into sum_login_daily_detail|rowCount=3223
2014-10-14 10:44:52|OK|Insert Into sum_newuser_daily_detail|rowCount=355
2014-10-14 10:45:02|OK|Insert Into sum_login_daily_detail|rowCount=3260
2014-10-14 10:45:10|OK|Insert Into sum_newuser_daily_detail|rowCount=266
2014-10-14 10:45:20|OK|Insert Into sum_login_daily_detail|rowCount=3249
2014-10-14 10:45:29|OK|Insert Into sum_newuser_daily_detail|rowCount=256
2014-10-14 10:45:39|OK|Insert Into sum_login_daily_detail|rowCount=3248
2014-10-14 10:45:46|OK|Insert Into sum_newuser_daily_detail|rowCount=271
2014-10-14 10:45:56|OK|Insert Into sum_login_daily_detail|rowCount=3268
2014-10-14 14:36:02|OK|Insert Into sum_newuser_daily_detail|rowCount=212
2014-10-14 14:36:12|OK|Insert Into sum_login_daily_detail|rowCount=3261
2014-10-14 16:02:25|FAIL|NO DATA INSERT TO  sum_newuser_daily_detail
2014-10-14 16:02:25|FAIL|NO DATA INSERT TO  sum_login_daily_detail
2014-10-14 16:02:25|FAIL|NO DATA INSERT TO  sum_newuser_daily_detail
2014-10-14 16:02:25|FAIL|NO DATA INSERT TO  sum_login_daily_detail
2014-10-14 16:02:25|FAIL|NO DATA INSERT TO  sum_newuser_daily_detail
2014-10-14 16:02:25|FAIL|NO DATA INSERT TO  sum_login_daily_detail
2014-10-14 16:02:25|FAIL|NO DATA INSERT TO  sum_newuser_daily_detail
2014-10-14 16:02:25|FAIL|NO DATA INSERT TO  sum_login_daily_detail
2014-10-14 16:02:25|FAIL|NO DATA INSERT TO  sum_newuser_daily_detail
2014-10-14 16:02:25|FAIL|NO DATA INSERT TO  sum_login_daily_detail
2014-10-14 16:02:25|FAIL|NO DATA INSERT TO  sum_newuser_daily_detail
2014-10-14 16:02:25|FAIL|NO DATA INSERT TO  sum_login_daily_detail
2014-10-14 16:02:25|FAIL|NO DATA INSERT TO  sum_newuser_daily_detail
2014-10-14 16:02:25|FAIL|NO DATA INSERT TO  sum_login_daily_detail
2014-10-14 16:02:25|FAIL|NO DATA INSERT TO  sum_newuser_daily_detail
2014-10-14 16:02:25|FAIL|NO DATA INSERT TO  sum_login_daily_detail
2014-10-14 16:02:25|FAIL|NO DATA INSERT TO  sum_newuser_daily_detail
2014-10-14 16:02:25|FAIL|NO DATA INSERT TO  sum_login_daily_detail
2014-10-14 16:02:25|FAIL|NO DATA INSERT TO  sum_newuser_daily_detail
2014-10-14 16:02:25|FAIL|NO DATA INSERT TO  sum_login_daily_detail
2014-10-14 16:02:25|FAIL|NO DATA INSERT TO  sum_newuser_daily_detail
2014-10-14 16:02:25|FAIL|NO DATA INSERT TO  sum_login_daily_detail
2014-10-14 16:02:25|FAIL|NO DATA INSERT TO  sum_newuser_daily_detail
2014-10-14 16:02:25|FAIL|NO DATA INSERT TO  sum_login_daily_detail
2014-10-14 16:02:25|FAIL|NO DATA INSERT TO  sum_newuser_daily_detail
2014-10-14 16:02:25|FAIL|NO DATA INSERT TO  sum_login_daily_detail
2014-10-14 16:02:25|FAIL|NO DATA INSERT TO  sum_newuser_daily_detail
2014-10-14 16:02:25|FAIL|NO DATA INSERT TO  sum_login_daily_detail
2014-10-14 16:02:25|FAIL|NO DATA INSERT TO  sum_newuser_daily_detail
2014-10-14 16:02:25|FAIL|NO DATA INSERT TO  sum_login_daily_detail
2014-10-14 16:02:25|FAIL|NO DATA INSERT TO  sum_newuser_daily_detail
2014-10-14 16:02:25|FAIL|NO DATA INSERT TO  sum_login_daily_detail
2014-10-14 17:06:23|FAIL|NO DATA INSERT TO  sum_newuser_daily_detail
2014-10-14 17:06:23|FAIL|NO DATA INSERT TO  sum_login_daily_detail
2014-10-14 17:06:23|FAIL|NO DATA INSERT TO  sum_newuser_daily_detail
2014-10-14 17:06:23|FAIL|NO DATA INSERT TO  sum_login_daily_detail
2014-10-14 17:06:23|FAIL|NO DATA INSERT TO  sum_newuser_daily_detail
2014-10-14 17:06:23|FAIL|NO DATA INSERT TO  sum_login_daily_detail
2014-10-15 02:15:00|OK|Insert Into sum_newuser_daily_detail|rowCount=194
2014-10-15 02:15:10|OK|Insert Into sum_login_daily_detail|rowCount=3253
2014-10-16 02:15:00|OK|Insert Into sum_newuser_daily_detail|rowCount=354
2014-10-16 02:15:10|OK|Insert Into sum_login_daily_detail|rowCount=3256
2014-10-17 02:15:00|OK|Insert Into sum_newuser_daily_detail|rowCount=233
2014-10-17 02:15:09|OK|Insert Into sum_login_daily_detail|rowCount=3236
2014-10-18 02:15:00|OK|Insert Into sum_newuser_daily_detail|rowCount=213
2014-10-18 02:15:11|OK|Insert Into sum_login_daily_detail|rowCount=3257
2014-10-19 02:15:00|OK|Insert Into sum_newuser_daily_detail|rowCount=299
2014-10-19 02:15:10|OK|Insert Into sum_login_daily_detail|rowCount=3317
2014-10-20 02:15:00|OK|Insert Into sum_newuser_daily_detail|rowCount=227
2014-10-20 02:15:10|OK|Insert Into sum_login_daily_detail|rowCount=3304
2014-10-21 02:15:00|OK|Insert Into sum_newuser_daily_detail|rowCount=204
2014-10-21 02:15:09|OK|Insert Into sum_login_daily_detail|rowCount=3276
2014-10-22 02:15:00|OK|Insert Into sum_newuser_daily_detail|rowCount=266
2014-10-22 02:15:11|OK|Insert Into sum_login_daily_detail|rowCount=3286
2014-10-23 02:15:00|OK|Insert Into sum_newuser_daily_detail|rowCount=225
2014-10-23 02:15:10|OK|Insert Into sum_login_daily_detail|rowCount=3284
2014-10-24 02:15:00|OK|Insert Into sum_newuser_daily_detail|rowCount=241
2014-10-24 02:15:10|OK|Insert Into sum_login_daily_detail|rowCount=3274
2014-10-25 02:15:00|OK|Insert Into sum_newuser_daily_detail|rowCount=277
2014-10-25 02:15:10|OK|Insert Into sum_login_daily_detail|rowCount=3335
2014-10-26 02:15:00|OK|Insert Into sum_newuser_daily_detail|rowCount=255
2014-10-26 02:15:10|OK|Insert Into sum_login_daily_detail|rowCount=3304
2014-10-27 02:15:00|OK|Insert Into sum_newuser_daily_detail|rowCount=213
2014-10-27 02:15:10|OK|Insert Into sum_login_daily_detail|rowCount=3315
2014-10-28 02:15:00|OK|Insert Into sum_newuser_daily_detail|rowCount=222
2014-10-28 02:15:11|OK|Insert Into sum_login_daily_detail|rowCount=3279
2014-10-29 02:15:00|OK|Insert Into sum_newuser_daily_detail|rowCount=216
2014-10-29 02:15:10|OK|Insert Into sum_login_daily_detail|rowCount=3296
2014-10-30 02:15:00|OK|Insert Into sum_newuser_daily_detail|rowCount=194
2014-10-30 02:15:10|OK|Insert Into sum_login_daily_detail|rowCount=3293
2014-10-31 02:15:00|OK|Insert Into sum_newuser_daily_detail|rowCount=266
2014-10-31 02:15:10|OK|Insert Into sum_login_daily_detail|rowCount=3347
2014-11-01 02:15:00|OK|Insert Into sum_newuser_daily_detail|rowCount=218
2014-11-01 02:15:10|OK|Insert Into sum_login_daily_detail|rowCount=3312
2014-11-02 02:15:00|OK|Insert Into sum_newuser_daily_detail|rowCount=275
2014-11-02 02:15:10|OK|Insert Into sum_login_daily_detail|rowCount=3333
2014-11-03 02:15:00|OK|Insert Into sum_newuser_daily_detail|rowCount=246
2014-11-03 02:15:10|OK|Insert Into sum_login_daily_detail|rowCount=3350
2014-11-04 02:15:00|OK|Insert Into sum_newuser_daily_detail|rowCount=194
2014-11-04 02:15:10|OK|Insert Into sum_login_daily_detail|rowCount=3287
2014-11-05 02:15:00|OK|Insert Into sum_newuser_daily_detail|rowCount=226
2014-11-05 02:15:10|OK|Insert Into sum_login_daily_detail|rowCount=3290
2014-11-06 02:15:00|OK|Insert Into sum_newuser_daily_detail|rowCount=255
2014-11-06 02:15:11|OK|Insert Into sum_login_daily_detail|rowCount=3328
2014-11-07 02:15:00|OK|Insert Into sum_newuser_daily_detail|rowCount=220
2014-11-07 02:15:10|OK|Insert Into sum_login_daily_detail|rowCount=3306
2014-11-08 02:15:00|OK|Insert Into sum_newuser_daily_detail|rowCount=280
2014-11-08 02:15:10|OK|Insert Into sum_login_daily_detail|rowCount=3297
2014-11-09 02:15:00|OK|Insert Into sum_newuser_daily_detail|rowCount=324
2014-11-09 02:15:10|OK|Insert Into sum_login_daily_detail|rowCount=3267
2014-11-10 02:15:00|OK|Insert Into sum_newuser_daily_detail|rowCount=245
2014-11-10 02:15:10|OK|Insert Into sum_login_daily_detail|rowCount=3258
2014-11-11 02:15:00|OK|Insert Into sum_newuser_daily_detail|rowCount=220
2014-11-11 02:15:11|OK|Insert Into sum_login_daily_detail|rowCount=3233
2014-11-12 02:15:00|OK|Insert Into sum_newuser_daily_detail|rowCount=266
2014-11-12 02:15:11|OK|Insert Into sum_login_daily_detail|rowCount=3242
2014-11-13 02:15:00|OK|Insert Into sum_newuser_daily_detail|rowCount=255
2014-11-13 02:15:10|OK|Insert Into sum_login_daily_detail|rowCount=3258
2014-11-14 02:15:00|OK|Insert Into sum_newuser_daily_detail|rowCount=221
2014-11-14 02:15:09|OK|Insert Into sum_login_daily_detail|rowCount=3237
2014-11-15 02:15:00|OK|Insert Into sum_newuser_daily_detail|rowCount=270
2014-11-15 02:15:10|OK|Insert Into sum_login_daily_detail|rowCount=3274
2014-11-16 02:15:00|OK|Insert Into sum_newuser_daily_detail|rowCount=256
2014-11-16 02:15:10|OK|Insert Into sum_login_daily_detail|rowCount=3270
2014-11-17 02:15:00|OK|Insert Into sum_newuser_daily_detail|rowCount=248
2014-11-17 02:15:10|OK|Insert Into sum_login_daily_detail|rowCount=3264
2014-11-18 02:15:00|OK|Insert Into sum_newuser_daily_detail|rowCount=248
2014-11-18 02:15:10|OK|Insert Into sum_login_daily_detail|rowCount=3291
2014-11-19 02:15:00|OK|Insert Into sum_newuser_daily_detail|rowCount=386
2014-11-19 02:15:09|OK|Insert Into sum_login_daily_detail|rowCount=3164
2014-11-20 02:15:00|OK|Insert Into sum_newuser_daily_detail|rowCount=237
2014-11-20 02:15:10|OK|Insert Into sum_login_daily_detail|rowCount=3269
2014-11-21 02:15:00|OK|Insert Into sum_newuser_daily_detail|rowCount=241
2014-11-21 02:15:10|OK|Insert Into sum_login_daily_detail|rowCount=3316
2014-11-22 02:15:00|OK|Insert Into sum_newuser_daily_detail|rowCount=220
2014-11-22 02:15:10|OK|Insert Into sum_login_daily_detail|rowCount=3298
2014-11-23 02:15:00|OK|Insert Into sum_newuser_daily_detail|rowCount=217
2014-11-23 02:15:10|OK|Insert Into sum_login_daily_detail|rowCount=3305
2014-11-24 02:15:00|OK|Insert Into sum_newuser_daily_detail|rowCount=291
2014-11-24 02:15:11|OK|Insert Into sum_login_daily_detail|rowCount=3245
2014-11-25 02:15:00|OK|Insert Into sum_newuser_daily_detail|rowCount=208
2014-11-25 02:15:10|OK|Insert Into sum_login_daily_detail|rowCount=3277
2014-11-26 02:15:00|OK|Insert Into sum_newuser_daily_detail|rowCount=207
2014-11-26 02:15:10|OK|Insert Into sum_login_daily_detail|rowCount=3260
2014-11-27 02:15:00|OK|Insert Into sum_newuser_daily_detail|rowCount=256
2014-11-27 02:15:10|OK|Insert Into sum_login_daily_detail|rowCount=3308
2014-11-28 02:15:00|OK|Insert Into sum_newuser_daily_detail|rowCount=214
2014-11-28 02:15:11|OK|Insert Into sum_login_daily_detail|rowCount=3305
2014-11-29 02:15:00|OK|Insert Into sum_newuser_daily_detail|rowCount=246
2014-11-29 02:15:11|OK|Insert Into sum_login_daily_detail|rowCount=3302
2014-11-30 02:15:00|OK|Insert Into sum_newuser_daily_detail|rowCount=264
2014-11-30 02:15:11|OK|Insert Into sum_login_daily_detail|rowCount=3347
2014-12-01 02:15:00|OK|Insert Into sum_newuser_daily_detail|rowCount=272
2014-12-01 02:15:09|OK|Insert Into sum_login_daily_detail|rowCount=3107
2014-12-02 02:15:00|OK|Insert Into sum_newuser_daily_detail|rowCount=189
2014-12-02 02:15:10|OK|Insert Into sum_login_daily_detail|rowCount=3245
2014-12-03 02:15:00|OK|Insert Into sum_newuser_daily_detail|rowCount=228
2014-12-03 02:15:10|OK|Insert Into sum_login_daily_detail|rowCount=3259
2014-12-04 02:15:00|OK|Insert Into sum_newuser_daily_detail|rowCount=190
2014-12-04 02:15:10|OK|Insert Into sum_login_daily_detail|rowCount=3256
2014-12-05 02:15:00|OK|Insert Into sum_newuser_daily_detail|rowCount=191
2014-12-05 02:15:10|OK|Insert Into sum_login_daily_detail|rowCount=3293
2014-12-06 02:15:00|OK|Insert Into sum_newuser_daily_detail|rowCount=237
2014-12-06 02:15:10|OK|Insert Into sum_login_daily_detail|rowCount=3289
2014-12-07 02:15:00|OK|Insert Into sum_newuser_daily_detail|rowCount=224
2014-12-07 02:15:10|OK|Insert Into sum_login_daily_detail|rowCount=3289
2014-12-08 02:15:00|OK|Insert Into sum_newuser_daily_detail|rowCount=186
2014-12-08 02:15:10|OK|Insert Into sum_login_daily_detail|rowCount=3256
2014-12-09 02:15:00|OK|Insert Into sum_newuser_daily_detail|rowCount=221
2014-12-09 02:15:10|OK|Insert Into sum_login_daily_detail|rowCount=3303
2014-12-10 02:15:00|OK|Insert Into sum_newuser_daily_detail|rowCount=319
2014-12-10 02:15:10|OK|Insert Into sum_login_daily_detail|rowCount=3192
2014-12-11 02:15:00|OK|Insert Into sum_newuser_daily_detail|rowCount=200
2014-12-11 02:15:09|OK|Insert Into sum_login_daily_detail|rowCount=3273
2014-12-12 02:15:00|OK|Insert Into sum_newuser_daily_detail|rowCount=478
2014-12-12 02:15:10|OK|Insert Into sum_login_daily_detail|rowCount=3298
2014-12-13 02:15:00|OK|Insert Into sum_newuser_daily_detail|rowCount=590
2014-12-13 02:15:09|OK|Insert Into sum_login_daily_detail|rowCount=3155
2014-12-14 02:15:00|OK|Insert Into sum_newuser_daily_detail|rowCount=571
2014-12-14 02:15:10|OK|Insert Into sum_login_daily_detail|rowCount=3141
2014-12-15 02:15:00|OK|Insert Into sum_newuser_daily_detail|rowCount=525
2014-12-15 02:15:10|OK|Insert Into sum_login_daily_detail|rowCount=3146
2014-12-16 02:15:00|OK|Insert Into sum_newuser_daily_detail|rowCount=456
2014-12-16 02:15:10|OK|Insert Into sum_login_daily_detail|rowCount=3190
2014-12-17 02:15:00|OK|Insert Into sum_newuser_daily_detail|rowCount=366
2014-12-17 02:15:09|OK|Insert Into sum_login_daily_detail|rowCount=3142
2014-12-18 02:15:00|OK|Insert Into sum_newuser_daily_detail|rowCount=380
2014-12-18 02:15:09|OK|Insert Into sum_login_daily_detail|rowCount=3108
2014-12-19 02:15:00|OK|Insert Into sum_newuser_daily_detail|rowCount=373
2014-12-19 02:15:10|OK|Insert Into sum_login_daily_detail|rowCount=3148
2014-12-20 02:15:00|OK|Insert Into sum_newuser_daily_detail|rowCount=319
2014-12-20 02:15:09|OK|Insert Into sum_login_daily_detail|rowCount=3147
2014-12-21 02:15:00|OK|Insert Into sum_newuser_daily_detail|rowCount=344
2014-12-21 02:15:09|OK|Insert Into sum_login_daily_detail|rowCount=3148
2014-12-22 02:15:00|OK|Insert Into sum_newuser_daily_detail|rowCount=326
2014-12-22 02:15:10|OK|Insert Into sum_login_daily_detail|rowCount=3168
2014-12-23 02:15:00|OK|Insert Into sum_newuser_daily_detail|rowCount=266
2014-12-23 02:15:09|OK|Insert Into sum_login_daily_detail|rowCount=3173
2014-12-24 02:15:00|OK|Insert Into sum_newuser_daily_detail|rowCount=243
2014-12-24 02:15:09|OK|Insert Into sum_login_daily_detail|rowCount=3154
2014-12-25 02:15:00|OK|Insert Into sum_newuser_daily_detail|rowCount=282
2014-12-25 02:15:09|OK|Insert Into sum_login_daily_detail|rowCount=3191
2014-12-26 02:15:00|OK|Insert Into sum_newuser_daily_detail|rowCount=226
2014-12-26 02:15:09|OK|Insert Into sum_login_daily_detail|rowCount=3181
2014-12-27 02:15:00|OK|Insert Into sum_newuser_daily_detail|rowCount=241
2014-12-27 02:15:10|OK|Insert Into sum_login_daily_detail|rowCount=3175
2014-12-28 02:15:00|OK|Insert Into sum_newuser_daily_detail|rowCount=279
2014-12-28 02:15:11|OK|Insert Into sum_login_daily_detail|rowCount=3237
2014-12-29 02:15:00|OK|Insert Into sum_newuser_daily_detail|rowCount=245
2014-12-29 02:15:10|OK|Insert Into sum_login_daily_detail|rowCount=3210
2014-12-30 02:15:00|OK|Insert Into sum_newuser_daily_detail|rowCount=228
2014-12-30 02:15:09|OK|Insert Into sum_login_daily_detail|rowCount=3155
2014-12-31 02:15:00|OK|Insert Into sum_newuser_daily_detail|rowCount=273
2014-12-31 02:15:09|OK|Insert Into sum_login_daily_detail|rowCount=3202
2015-01-01 02:15:00|OK|Insert Into sum_newuser_daily_detail|rowCount=205
2015-01-01 02:15:10|OK|Insert Into sum_login_daily_detail|rowCount=3201
2015-01-02 02:15:00|OK|Insert Into sum_newuser_daily_detail|rowCount=212
2015-01-02 02:15:10|OK|Insert Into sum_login_daily_detail|rowCount=3217
2015-01-03 02:15:00|OK|Insert Into sum_newuser_daily_detail|rowCount=238
2015-01-03 02:15:10|OK|Insert Into sum_login_daily_detail|rowCount=3258
2015-01-04 02:15:00|OK|Insert Into sum_newuser_daily_detail|rowCount=178
2015-01-04 02:15:10|OK|Insert Into sum_login_daily_detail|rowCount=3234
2015-01-05 02:15:00|OK|Insert Into sum_newuser_daily_detail|rowCount=187
2015-01-05 02:15:10|OK|Insert Into sum_login_daily_detail|rowCount=3222
2015-01-06 02:15:00|OK|Insert Into sum_newuser_daily_detail|rowCount=222
2015-01-06 02:15:10|OK|Insert Into sum_login_daily_detail|rowCount=3259
2015-01-07 02:15:00|OK|Insert Into sum_newuser_daily_detail|rowCount=198
2015-01-07 02:15:10|OK|Insert Into sum_login_daily_detail|rowCount=3219
2015-01-08 02:15:00|OK|Insert Into sum_newuser_daily_detail|rowCount=203
2015-01-08 02:15:09|OK|Insert Into sum_login_daily_detail|rowCount=3201
2015-01-09 02:15:00|OK|Insert Into sum_newuser_daily_detail|rowCount=274
2015-01-09 02:15:09|OK|Insert Into sum_login_daily_detail|rowCount=3216
2015-01-10 02:15:00|OK|Insert Into sum_newuser_daily_detail|rowCount=203
2015-01-10 02:15:09|OK|Insert Into sum_login_daily_detail|rowCount=3231
2015-01-11 02:15:00|OK|Insert Into sum_newuser_daily_detail|rowCount=195
2015-01-11 02:15:10|OK|Insert Into sum_login_daily_detail|rowCount=3227
2015-01-12 02:15:00|OK|Insert Into sum_newuser_daily_detail|rowCount=239
2015-01-12 02:15:10|OK|Insert Into sum_login_daily_detail|rowCount=3277
2015-01-13 02:15:00|OK|Insert Into sum_newuser_daily_detail|rowCount=192
2015-01-13 02:15:10|OK|Insert Into sum_login_daily_detail|rowCount=3233
2015-01-14 02:15:00|OK|Insert Into sum_newuser_daily_detail|rowCount=200
2015-01-14 02:15:09|OK|Insert Into sum_login_daily_detail|rowCount=3239
2015-01-15 02:15:00|OK|Insert Into sum_newuser_daily_detail|rowCount=273
2015-01-15 02:15:10|OK|Insert Into sum_login_daily_detail|rowCount=3271
2015-01-16 02:15:00|OK|Insert Into sum_newuser_daily_detail|rowCount=204
2015-01-16 02:15:09|OK|Insert Into sum_login_daily_detail|rowCount=3244
2015-01-17 02:15:00|OK|Insert Into sum_newuser_daily_detail|rowCount=231
2015-01-17 02:15:09|OK|Insert Into sum_login_daily_detail|rowCount=3222
2015-01-18 02:15:00|OK|Insert Into sum_newuser_daily_detail|rowCount=263
2015-01-18 02:15:11|OK|Insert Into sum_login_daily_detail|rowCount=3299
2015-01-19 02:15:00|OK|Insert Into sum_newuser_daily_detail|rowCount=217
2015-01-19 02:15:10|OK|Insert Into sum_login_daily_detail|rowCount=3253
2015-01-20 02:15:00|OK|Insert Into sum_newuser_daily_detail|rowCount=193
2015-01-20 02:15:09|OK|Insert Into sum_login_daily_detail|rowCount=3239
2015-01-21 02:15:00|OK|Insert Into sum_newuser_daily_detail|rowCount=261
2015-01-21 02:15:10|OK|Insert Into sum_login_daily_detail|rowCount=3266
2015-01-22 02:15:00|OK|Insert Into sum_newuser_daily_detail|rowCount=227
2015-01-22 02:15:11|OK|Insert Into sum_login_daily_detail|rowCount=3247
2015-01-23 02:15:00|OK|Insert Into sum_newuser_daily_detail|rowCount=223
2015-01-23 02:15:10|OK|Insert Into sum_login_daily_detail|rowCount=3229
2015-01-24 02:15:00|OK|Insert Into sum_newuser_daily_detail|rowCount=247
2015-01-24 02:15:11|OK|Insert Into sum_login_daily_detail|rowCount=3296
2015-01-25 02:15:00|OK|Insert Into sum_newuser_daily_detail|rowCount=221
2015-01-25 02:15:10|OK|Insert Into sum_login_daily_detail|rowCount=3251
2015-01-26 02:15:00|OK|Insert Into sum_newuser_daily_detail|rowCount=215
2015-01-26 02:15:09|OK|Insert Into sum_login_daily_detail|rowCount=3264
2015-01-27 02:15:00|OK|Insert Into sum_newuser_daily_detail|rowCount=250
2015-01-27 02:15:12|OK|Insert Into sum_login_daily_detail|rowCount=3278
2015-01-28 02:15:00|OK|Insert Into sum_newuser_daily_detail|rowCount=197
2015-01-28 02:15:10|OK|Insert Into sum_login_daily_detail|rowCount=3287
2015-01-29 02:15:00|OK|Insert Into sum_newuser_daily_detail|rowCount=202
2015-01-29 02:15:10|OK|Insert Into sum_login_daily_detail|rowCount=3256
2015-01-30 02:15:00|OK|Insert Into sum_newuser_daily_detail|rowCount=237
2015-01-30 02:15:11|OK|Insert Into sum_login_daily_detail|rowCount=3265
2015-01-31 02:15:00|OK|Insert Into sum_newuser_daily_detail|rowCount=331
2015-01-31 02:15:11|OK|Insert Into sum_login_daily_detail|rowCount=3240
2015-02-01 02:15:00|OK|Insert Into sum_newuser_daily_detail|rowCount=258
2015-02-01 02:15:10|OK|Insert Into sum_login_daily_detail|rowCount=3208
2015-02-02 02:15:00|OK|Insert Into sum_newuser_daily_detail|rowCount=264
2015-02-02 02:15:09|OK|Insert Into sum_login_daily_detail|rowCount=3205
2015-02-03 02:15:00|OK|Insert Into sum_newuser_daily_detail|rowCount=266
2015-02-03 02:15:10|OK|Insert Into sum_login_daily_detail|rowCount=3225
2015-02-04 02:15:00|OK|Insert Into sum_newuser_daily_detail|rowCount=247
2015-02-04 02:15:10|OK|Insert Into sum_login_daily_detail|rowCount=3177
2015-02-05 02:15:00|OK|Insert Into sum_newuser_daily_detail|rowCount=215
2015-02-05 02:15:10|OK|Insert Into sum_login_daily_detail|rowCount=3204
2015-02-06 02:15:00|OK|Insert Into sum_newuser_daily_detail|rowCount=231
2015-02-06 02:15:10|OK|Insert Into sum_login_daily_detail|rowCount=3234
2015-02-07 02:15:00|OK|Insert Into sum_newuser_daily_detail|rowCount=233
2015-02-07 02:15:10|OK|Insert Into sum_login_daily_detail|rowCount=3203
2015-02-08 02:15:00|OK|Insert Into sum_newuser_daily_detail|rowCount=215
2015-02-08 02:15:09|OK|Insert Into sum_login_daily_detail|rowCount=3163
2015-02-09 02:15:00|OK|Insert Into sum_newuser_daily_detail|rowCount=227
2015-02-09 02:15:11|OK|Insert Into sum_login_daily_detail|rowCount=3191
2015-02-10 02:15:00|OK|Insert Into sum_newuser_daily_detail|rowCount=209
2015-02-10 02:15:10|OK|Insert Into sum_login_daily_detail|rowCount=3182
2015-02-11 02:15:00|OK|Insert Into sum_newuser_daily_detail|rowCount=201
2015-02-11 02:15:10|OK|Insert Into sum_login_daily_detail|rowCount=3164
2015-02-12 02:15:00|OK|Insert Into sum_newuser_daily_detail|rowCount=224
2015-02-12 02:15:09|OK|Insert Into sum_login_daily_detail|rowCount=3209
2015-02-13 02:15:00|OK|Insert Into sum_newuser_daily_detail|rowCount=247
2015-02-13 02:15:10|OK|Insert Into sum_login_daily_detail|rowCount=3145
2015-02-14 02:15:00|OK|Insert Into sum_newuser_daily_detail|rowCount=200
2015-02-14 02:15:10|OK|Insert Into sum_login_daily_detail|rowCount=3152
2015-02-15 02:15:00|OK|Insert Into sum_newuser_daily_detail|rowCount=270
2015-02-15 02:15:11|OK|Insert Into sum_login_daily_detail|rowCount=3203
2015-02-16 02:15:00|OK|Insert Into sum_newuser_daily_detail|rowCount=206
2015-02-16 02:15:10|OK|Insert Into sum_login_daily_detail|rowCount=3179
2015-02-17 02:15:00|OK|Insert Into sum_newuser_daily_detail|rowCount=212
2015-02-17 02:15:09|OK|Insert Into sum_login_daily_detail|rowCount=3156
2015-02-18 02:15:00|OK|Insert Into sum_newuser_daily_detail|rowCount=233
2015-02-18 02:15:10|OK|Insert Into sum_login_daily_detail|rowCount=3157
2015-02-19 02:15:00|OK|Insert Into sum_newuser_daily_detail|rowCount=176
2015-02-19 02:15:09|OK|Insert Into sum_login_daily_detail|rowCount=3125
2015-02-20 02:15:00|OK|Insert Into sum_newuser_daily_detail|rowCount=167
2015-02-20 02:15:10|OK|Insert Into sum_login_daily_detail|rowCount=3125
2015-02-21 02:15:00|OK|Insert Into sum_newuser_daily_detail|rowCount=208
2015-02-21 02:15:09|OK|Insert Into sum_login_daily_detail|rowCount=3124
2015-02-22 02:15:00|OK|Insert Into sum_newuser_daily_detail|rowCount=182
2015-02-22 02:15:09|OK|Insert Into sum_login_daily_detail|rowCount=3141
2015-02-23 02:15:00|OK|Insert Into sum_newuser_daily_detail|rowCount=184
2015-02-23 02:15:09|OK|Insert Into sum_login_daily_detail|rowCount=3135
2015-02-24 02:15:00|OK|Insert Into sum_newuser_daily_detail|rowCount=221
2015-02-24 02:15:09|OK|Insert Into sum_login_daily_detail|rowCount=3146
2015-02-25 02:15:00|OK|Insert Into sum_newuser_daily_detail|rowCount=172
2015-02-25 02:15:09|OK|Insert Into sum_login_daily_detail|rowCount=3147
2015-02-26 02:15:00|OK|Insert Into sum_newuser_daily_detail|rowCount=170
2015-02-26 02:15:09|OK|Insert Into sum_login_daily_detail|rowCount=3138
2015-02-27 02:15:00|OK|Insert Into sum_newuser_daily_detail|rowCount=216
2015-02-27 02:15:09|OK|Insert Into sum_login_daily_detail|rowCount=3178
2015-02-28 02:15:00|OK|Insert Into sum_newuser_daily_detail|rowCount=172
2015-02-28 02:15:09|OK|Insert Into sum_login_daily_detail|rowCount=3164
2015-03-01 02:15:00|OK|Insert Into sum_newuser_daily_detail|rowCount=205
2015-03-01 02:15:09|OK|Insert Into sum_login_daily_detail|rowCount=3137
2015-03-02 02:15:00|OK|Insert Into sum_newuser_daily_detail|rowCount=207
2015-03-02 02:15:09|OK|Insert Into sum_login_daily_detail|rowCount=3133
2015-03-03 02:15:00|OK|Insert Into sum_newuser_daily_detail|rowCount=163
2015-03-03 02:15:10|OK|Insert Into sum_login_daily_detail|rowCount=3151
2015-03-04 02:15:00|OK|Insert Into sum_newuser_daily_detail|rowCount=186
2015-03-04 02:15:09|OK|Insert Into sum_login_daily_detail|rowCount=3139
2015-03-05 02:15:00|OK|Insert Into sum_newuser_daily_detail|rowCount=161
2015-03-05 02:15:09|OK|Insert Into sum_login_daily_detail|rowCount=3146
2015-03-06 02:15:00|OK|Insert Into sum_newuser_daily_detail|rowCount=245
2015-03-06 02:15:09|OK|Insert Into sum_login_daily_detail|rowCount=3187
2015-03-07 02:15:00|OK|Insert Into sum_newuser_daily_detail|rowCount=204
2015-03-07 02:15:09|OK|Insert Into sum_login_daily_detail|rowCount=3161
2015-03-08 02:15:00|OK|Insert Into sum_newuser_daily_detail|rowCount=252
2015-03-08 02:15:09|OK|Insert Into sum_login_daily_detail|rowCount=3196
2015-03-09 02:15:00|OK|Insert Into sum_newuser_daily_detail|rowCount=204
2015-03-09 02:15:09|OK|Insert Into sum_login_daily_detail|rowCount=3203
2015-03-10 02:15:00|OK|Insert Into sum_newuser_daily_detail|rowCount=157
2015-03-10 02:15:10|OK|Insert Into sum_login_daily_detail|rowCount=3167
2015-03-11 02:15:00|OK|Insert Into sum_newuser_daily_detail|rowCount=152
2015-03-11 02:15:09|OK|Insert Into sum_login_daily_detail|rowCount=3168
2015-03-12 02:15:00|OK|Insert Into sum_newuser_daily_detail|rowCount=229
2015-03-12 02:15:09|OK|Insert Into sum_login_daily_detail|rowCount=3174
2015-03-13 02:15:00|OK|Insert Into sum_newuser_daily_detail|rowCount=180
2015-03-13 02:15:09|OK|Insert Into sum_login_daily_detail|rowCount=3165
2015-03-14 02:15:00|OK|Insert Into sum_newuser_daily_detail|rowCount=187
2015-03-14 02:15:09|OK|Insert Into sum_login_daily_detail|rowCount=3157
2015-03-15 02:15:00|OK|Insert Into sum_newuser_daily_detail|rowCount=187
2015-03-15 02:15:09|OK|Insert Into sum_login_daily_detail|rowCount=3170
2015-03-16 02:15:00|OK|Insert Into sum_newuser_daily_detail|rowCount=229
2015-03-16 02:15:09|OK|Insert Into sum_login_daily_detail|rowCount=3190
2015-03-17 02:15:00|OK|Insert Into sum_newuser_daily_detail|rowCount=181
2015-03-17 02:15:09|OK|Insert Into sum_login_daily_detail|rowCount=3138
2015-03-18 02:15:00|OK|Insert Into sum_newuser_daily_detail|rowCount=151
2015-03-18 02:15:09|OK|Insert Into sum_login_daily_detail|rowCount=3129
2015-03-19 02:15:00|OK|Insert Into sum_newuser_daily_detail|rowCount=183
2015-03-19 02:15:09|OK|Insert Into sum_login_daily_detail|rowCount=3141
2015-03-20 02:15:00|OK|Insert Into sum_newuser_daily_detail|rowCount=198
2015-03-20 02:15:09|OK|Insert Into sum_login_daily_detail|rowCount=3171
2015-03-21 02:15:00|OK|Insert Into sum_newuser_daily_detail|rowCount=219
2015-03-21 02:15:09|OK|Insert Into sum_login_daily_detail|rowCount=3166
2015-03-22 02:15:00|OK|Insert Into sum_newuser_daily_detail|rowCount=206
2015-03-22 02:15:09|OK|Insert Into sum_login_daily_detail|rowCount=3175
2015-03-23 02:15:00|OK|Insert Into sum_newuser_daily_detail|rowCount=195
2015-03-23 02:15:09|OK|Insert Into sum_login_daily_detail|rowCount=3141
2015-03-24 02:15:00|OK|Insert Into sum_newuser_daily_detail|rowCount=203
2015-03-24 02:15:09|OK|Insert Into sum_login_daily_detail|rowCount=3148
2015-03-25 02:15:00|OK|Insert Into sum_newuser_daily_detail|rowCount=180
2015-03-25 02:15:09|OK|Insert Into sum_login_daily_detail|rowCount=3112
2015-03-26 02:15:00|OK|Insert Into sum_newuser_daily_detail|rowCount=167
2015-03-26 02:15:09|OK|Insert Into sum_login_daily_detail|rowCount=3132
2015-03-27 02:15:00|OK|Insert Into sum_newuser_daily_detail|rowCount=172
2015-03-27 02:15:09|OK|Insert Into sum_login_daily_detail|rowCount=3132
2015-03-28 02:15:00|OK|Insert Into sum_newuser_daily_detail|rowCount=307
2015-03-28 02:15:09|OK|Insert Into sum_login_daily_detail|rowCount=3145
2015-03-29 02:15:00|OK|Insert Into sum_newuser_daily_detail|rowCount=227
2015-03-29 02:15:09|OK|Insert Into sum_login_daily_detail|rowCount=3072
2015-03-30 02:15:00|OK|Insert Into sum_newuser_daily_detail|rowCount=201
2015-03-30 02:15:09|OK|Insert Into sum_login_daily_detail|rowCount=3090
2015-03-31 02:15:00|OK|Insert Into sum_newuser_daily_detail|rowCount=185
2015-03-31 02:15:08|OK|Insert Into sum_login_daily_detail|rowCount=3042
2015-04-01 02:15:00|OK|Insert Into sum_newuser_daily_detail|rowCount=243
2015-04-01 02:15:08|OK|Insert Into sum_login_daily_detail|rowCount=3070
2015-04-02 02:15:00|OK|Insert Into sum_newuser_daily_detail|rowCount=183
2015-04-02 02:15:08|OK|Insert Into sum_login_daily_detail|rowCount=3073
2015-04-03 02:15:00|OK|Insert Into sum_newuser_daily_detail|rowCount=160
2015-04-03 02:15:08|OK|Insert Into sum_login_daily_detail|rowCount=3060
2015-04-04 02:15:00|OK|Insert Into sum_newuser_daily_detail|rowCount=202
2015-04-04 02:15:09|OK|Insert Into sum_login_daily_detail|rowCount=3053
2015-04-05 02:15:00|OK|Insert Into sum_newuser_daily_detail|rowCount=240
2015-04-05 02:15:09|OK|Insert Into sum_login_daily_detail|rowCount=3117
2015-04-06 02:15:00|OK|Insert Into sum_newuser_daily_detail|rowCount=194
2015-04-06 02:15:09|OK|Insert Into sum_login_daily_detail|rowCount=3127
2015-04-07 02:15:00|OK|Insert Into sum_newuser_daily_detail|rowCount=170
2015-04-07 02:15:09|OK|Insert Into sum_login_daily_detail|rowCount=3098
2015-04-08 02:15:00|OK|Insert Into sum_newuser_daily_detail|rowCount=151
2015-04-08 02:15:08|OK|Insert Into sum_login_daily_detail|rowCount=3037
2015-04-09 02:15:00|OK|Insert Into sum_newuser_daily_detail|rowCount=180
2015-04-09 02:15:09|OK|Insert Into sum_login_daily_detail|rowCount=3070
2015-04-10 02:15:00|OK|Insert Into sum_newuser_daily_detail|rowCount=170
2015-04-10 02:15:09|OK|Insert Into sum_login_daily_detail|rowCount=3070
2015-04-11 02:15:00|OK|Insert Into sum_newuser_daily_detail|rowCount=172
2015-04-11 02:15:09|OK|Insert Into sum_login_daily_detail|rowCount=3062
2015-04-12 02:15:00|OK|Insert Into sum_newuser_daily_detail|rowCount=235
2015-04-12 02:15:09|OK|Insert Into sum_login_daily_detail|rowCount=3128
2015-04-13 02:15:00|OK|Insert Into sum_newuser_daily_detail|rowCount=176
2015-04-13 02:15:08|OK|Insert Into sum_login_daily_detail|rowCount=3104
2015-04-14 02:15:00|OK|Insert Into sum_newuser_daily_detail|rowCount=151
2015-04-14 02:15:08|OK|Insert Into sum_login_daily_detail|rowCount=3046
2015-04-15 02:15:00|OK|Insert Into sum_newuser_daily_detail|rowCount=203
2015-04-15 02:15:09|OK|Insert Into sum_login_daily_detail|rowCount=3074
2015-04-16 02:15:00|OK|Insert Into sum_newuser_daily_detail|rowCount=155
2015-04-16 02:15:09|OK|Insert Into sum_login_daily_detail|rowCount=3096
2015-04-17 02:15:00|OK|Insert Into sum_newuser_daily_detail|rowCount=157
2015-04-17 02:15:09|OK|Insert Into sum_login_daily_detail|rowCount=3089
2015-04-18 02:15:00|OK|Insert Into sum_newuser_daily_detail|rowCount=189
2015-04-18 02:15:09|OK|Insert Into sum_login_daily_detail|rowCount=3104
2015-04-19 02:15:00|OK|Insert Into sum_newuser_daily_detail|rowCount=192
2015-04-19 02:15:09|OK|Insert Into sum_login_daily_detail|rowCount=3123
2015-04-20 02:15:00|OK|Insert Into sum_newuser_daily_detail|rowCount=176
2015-04-20 02:15:09|OK|Insert Into sum_login_daily_detail|rowCount=3104
2015-04-21 02:15:00|OK|Insert Into sum_newuser_daily_detail|rowCount=191
2015-04-21 02:15:09|OK|Insert Into sum_login_daily_detail|rowCount=3123
2015-04-22 02:15:00|OK|Insert Into sum_newuser_daily_detail|rowCount=163
2015-04-22 02:15:09|OK|Insert Into sum_login_daily_detail|rowCount=3079
2015-04-23 02:15:00|OK|Insert Into sum_newuser_daily_detail|rowCount=135
2015-04-23 02:15:08|OK|Insert Into sum_login_daily_detail|rowCount=3073
2015-04-24 02:15:00|OK|Insert Into sum_newuser_daily_detail|rowCount=190
2015-04-24 02:15:08|OK|Insert Into sum_login_daily_detail|rowCount=3071
2015-04-25 02:15:00|OK|Insert Into sum_newuser_daily_detail|rowCount=176
2015-04-25 02:15:09|OK|Insert Into sum_login_daily_detail|rowCount=3053
2015-04-26 02:15:00|OK|Insert Into sum_newuser_daily_detail|rowCount=176
2015-04-26 02:15:08|OK|Insert Into sum_login_daily_detail|rowCount=3083
2015-04-27 02:15:00|OK|Insert Into sum_newuser_daily_detail|rowCount=196
2015-04-27 02:15:09|OK|Insert Into sum_login_daily_detail|rowCount=3100
2015-04-28 02:15:00|OK|Insert Into sum_newuser_daily_detail|rowCount=149
2015-04-28 02:15:09|OK|Insert Into sum_login_daily_detail|rowCount=3068
2015-04-29 02:15:00|OK|Insert Into sum_newuser_daily_detail|rowCount=150
2015-04-29 02:15:09|OK|Insert Into sum_login_daily_detail|rowCount=3059
2015-04-30 02:15:00|OK|Insert Into sum_newuser_daily_detail|rowCount=183
2015-04-30 02:15:09|OK|Insert Into sum_login_daily_detail|rowCount=3070
2015-05-01 02:15:00|OK|Insert Into sum_newuser_daily_detail|rowCount=203
2015-05-01 02:15:09|OK|Insert Into sum_login_daily_detail|rowCount=3115
2015-05-02 02:15:00|OK|Insert Into sum_newuser_daily_detail|rowCount=201
2015-05-02 02:15:09|OK|Insert Into sum_login_daily_detail|rowCount=3108
2015-05-03 02:15:00|OK|Insert Into sum_newuser_daily_detail|rowCount=216
2015-05-03 02:15:09|OK|Insert Into sum_login_daily_detail|rowCount=3128
2015-05-04 02:15:00|OK|Insert Into sum_newuser_daily_detail|rowCount=157
2015-05-04 02:15:09|OK|Insert Into sum_login_daily_detail|rowCount=3104
2015-05-05 02:15:00|OK|Insert Into sum_newuser_daily_detail|rowCount=147
2015-05-05 02:15:08|OK|Insert Into sum_login_daily_detail|rowCount=3075
2015-05-06 02:15:00|OK|Insert Into sum_newuser_daily_detail|rowCount=198
2015-05-06 02:15:08|OK|Insert Into sum_login_daily_detail|rowCount=3071
2015-05-07 02:15:00|OK|Insert Into sum_newuser_daily_detail|rowCount=171
2015-05-07 02:15:09|OK|Insert Into sum_login_daily_detail|rowCount=3090
2015-05-08 02:15:00|OK|Insert Into sum_newuser_daily_detail|rowCount=146
2015-05-08 02:15:09|OK|Insert Into sum_login_daily_detail|rowCount=3082
2015-05-09 02:15:00|OK|Insert Into sum_newuser_daily_detail|rowCount=200
2015-05-09 02:15:09|OK|Insert Into sum_login_daily_detail|rowCount=3099
2015-05-10 02:15:00|OK|Insert Into sum_newuser_daily_detail|rowCount=204
2015-05-10 02:15:09|OK|Insert Into sum_login_daily_detail|rowCount=3111
2015-05-11 02:15:00|OK|Insert Into sum_newuser_daily_detail|rowCount=167
2015-05-11 02:15:09|OK|Insert Into sum_login_daily_detail|rowCount=3103
2015-05-12 02:15:00|OK|Insert Into sum_newuser_daily_detail|rowCount=178
2015-05-12 02:15:08|OK|Insert Into sum_login_daily_detail|rowCount=3101
2015-05-13 02:15:00|OK|Insert Into sum_newuser_daily_detail|rowCount=150
2015-05-13 02:15:08|OK|Insert Into sum_login_daily_detail|rowCount=3044
2015-05-14 02:15:00|OK|Insert Into sum_newuser_daily_detail|rowCount=151
2015-05-14 02:15:09|OK|Insert Into sum_login_daily_detail|rowCount=3034
2015-05-15 02:15:00|OK|Insert Into sum_newuser_daily_detail|rowCount=189
2015-05-15 02:15:08|OK|Insert Into sum_login_daily_detail|rowCount=3093
2015-05-16 02:15:00|OK|Insert Into sum_newuser_daily_detail|rowCount=157
2015-05-16 02:15:09|OK|Insert Into sum_login_daily_detail|rowCount=3073
2015-05-17 02:15:00|OK|Insert Into sum_newuser_daily_detail|rowCount=175
2015-05-17 02:15:09|OK|Insert Into sum_login_daily_detail|rowCount=3099
2015-05-18 02:15:00|OK|Insert Into sum_newuser_daily_detail|rowCount=206
2015-05-18 02:15:09|OK|Insert Into sum_login_daily_detail|rowCount=3104
2015-05-19 02:15:00|OK|Insert Into sum_newuser_daily_detail|rowCount=149
2015-05-19 02:15:08|OK|Insert Into sum_login_daily_detail|rowCount=3066
2015-05-20 02:15:00|OK|Insert Into sum_newuser_daily_detail|rowCount=147
2015-05-20 02:15:09|OK|Insert Into sum_login_daily_detail|rowCount=3039
2015-05-21 02:15:00|OK|Insert Into sum_newuser_daily_detail|rowCount=179
2015-05-21 02:15:08|OK|Insert Into sum_login_daily_detail|rowCount=3093
2015-05-22 02:15:00|OK|Insert Into sum_newuser_daily_detail|rowCount=163
2015-05-22 02:15:09|OK|Insert Into sum_login_daily_detail|rowCount=3074
2015-05-23 02:15:00|OK|Insert Into sum_newuser_daily_detail|rowCount=139
2015-05-23 02:15:09|OK|Insert Into sum_login_daily_detail|rowCount=3054
2015-05-24 02:15:00|OK|Insert Into sum_newuser_daily_detail|rowCount=200
2015-05-24 02:15:08|OK|Insert Into sum_login_daily_detail|rowCount=3097
2015-05-25 02:15:00|OK|Insert Into sum_newuser_daily_detail|rowCount=172
2015-05-25 02:15:09|OK|Insert Into sum_login_daily_detail|rowCount=3100
2015-05-26 02:15:00|OK|Insert Into sum_newuser_daily_detail|rowCount=143
2015-05-26 02:15:08|OK|Insert Into sum_login_daily_detail|rowCount=3056
2015-05-27 02:15:00|OK|Insert Into sum_newuser_daily_detail|rowCount=194
2015-05-27 02:15:08|OK|Insert Into sum_login_daily_detail|rowCount=3086
2015-05-28 02:15:00|OK|Insert Into sum_newuser_daily_detail|rowCount=172
2015-05-28 02:15:09|OK|Insert Into sum_login_daily_detail|rowCount=3055
2015-05-29 02:15:00|OK|Insert Into sum_newuser_daily_detail|rowCount=129
2015-05-29 02:15:08|OK|Insert Into sum_login_daily_detail|rowCount=3012
2015-05-30 02:15:00|OK|Insert Into sum_newuser_daily_detail|rowCount=192
2015-05-30 02:15:08|OK|Insert Into sum_login_daily_detail|rowCount=3025
2015-05-31 02:15:00|OK|Insert Into sum_newuser_daily_detail|rowCount=200
2015-05-31 02:15:08|OK|Insert Into sum_login_daily_detail|rowCount=3027
2015-06-01 02:15:00|OK|Insert Into sum_newuser_daily_detail|rowCount=156
2015-06-01 02:15:08|OK|Insert Into sum_login_daily_detail|rowCount=2992
2015-06-02 02:15:00|OK|Insert Into sum_newuser_daily_detail|rowCount=150
2015-06-02 02:15:08|OK|Insert Into sum_login_daily_detail|rowCount=3010
2015-06-03 02:15:00|OK|Insert Into sum_newuser_daily_detail|rowCount=162
2015-06-03 02:15:08|OK|Insert Into sum_login_daily_detail|rowCount=3049
2015-06-04 02:15:00|OK|Insert Into sum_newuser_daily_detail|rowCount=156
2015-06-04 02:15:08|OK|Insert Into sum_login_daily_detail|rowCount=3028
2015-06-05 02:15:00|OK|Insert Into sum_newuser_daily_detail|rowCount=220
2015-06-05 02:15:08|OK|Insert Into sum_login_daily_detail|rowCount=3012
2015-06-06 02:15:00|OK|Insert Into sum_newuser_daily_detail|rowCount=180
2015-06-06 02:15:08|OK|Insert Into sum_login_daily_detail|rowCount=2996
2015-06-07 02:15:00|OK|Insert Into sum_newuser_daily_detail|rowCount=204
2015-06-07 02:15:08|OK|Insert Into sum_login_daily_detail|rowCount=3026
2015-06-08 02:15:00|OK|Insert Into sum_newuser_daily_detail|rowCount=177
2015-06-08 02:15:08|OK|Insert Into sum_login_daily_detail|rowCount=3007
2015-06-09 02:15:00|OK|Insert Into sum_newuser_daily_detail|rowCount=152
2015-06-09 02:15:08|OK|Insert Into sum_login_daily_detail|rowCount=3014
2015-06-10 02:15:00|OK|Insert Into sum_newuser_daily_detail|rowCount=130
2015-06-10 02:15:08|OK|Insert Into sum_login_daily_detail|rowCount=2989
2015-06-11 02:15:00|OK|Insert Into sum_newuser_daily_detail|rowCount=172
2015-06-11 02:15:08|OK|Insert Into sum_login_daily_detail|rowCount=2989
2015-06-12 02:15:00|OK|Insert Into sum_newuser_daily_detail|rowCount=152
2015-06-12 02:15:08|OK|Insert Into sum_login_daily_detail|rowCount=2975
2015-06-13 02:15:00|OK|Insert Into sum_newuser_daily_detail|rowCount=179
2015-06-13 02:15:08|OK|Insert Into sum_login_daily_detail|rowCount=2995
2015-06-14 02:15:00|OK|Insert Into sum_newuser_daily_detail|rowCount=136
2015-06-14 02:15:08|OK|Insert Into sum_login_daily_detail|rowCount=3002
2015-06-15 02:15:00|OK|Insert Into sum_newuser_daily_detail|rowCount=167
2015-06-15 02:15:08|OK|Insert Into sum_login_daily_detail|rowCount=3017
2015-06-16 02:15:00|OK|Insert Into sum_newuser_daily_detail|rowCount=151
2015-06-16 02:15:08|OK|Insert Into sum_login_daily_detail|rowCount=2990
2015-06-17 02:15:00|OK|Insert Into sum_newuser_daily_detail|rowCount=155
2015-06-17 02:15:08|OK|Insert Into sum_login_daily_detail|rowCount=2994
2015-06-18 02:15:00|OK|Insert Into sum_newuser_daily_detail|rowCount=136
2015-06-18 02:15:08|OK|Insert Into sum_login_daily_detail|rowCount=2968
2015-06-19 02:15:00|OK|Insert Into sum_newuser_daily_detail|rowCount=198
2015-06-19 02:15:08|OK|Insert Into sum_login_daily_detail|rowCount=2981
2015-06-20 02:15:00|OK|Insert Into sum_newuser_daily_detail|rowCount=141
2015-06-20 02:15:08|OK|Insert Into sum_login_daily_detail|rowCount=2977
2015-06-21 02:15:00|OK|Insert Into sum_newuser_daily_detail|rowCount=175
2015-06-21 02:15:08|OK|Insert Into sum_login_daily_detail|rowCount=3016
2015-06-22 02:15:00|OK|Insert Into sum_newuser_daily_detail|rowCount=149
2015-06-22 02:15:09|OK|Insert Into sum_login_daily_detail|rowCount=2977
2015-06-23 02:15:00|OK|Insert Into sum_newuser_daily_detail|rowCount=198
2015-06-23 02:15:08|OK|Insert Into sum_login_daily_detail|rowCount=3014
2015-06-24 02:15:00|OK|Insert Into sum_newuser_daily_detail|rowCount=142
2015-06-24 02:15:08|OK|Insert Into sum_login_daily_detail|rowCount=2983
2015-06-25 02:15:00|OK|Insert Into sum_newuser_daily_detail|rowCount=147
2015-06-25 02:15:08|OK|Insert Into sum_login_daily_detail|rowCount=2984
2015-06-26 02:15:00|OK|Insert Into sum_newuser_daily_detail|rowCount=130
2015-06-26 02:15:08|OK|Insert Into sum_login_daily_detail|rowCount=2961
2015-06-27 02:15:00|OK|Insert Into sum_newuser_daily_detail|rowCount=159
2015-06-27 02:15:09|OK|Insert Into sum_login_daily_detail|rowCount=3013
2015-06-28 02:15:00|OK|Insert Into sum_newuser_daily_detail|rowCount=145
2015-06-28 02:15:08|OK|Insert Into sum_login_daily_detail|rowCount=3017
2015-06-29 02:15:00|OK|Insert Into sum_newuser_daily_detail|rowCount=141
2015-06-29 02:15:08|OK|Insert Into sum_login_daily_detail|rowCount=2995
2015-06-30 02:15:00|OK|Insert Into sum_newuser_daily_detail|rowCount=131
2015-06-30 02:15:08|OK|Insert Into sum_login_daily_detail|rowCount=2955
2015-07-01 02:15:00|OK|Insert Into sum_newuser_daily_detail|rowCount=174
2015-07-01 02:15:08|OK|Insert Into sum_login_daily_detail|rowCount=2976
2015-07-02 02:15:00|OK|Insert Into sum_newuser_daily_detail|rowCount=140
2015-07-02 02:15:08|OK|Insert Into sum_login_daily_detail|rowCount=2928
2015-07-03 02:15:00|OK|Insert Into sum_newuser_daily_detail|rowCount=116
2015-07-03 02:15:07|OK|Insert Into sum_login_daily_detail|rowCount=2812
2015-07-04 02:15:00|OK|Insert Into sum_newuser_daily_detail|rowCount=131
2015-07-04 02:15:07|OK|Insert Into sum_login_daily_detail|rowCount=2822
2015-07-05 02:15:00|OK|Insert Into sum_newuser_daily_detail|rowCount=161
2015-07-05 02:15:07|OK|Insert Into sum_login_daily_detail|rowCount=2846
2015-07-06 02:15:00|OK|Insert Into sum_newuser_daily_detail|rowCount=133
2015-07-06 02:15:07|OK|Insert Into sum_login_daily_detail|rowCount=2836
2015-07-07 02:15:00|OK|Insert Into sum_newuser_daily_detail|rowCount=129
2015-07-07 02:15:07|OK|Insert Into sum_login_daily_detail|rowCount=2807
2015-07-08 02:15:00|OK|Insert Into sum_newuser_daily_detail|rowCount=145
2015-07-08 02:15:08|OK|Insert Into sum_login_daily_detail|rowCount=2808
2015-07-09 02:15:00|OK|Insert Into sum_newuser_daily_detail|rowCount=167
2015-07-09 02:15:08|OK|Insert Into sum_login_daily_detail|rowCount=2867
2015-07-10 02:15:00|OK|Insert Into sum_newuser_daily_detail|rowCount=131
2015-07-10 02:15:08|OK|Insert Into sum_login_daily_detail|rowCount=2838
2015-07-11 02:15:00|OK|Insert Into sum_newuser_daily_detail|rowCount=122
2015-07-11 02:15:08|OK|Insert Into sum_login_daily_detail|rowCount=2845
2015-07-12 02:15:00|OK|Insert Into sum_newuser_daily_detail|rowCount=126
2015-07-12 02:15:07|OK|Insert Into sum_login_daily_detail|rowCount=2820
2015-07-13 02:15:00|OK|Insert Into sum_newuser_daily_detail|rowCount=170
2015-07-13 02:15:07|OK|Insert Into sum_login_daily_detail|rowCount=2885
2015-07-14 02:15:00|OK|Insert Into sum_newuser_daily_detail|rowCount=120
2015-07-14 02:15:08|OK|Insert Into sum_login_daily_detail|rowCount=2850
2015-07-15 02:15:00|OK|Insert Into sum_newuser_daily_detail|rowCount=136
2015-07-15 02:15:07|OK|Insert Into sum_login_daily_detail|rowCount=2841
2015-07-16 02:15:00|OK|Insert Into sum_newuser_daily_detail|rowCount=145
2015-07-16 02:15:07|OK|Insert Into sum_login_daily_detail|rowCount=2829
2015-07-17 02:15:00|OK|Insert Into sum_newuser_daily_detail|rowCount=160
2015-07-17 02:15:08|OK|Insert Into sum_login_daily_detail|rowCount=2853
2015-07-18 02:15:00|OK|Insert Into sum_newuser_daily_detail|rowCount=134
2015-07-18 02:15:07|OK|Insert Into sum_login_daily_detail|rowCount=2839
2015-07-19 02:15:00|OK|Insert Into sum_newuser_daily_detail|rowCount=133
2015-07-19 02:15:07|OK|Insert Into sum_login_daily_detail|rowCount=2840
2015-07-20 02:15:00|OK|Insert Into sum_newuser_daily_detail|rowCount=130
2015-07-20 02:15:07|OK|Insert Into sum_login_daily_detail|rowCount=2841
2015-07-21 02:15:00|OK|Insert Into sum_newuser_daily_detail|rowCount=165
2015-07-21 02:15:07|OK|Insert Into sum_login_daily_detail|rowCount=2875
2015-07-22 02:15:00|OK|Insert Into sum_newuser_daily_detail|rowCount=129
2015-07-22 02:15:07|OK|Insert Into sum_login_daily_detail|rowCount=2860
2015-07-23 02:15:00|OK|Insert Into sum_newuser_daily_detail|rowCount=123
2015-07-23 02:15:08|OK|Insert Into sum_login_daily_detail|rowCount=2841
2015-07-24 02:15:00|OK|Insert Into sum_newuser_daily_detail|rowCount=133
2015-07-24 02:15:07|OK|Insert Into sum_login_daily_detail|rowCount=2829
2015-07-25 02:15:00|OK|Insert Into sum_newuser_daily_detail|rowCount=159
2015-07-25 02:15:07|OK|Insert Into sum_login_daily_detail|rowCount=2852
2015-07-26 02:15:00|OK|Insert Into sum_newuser_daily_detail|rowCount=143
2015-07-26 02:15:07|OK|Insert Into sum_login_daily_detail|rowCount=2852
2015-07-27 02:15:00|OK|Insert Into sum_newuser_daily_detail|rowCount=128
2015-07-27 02:15:07|OK|Insert Into sum_login_daily_detail|rowCount=2828
2015-07-28 02:15:00|OK|Insert Into sum_newuser_daily_detail|rowCount=107
2015-07-28 02:15:07|OK|Insert Into sum_login_daily_detail|rowCount=2824
2015-07-29 02:15:00|OK|Insert Into sum_newuser_daily_detail|rowCount=158
2015-07-29 02:15:08|OK|Insert Into sum_login_daily_detail|rowCount=2850
2015-07-30 02:15:00|OK|Insert Into sum_newuser_daily_detail|rowCount=151
2015-07-30 02:15:07|OK|Insert Into sum_login_daily_detail|rowCount=2853
2015-07-31 02:15:00|OK|Insert Into sum_newuser_daily_detail|rowCount=132
2015-07-31 02:15:08|OK|Insert Into sum_login_daily_detail|rowCount=2817
2015-08-01 02:15:00|OK|Insert Into sum_newuser_daily_detail|rowCount=131
2015-08-01 02:15:08|OK|Insert Into sum_login_daily_detail|rowCount=2826
2015-08-02 02:15:00|OK|Insert Into sum_newuser_daily_detail|rowCount=161
2015-08-02 02:15:08|OK|Insert Into sum_login_daily_detail|rowCount=2859
2015-08-03 02:15:00|OK|Insert Into sum_newuser_daily_detail|rowCount=127
2015-08-03 02:15:07|OK|Insert Into sum_login_daily_detail|rowCount=2835
2015-08-04 02:15:00|OK|Insert Into sum_newuser_daily_detail|rowCount=126
2015-08-04 02:15:08|OK|Insert Into sum_login_daily_detail|rowCount=2840
2015-08-05 02:15:00|OK|Insert Into sum_newuser_daily_detail|rowCount=133
2015-08-05 02:15:08|OK|Insert Into sum_login_daily_detail|rowCount=2839
2015-08-06 02:15:00|OK|Insert Into sum_newuser_daily_detail|rowCount=160
2015-08-06 02:15:08|OK|Insert Into sum_login_daily_detail|rowCount=2875
2015-08-07 02:15:00|OK|Insert Into sum_newuser_daily_detail|rowCount=182
2015-08-07 02:15:07|OK|Insert Into sum_login_daily_detail|rowCount=2829
2015-08-08 02:15:00|OK|Insert Into sum_newuser_daily_detail|rowCount=174
2015-08-08 02:15:07|OK|Insert Into sum_login_daily_detail|rowCount=2798
2015-08-09 02:15:00|OK|Insert Into sum_newuser_daily_detail|rowCount=127
2015-08-09 02:15:07|OK|Insert Into sum_login_daily_detail|rowCount=2792
2015-08-10 02:15:00|OK|Insert Into sum_newuser_daily_detail|rowCount=145
2015-08-10 02:15:07|OK|Insert Into sum_login_daily_detail|rowCount=2800
2015-08-11 02:15:00|OK|Insert Into sum_newuser_daily_detail|rowCount=115
2015-08-11 02:15:07|OK|Insert Into sum_login_daily_detail|rowCount=2773
2015-08-12 02:15:00|OK|Insert Into sum_newuser_daily_detail|rowCount=148
2015-08-12 02:15:07|OK|Insert Into sum_login_daily_detail|rowCount=2818
2015-08-13 02:15:00|OK|Insert Into sum_newuser_daily_detail|rowCount=129
2015-08-13 02:15:07|OK|Insert Into sum_login_daily_detail|rowCount=2787
2015-08-14 02:15:00|OK|Insert Into sum_newuser_daily_detail|rowCount=118
2015-08-14 02:15:07|OK|Insert Into sum_login_daily_detail|rowCount=2790
2015-08-15 02:15:00|OK|Insert Into sum_newuser_daily_detail|rowCount=158
2015-08-15 02:15:07|OK|Insert Into sum_login_daily_detail|rowCount=2842
2015-08-16 02:15:00|OK|Insert Into sum_newuser_daily_detail|rowCount=128
2015-08-16 02:15:08|OK|Insert Into sum_login_daily_detail|rowCount=2821
2015-08-17 02:15:00|OK|Insert Into sum_newuser_daily_detail|rowCount=125
2015-08-17 02:15:07|OK|Insert Into sum_login_daily_detail|rowCount=2808
2015-08-18 02:15:00|OK|Insert Into sum_newuser_daily_detail|rowCount=129
2015-08-18 02:15:07|OK|Insert Into sum_login_daily_detail|rowCount=2793
2015-08-19 02:15:00|OK|Insert Into sum_newuser_daily_detail|rowCount=162
2015-08-19 02:15:07|OK|Insert Into sum_login_daily_detail|rowCount=2813
2015-08-20 02:15:00|OK|Insert Into sum_newuser_daily_detail|rowCount=116
2015-08-20 02:15:07|OK|Insert Into sum_login_daily_detail|rowCount=2794
2015-08-21 02:15:00|OK|Insert Into sum_newuser_daily_detail|rowCount=126
2015-08-21 02:15:08|OK|Insert Into sum_login_daily_detail|rowCount=2779
2015-08-22 02:15:00|OK|Insert Into sum_newuser_daily_detail|rowCount=175
2015-08-22 02:15:07|OK|Insert Into sum_login_daily_detail|rowCount=2786
2015-08-23 02:15:00|OK|Insert Into sum_newuser_daily_detail|rowCount=127
2015-08-23 02:15:07|OK|Insert Into sum_login_daily_detail|rowCount=2809
2015-08-24 02:15:00|OK|Insert Into sum_newuser_daily_detail|rowCount=129
2015-08-24 02:15:07|OK|Insert Into sum_login_daily_detail|rowCount=2770
2015-08-25 02:15:00|OK|Insert Into sum_newuser_daily_detail|rowCount=120
2015-08-25 02:15:07|OK|Insert Into sum_login_daily_detail|rowCount=2771
2015-08-26 02:15:00|OK|Insert Into sum_newuser_daily_detail|rowCount=167
2015-08-26 02:15:07|OK|Insert Into sum_login_daily_detail|rowCount=2776
2015-08-27 02:15:00|OK|Insert Into sum_newuser_daily_detail|rowCount=142
2015-08-27 02:15:07|OK|Insert Into sum_login_daily_detail|rowCount=2760
2015-08-28 02:15:00|OK|Insert Into sum_newuser_daily_detail|rowCount=118
2015-08-28 02:15:07|OK|Insert Into sum_login_daily_detail|rowCount=2756
2015-08-29 02:15:00|OK|Insert Into sum_newuser_daily_detail|rowCount=103
2015-08-29 02:15:07|OK|Insert Into sum_login_daily_detail|rowCount=2739
2015-08-30 02:15:00|OK|Insert Into sum_newuser_daily_detail|rowCount=165
2015-08-30 02:15:08|OK|Insert Into sum_login_daily_detail|rowCount=2770
2015-08-31 02:15:00|OK|Insert Into sum_newuser_daily_detail|rowCount=133
2015-08-31 02:15:07|OK|Insert Into sum_login_daily_detail|rowCount=2778
2015-09-01 02:15:00|OK|Insert Into sum_newuser_daily_detail|rowCount=110
2015-09-01 02:15:07|OK|Insert Into sum_login_daily_detail|rowCount=2729
2015-09-02 02:15:00|OK|Insert Into sum_newuser_daily_detail|rowCount=147
2015-09-02 02:15:07|OK|Insert Into sum_login_daily_detail|rowCount=2614
2015-09-03 02:15:00|OK|Insert Into sum_newuser_daily_detail|rowCount=147
2015-09-03 02:15:07|OK|Insert Into sum_login_daily_detail|rowCount=2679
2015-09-04 02:15:00|OK|Insert Into sum_newuser_daily_detail|rowCount=122
2015-09-04 02:15:07|OK|Insert Into sum_login_daily_detail|rowCount=2676
2015-09-05 02:15:00|OK|Insert Into sum_newuser_daily_detail|rowCount=99
2015-09-05 02:15:06|OK|Insert Into sum_login_daily_detail|rowCount=2689
2015-09-06 02:15:00|OK|Insert Into sum_newuser_daily_detail|rowCount=109
2015-09-06 02:15:07|OK|Insert Into sum_login_daily_detail|rowCount=2679
2015-09-07 02:15:00|OK|Insert Into sum_newuser_daily_detail|rowCount=116
2015-09-07 02:15:07|OK|Insert Into sum_login_daily_detail|rowCount=2695
2015-09-08 02:15:00|OK|Insert Into sum_newuser_daily_detail|rowCount=101
2015-09-08 02:15:08|OK|Insert Into sum_login_daily_detail|rowCount=2643
2015-09-09 02:15:00|OK|Insert Into sum_newuser_daily_detail|rowCount=99
2015-09-09 02:15:07|OK|Insert Into sum_login_daily_detail|rowCount=2657
2015-09-10 02:15:00|OK|Insert Into sum_newuser_daily_detail|rowCount=84
2015-09-10 02:15:06|OK|Insert Into sum_login_daily_detail|rowCount=2645
2015-09-11 02:15:00|OK|Insert Into sum_newuser_daily_detail|rowCount=127
2015-09-11 02:15:07|OK|Insert Into sum_login_daily_detail|rowCount=2700
2015-09-12 02:15:00|OK|Insert Into sum_newuser_daily_detail|rowCount=107
2015-09-12 02:15:07|OK|Insert Into sum_login_daily_detail|rowCount=2676
2015-09-13 02:15:00|OK|Insert Into sum_newuser_daily_detail|rowCount=119
2015-09-13 02:15:07|OK|Insert Into sum_login_daily_detail|rowCount=2686
2015-09-14 02:15:00|OK|Insert Into sum_newuser_daily_detail|rowCount=109
2015-09-14 02:15:07|OK|Insert Into sum_login_daily_detail|rowCount=2675
2015-09-15 02:15:00|OK|Insert Into sum_newuser_daily_detail|rowCount=130
2015-09-15 02:15:07|OK|Insert Into sum_login_daily_detail|rowCount=2663
2015-09-16 02:15:00|OK|Insert Into sum_newuser_daily_detail|rowCount=97
2015-09-16 02:15:07|OK|Insert Into sum_login_daily_detail|rowCount=2651
2015-09-17 02:15:00|OK|Insert Into sum_newuser_daily_detail|rowCount=114
2015-09-17 02:15:07|OK|Insert Into sum_login_daily_detail|rowCount=2621
2015-09-18 02:15:00|OK|Insert Into sum_newuser_daily_detail|rowCount=104
2015-09-18 02:15:06|OK|Insert Into sum_login_daily_detail|rowCount=2602
2015-09-19 02:15:00|OK|Insert Into sum_newuser_daily_detail|rowCount=133
2015-09-19 02:15:07|OK|Insert Into sum_login_daily_detail|rowCount=2641
2015-09-20 02:15:00|OK|Insert Into sum_newuser_daily_detail|rowCount=123
2015-09-20 02:15:07|OK|Insert Into sum_login_daily_detail|rowCount=2641
2015-09-21 02:15:00|OK|Insert Into sum_newuser_daily_detail|rowCount=121
2015-09-21 02:15:07|OK|Insert Into sum_login_daily_detail|rowCount=2646
2015-09-22 02:15:00|OK|Insert Into sum_newuser_daily_detail|rowCount=93
2015-09-22 02:15:08|OK|Insert Into sum_login_daily_detail|rowCount=2634
2015-09-23 02:15:00|OK|Insert Into sum_newuser_daily_detail|rowCount=140
2015-09-23 02:15:07|OK|Insert Into sum_login_daily_detail|rowCount=2676
2015-09-24 02:15:00|OK|Insert Into sum_newuser_daily_detail|rowCount=111
2015-09-24 02:15:07|OK|Insert Into sum_login_daily_detail|rowCount=2639
2015-09-25 02:15:00|OK|Insert Into sum_newuser_daily_detail|rowCount=127
2015-09-25 02:15:07|OK|Insert Into sum_login_daily_detail|rowCount=2606
2015-09-26 02:15:00|OK|Insert Into sum_newuser_daily_detail|rowCount=118
2015-09-26 02:15:07|OK|Insert Into sum_login_daily_detail|rowCount=2606
2015-09-27 02:15:00|OK|Insert Into sum_newuser_daily_detail|rowCount=160
2015-09-27 02:15:07|OK|Insert Into sum_login_daily_detail|rowCount=2666
2015-09-28 02:15:00|OK|Insert Into sum_newuser_daily_detail|rowCount=126
2015-09-28 02:15:07|OK|Insert Into sum_login_daily_detail|rowCount=2642
2015-09-29 02:15:00|OK|Insert Into sum_newuser_daily_detail|rowCount=97
2015-09-29 02:15:08|OK|Insert Into sum_login_daily_detail|rowCount=2617
2015-09-30 02:15:00|OK|Insert Into sum_newuser_daily_detail|rowCount=105
2015-09-30 02:15:07|OK|Insert Into sum_login_daily_detail|rowCount=2610
2015-10-01 02:15:00|OK|Insert Into sum_newuser_daily_detail|rowCount=114
2015-10-01 02:15:07|OK|Insert Into sum_login_daily_detail|rowCount=2638
2015-10-02 02:15:00|OK|Insert Into sum_newuser_daily_detail|rowCount=134
2015-10-02 02:15:07|OK|Insert Into sum_login_daily_detail|rowCount=2647
2015-10-03 02:15:00|OK|Insert Into sum_newuser_daily_detail|rowCount=102
2015-10-03 02:15:08|OK|Insert Into sum_login_daily_detail|rowCount=2614
2015-10-04 02:15:00|OK|Insert Into sum_newuser_daily_detail|rowCount=111
2015-10-04 02:15:07|OK|Insert Into sum_login_daily_detail|rowCount=2639
2015-10-05 02:15:00|OK|Insert Into sum_newuser_daily_detail|rowCount=109
2015-10-05 02:15:08|OK|Insert Into sum_login_daily_detail|rowCount=2619
2015-10-06 02:15:00|OK|Insert Into sum_newuser_daily_detail|rowCount=130
2015-10-06 02:15:06|OK|Insert Into sum_login_daily_detail|rowCount=2625
2015-10-07 02:15:00|OK|Insert Into sum_newuser_daily_detail|rowCount=110
2015-10-07 02:15:07|OK|Insert Into sum_login_daily_detail|rowCount=2618
2015-10-08 02:15:00|OK|Insert Into sum_newuser_daily_detail|rowCount=94
2015-10-08 02:15:08|OK|Insert Into sum_login_daily_detail|rowCount=2633
2015-10-09 02:15:00|OK|Insert Into sum_newuser_daily_detail|rowCount=126
2015-10-09 02:15:07|OK|Insert Into sum_login_daily_detail|rowCount=2612