
2014-05-28 12:05:37|OK|Insert Into sum_rmbused|rowCount=8
2014-05-28 12:06:52|OK|Insert Into sum_rmbused|rowCount=8
2014-05-28 13:28:04|FAIL|Insert Into sum_rmbused|MSG=0
2014-05-28 13:44:31|OK|Insert Into sum_rmbused|rowCount=8
2014-05-28 13:45:53|OK|Insert Into sum_rmbused|rowCount=12
2014-05-28 13:46:11|OK|Insert Into sum_rmbused|rowCount=12
2014-05-28 13:54:57|OK|Insert Into sum_rmbused|rowCount=7
2014-05-28 14:04:24|OK|Insert Into sum_rmbused|rowCount=7
2014-05-28 14:05:15|OK|Insert Into sum_rmbused|rowCount=8
2014-05-28 14:05:23|OK|Insert Into sum_rmbused|rowCount=12
2014-05-28 14:05:32|OK|Insert Into sum_rmbused|rowCount=7
2014-05-28 14:20:14|OK|Insert Into sum_rmbused|rowCount=8
2014-05-28 14:20:25|OK|Insert Into sum_rmbused|rowCount=14
2014-05-28 14:20:34|OK|Insert Into sum_rmbused|rowCount=12
2014-05-28 14:20:43|OK|Insert Into sum_rmbused|rowCount=7
2014-05-28 14:32:18|OK|Insert Into sum_rmbused|rowCount=8
2014-05-28 14:32:42|OK|Insert Into sum_rmbused|rowCount=12
2014-05-28 14:32:53|OK|Insert Into sum_rmbused|rowCount=12
2014-05-28 14:33:37|OK|Insert Into sum_rmbused|rowCount=7
2014-05-28 14:34:02|OK|Insert Into sum_rmbused|rowCount=8
2014-05-28 14:34:25|OK|Insert Into sum_rmbused|rowCount=14
2014-05-28 14:34:38|OK|Insert Into sum_rmbused|rowCount=7
2014-05-28 14:35:18|OK|Insert Into sum_rmbused|rowCount=12
2014-05-28 16:46:00|OK|Insert Into sum_rmbused|rowCount=8
2014-05-28 16:46:13|OK|Insert Into sum_rmbused|rowCount=14
2014-05-28 16:46:17|OK|Insert Into sum_rmbused|rowCount=7
2014-05-28 16:46:20|OK|Insert Into sum_rmbused|rowCount=12
2014-05-29 11:02:55|OK|Insert Into sum_market_pay|rowCount=301
2014-05-29 11:03:05|OK|Insert Into sum_market_pay|rowCount=528
2014-05-29 11:03:10|OK|Insert Into sum_market_pay|rowCount=751
2014-05-29 11:03:14|OK|Insert Into sum_market_pay|rowCount=994
2014-05-29 11:03:19|OK|Insert Into sum_market_pay|rowCount=1116
2014-05-29 11:03:26|OK|Insert Into sum_market_pay|rowCount=1230
2014-05-29 11:03:46|OK|Insert Into sum_market_pay|rowCount=1339
2014-05-29 11:04:02|OK|Insert Into sum_market_pay|rowCount=1466
2014-05-29 11:04:12|OK|Insert Into sum_market_pay|rowCount=1579
2014-05-29 11:11:32|OK|Insert Into sum_market_pay|rowCount=1683|Time Used 7265.3 mics
2014-05-29 11:12:50|OK|Insert Into sum_market_pay|rowCount=1785|Time Used 8361.2 mics
2014-05-29 11:13:30|OK|Insert Into sum_market_pay|rowCount=1859|Time Used 8431.8 mics
2014-05-29 11:13:42|OK|Insert Into sum_market_pay|rowCount=1951|Time Used 9348.6 mics
2014-05-29 11:14:03|OK|Insert Into sum_market_pay|rowCount=2002|Time Used 11358.4 mics
2014-05-29 11:14:59|OK|Insert Into sum_market_pay|rowCount=2141|Time Used 11575 mics
2014-05-29 11:15:12|OK|Insert Into sum_market_pay|rowCount=2214|Time Used 12599.8 mics
2014-05-29 11:15:26|OK|Insert Into sum_market_pay|rowCount=2351|Time Used 14202.6 mics
2014-05-29 11:15:44|OK|Insert Into sum_market_pay|rowCount=2563|Time Used 17739.6 mics
2014-05-29 11:16:02|OK|Insert Into sum_market_pay|rowCount=2631|Time Used 18051.8 mics
2014-05-29 11:16:20|OK|Insert Into sum_market_pay|rowCount=2631|Time Used 17957.3 mics
2014-05-29 11:16:38|OK|Insert Into sum_market_pay|rowCount=2631|Time Used 18131.1 mics
2014-05-29 11:16:57|OK|Insert Into sum_market_pay|rowCount=2631|Time Used 19261.1 mics
2014-05-29 11:17:17|OK|Insert Into sum_market_pay|rowCount=2631|Time Used 19999.5 mics
2014-05-29 11:18:34|OK|Insert Into sum_market_pay|rowCount=2691|Time Used 23561.7 mics
2014-05-29 11:19:02|OK|Insert Into sum_market_pay|rowCount=2796|Time Used 27670.9 mics
2014-05-29 11:19:33|OK|Insert Into sum_market_pay|rowCount=2937|Time Used 31238.8 mics
2014-05-29 11:20:09|OK|Insert Into sum_market_pay|rowCount=3380|Time Used 35321.5 mics
2014-05-29 11:20:51|OK|Insert Into sum_market_pay|rowCount=3903|Time Used 42176.5 mics
2014-05-29 11:21:40|OK|Insert Into sum_market_pay|rowCount=4226|Time Used 49637.5 mics
2014-05-29 11:22:39|OK|Insert Into sum_market_pay|rowCount=4498|Time Used 58646.7 mics
2014-05-29 11:23:46|OK|Insert Into sum_market_pay|rowCount=4613|Time Used 67392.8 mics
2014-05-29 11:24:53|OK|Insert Into sum_market_pay|rowCount=4613|Time Used 66709.5 mics
2014-05-29 15:39:12|OK|Insert Into sum_market_pay|rowCount=384|Time Used 283.3 mics
2014-05-29 15:39:12|OK|Insert Into sum_market_pay|rowCount=435|Time Used 341.9 mics
2014-05-29 15:39:12|OK|Insert Into sum_market_pay|rowCount=342|Time Used 205.3 mics
2014-05-29 15:39:13|OK|Insert Into sum_market_pay|rowCount=646|Time Used 799.3 mics
2014-05-29 15:39:14|OK|Insert Into sum_market_pay|rowCount=417|Time Used 305.2 mics
2014-05-29 15:39:14|OK|Insert Into sum_market_pay|rowCount=448|Time Used 366.1 mics
2014-05-29 15:39:14|OK|Insert Into sum_market_pay|rowCount=404|Time Used 311.7 mics
2014-05-29 15:39:14|FAIL|Insert Into sum_market_pay|MSG=0
2014-05-29 15:39:14|FAIL|Insert Into sum_market_pay|MSG=0
2014-05-29 15:40:59|OK|Insert Into sum_market_pay|rowCount=646|Time Used 820 mics
2014-05-29 15:41:00|OK|Insert Into sum_market_pay|rowCount=543|Time Used 540.2 mics
2014-05-29 15:41:00|OK|Insert Into sum_market_pay|rowCount=417|Time Used 302.3 mics
2014-05-29 15:41:01|OK|Insert Into sum_market_pay|rowCount=475|Time Used 475.1 mics
2014-05-29 15:41:01|OK|Insert Into sum_market_pay|rowCount=442|Time Used 342.8 mics
2014-05-29 15:41:01|OK|Insert Into sum_market_pay|rowCount=384|Time Used 277.6 mics
2014-05-29 15:41:14|OK|Insert Into sum_market_pay|rowCount=509|Time Used 439.8 mics
2014-05-29 15:41:14|OK|Insert Into sum_market_pay|rowCount=478|Time Used 378.7 mics
2014-05-29 15:41:14|OK|Insert Into sum_market_pay|rowCount=492|Time Used 432.1 mics
2014-05-29 15:41:15|OK|Insert Into sum_market_pay|rowCount=408|Time Used 285 mics
2014-05-29 15:41:24|OK|Insert Into sum_market_pay|rowCount=413|Time Used 306.6 mics
2014-05-29 15:41:25|OK|Insert Into sum_market_pay|rowCount=369|Time Used 236 mics
2014-05-29 15:41:25|OK|Insert Into sum_market_pay|rowCount=385|Time Used 441.4 mics
2014-05-29 15:41:26|OK|Insert Into sum_market_pay|rowCount=452|Time Used 354.9 mics
2014-05-29 15:41:26|OK|Insert Into sum_market_pay|rowCount=363|Time Used 223.2 mics
2014-05-29 15:41:26|OK|Insert Into sum_market_pay|rowCount=323|Time Used 182.2 mics
2014-05-29 15:41:26|OK|Insert Into sum_market_pay|rowCount=365|Time Used 433 mics
2014-05-29 15:41:54|OK|Insert Into sum_market_pay|rowCount=413|Time Used 289.6 mics
2014-05-29 15:41:54|OK|Insert Into sum_market_pay|rowCount=369|Time Used 222.7 mics
2014-05-29 15:41:54|OK|Insert Into sum_market_pay|rowCount=385|Time Used 247.3 mics
2014-05-29 15:41:55|OK|Insert Into sum_market_pay|rowCount=452|Time Used 343.4 mics
2014-05-29 15:41:55|OK|Insert Into sum_market_pay|rowCount=363|Time Used 218.4 mics
2014-05-29 15:41:55|OK|Insert Into sum_market_pay|rowCount=323|Time Used 175.6 mics
2014-05-29 15:41:55|OK|Insert Into sum_market_pay|rowCount=365|Time Used 216.7 mics
2014-05-29 15:42:29|OK|Insert Into sum_market_pay|rowCount=413|Time Used 291.7 mics
2014-05-29 15:42:30|OK|Insert Into sum_market_pay|rowCount=369|Time Used 229.6 mics
2014-05-29 15:42:30|OK|Insert Into sum_market_pay|rowCount=385|Time Used 256.8 mics
2014-05-29 15:42:30|OK|Insert Into sum_market_pay|rowCount=452|Time Used 347.5 mics
2014-05-29 15:42:30|OK|Insert Into sum_market_pay|rowCount=363|Time Used 225.1 mics
2014-05-29 15:42:31|OK|Insert Into sum_market_pay|rowCount=323|Time Used 183.9 mics
2014-05-29 15:42:31|OK|Insert Into sum_market_pay|rowCount=365|Time Used 230.7 mics
2014-05-29 15:44:22|OK|Insert Into sum_market_pay|rowCount=367|Time Used 225.8 mics
2014-05-29 15:44:22|OK|Insert Into sum_market_pay|rowCount=385|Time Used 247.7 mics
2014-05-29 15:44:22|OK|Insert Into sum_market_pay|rowCount=481|Time Used 397.1 mics
2014-05-29 15:44:23|OK|Insert Into sum_market_pay|rowCount=423|Time Used 297.2 mics
2014-05-29 15:44:23|OK|Insert Into sum_market_pay|rowCount=400|Time Used 265.6 mics
2014-05-29 15:44:23|OK|Insert Into sum_market_pay|rowCount=452|Time Used 342 mics
2014-05-29 15:44:23|OK|Insert Into sum_market_pay|rowCount=426|Time Used 294.6 mics
2014-05-29 15:44:24|OK|Insert Into sum_market_pay|rowCount=437|Time Used 316.4 mics
2014-05-29 15:44:24|OK|Insert Into sum_market_pay|rowCount=324|Time Used 181 mics
2014-05-29 15:45:04|OK|Insert Into sum_market_pay|rowCount=342|Time Used 201.6 mics
2014-05-29 15:45:04|OK|Insert Into sum_market_pay|rowCount=304|Time Used 170.3 mics
2014-05-29 15:45:05|OK|Insert Into sum_market_pay|rowCount=572|Time Used 575.3 mics
2014-05-29 15:45:05|OK|Insert Into sum_market_pay|rowCount=614|Time Used 669.6 mics
2014-05-29 15:45:06|OK|Insert Into sum_market_pay|rowCount=646|Time Used 760.4 mics
2014-05-29 15:45:07|OK|Insert Into sum_market_pay|rowCount=649|Time Used 800.9 mics
2014-05-29 15:45:08|OK|Insert Into sum_market_pay|rowCount=543|Time Used 510.8 mics
2014-05-29 15:45:08|OK|Insert Into sum_market_pay|rowCount=522|Time Used 481 mics
2014-05-29 15:45:08|OK|Insert Into sum_market_pay|rowCount=486|Time Used 397.5 mics
2014-05-29 15:50:51|OK|Insert Into sum_market_pay|rowCount=319|Time Used 186.7 mics
2014-05-29 15:50:52|OK|Insert Into sum_market_pay|rowCount=482|Time Used 386.4 mics
2014-05-29 15:50:52|OK|Insert Into sum_market_pay|rowCount=463|Time Used 343.3 mics
2014-05-29 15:50:52|OK|Insert Into sum_market_pay|rowCount=394|Time Used 255 mics
2014-05-29 15:50:53|OK|Insert Into sum_market_pay|rowCount=355|Time Used 214.4 mics
2014-05-29 15:50:53|OK|Insert Into sum_market_pay|rowCount=420|Time Used 292.3 mics
2014-05-29 15:50:53|OK|Insert Into sum_market_pay|rowCount=388|Time Used 260.6 mics
2014-05-29 15:50:53|OK|Insert Into sum_market_pay|rowCount=399|Time Used 264.6 mics
2014-05-29 15:50:54|OK|Insert Into sum_market_pay|rowCount=369|Time Used 220.1 mics
2014-05-29 15:50:54|OK|Insert Into sum_market_pay|rowCount=400|Time Used 254.7 mics
2014-05-29 15:50:54|OK|Insert Into sum_market_pay|rowCount=396|Time Used 255.9 mics
2014-05-29 15:50:55|OK|Insert Into sum_market_pay|rowCount=432|Time Used 303.5 mics
2014-05-29 15:50:55|OK|Insert Into sum_market_pay|rowCount=420|Time Used 290.2 mics
2014-05-29 15:50:55|OK|Insert Into sum_market_pay|rowCount=371|Time Used 221.9 mics
2014-05-29 15:50:55|OK|Insert Into sum_market_pay|rowCount=341|Time Used 190.3 mics
2014-05-29 15:50:55|OK|Insert Into sum_market_pay|rowCount=356|Time Used 204.7 mics
2014-05-29 15:50:56|OK|Insert Into sum_market_pay|rowCount=307|Time Used 154.2 mics
2014-05-29 15:50:56|OK|Insert Into sum_market_pay|rowCount=309|Time Used 155.9 mics
2014-05-29 15:50:56|OK|Insert Into sum_market_pay|rowCount=368|Time Used 220.7 mics
2014-05-29 15:50:56|OK|Insert Into sum_market_pay|rowCount=373|Time Used 223.9 mics
2014-05-29 15:50:56|OK|Insert Into sum_market_pay|rowCount=336|Time Used 185.4 mics
2014-05-29 15:50:57|OK|Insert Into sum_market_pay|rowCount=247|Time Used 102 mics
2014-05-29 15:50:57|OK|Insert Into sum_market_pay|rowCount=337|Time Used 183.3 mics
2014-05-29 15:50:57|OK|Insert Into sum_market_pay|rowCount=359|Time Used 209.4 mics
2014-05-29 15:50:57|OK|Insert Into sum_market_pay|rowCount=423|Time Used 290.1 mics
2014-05-29 15:50:57|OK|Insert Into sum_market_pay|rowCount=391|Time Used 250.7 mics
2014-05-29 15:51:04|OK|Insert Into sum_market_pay|rowCount=429|Time Used 293 mics
2014-05-29 15:51:04|OK|Insert Into sum_market_pay|rowCount=384|Time Used 242 mics
2014-05-29 15:51:04|OK|Insert Into sum_market_pay|rowCount=339|Time Used 184.4 mics
2014-05-29 15:51:04|OK|Insert Into sum_market_pay|rowCount=435|Time Used 304 mics
2014-05-29 15:51:04|OK|Insert Into sum_market_pay|rowCount=369|Time Used 220.9 mics
2014-05-29 15:51:05|OK|Insert Into sum_market_pay|rowCount=374|Time Used 227 mics
2014-05-29 15:51:05|OK|Insert Into sum_market_pay|rowCount=342|Time Used 190.8 mics
2014-05-29 15:51:05|OK|Insert Into sum_market_pay|rowCount=304|Time Used 148.3 mics
2014-05-29 15:51:06|OK|Insert Into sum_market_pay|rowCount=572|Time Used 546.4 mics
2014-05-29 15:51:06|OK|Insert Into sum_market_pay|rowCount=614|Time Used 661.7 mics
2014-05-29 15:51:07|OK|Insert Into sum_market_pay|rowCount=646|Time Used 733 mics
2014-05-29 15:51:08|OK|Insert Into sum_market_pay|rowCount=649|Time Used 744.8 mics
2014-05-29 15:51:08|OK|Insert Into sum_market_pay|rowCount=543|Time Used 494.3 mics
2014-05-29 15:51:09|OK|Insert Into sum_market_pay|rowCount=522|Time Used 462 mics
2014-05-29 15:51:09|OK|Insert Into sum_market_pay|rowCount=486|Time Used 384.8 mics
2014-05-29 15:51:09|OK|Insert Into sum_market_pay|rowCount=417|Time Used 279.7 mics
2014-05-29 15:51:10|OK|Insert Into sum_market_pay|rowCount=497|Time Used 423.1 mics
2014-05-29 15:51:10|OK|Insert Into sum_market_pay|rowCount=517|Time Used 429.4 mics
2014-05-29 15:51:11|OK|Insert Into sum_market_pay|rowCount=466|Time Used 356.6 mics
2014-05-29 15:51:11|OK|Insert Into sum_market_pay|rowCount=475|Time Used 377.7 mics
2014-05-29 15:51:11|OK|Insert Into sum_market_pay|rowCount=509|Time Used 426.2 mics
2014-05-29 15:51:12|OK|Insert Into sum_market_pay|rowCount=448|Time Used 324.8 mics
2014-05-29 15:51:12|OK|Insert Into sum_market_pay|rowCount=478|Time Used 375.9 mics
2014-05-29 15:51:12|OK|Insert Into sum_market_pay|rowCount=478|Time Used 367.1 mics
2014-05-29 15:51:13|OK|Insert Into sum_market_pay|rowCount=442|Time Used 321.8 mics
2014-05-29 15:51:13|OK|Insert Into sum_market_pay|rowCount=492|Time Used 395.5 mics
2014-05-29 15:51:13|OK|Insert Into sum_market_pay|rowCount=364|Time Used 230.7 mics
2014-05-29 15:51:14|OK|Insert Into sum_market_pay|rowCount=424|Time Used 295.8 mics
2014-05-29 15:51:14|OK|Insert Into sum_market_pay|rowCount=404|Time Used 264.3 mics
2014-05-29 15:51:14|OK|Insert Into sum_market_pay|rowCount=408|Time Used 262.7 mics
2014-05-29 15:51:19|OK|Insert Into sum_market_pay|rowCount=413|Time Used 275.4 mics
2014-05-29 15:51:20|OK|Insert Into sum_market_pay|rowCount=379|Time Used 232.8 mics
2014-05-29 15:51:20|OK|Insert Into sum_market_pay|rowCount=369|Time Used 223.1 mics
2014-05-29 15:51:20|OK|Insert Into sum_market_pay|rowCount=361|Time Used 208.4 mics
2014-05-29 15:51:20|OK|Insert Into sum_market_pay|rowCount=367|Time Used 207.9 mics
2014-05-29 15:51:21|OK|Insert Into sum_market_pay|rowCount=385|Time Used 235.1 mics
2014-05-29 15:51:21|OK|Insert Into sum_market_pay|rowCount=481|Time Used 369.9 mics
2014-05-29 15:51:21|OK|Insert Into sum_market_pay|rowCount=423|Time Used 286.4 mics
2014-05-29 15:51:22|OK|Insert Into sum_market_pay|rowCount=400|Time Used 253.2 mics
2014-05-29 15:51:22|OK|Insert Into sum_market_pay|rowCount=452|Time Used 334 mics
2014-05-29 15:51:22|OK|Insert Into sum_market_pay|rowCount=426|Time Used 288.1 mics
2014-05-29 15:51:22|OK|Insert Into sum_market_pay|rowCount=437|Time Used 303.4 mics
2014-05-29 15:51:23|OK|Insert Into sum_market_pay|rowCount=324|Time Used 165.5 mics
2014-05-29 15:51:23|OK|Insert Into sum_market_pay|rowCount=325|Time Used 180.3 mics
2014-05-29 15:51:23|OK|Insert Into sum_market_pay|rowCount=363|Time Used 215.4 mics
2014-05-29 15:51:23|OK|Insert Into sum_market_pay|rowCount=369|Time Used 211.4 mics
2014-05-29 15:51:23|OK|Insert Into sum_market_pay|rowCount=382|Time Used 225.3 mics
2014-05-29 15:51:24|OK|Insert Into sum_market_pay|rowCount=382|Time Used 226.5 mics
2014-05-29 15:51:24|OK|Insert Into sum_market_pay|rowCount=335|Time Used 182.4 mics
2014-05-29 15:51:24|OK|Insert Into sum_market_pay|rowCount=309|Time Used 153.4 mics
2014-05-29 15:51:24|OK|Insert Into sum_market_pay|rowCount=323|Time Used 167.2 mics
2014-05-29 15:51:24|OK|Insert Into sum_market_pay|rowCount=386|Time Used 231.5 mics
2014-05-29 15:51:25|OK|Insert Into sum_market_pay|rowCount=323|Time Used 164.1 mics
2014-05-29 15:51:25|OK|Insert Into sum_market_pay|rowCount=308|Time Used 151.5 mics
2014-05-29 15:51:25|OK|Insert Into sum_market_pay|rowCount=364|Time Used 211.5 mics
2014-05-29 15:51:25|OK|Insert Into sum_market_pay|rowCount=275|Time Used 120.8 mics
2014-05-29 15:51:25|OK|Insert Into sum_market_pay|rowCount=358|Time Used 200.7 mics
2014-05-29 15:51:25|OK|Insert Into sum_market_pay|rowCount=365|Time Used 210.6 mics
2014-05-29 15:51:26|OK|Insert Into sum_market_pay|rowCount=416|Time Used 295.3 mics
2014-05-29 15:51:26|OK|Insert Into sum_market_pay|rowCount=435|Time Used 312.9 mics
2014-05-29 15:51:29|OK|Insert Into sum_market_pay|rowCount=399|Time Used 267.1 mics
2014-05-29 15:51:29|OK|Insert Into sum_market_pay|rowCount=322|Time Used 175.5 mics
2014-05-29 15:51:30|OK|Insert Into sum_market_pay|rowCount=348|Time Used 195.7 mics
2014-05-29 15:51:30|OK|Insert Into sum_market_pay|rowCount=384|Time Used 242.9 mics
2014-05-29 15:51:30|OK|Insert Into sum_market_pay|rowCount=376|Time Used 243.7 mics
2014-05-29 15:51:30|OK|Insert Into sum_market_pay|rowCount=353|Time Used 197 mics
2014-05-29 15:51:31|OK|Insert Into sum_market_pay|rowCount=358|Time Used 202 mics
2014-05-29 15:51:31|OK|Insert Into sum_market_pay|rowCount=366|Time Used 211 mics
2014-05-29 15:51:31|OK|Insert Into sum_market_pay|rowCount=318|Time Used 165 mics
2014-05-29 15:51:31|OK|Insert Into sum_market_pay|rowCount=328|Time Used 174.3 mics
2014-05-29 15:51:31|OK|Insert Into sum_market_pay|rowCount=305|Time Used 163.7 mics
2014-05-29 15:51:31|OK|Insert Into sum_market_pay|rowCount=289|Time Used 136 mics
2014-05-29 15:51:32|OK|Insert Into sum_market_pay|rowCount=296|Time Used 140.2 mics
2014-05-29 15:51:32|OK|Insert Into sum_market_pay|rowCount=304|Time Used 148.7 mics
2014-05-29 15:51:32|OK|Insert Into sum_market_pay|rowCount=305|Time Used 150.8 mics
2014-05-29 15:51:32|OK|Insert Into sum_market_pay|rowCount=271|Time Used 124.9 mics
2014-05-29 15:51:32|OK|Insert Into sum_market_pay|rowCount=242|Time Used 97.7 mics
2014-05-29 15:51:32|OK|Insert Into sum_market_pay|rowCount=239|Time Used 94.2 mics
2014-05-29 15:51:32|OK|Insert Into sum_market_pay|rowCount=293|Time Used 142.7 mics
2014-05-29 15:51:32|OK|Insert Into sum_market_pay|rowCount=285|Time Used 128.4 mics
2014-05-29 15:51:32|OK|Insert Into sum_market_pay|rowCount=161|Time Used 46.4 mics
2014-05-29 15:51:33|OK|Insert Into sum_market_pay|rowCount=304|Time Used 147.5 mics
2014-05-29 15:51:33|OK|Insert Into sum_market_pay|rowCount=300|Time Used 148.2 mics
2014-05-29 15:51:33|OK|Insert Into sum_market_pay|rowCount=333|Time Used 179.8 mics
2014-05-29 15:51:33|OK|Insert Into sum_market_pay|rowCount=328|Time Used 173.2 mics
2014-05-29 15:51:33|OK|Insert Into sum_market_pay|rowCount=288|Time Used 135.8 mics
2014-05-29 15:51:33|OK|Insert Into sum_market_pay|rowCount=296|Time Used 150.6 mics
2014-05-29 15:51:34|OK|Insert Into sum_market_pay|rowCount=259|Time Used 112.6 mics
2014-05-29 15:51:34|OK|Insert Into sum_market_pay|rowCount=235|Time Used 91.5 mics
2014-05-29 15:51:34|OK|Insert Into sum_market_pay|rowCount=246|Time Used 101.8 mics
2014-05-29 15:51:38|OK|Insert Into sum_market_pay|rowCount=320|Time Used 164.1 mics
2014-05-29 15:51:38|OK|Insert Into sum_market_pay|rowCount=242|Time Used 100.9 mics
2014-05-29 15:51:38|OK|Insert Into sum_market_pay|rowCount=261|Time Used 108.8 mics
2014-05-29 15:51:38|OK|Insert Into sum_market_pay|rowCount=245|Time Used 100.1 mics
2014-05-29 15:51:38|OK|Insert Into sum_market_pay|rowCount=227|Time Used 86.4 mics
2014-05-29 15:51:39|OK|Insert Into sum_market_pay|rowCount=186|Time Used 62 mics
2014-05-29 15:51:39|OK|Insert Into sum_market_pay|rowCount=160|Time Used 43.3 mics
2014-05-29 15:51:39|OK|Insert Into sum_market_pay|rowCount=164|Time Used 47.6 mics
2014-05-29 15:51:39|OK|Insert Into sum_market_pay|rowCount=252|Time Used 101.4 mics
2014-05-29 15:51:39|OK|Insert Into sum_market_pay|rowCount=307|Time Used 150.8 mics
2014-05-29 15:51:39|OK|Insert Into sum_market_pay|rowCount=301|Time Used 150.9 mics
2014-05-29 15:51:39|OK|Insert Into sum_market_pay|rowCount=300|Time Used 144.9 mics
2014-05-29 15:51:39|OK|Insert Into sum_market_pay|rowCount=277|Time Used 124.2 mics
2014-05-29 15:51:39|OK|Insert Into sum_market_pay|rowCount=242|Time Used 101.4 mics
2014-05-29 15:51:39|OK|Insert Into sum_market_pay|rowCount=229|Time Used 85.5 mics
2014-05-29 15:51:40|OK|Insert Into sum_market_pay|rowCount=254|Time Used 102.3 mics
2014-05-29 15:51:40|OK|Insert Into sum_market_pay|rowCount=241|Time Used 101.1 mics
2014-05-29 15:51:40|OK|Insert Into sum_market_pay|rowCount=209|Time Used 70.9 mics
2014-05-29 15:51:40|OK|Insert Into sum_market_pay|rowCount=258|Time Used 105.6 mics
2014-05-29 15:51:40|OK|Insert Into sum_market_pay|rowCount=264|Time Used 116.2 mics
2014-05-29 15:51:40|OK|Insert Into sum_market_pay|rowCount=297|Time Used 139.8 mics
2014-05-29 15:51:40|OK|Insert Into sum_market_pay|rowCount=229|Time Used 89.1 mics
2014-05-29 15:51:40|OK|Insert Into sum_market_pay|rowCount=286|Time Used 131 mics
2014-05-29 15:51:40|OK|Insert Into sum_market_pay|rowCount=260|Time Used 110.9 mics
2014-05-29 15:51:41|OK|Insert Into sum_market_pay|rowCount=258|Time Used 111.1 mics
2014-05-29 15:51:41|OK|Insert Into sum_market_pay|rowCount=242|Time Used 101.5 mics
2014-05-29 15:51:41|OK|Insert Into sum_market_pay|rowCount=292|Time Used 140.9 mics
2014-05-29 15:51:41|OK|Insert Into sum_market_pay|rowCount=162|Time Used 45.1 mics
2014-05-29 15:51:41|OK|Insert Into sum_market_pay|rowCount=212|Time Used 78.3 mics
2014-05-29 15:51:41|OK|Insert Into sum_market_pay|rowCount=206|Time Used 75.5 mics
2014-05-29 15:51:44|OK|Insert Into sum_market_pay|rowCount=214|Time Used 78.1 mics
2014-05-29 15:51:44|OK|Insert Into sum_market_pay|rowCount=188|Time Used 60.4 mics
2014-05-29 15:51:44|OK|Insert Into sum_market_pay|rowCount=194|Time Used 65 mics
2014-05-29 15:51:44|OK|Insert Into sum_market_pay|rowCount=224|Time Used 82 mics
2014-05-30 15:55:07|OK|Insert Into sum_reg_trans|rowCount=384|Time Used 1577.3 mics
2014-05-30 15:57:03|OK|Insert Into sum_reg_trans|rowCount=349|Time Used 3184.2 mics
2014-05-30 15:59:01|OK|Insert Into sum_reg_trans|rowCount=386|Time Used 2386.8 mics
2014-05-30 16:22:33|OK|Delete From sum_reg_trans|Rows=0
2014-05-30 16:22:34|OK|Insert Into sum_reg_trans|rowCount=393|Time Used 1399.4 mics
2014-05-30 16:22:39|OK|Delete From sum_reg_trans|Rows=393
2014-05-30 16:22:41|OK|Insert Into sum_reg_trans|rowCount=393|Time Used 2120.8 mics
2014-06-03 09:40:54|OK|Delete From sum_reg_trans|Rows=0
2014-06-03 09:40:54|OK|Insert Into sum_reg_trans|rowCount=207|Time Used 382.2 mics
2014-06-04 16:47:28|OK|Delete From sum_reg_trans|Rows=207
2014-06-04 16:47:59|OK|Delete From sum_reg_trans|Rows=0
2014-06-04 16:48:01|OK|Insert Into sum_reg_trans|rowCount=563|Time Used 2083.8 mics
2014-06-06 10:35:50|OK|Insert Into sum_reg_trans|rowCount=893|Time Used 1684.9 mics
2014-06-06 10:39:23|OK|Insert Into sum_reg_trans|rowCount=1000|Time Used 1389.5 mics
2014-06-06 10:39:38|OK|Insert Into sum_reg_trans|rowCount=902|Time Used 1490.6 mics
2014-06-06 10:40:19|OK|Insert Into sum_reg_trans|rowCount=902|Time Used 1365.8 mics
2014-06-06 10:42:17|OK|Insert Into sum_reg_trans|rowCount=902|Time Used 1667.3 mics
2014-06-06 10:53:14|OK|Insert Into sum_reg_trans|rowCount=893|Time Used 1578.8 mics
2014-06-06 10:53:57|OK|Insert Into sum_reg_trans|rowCount=775|Time Used 1738.1 mics
2014-06-06 10:57:04|OK|Insert Into sum_reg_trans|rowCount=588|Time Used 1749.5 mics
2014-06-06 10:57:28|OK|Insert Into sum_reg_trans|rowCount=808|Time Used 1649.8 mics
2014-06-06 10:57:44|FAIL|Insert Into sum_reg_trans|MSG=0
2014-06-06 10:58:06|FAIL|Insert Into sum_reg_trans|MSG=0
2014-06-25 16:53:39|FAIL|Insert Into sum_rmbused|MSG=SQLSTATE[42000]: Syntax error or access violation: 1064 You have an error in your SQL syntax; check the manual that corresponds to your MySQL server version for the right syntax to use near '' at line 1
2014-06-30 09:16:47|FAIL|Insert Into sum_rmbused|MSG=SQLSTATE[42000]: Syntax error or access violation: 1064 You have an error in your SQL syntax; check the manual that corresponds to your MySQL server version for the right syntax to use near '' at line 1
2014-06-30 21:32:18|FAIL|Insert Into sum_rmbused|MSG=SQLSTATE[42000]: Syntax error or access violation: 1064 You have an error in your SQL syntax; check the manual that corresponds to your MySQL server version for the right syntax to use near '' at line 1
2014-07-01 02:00:02|FAIL|Insert Into sum_rmbused|MSG=SQLSTATE[42000]: Syntax error or access violation: 1064 You have an error in your SQL syntax; check the manual that corresponds to your MySQL server version for the right syntax to use near '' at line 1
2014-07-01 15:21:07|FAIL|Insert Into sum_rmbused|MSG=SQLSTATE[42000]: Syntax error or access violation: 1064 You have an error in your SQL syntax; check the manual that corresponds to your MySQL server version for the right syntax to use near '' at line 1
2014-07-02 02:00:01|FAIL|Insert Into sum_rmbused|MSG=SQLSTATE[23000]: Integrity constraint violation: 1048 Column 'rmb_pay' cannot be null
2014-07-02 12:10:05|FAIL|Insert Into sum_rmbused|MSG=SQLSTATE[23000]: Integrity constraint violation: 1048 Column 'rmb_pay' cannot be null
2014-07-02 12:30:17|FAIL|Insert Into sum_rmbused|MSG=SQLSTATE[23000]: Integrity constraint violation: 1048 Column 'rmb_pay' cannot be null
2014-07-02 12:37:02|FAIL|Insert Into sum_rmbused|MSG=SQLSTATE[23000]: Integrity constraint violation: 1048 Column 'rmb_pay' cannot be null
2014-07-02 12:40:46|OK|Insert Into sum_rmbused|rowCount=192
2014-07-03 02:00:02|OK|Insert Into sum_rmbused|rowCount=194
2014-07-04 02:00:02|OK|Insert Into sum_rmbused|rowCount=194
2014-07-05 02:00:06|OK|Insert Into sum_rmbused|rowCount=196
2014-07-06 02:00:02|OK|Insert Into sum_rmbused|rowCount=196
2014-07-07 02:00:02|OK|Insert Into sum_rmbused|rowCount=198
2014-07-08 02:00:02|OK|Insert Into sum_rmbused|rowCount=198
2014-07-08 08:58:08|OK|Insert Into sum_rmbused|rowCount=198
2014-07-09 02:00:02|OK|Insert Into sum_rmbused|rowCount=200
2014-07-09 09:29:33|OK|Insert Into sum_rmbused|rowCount=200
2014-07-10 02:00:02|OK|Insert Into sum_rmbused|rowCount=200
2014-07-11 02:00:02|OK|Insert Into sum_rmbused|rowCount=202
2014-07-12 02:00:02|OK|Insert Into sum_rmbused|rowCount=202
2014-07-13 02:00:02|OK|Insert Into sum_rmbused|rowCount=204
2014-07-14 02:00:02|OK|Insert Into sum_rmbused|rowCount=204
2014-07-14 18:03:57|OK|Insert Into sum_rmbused|rowCount=204
2014-07-15 02:00:02|OK|Insert Into sum_rmbused|rowCount=205
2014-07-16 02:00:02|OK|Insert Into sum_rmbused|rowCount=207
2014-07-17 02:00:02|OK|Insert Into sum_rmbused|rowCount=208
2014-07-18 02:00:02|OK|Insert Into sum_rmbused|rowCount=208
2014-07-19 02:00:02|OK|Insert Into sum_rmbused|rowCount=209
2014-07-20 02:00:02|OK|Insert Into sum_rmbused|rowCount=210
2014-07-21 02:00:02|OK|Insert Into sum_rmbused|rowCount=211
2014-07-22 02:00:02|OK|Insert Into sum_rmbused|rowCount=211
2014-07-23 02:00:02|OK|Insert Into sum_rmbused|rowCount=214
2014-07-24 02:00:02|OK|Insert Into sum_rmbused|rowCount=214
2014-07-25 02:00:02|OK|Insert Into sum_rmbused|rowCount=214
2014-07-26 02:00:02|OK|Insert Into sum_rmbused|rowCount=214
2014-07-27 02:00:02|OK|Insert Into sum_rmbused|rowCount=215
2014-07-28 02:00:02|OK|Insert Into sum_rmbused|rowCount=215
2014-07-29 02:00:02|OK|Insert Into sum_rmbused|rowCount=216
2014-07-30 02:00:02|OK|Insert Into sum_rmbused|rowCount=216
2014-07-31 02:00:02|OK|Insert Into sum_rmbused|rowCount=217
2014-08-01 02:00:02|OK|Insert Into sum_rmbused|rowCount=217
2014-08-02 02:00:02|OK|Insert Into sum_rmbused|rowCount=216
2014-08-03 02:00:02|OK|Insert Into sum_rmbused|rowCount=216
2014-08-04 02:00:02|OK|Insert Into sum_rmbused|rowCount=217
2014-08-05 02:00:02|OK|Insert Into sum_rmbused|rowCount=219
2014-08-06 02:00:02|OK|Insert Into sum_rmbused|rowCount=220
2014-08-07 02:00:03|OK|Insert Into sum_rmbused|rowCount=218
2014-08-08 02:00:03|OK|Insert Into sum_rmbused|rowCount=219
2014-08-09 02:00:02|OK|Insert Into sum_rmbused|rowCount=219
2014-08-10 02:00:03|OK|Insert Into sum_rmbused|rowCount=220
2014-08-11 02:00:03|OK|Insert Into sum_rmbused|rowCount=220
2014-08-12 02:00:02|OK|Insert Into sum_rmbused|rowCount=221
2014-08-13 02:00:02|OK|Insert Into sum_rmbused|rowCount=221
2014-08-14 02:00:03|OK|Insert Into sum_rmbused|rowCount=223
2014-08-15 02:00:02|OK|Insert Into sum_rmbused|rowCount=224
2014-08-16 02:00:03|OK|Insert Into sum_rmbused|rowCount=225
2014-08-17 02:00:03|OK|Insert Into sum_rmbused|rowCount=225
2014-08-18 02:00:03|OK|Insert Into sum_rmbused|rowCount=226
2014-08-19 02:00:03|OK|Insert Into sum_rmbused|rowCount=226
2014-08-20 02:00:03|OK|Insert Into sum_rmbused|rowCount=227
2014-08-21 02:00:02|OK|Insert Into sum_rmbused|rowCount=227
2014-08-22 02:00:02|OK|Insert Into sum_rmbused|rowCount=228
2014-08-23 02:00:02|OK|Insert Into sum_rmbused|rowCount=228
2014-08-24 02:00:03|OK|Insert Into sum_rmbused|rowCount=230
2014-08-25 02:00:03|OK|Insert Into sum_rmbused|rowCount=230
2014-08-26 02:00:03|OK|Insert Into sum_rmbused|rowCount=231
2014-08-27 02:00:02|OK|Insert Into sum_rmbused|rowCount=231
2014-08-28 02:00:03|OK|Insert Into sum_rmbused|rowCount=233
2014-08-29 02:00:02|OK|Insert Into sum_rmbused|rowCount=232
2014-08-30 02:00:02|OK|Insert Into sum_rmbused|rowCount=233
2014-08-31 02:00:03|OK|Insert Into sum_rmbused|rowCount=233
2014-09-01 02:00:02|OK|Insert Into sum_rmbused|rowCount=234
2014-09-02 02:00:01|OK|Insert Into sum_rmbused|rowCount=234
2014-09-03 02:00:02|OK|Insert Into sum_rmbused|rowCount=235
2014-09-04 02:00:02|OK|Insert Into sum_rmbused|rowCount=235
2014-09-05 02:00:02|OK|Insert Into sum_rmbused|rowCount=236
2014-09-06 02:00:03|OK|Insert Into sum_rmbused|rowCount=237
2014-09-07 02:00:03|OK|Insert Into sum_rmbused|rowCount=238
2014-09-08 02:00:02|OK|Insert Into sum_rmbused|rowCount=238
2014-09-09 02:00:02|OK|Insert Into sum_rmbused|rowCount=239
2014-09-10 02:00:02|OK|Insert Into sum_rmbused|rowCount=239
2014-09-11 02:00:02|OK|Insert Into sum_rmbused|rowCount=240
2014-09-12 02:00:02|OK|Insert Into sum_rmbused|rowCount=240
2014-09-13 02:00:02|OK|Insert Into sum_rmbused|rowCount=240
2014-09-14 02:00:02|OK|Insert Into sum_rmbused|rowCount=241
2014-09-15 02:00:02|OK|Insert Into sum_rmbused|rowCount=241
2014-09-16 02:00:02|OK|Insert Into sum_rmbused|rowCount=241
2014-09-17 02:00:02|OK|Insert Into sum_rmbused|rowCount=243
2014-09-18 02:00:02|OK|Insert Into sum_rmbused|rowCount=243
2014-09-19 02:00:02|OK|Insert Into sum_rmbused|rowCount=243
2014-09-20 02:00:02|OK|Insert Into sum_rmbused|rowCount=244
2014-09-21 02:00:02|OK|Insert Into sum_rmbused|rowCount=244
2014-09-22 02:00:02|OK|Insert Into sum_rmbused|rowCount=244
2014-09-23 02:00:02|OK|Insert Into sum_rmbused|rowCount=245
2014-09-24 02:00:02|OK|Insert Into sum_rmbused|rowCount=245
2014-09-25 02:00:02|OK|Insert Into sum_rmbused|rowCount=245
2014-09-26 02:00:02|OK|Insert Into sum_rmbused|rowCount=246
2014-09-27 02:00:02|OK|Insert Into sum_rmbused|rowCount=246
2014-09-28 02:00:02|OK|Insert Into sum_rmbused|rowCount=247
2014-09-29 02:00:02|OK|Insert Into sum_rmbused|rowCount=247
2014-09-30 02:00:02|OK|Insert Into sum_rmbused|rowCount=249
2014-10-01 02:00:02|OK|Insert Into sum_rmbused|rowCount=250
2014-10-02 02:00:02|OK|Insert Into sum_rmbused|rowCount=249
2014-10-03 02:00:01|OK|Insert Into sum_rmbused|rowCount=248
2014-10-04 02:00:02|OK|Insert Into sum_rmbused|rowCount=249
2014-10-05 02:00:02|OK|Insert Into sum_rmbused|rowCount=249
2014-10-06 02:00:02|OK|Insert Into sum_rmbused|rowCount=249
2014-10-07 02:00:02|OK|Insert Into sum_rmbused|rowCount=250
2014-10-08 02:00:02|OK|Insert Into sum_rmbused|rowCount=250
2014-10-09 02:00:02|OK|Insert Into sum_rmbused|rowCount=250
2014-10-10 02:00:02|OK|Insert Into sum_rmbused|rowCount=253
2014-10-11 02:00:01|OK|Insert Into sum_rmbused|rowCount=253
2014-10-12 02:00:02|OK|Insert Into sum_rmbused|rowCount=253
2014-10-13 02:00:02|OK|Insert Into sum_rmbused|rowCount=254
2014-10-14 02:00:02|OK|Insert Into sum_rmbused|rowCount=254
2014-10-15 02:00:02|OK|Insert Into sum_rmbused|rowCount=254
2014-10-16 02:00:02|OK|Insert Into sum_rmbused|rowCount=255
2014-10-17 02:00:02|OK|Insert Into sum_rmbused|rowCount=254
2014-10-18 02:00:02|OK|Insert Into sum_rmbused|rowCount=253
2014-10-19 02:00:02|OK|Insert Into sum_rmbused|rowCount=255
2014-10-20 02:00:02|OK|Insert Into sum_rmbused|rowCount=255
2014-10-21 02:00:02|OK|Insert Into sum_rmbused|rowCount=255
2014-10-22 02:00:02|OK|Insert Into sum_rmbused|rowCount=256
2014-10-23 02:00:02|OK|Insert Into sum_rmbused|rowCount=256
2014-10-24 02:00:02|OK|Insert Into sum_rmbused|rowCount=256
2014-10-25 02:00:02|OK|Insert Into sum_rmbused|rowCount=259
2014-10-26 02:00:02|OK|Insert Into sum_rmbused|rowCount=259
2014-10-27 02:00:02|OK|Insert Into sum_rmbused|rowCount=259
2014-10-28 02:00:02|OK|Insert Into sum_rmbused|rowCount=260
2014-10-29 02:00:02|OK|Insert Into sum_rmbused|rowCount=260
2014-10-30 02:00:02|OK|Insert Into sum_rmbused|rowCount=260
2014-10-31 02:00:02|OK|Insert Into sum_rmbused|rowCount=260
2014-11-01 02:00:02|OK|Insert Into sum_rmbused|rowCount=261
2014-11-02 02:00:02|OK|Insert Into sum_rmbused|rowCount=261
2014-11-03 02:00:02|OK|Insert Into sum_rmbused|rowCount=262
2014-11-04 02:00:02|OK|Insert Into sum_rmbused|rowCount=262
2014-11-05 02:00:02|OK|Insert Into sum_rmbused|rowCount=262
2014-11-06 02:00:02|OK|Insert Into sum_rmbused|rowCount=264
2014-11-07 02:00:02|OK|Insert Into sum_rmbused|rowCount=264
2014-11-08 02:00:02|OK|Insert Into sum_rmbused|rowCount=264
2014-11-09 02:00:02|OK|Insert Into sum_rmbused|rowCount=265
2014-11-10 02:00:02|OK|Insert Into sum_rmbused|rowCount=264
2014-11-11 02:00:02|OK|Insert Into sum_rmbused|rowCount=264
2014-11-12 02:00:02|OK|Insert Into sum_rmbused|rowCount=265
2014-11-13 02:00:02|OK|Insert Into sum_rmbused|rowCount=265
2014-11-14 02:00:02|OK|Insert Into sum_rmbused|rowCount=265
2014-11-15 02:00:02|OK|Insert Into sum_rmbused|rowCount=266
2014-11-16 02:00:02|OK|Insert Into sum_rmbused|rowCount=266
2014-11-17 02:00:02|OK|Insert Into sum_rmbused|rowCount=266
2014-11-18 02:00:02|OK|Insert Into sum_rmbused|rowCount=267
2014-11-19 02:00:01|OK|Insert Into sum_rmbused|rowCount=267
2014-11-20 02:00:02|OK|Insert Into sum_rmbused|rowCount=267
2014-11-21 02:00:02|OK|Insert Into sum_rmbused|rowCount=268
2014-11-22 02:00:02|OK|Insert Into sum_rmbused|rowCount=268
2014-11-23 02:00:02|OK|Insert Into sum_rmbused|rowCount=268
2014-11-24 02:00:01|OK|Insert Into sum_rmbused|rowCount=269
2014-11-25 02:00:02|OK|Insert Into sum_rmbused|rowCount=269
2014-11-26 02:00:02|OK|Insert Into sum_rmbused|rowCount=269
2014-11-27 02:00:02|OK|Insert Into sum_rmbused|rowCount=270
2014-11-28 02:00:02|OK|Insert Into sum_rmbused|rowCount=269
2014-11-29 02:00:02|OK|Insert Into sum_rmbused|rowCount=270
2014-11-30 02:00:02|OK|Insert Into sum_rmbused|rowCount=271
2014-12-01 02:00:02|OK|Insert Into sum_rmbused|rowCount=271
2014-12-02 02:00:01|OK|Insert Into sum_rmbused|rowCount=271
2014-12-03 02:00:02|OK|Insert Into sum_rmbused|rowCount=272
2014-12-04 02:00:01|OK|Insert Into sum_rmbused|rowCount=272
2014-12-05 02:00:02|OK|Insert Into sum_rmbused|rowCount=272
2014-12-06 02:00:02|OK|Insert Into sum_rmbused|rowCount=273
2014-12-07 02:00:02|OK|Insert Into sum_rmbused|rowCount=273
2014-12-08 02:00:02|OK|Insert Into sum_rmbused|rowCount=273
2014-12-09 02:00:02|OK|Insert Into sum_rmbused|rowCount=274
2014-12-10 02:00:02|OK|Insert Into sum_rmbused|rowCount=274
2014-12-11 02:00:02|OK|Insert Into sum_rmbused|rowCount=274
2014-12-12 02:00:02|OK|Insert Into sum_rmbused|rowCount=274
2014-12-13 02:00:02|OK|Insert Into sum_rmbused|rowCount=275
2014-12-14 02:00:02|OK|Insert Into sum_rmbused|rowCount=275
2014-12-15 02:00:02|OK|Insert Into sum_rmbused|rowCount=275
2014-12-16 02:00:02|OK|Insert Into sum_rmbused|rowCount=276
2014-12-17 02:00:02|OK|Insert Into sum_rmbused|rowCount=276
2014-12-18 02:00:02|OK|Insert Into sum_rmbused|rowCount=276
2014-12-19 02:00:02|OK|Insert Into sum_rmbused|rowCount=278
2014-12-20 02:00:02|OK|Insert Into sum_rmbused|rowCount=278
2014-12-21 02:00:02|OK|Insert Into sum_rmbused|rowCount=278
2014-12-22 02:00:02|OK|Insert Into sum_rmbused|rowCount=278
2014-12-23 02:00:02|OK|Insert Into sum_rmbused|rowCount=278
2014-12-24 02:00:02|OK|Insert Into sum_rmbused|rowCount=278
2014-12-25 02:00:02|OK|Insert Into sum_rmbused|rowCount=280
2014-12-26 02:00:02|OK|Insert Into sum_rmbused|rowCount=280
2014-12-27 02:00:02|OK|Insert Into sum_rmbused|rowCount=280
2014-12-28 02:00:02|OK|Insert Into sum_rmbused|rowCount=280
2014-12-29 02:00:02|OK|Insert Into sum_rmbused|rowCount=280
2014-12-30 02:00:02|OK|Insert Into sum_rmbused|rowCount=281
2014-12-31 02:00:02|OK|Insert Into sum_rmbused|rowCount=282
2015-01-01 02:00:02|OK|Insert Into sum_rmbused|rowCount=282
2015-01-02 02:00:02|OK|Insert Into sum_rmbused|rowCount=283
2015-01-03 02:00:02|OK|Insert Into sum_rmbused|rowCount=283
2015-01-04 02:00:02|OK|Insert Into sum_rmbused|rowCount=283
2015-01-05 02:00:02|OK|Insert Into sum_rmbused|rowCount=283
2015-01-06 02:00:02|OK|Insert Into sum_rmbused|rowCount=284
2015-01-07 02:00:02|OK|Insert Into sum_rmbused|rowCount=284
2015-01-08 02:00:02|OK|Insert Into sum_rmbused|rowCount=284
2015-01-09 02:00:02|OK|Insert Into sum_rmbused|rowCount=285
2015-01-10 02:00:02|OK|Insert Into sum_rmbused|rowCount=285
2015-01-11 02:00:02|OK|Insert Into sum_rmbused|rowCount=285
2015-01-12 02:00:02|OK|Insert Into sum_rmbused|rowCount=286
2015-01-13 02:00:02|OK|Insert Into sum_rmbused|rowCount=286
2015-01-14 02:00:02|OK|Insert Into sum_rmbused|rowCount=287
2015-01-15 02:00:02|OK|Insert Into sum_rmbused|rowCount=287
2015-01-16 02:00:02|OK|Insert Into sum_rmbused|rowCount=287
2015-01-17 02:00:02|OK|Insert Into sum_rmbused|rowCount=287
2015-01-18 02:00:02|OK|Insert Into sum_rmbused|rowCount=288
2015-01-19 02:00:02|OK|Insert Into sum_rmbused|rowCount=288
2015-01-20 02:00:02|OK|Insert Into sum_rmbused|rowCount=288
2015-01-21 02:00:02|OK|Insert Into sum_rmbused|rowCount=289
2015-01-22 02:00:02|OK|Insert Into sum_rmbused|rowCount=289
2015-01-23 02:00:02|OK|Insert Into sum_rmbused|rowCount=288
2015-01-24 02:00:02|OK|Insert Into sum_rmbused|rowCount=292
2015-01-25 02:00:02|OK|Insert Into sum_rmbused|rowCount=292
2015-01-26 02:00:02|OK|Insert Into sum_rmbused|rowCount=292
2015-01-27 02:00:02|OK|Insert Into sum_rmbused|rowCount=293
2015-01-28 02:00:02|OK|Insert Into sum_rmbused|rowCount=293
2015-01-29 02:00:02|OK|Insert Into sum_rmbused|rowCount=294
2015-01-30 02:00:02|OK|Insert Into sum_rmbused|rowCount=295
2015-01-31 02:00:02|OK|Insert Into sum_rmbused|rowCount=295
2015-02-01 02:00:02|OK|Insert Into sum_rmbused|rowCount=295
2015-02-02 02:00:02|OK|Insert Into sum_rmbused|rowCount=268
2015-02-03 02:00:02|OK|Insert Into sum_rmbused|rowCount=296
2015-02-04 02:00:02|OK|Insert Into sum_rmbused|rowCount=296
2015-02-05 02:00:02|OK|Insert Into sum_rmbused|rowCount=296
2015-02-06 02:00:02|OK|Insert Into sum_rmbused|rowCount=297
2015-02-07 02:00:02|OK|Insert Into sum_rmbused|rowCount=296
2015-02-08 02:00:02|OK|Insert Into sum_rmbused|rowCount=297
2015-02-09 02:00:02|OK|Insert Into sum_rmbused|rowCount=298
2015-02-10 02:00:02|OK|Insert Into sum_rmbused|rowCount=298
2015-02-11 02:00:02|OK|Insert Into sum_rmbused|rowCount=298
2015-02-12 02:00:02|OK|Insert Into sum_rmbused|rowCount=299
2015-02-13 02:00:02|OK|Insert Into sum_rmbused|rowCount=299
2015-02-14 02:00:02|OK|Insert Into sum_rmbused|rowCount=299
2015-02-15 02:00:02|OK|Insert Into sum_rmbused|rowCount=299
2015-02-16 02:00:02|OK|Insert Into sum_rmbused|rowCount=299
2015-02-17 02:00:02|OK|Insert Into sum_rmbused|rowCount=299
2015-02-18 02:00:02|OK|Insert Into sum_rmbused|rowCount=299
2015-02-19 02:00:02|OK|Insert Into sum_rmbused|rowCount=299
2015-02-20 02:00:02|OK|Insert Into sum_rmbused|rowCount=299
2015-02-21 02:00:02|OK|Insert Into sum_rmbused|rowCount=300
2015-02-22 02:00:02|OK|Insert Into sum_rmbused|rowCount=301
2015-02-23 02:00:02|OK|Insert Into sum_rmbused|rowCount=300
2015-02-24 02:00:02|OK|Insert Into sum_rmbused|rowCount=301
2015-02-25 02:00:02|OK|Insert Into sum_rmbused|rowCount=301
2015-02-26 02:00:02|OK|Insert Into sum_rmbused|rowCount=301
2015-02-27 02:00:02|OK|Insert Into sum_rmbused|rowCount=303
2015-02-28 02:00:01|OK|Insert Into sum_rmbused|rowCount=303
2015-03-01 02:00:02|OK|Insert Into sum_rmbused|rowCount=303
2015-03-02 02:00:01|OK|Insert Into sum_rmbused|rowCount=304
2015-03-03 02:00:02|OK|Insert Into sum_rmbused|rowCount=303
2015-03-04 02:00:02|OK|Insert Into sum_rmbused|rowCount=304
2015-03-05 02:00:02|OK|Insert Into sum_rmbused|rowCount=303
2015-03-06 02:00:02|OK|Insert Into sum_rmbused|rowCount=304
2015-03-07 02:00:02|OK|Insert Into sum_rmbused|rowCount=304
2015-03-08 02:00:01|OK|Insert Into sum_rmbused|rowCount=305
2015-03-09 02:00:01|OK|Insert Into sum_rmbused|rowCount=305
2015-03-10 02:00:02|OK|Insert Into sum_rmbused|rowCount=305
2015-03-11 02:00:01|OK|Insert Into sum_rmbused|rowCount=305
2015-03-12 02:00:02|OK|Insert Into sum_rmbused|rowCount=306
2015-03-13 02:00:02|OK|Insert Into sum_rmbused|rowCount=307
2015-03-14 02:00:02|OK|Insert Into sum_rmbused|rowCount=307
2015-03-15 02:00:01|OK|Insert Into sum_rmbused|rowCount=307
2015-03-16 02:00:02|OK|Insert Into sum_rmbused|rowCount=307
2015-03-17 02:00:02|OK|Insert Into sum_rmbused|rowCount=309
2015-03-18 02:00:02|OK|Insert Into sum_rmbused|rowCount=308
2015-03-19 02:00:02|OK|Insert Into sum_rmbused|rowCount=307
2015-03-20 02:00:02|OK|Insert Into sum_rmbused|rowCount=308
2015-03-21 02:00:02|OK|Insert Into sum_rmbused|rowCount=308
2015-03-22 02:00:02|OK|Insert Into sum_rmbused|rowCount=308
2015-03-23 02:00:02|OK|Insert Into sum_rmbused|rowCount=308
2015-03-24 02:00:02|OK|Insert Into sum_rmbused|rowCount=309
2015-03-25 02:00:02|OK|Insert Into sum_rmbused|rowCount=309
2015-03-26 02:00:02|OK|Insert Into sum_rmbused|rowCount=309
2015-03-27 02:00:02|OK|Insert Into sum_rmbused|rowCount=309
2015-03-28 02:00:02|OK|Insert Into sum_rmbused|rowCount=310
2015-03-29 02:00:02|OK|Insert Into sum_rmbused|rowCount=310
2015-03-30 02:00:01|OK|Insert Into sum_rmbused|rowCount=310
2015-03-31 02:00:01|OK|Insert Into sum_rmbused|rowCount=310
2015-04-01 02:00:01|OK|Insert Into sum_rmbused|rowCount=311
2015-04-02 02:00:02|OK|Insert Into sum_rmbused|rowCount=311
2015-04-03 02:00:01|OK|Insert Into sum_rmbused|rowCount=311
2015-04-04 02:00:02|OK|Insert Into sum_rmbused|rowCount=311
2015-04-05 02:00:02|OK|Insert Into sum_rmbused|rowCount=312
2015-04-06 02:00:02|OK|Insert Into sum_rmbused|rowCount=312
2015-04-07 02:00:02|OK|Insert Into sum_rmbused|rowCount=312
2015-04-08 02:00:01|OK|Insert Into sum_rmbused|rowCount=312
2015-04-09 02:00:01|OK|Insert Into sum_rmbused|rowCount=313
2015-04-10 02:00:02|OK|Insert Into sum_rmbused|rowCount=313
2015-04-11 02:00:02|OK|Insert Into sum_rmbused|rowCount=314
2015-04-12 02:00:01|OK|Insert Into sum_rmbused|rowCount=314
2015-04-13 02:00:01|OK|Insert Into sum_rmbused|rowCount=314
2015-04-14 02:00:01|OK|Insert Into sum_rmbused|rowCount=314
2015-04-15 02:00:01|OK|Insert Into sum_rmbused|rowCount=315
2015-04-16 02:00:02|OK|Insert Into sum_rmbused|rowCount=316
2015-04-17 02:00:02|OK|Insert Into sum_rmbused|rowCount=314
2015-04-18 02:00:02|OK|Insert Into sum_rmbused|rowCount=316
2015-04-19 02:00:01|OK|Insert Into sum_rmbused|rowCount=315
2015-04-20 02:00:01|OK|Insert Into sum_rmbused|rowCount=315
2015-04-21 02:00:01|OK|Insert Into sum_rmbused|rowCount=316
2015-04-22 02:00:01|OK|Insert Into sum_rmbused|rowCount=316
2015-04-23 02:00:02|OK|Insert Into sum_rmbused|rowCount=317
2015-04-24 02:00:02|OK|Insert Into sum_rmbused|rowCount=317
2015-04-25 02:00:01|OK|Insert Into sum_rmbused|rowCount=317
2015-04-26 02:00:02|OK|Insert Into sum_rmbused|rowCount=317
2015-04-27 02:00:01|OK|Insert Into sum_rmbused|rowCount=319
2015-04-28 02:00:02|OK|Insert Into sum_rmbused|rowCount=318
2015-04-29 02:00:01|OK|Insert Into sum_rmbused|rowCount=318
2015-04-30 02:00:01|OK|Insert Into sum_rmbused|rowCount=319
2015-05-01 02:00:01|OK|Insert Into sum_rmbused|rowCount=320
2015-05-02 02:00:01|OK|Insert Into sum_rmbused|rowCount=319
2015-05-03 02:00:02|OK|Insert Into sum_rmbused|rowCount=320
2015-05-04 02:00:01|OK|Insert Into sum_rmbused|rowCount=320
2015-05-05 02:00:01|OK|Insert Into sum_rmbused|rowCount=320
2015-05-06 02:00:01|OK|Insert Into sum_rmbused|rowCount=321
2015-05-07 02:00:01|OK|Insert Into sum_rmbused|rowCount=321
2015-05-08 02:00:02|OK|Insert Into sum_rmbused|rowCount=321
2015-05-09 02:00:01|OK|Insert Into sum_rmbused|rowCount=322
2015-05-10 02:00:02|OK|Insert Into sum_rmbused|rowCount=322
2015-05-11 02:00:01|OK|Insert Into sum_rmbused|rowCount=322
2015-05-12 02:00:01|OK|Insert Into sum_rmbused|rowCount=323
2015-05-13 02:00:01|OK|Insert Into sum_rmbused|rowCount=323
2015-05-14 02:00:01|OK|Insert Into sum_rmbused|rowCount=323
2015-05-15 02:00:01|OK|Insert Into sum_rmbused|rowCount=324
2015-05-16 02:00:01|OK|Insert Into sum_rmbused|rowCount=324
2015-05-17 02:00:01|OK|Insert Into sum_rmbused|rowCount=324
2015-05-18 02:00:01|OK|Insert Into sum_rmbused|rowCount=325
2015-05-19 02:00:01|OK|Insert Into sum_rmbused|rowCount=325
2015-05-20 02:00:01|OK|Insert Into sum_rmbused|rowCount=326
2015-05-21 02:00:01|OK|Insert Into sum_rmbused|rowCount=327
2015-05-22 02:00:01|OK|Insert Into sum_rmbused|rowCount=327
2015-05-23 02:00:01|OK|Insert Into sum_rmbused|rowCount=327
2015-05-24 02:00:01|OK|Insert Into sum_rmbused|rowCount=328
2015-05-25 02:00:01|OK|Insert Into sum_rmbused|rowCount=328
2015-05-26 02:00:01|OK|Insert Into sum_rmbused|rowCount=328
2015-05-27 02:00:01|OK|Insert Into sum_rmbused|rowCount=329
2015-05-28 02:00:01|OK|Insert Into sum_rmbused|rowCount=329
2015-05-29 02:00:01|OK|Insert Into sum_rmbused|rowCount=329
2015-05-30 02:00:02|OK|Insert Into sum_rmbused|rowCount=331
2015-05-31 02:00:01|OK|Insert Into sum_rmbused|rowCount=330
2015-06-01 02:00:01|OK|Insert Into sum_rmbused|rowCount=330
2015-06-02 02:00:01|OK|Insert Into sum_rmbused|rowCount=330
2015-06-03 02:00:01|OK|Insert Into sum_rmbused|rowCount=331
2015-06-04 02:00:01|OK|Insert Into sum_rmbused|rowCount=331
2015-06-05 02:00:02|OK|Insert Into sum_rmbused|rowCount=331
2015-06-06 02:00:02|OK|Insert Into sum_rmbused|rowCount=331
2015-06-07 02:00:01|OK|Insert Into sum_rmbused|rowCount=332
2015-06-08 02:00:01|OK|Insert Into sum_rmbused|rowCount=332
2015-06-09 02:00:01|OK|Insert Into sum_rmbused|rowCount=332
2015-06-10 02:00:01|OK|Insert Into sum_rmbused|rowCount=332
2015-06-11 02:00:01|OK|Insert Into sum_rmbused|rowCount=333
2015-06-12 02:00:01|OK|Insert Into sum_rmbused|rowCount=333
2015-06-13 02:00:01|OK|Insert Into sum_rmbused|rowCount=333
2015-06-14 02:00:01|OK|Insert Into sum_rmbused|rowCount=332
2015-06-15 02:00:01|OK|Insert Into sum_rmbused|rowCount=333
2015-06-16 02:00:01|OK|Insert Into sum_rmbused|rowCount=333
2015-06-17 02:00:01|OK|Insert Into sum_rmbused|rowCount=333
2015-06-18 02:00:01|OK|Insert Into sum_rmbused|rowCount=334
2015-06-19 02:00:01|OK|Insert Into sum_rmbused|rowCount=335
2015-06-20 02:00:01|OK|Insert Into sum_rmbused|rowCount=335
2015-06-21 02:00:01|OK|Insert Into sum_rmbused|rowCount=335
2015-06-22 02:00:01|OK|Insert Into sum_rmbused|rowCount=335
2015-06-23 02:00:01|OK|Insert Into sum_rmbused|rowCount=336
2015-06-24 02:00:01|OK|Insert Into sum_rmbused|rowCount=336
2015-06-25 02:00:01|OK|Insert Into sum_rmbused|rowCount=336
2015-06-26 02:00:02|OK|Insert Into sum_rmbused|rowCount=336
2015-06-27 02:00:01|OK|Insert Into sum_rmbused|rowCount=337
2015-06-28 02:00:01|OK|Insert Into sum_rmbused|rowCount=337
2015-06-29 02:00:01|OK|Insert Into sum_rmbused|rowCount=337
2015-06-30 02:00:01|OK|Insert Into sum_rmbused|rowCount=337
2015-07-01 02:00:01|OK|Insert Into sum_rmbused|rowCount=338
2015-07-02 02:00:01|OK|Insert Into sum_rmbused|rowCount=338
2015-07-03 02:00:01|OK|Insert Into sum_rmbused|rowCount=338
2015-07-04 02:00:01|OK|Insert Into sum_rmbused|rowCount=340
2015-07-05 02:00:01|OK|Insert Into sum_rmbused|rowCount=340
2015-07-06 02:00:01|OK|Insert Into sum_rmbused|rowCount=339
2015-07-07 02:00:01|OK|Insert Into sum_rmbused|rowCount=319
2015-07-08 02:00:01|OK|Insert Into sum_rmbused|rowCount=341
2015-07-09 02:00:01|OK|Insert Into sum_rmbused|rowCount=343
2015-07-10 02:00:01|OK|Insert Into sum_rmbused|rowCount=340
2015-07-11 02:00:01|OK|Insert Into sum_rmbused|rowCount=341
2015-07-12 02:00:01|OK|Insert Into sum_rmbused|rowCount=341
2015-07-13 02:00:01|OK|Insert Into sum_rmbused|rowCount=341
2015-07-14 02:00:01|OK|Insert Into sum_rmbused|rowCount=341
2015-07-15 02:00:01|OK|Insert Into sum_rmbused|rowCount=342
2015-07-16 02:00:01|OK|Insert Into sum_rmbused|rowCount=342
2015-07-17 02:00:01|OK|Insert Into sum_rmbused|rowCount=342
2015-07-18 02:00:01|OK|Insert Into sum_rmbused|rowCount=343
2015-07-19 02:00:01|OK|Insert Into sum_rmbused|rowCount=343
2015-07-20 02:00:02|OK|Insert Into sum_rmbused|rowCount=342
2015-07-21 02:00:01|OK|Insert Into sum_rmbused|rowCount=343
2015-07-22 02:00:01|OK|Insert Into sum_rmbused|rowCount=343
2015-07-23 02:00:01|OK|Insert Into sum_rmbused|rowCount=343
2015-07-24 02:00:01|OK|Insert Into sum_rmbused|rowCount=343
2015-07-25 02:00:01|OK|Insert Into sum_rmbused|rowCount=344
2015-07-26 02:00:01|OK|Insert Into sum_rmbused|rowCount=344
2015-07-27 02:00:01|OK|Insert Into sum_rmbused|rowCount=344
2015-07-28 02:00:01|OK|Insert Into sum_rmbused|rowCount=344
2015-07-29 02:00:01|OK|Insert Into sum_rmbused|rowCount=345
2015-07-30 02:00:01|OK|Insert Into sum_rmbused|rowCount=345
2015-07-31 02:00:01|OK|Insert Into sum_rmbused|rowCount=345
2015-08-01 02:00:01|OK|Insert Into sum_rmbused|rowCount=345
2015-08-02 02:00:01|OK|Insert Into sum_rmbused|rowCount=346
2015-08-03 02:00:01|OK|Insert Into sum_rmbused|rowCount=346
2015-08-04 02:00:01|OK|Insert Into sum_rmbused|rowCount=346
2015-08-05 02:00:01|OK|Insert Into sum_rmbused|rowCount=346
2015-08-06 02:00:01|OK|Insert Into sum_rmbused|rowCount=346
2015-08-07 02:00:01|OK|Insert Into sum_rmbused|rowCount=346
2015-08-08 02:00:01|OK|Insert Into sum_rmbused|rowCount=347
2015-08-09 02:00:01|OK|Insert Into sum_rmbused|rowCount=347
2015-08-10 02:00:01|OK|Insert Into sum_rmbused|rowCount=347
2015-08-11 02:00:01|OK|Insert Into sum_rmbused|rowCount=347
2015-08-12 02:00:01|OK|Insert Into sum_rmbused|rowCount=349
2015-08-13 02:00:01|OK|Insert Into sum_rmbused|rowCount=348
2015-08-14 02:00:01|OK|Insert Into sum_rmbused|rowCount=348
2015-08-15 02:00:01|OK|Insert Into sum_rmbused|rowCount=349
2015-08-16 02:00:01|OK|Insert Into sum_rmbused|rowCount=349
2015-08-17 02:00:01|OK|Insert Into sum_rmbused|rowCount=349
2015-08-18 02:00:01|OK|Insert Into sum_rmbused|rowCount=349
2015-08-19 02:00:01|OK|Insert Into sum_rmbused|rowCount=350
2015-08-20 02:00:01|OK|Insert Into sum_rmbused|rowCount=350
2015-08-21 02:00:01|OK|Insert Into sum_rmbused|rowCount=350
2015-08-22 02:00:01|OK|Insert Into sum_rmbused|rowCount=351
2015-08-23 02:00:01|OK|Insert Into sum_rmbused|rowCount=351
2015-08-24 02:00:01|OK|Insert Into sum_rmbused|rowCount=351
2015-08-25 02:00:01|OK|Insert Into sum_rmbused|rowCount=351
2015-08-26 02:00:01|OK|Insert Into sum_rmbused|rowCount=352
2015-08-27 02:00:01|OK|Insert Into sum_rmbused|rowCount=352
2015-08-28 02:00:01|OK|Insert Into sum_rmbused|rowCount=352
2015-08-29 02:00:01|OK|Insert Into sum_rmbused|rowCount=352
2015-08-30 02:00:01|OK|Insert Into sum_rmbused|rowCount=353
2015-08-31 02:00:01|OK|Insert Into sum_rmbused|rowCount=353
2015-09-01 02:00:01|OK|Insert Into sum_rmbused|rowCount=353
2015-09-02 02:00:01|OK|Insert Into sum_rmbused|rowCount=353
2015-09-03 02:00:01|OK|Insert Into sum_rmbused|rowCount=353
2015-09-04 02:00:01|OK|Insert Into sum_rmbused|rowCount=353
2015-09-05 02:00:01|OK|Insert Into sum_rmbused|rowCount=353
2015-09-06 02:00:01|OK|Insert Into sum_rmbused|rowCount=353
2015-09-07 02:00:01|OK|Insert Into sum_rmbused|rowCount=354
2015-09-08 02:00:01|OK|Insert Into sum_rmbused|rowCount=354
2015-09-09 02:00:01|OK|Insert Into sum_rmbused|rowCount=354
2015-09-10 02:00:01|OK|Insert Into sum_rmbused|rowCount=354
2015-09-11 02:00:01|OK|Insert Into sum_rmbused|rowCount=355
2015-09-12 02:00:01|OK|Insert Into sum_rmbused|rowCount=355
2015-09-13 02:00:01|OK|Insert Into sum_rmbused|rowCount=355
2015-09-14 02:00:01|OK|Insert Into sum_rmbused|rowCount=355
2015-09-15 02:00:01|OK|Insert Into sum_rmbused|rowCount=356
2015-09-16 02:00:01|OK|Insert Into sum_rmbused|rowCount=356
2015-09-17 02:00:01|OK|Insert Into sum_rmbused|rowCount=356
2015-09-18 02:00:01|OK|Insert Into sum_rmbused|rowCount=356
2015-09-19 02:00:01|OK|Insert Into sum_rmbused|rowCount=357
2015-09-20 02:00:01|OK|Insert Into sum_rmbused|rowCount=357
2015-09-21 02:00:01|OK|Insert Into sum_rmbused|rowCount=357
2015-09-22 02:00:01|OK|Insert Into sum_rmbused|rowCount=357
2015-09-23 02:00:01|OK|Insert Into sum_rmbused|rowCount=358
2015-09-24 02:00:01|OK|Insert Into sum_rmbused|rowCount=358
2015-09-25 02:00:01|OK|Insert Into sum_rmbused|rowCount=358
2015-09-26 02:00:01|OK|Insert Into sum_rmbused|rowCount=358
2015-09-27 02:00:01|OK|Insert Into sum_rmbused|rowCount=359
2015-09-28 02:00:01|OK|Insert Into sum_rmbused|rowCount=359
2015-09-29 02:00:01|OK|Insert Into sum_rmbused|rowCount=359
2015-09-30 02:00:01|OK|Insert Into sum_rmbused|rowCount=359
2015-10-01 02:00:01|OK|Insert Into sum_rmbused|rowCount=360
2015-10-02 02:00:01|OK|Insert Into sum_rmbused|rowCount=360
2015-10-03 02:00:01|OK|Insert Into sum_rmbused|rowCount=360
2015-10-04 02:00:01|OK|Insert Into sum_rmbused|rowCount=360
2015-10-05 02:00:01|OK|Insert Into sum_rmbused|rowCount=360
2015-10-06 02:00:01|OK|Insert Into sum_rmbused|rowCount=361
2015-10-07 02:00:01|OK|Insert Into sum_rmbused|rowCount=361
2015-10-08 02:00:01|OK|Insert Into sum_rmbused|rowCount=361
2015-10-09 02:00:01|OK|Insert Into sum_rmbused|rowCount=362