
2014-06-03 14:21:22|OK|Insert Into sum_online|rowCount=54|Time Used 732.3 mics
2014-06-03 14:22:33|OK|Insert Into sum_online|rowCount=54|Time Used 199.8 mics
2014-06-03 14:23:18|OK|Insert Into sum_online|rowCount=54|Time Used 196.1 mics
2014-06-04 16:47:00|FAIL|Insert Into sum_online|MSG=SQLSTATE[42000]: Syntax error or access violation: 1064 You have an error in your SQL syntax; check the manual that corresponds to your MySQL server version for the right syntax to use near '' at line 1
2014-06-10 16:35:10||FAIL|Insert Into sum_online|MSG=SQLSTATE[42000]: Syntax error or access violation: 1064 You have an error in your SQL syntax; check the manual that corresponds to your MySQL server version for the right syntax to use near '' at line 1
2014-06-10 16:36:01||FAIL|Insert Into sum_online|MSG=SQLSTATE[42000]: Syntax error or access violation: 1064 You have an error in your SQL syntax; check the manual that corresponds to your MySQL server version for the right syntax to use near '' at line 1
2014-06-10 16:37:51||FAIL|Insert Into sum_online|MSG=SQLSTATE[42000]: Syntax error or access violation: 1064 You have an error in your SQL syntax; check the manual that corresponds to your MySQL server version for the right syntax to use near '' at line 1
2014-06-13 17:27:03||FAIL|Insert Into sum_online|MSG=SQLSTATE[42000]: Syntax error or access violation: 1064 You have an error in your SQL syntax; check the manual that corresponds to your MySQL server version for the right syntax to use near '' at line 1
2014-06-13 17:31:11|OK|Insert Into sum_online|rowCount=10|Time Used 21006.3 mics
2014-06-13 17:31:31|OK|Insert Into sum_online|rowCount=10|Time Used 20752.2 mics
2014-06-13 17:31:50|OK|Insert Into sum_online|rowCount=10|Time Used 18280.6 mics
2014-06-13 17:32:10|OK|Insert Into sum_online|rowCount=10|Time Used 19978.1 mics
2014-06-13 17:32:30|OK|Insert Into sum_online|rowCount=10|Time Used 20110.7 mics
2014-06-13 17:32:50|OK|Insert Into sum_online|rowCount=10|Time Used 20089.1 mics
2014-06-25 16:53:40||FAIL|Insert Into sum_online|MSG=SQLSTATE[42000]: Syntax error or access violation: 1064 You have an error in your SQL syntax; check the manual that corresponds to your MySQL server version for the right syntax to use near '' at line 1
2014-06-30 09:18:04|OK|Insert Into sum_online|rowCount=73|Time Used 24936.6 mics
2014-06-30 10:05:14|OK|Insert Into sum_online|rowCount=73|Time Used 25006.2 mics
2014-06-30 21:32:49|OK|Insert Into sum_online|rowCount=73|Time Used 23883.9 mics
2014-07-01 02:00:31|OK|Insert Into sum_online|rowCount=74|Time Used 22602.5 mics
2014-07-02 02:00:36|OK|Insert Into sum_online|rowCount=72|Time Used 24796.2 mics
2014-07-02 12:10:51|OK|Insert Into sum_online|rowCount=74|Time Used 24606.8 mics
2014-07-03 02:00:39||FAIL|Insert Into sum_online|MSG=SQLSTATE[23000]: Integrity constraint violation: 1048 Column 'sum_worldonline' cannot be null
2014-07-03 17:48:38||FAIL|Insert Into sum_online|MSG=SQLSTATE[23000]: Integrity constraint violation: 1048 Column 'sum_worldonline' cannot be null
2014-07-03 17:52:32|OK|Insert Into sum_online|rowCount=75|Time Used 25097.6 mics
2014-07-04 02:00:40|OK|Insert Into sum_online|rowCount=75|Time Used 25407.3 mics
2014-07-05 02:00:44|OK|Insert Into sum_online|rowCount=76|Time Used 24902.5 mics
2014-07-06 02:00:42|OK|Insert Into sum_online|rowCount=76|Time Used 26255.9 mics
2014-07-07 02:00:41|OK|Insert Into sum_online|rowCount=77|Time Used 26092.5 mics
2014-07-08 02:00:41|OK|Insert Into sum_online|rowCount=77|Time Used 26215.2 mics
2014-07-08 08:58:47|OK|Insert Into sum_online|rowCount=77|Time Used 26085.5 mics
2014-07-09 02:00:41|OK|Insert Into sum_online|rowCount=78|Time Used 26278.4 mics
2014-07-09 09:30:12|OK|Insert Into sum_online|rowCount=78|Time Used 26526.4 mics
2014-07-10 02:00:41|OK|Insert Into sum_online|rowCount=78|Time Used 26652.6 mics
2014-07-10 11:04:07|OK|Insert Into sum_online|rowCount=78|Time Used 27445.6 mics
2014-07-10 11:08:16|OK|Insert Into sum_online|rowCount=78|Time Used 27451.9 mics
2014-07-11 02:00:39|OK|Insert Into sum_online|rowCount=79|Time Used 24257.9 mics
2014-07-12 02:00:32|OK|Insert Into sum_online|rowCount=79|Time Used 18277.4 mics
2014-07-13 02:00:33|OK|Insert Into sum_online|rowCount=80|Time Used 18284 mics
2014-07-14 02:00:32|OK|Insert Into sum_online|rowCount=80|Time Used 18254.2 mics
2014-07-14 18:04:28|OK|Insert Into sum_online|rowCount=80|Time Used 18898.2 mics
2014-07-15 02:00:32|OK|Insert Into sum_online|rowCount=81|Time Used 18800.9 mics
2014-07-16 02:00:33|OK|Insert Into sum_online|rowCount=82|Time Used 18627 mics
2014-07-17 02:00:32|OK|Insert Into sum_online|rowCount=80|Time Used 18919.4 mics
2014-07-18 02:00:33|OK|Insert Into sum_online|rowCount=80|Time Used 19789.8 mics
2014-07-19 02:00:35|OK|Insert Into sum_online|rowCount=81|Time Used 19982.3 mics
2014-07-20 02:00:35|OK|Insert Into sum_online|rowCount=80|Time Used 20451.8 mics
2014-07-21 02:00:33|OK|Insert Into sum_online|rowCount=81|Time Used 18292.2 mics
2014-07-22 02:00:34|OK|Insert Into sum_online|rowCount=81|Time Used 20346.7 mics
2014-07-23 02:00:34|OK|Insert Into sum_online|rowCount=83|Time Used 21027.1 mics
2014-07-24 02:00:35|OK|Insert Into sum_online|rowCount=80|Time Used 20746.5 mics
2014-07-25 02:00:36|OK|Insert Into sum_online|rowCount=81|Time Used 21693.2 mics
2014-07-26 02:00:35|OK|Insert Into sum_online|rowCount=81|Time Used 20937.2 mics
2014-07-27 02:00:40|OK|Insert Into sum_online|rowCount=82|Time Used 22347.3 mics
2014-07-28 02:00:38|OK|Insert Into sum_online|rowCount=82|Time Used 22561 mics
2014-07-29 02:00:39|OK|Insert Into sum_online|rowCount=83|Time Used 22556.5 mics
2014-07-30 02:01:17|OK|Insert Into sum_online|rowCount=83|Time Used 22475.3 mics
2014-07-31 02:02:07|OK|Insert Into sum_online|rowCount=84|Time Used 20962.6 mics
2014-08-01 02:02:05|OK|Insert Into sum_online|rowCount=84|Time Used 22620.7 mics
2014-08-02 02:05:12|OK|Insert Into sum_online|rowCount=84|Time Used 23179.3 mics
2014-08-03 02:08:57|OK|Insert Into sum_online|rowCount=84|Time Used 24026.9 mics
2014-08-04 02:05:02|OK|Insert Into sum_online|rowCount=85|Time Used 23995.4 mics
2014-08-05 02:05:31|OK|Insert Into sum_online|rowCount=86|Time Used 23399.5 mics
2014-08-06 02:05:17|OK|Insert Into sum_online|rowCount=84|Time Used 23675.9 mics
2014-08-07 02:22:15||FAIL|Insert Into sum_online|MSG=SQLSTATE[HY000]: General error: 2006 MySQL server has gone away
2014-08-07 13:46:40|OK|Insert Into sum_online|rowCount=83|Time Used 24622.7 mics
2014-08-08 02:10:25|OK|Insert Into sum_online|rowCount=84|Time Used 25341.3 mics
2014-08-09 02:11:14|OK|Insert Into sum_online|rowCount=84|Time Used 25435.4 mics
2014-08-10 02:11:20|OK|Insert Into sum_online|rowCount=85|Time Used 26477.6 mics
2014-08-11 02:11:09|OK|Insert Into sum_online|rowCount=85|Time Used 23371 mics
2014-08-12 02:11:16|OK|Insert Into sum_online|rowCount=86|Time Used 25857.4 mics
2014-08-13 02:11:18|OK|Insert Into sum_online|rowCount=86|Time Used 26263.2 mics
2014-08-14 02:11:20|OK|Insert Into sum_online|rowCount=87|Time Used 26586.6 mics
2014-08-15 02:11:18|OK|Insert Into sum_online|rowCount=88|Time Used 26792.6 mics
2014-08-16 02:11:19|OK|Insert Into sum_online|rowCount=88|Time Used 26291.5 mics
2014-08-17 02:11:20|OK|Insert Into sum_online|rowCount=88|Time Used 27310.2 mics
2014-08-18 02:11:18|OK|Insert Into sum_online|rowCount=89|Time Used 27900 mics
2014-08-19 02:11:17|OK|Insert Into sum_online|rowCount=89|Time Used 27644 mics
2014-08-20 02:11:17|OK|Insert Into sum_online|rowCount=87|Time Used 27573.8 mics
2014-08-21 02:11:22|OK|Insert Into sum_online|rowCount=87|Time Used 27846.7 mics
2014-08-22 02:11:26|OK|Insert Into sum_online|rowCount=88|Time Used 30839.4 mics
2014-08-23 02:11:22|OK|Insert Into sum_online|rowCount=88|Time Used 28923.3 mics
2014-08-24 02:11:18|OK|Insert Into sum_online|rowCount=90|Time Used 28425.5 mics
2014-08-25 02:11:21|OK|Insert Into sum_online|rowCount=90|Time Used 30023.3 mics
2014-08-26 02:11:20|OK|Insert Into sum_online|rowCount=91|Time Used 28608.9 mics
2014-08-27 02:11:26|OK|Insert Into sum_online|rowCount=91|Time Used 30503.9 mics
2014-08-28 02:11:32|OK|Insert Into sum_online|rowCount=92|Time Used 31844.1 mics
2014-08-29 02:11:27|OK|Insert Into sum_online|rowCount=91|Time Used 31942.9 mics
2014-08-30 02:11:25|OK|Insert Into sum_online|rowCount=92|Time Used 30021.6 mics
2014-08-31 02:11:24|OK|Insert Into sum_online|rowCount=92|Time Used 28165.6 mics
2014-09-01 02:11:20|OK|Insert Into sum_online|rowCount=93|Time Used 30719.9 mics
2014-09-02 02:10:42|OK|Insert Into sum_online|rowCount=93|Time Used 475.5 mics
2014-09-03 02:10:52|OK|Insert Into sum_online|rowCount=94|Time Used 903.7 mics
2014-09-04 02:10:53|OK|Insert Into sum_online|rowCount=94|Time Used 1222.4 mics
2014-09-05 02:10:51|OK|Insert Into sum_online|rowCount=95|Time Used 1312.5 mics
2014-09-06 02:10:51|OK|Insert Into sum_online|rowCount=93|Time Used 1594.4 mics
2014-09-07 02:10:54|OK|Insert Into sum_online|rowCount=94|Time Used 1949.4 mics
2014-09-08 02:10:51|OK|Insert Into sum_online|rowCount=94|Time Used 2174.3 mics
2014-09-09 02:10:58|OK|Insert Into sum_online|rowCount=95|Time Used 2801.9 mics
2014-09-10 02:10:53|OK|Insert Into sum_online|rowCount=95|Time Used 3041.9 mics
2014-09-11 02:10:55|OK|Insert Into sum_online|rowCount=93|Time Used 2759.3 mics
2014-09-12 02:10:57|OK|Insert Into sum_online|rowCount=93|Time Used 3295.8 mics
2014-09-13 02:10:54|OK|Insert Into sum_online|rowCount=93|Time Used 3549.6 mics
2014-09-14 02:10:59|OK|Insert Into sum_online|rowCount=94|Time Used 3906.6 mics
2014-09-15 02:10:52|OK|Insert Into sum_online|rowCount=85|Time Used 4113.8 mics
2014-09-16 02:10:55|OK|Insert Into sum_online|rowCount=85|Time Used 4503.4 mics
2014-09-17 02:10:57|OK|Insert Into sum_online|rowCount=86|Time Used 4815 mics
2014-09-18 02:10:58|OK|Insert Into sum_online|rowCount=86|Time Used 4864.6 mics
2014-09-19 02:10:57|OK|Insert Into sum_online|rowCount=86|Time Used 5121.3 mics
2014-09-20 02:10:59|OK|Insert Into sum_online|rowCount=87|Time Used 5767.4 mics
2014-09-21 02:10:57|OK|Insert Into sum_online|rowCount=87|Time Used 5375.2 mics
2014-09-22 02:10:54|OK|Insert Into sum_online|rowCount=87|Time Used 5925.1 mics
2014-09-23 02:10:58|OK|Insert Into sum_online|rowCount=88|Time Used 6332.8 mics
2014-09-24 02:10:57|OK|Insert Into sum_online|rowCount=82|Time Used 6545.9 mics
2014-09-25 02:10:57|OK|Insert Into sum_online|rowCount=82|Time Used 6752.2 mics
2014-09-26 02:10:59|OK|Insert Into sum_online|rowCount=83|Time Used 6847.7 mics
2014-09-27 02:11:00|OK|Insert Into sum_online|rowCount=77|Time Used 7352.2 mics
2014-09-28 02:10:59|OK|Insert Into sum_online|rowCount=78|Time Used 7561.4 mics
2014-09-29 02:10:54|OK|Insert Into sum_online|rowCount=78|Time Used 7711.2 mics
2014-09-30 02:11:00|OK|Insert Into sum_online|rowCount=79|Time Used 7912.7 mics
2014-10-01 02:10:59|OK|Insert Into sum_online|rowCount=80|Time Used 7382.5 mics
2014-10-02 02:11:00|OK|Insert Into sum_online|rowCount=80|Time Used 8437.2 mics
2014-10-03 02:10:58|OK|Insert Into sum_online|rowCount=79|Time Used 8687.1 mics
2014-10-04 02:11:02|OK|Insert Into sum_online|rowCount=80|Time Used 8874.5 mics
2014-10-05 02:11:01|OK|Insert Into sum_online|rowCount=80|Time Used 8860.1 mics
2014-10-06 02:10:59|OK|Insert Into sum_online|rowCount=80|Time Used 9476.2 mics
2014-10-07 02:11:04|OK|Insert Into sum_online|rowCount=81|Time Used 9747.5 mics
2014-10-08 02:11:04|OK|Insert Into sum_online|rowCount=81|Time Used 9945.2 mics
2014-10-09 02:11:01|OK|Insert Into sum_online|rowCount=81|Time Used 9728.2 mics
2014-10-10 02:11:02|OK|Insert Into sum_online|rowCount=83|Time Used 10270 mics
2014-10-11 02:11:02|OK|Insert Into sum_online|rowCount=82|Time Used 9991.5 mics
2014-10-12 02:11:04|OK|Insert Into sum_online|rowCount=82|Time Used 11562.3 mics
2014-10-13 02:11:01|OK|Insert Into sum_online|rowCount=83|Time Used 10730 mics
2014-10-14 02:11:05|OK|Insert Into sum_online|rowCount=83|Time Used 12073.3 mics
2014-10-15 02:11:07|OK|Insert Into sum_online|rowCount=83|Time Used 11430.7 mics
2014-10-16 02:11:08|OK|Insert Into sum_online|rowCount=84|Time Used 12234.3 mics
2014-10-17 02:11:06|OK|Insert Into sum_online|rowCount=83|Time Used 12510.9 mics
2014-10-18 02:11:07|OK|Insert Into sum_online|rowCount=84|Time Used 12595.7 mics
2014-10-19 02:11:10|OK|Insert Into sum_online|rowCount=85|Time Used 12727.5 mics
2014-10-20 02:11:05|OK|Insert Into sum_online|rowCount=85|Time Used 13182.1 mics
2014-10-21 02:11:08|OK|Insert Into sum_online|rowCount=85|Time Used 13023.6 mics
2014-10-22 02:11:10|OK|Insert Into sum_online|rowCount=86|Time Used 13468.8 mics
2014-10-23 02:11:08|OK|Insert Into sum_online|rowCount=82|Time Used 13938 mics
2014-10-24 02:11:12|OK|Insert Into sum_online|rowCount=79|Time Used 14703.3 mics
2014-10-25 02:11:14|OK|Insert Into sum_online|rowCount=81|Time Used 14725.3 mics
2014-10-26 02:11:15|OK|Insert Into sum_online|rowCount=81|Time Used 14892.1 mics
2014-10-27 02:11:09|OK|Insert Into sum_online|rowCount=81|Time Used 14250.2 mics
2014-10-28 02:11:07|OK|Insert Into sum_online|rowCount=82|Time Used 14335.6 mics
2014-10-29 02:11:16|OK|Insert Into sum_online|rowCount=82|Time Used 16585.6 mics
2014-10-30 02:11:12|OK|Insert Into sum_online|rowCount=82|Time Used 15071 mics
2014-10-31 02:11:11|OK|Insert Into sum_online|rowCount=82|Time Used 14135.3 mics
2014-11-01 02:11:16|OK|Insert Into sum_online|rowCount=83|Time Used 17068.4 mics
2014-11-02 02:11:10|OK|Insert Into sum_online|rowCount=83|Time Used 15750 mics
2014-11-03 02:11:09|OK|Insert Into sum_online|rowCount=84|Time Used 17616 mics
2014-11-04 02:11:17|OK|Insert Into sum_online|rowCount=83|Time Used 17002.8 mics
2014-11-05 02:11:14|OK|Insert Into sum_online|rowCount=83|Time Used 18455.3 mics
2014-11-06 02:11:14|OK|Insert Into sum_online|rowCount=84|Time Used 17465.6 mics
2014-11-07 02:11:18|OK|Insert Into sum_online|rowCount=84|Time Used 17282.3 mics
2014-11-08 02:11:15|OK|Insert Into sum_online|rowCount=84|Time Used 17588.5 mics
2014-11-09 02:11:13|OK|Insert Into sum_online|rowCount=85|Time Used 18093.2 mics
2014-11-10 02:11:11|OK|Insert Into sum_online|rowCount=85|Time Used 18642.8 mics
2014-11-11 02:11:11|OK|Insert Into sum_online|rowCount=85|Time Used 16791.6 mics
2014-11-12 02:11:11|OK|Insert Into sum_online|rowCount=86|Time Used 18802 mics
2014-11-13 02:11:13|OK|Insert Into sum_online|rowCount=86|Time Used 18625.1 mics
2014-11-14 02:11:12|OK|Insert Into sum_online|rowCount=86|Time Used 19266.3 mics
2014-11-15 02:11:17|OK|Insert Into sum_online|rowCount=87|Time Used 19648.7 mics
2014-11-16 02:11:15|OK|Insert Into sum_online|rowCount=87|Time Used 19570.6 mics
2014-11-17 02:11:09|OK|Insert Into sum_online|rowCount=87|Time Used 19451.2 mics
2014-11-18 02:11:14|OK|Insert Into sum_online|rowCount=88|Time Used 19850.9 mics
2014-11-19 02:11:13|OK|Insert Into sum_online|rowCount=88|Time Used 20485.2 mics
2014-11-20 02:11:18|OK|Insert Into sum_online|rowCount=88|Time Used 20946.4 mics
2014-11-21 02:11:15|OK|Insert Into sum_online|rowCount=89|Time Used 19280.9 mics
2014-11-22 02:11:19|OK|Insert Into sum_online|rowCount=89|Time Used 21084.6 mics
2014-11-23 02:11:17|OK|Insert Into sum_online|rowCount=89|Time Used 21974.6 mics
2014-11-24 02:11:14|OK|Insert Into sum_online|rowCount=90|Time Used 21923 mics
2014-11-25 02:11:16|OK|Insert Into sum_online|rowCount=90|Time Used 21402.5 mics
2014-11-26 02:11:20|OK|Insert Into sum_online|rowCount=90|Time Used 22124.3 mics
2014-11-27 02:11:16|OK|Insert Into sum_online|rowCount=91|Time Used 22772.8 mics
2014-11-28 02:11:19|OK|Insert Into sum_online|rowCount=90|Time Used 22970 mics
2014-11-29 02:11:20|OK|Insert Into sum_online|rowCount=91|Time Used 24045.7 mics
2014-11-30 02:11:21|OK|Insert Into sum_online|rowCount=92|Time Used 23753.2 mics
2014-12-01 02:11:14|OK|Insert Into sum_online|rowCount=92|Time Used 21283.6 mics
2014-12-02 02:10:44|OK|Insert Into sum_online|rowCount=92|Time Used 467.6 mics
2014-12-03 02:10:57|OK|Insert Into sum_online|rowCount=93|Time Used 985.2 mics
2014-12-04 02:10:53|OK|Insert Into sum_online|rowCount=93|Time Used 1378.8 mics
2014-12-05 02:10:58|OK|Insert Into sum_online|rowCount=93|Time Used 1981 mics
2014-12-06 02:10:57|OK|Insert Into sum_online|rowCount=94|Time Used 1775.3 mics
2014-12-07 02:10:55|OK|Insert Into sum_online|rowCount=94|Time Used 2035.2 mics
2014-12-08 02:10:52|OK|Insert Into sum_online|rowCount=94|Time Used 2147.7 mics
2014-12-09 02:10:58|OK|Insert Into sum_online|rowCount=95|Time Used 2902.3 mics
2014-12-10 02:11:08|OK|Insert Into sum_online|rowCount=95|Time Used 2769.7 mics
2014-12-11 02:11:09|OK|Insert Into sum_online|rowCount=91|Time Used 2708.1 mics
2014-12-12 02:11:10|OK|Insert Into sum_online|rowCount=91|Time Used 3527 mics
2014-12-13 02:11:16|OK|Insert Into sum_online|rowCount=92|Time Used 3954.5 mics
2014-12-14 02:11:12|OK|Insert Into sum_online|rowCount=92|Time Used 3719.3 mics
2014-12-15 02:11:14|OK|Insert Into sum_online|rowCount=92|Time Used 4473.6 mics
2014-12-16 02:11:17|OK|Insert Into sum_online|rowCount=93|Time Used 4256.5 mics
2014-12-17 02:11:17|OK|Insert Into sum_online|rowCount=93|Time Used 4944.9 mics
2014-12-18 02:11:12|OK|Insert Into sum_online|rowCount=93|Time Used 4864.5 mics
2014-12-19 02:11:17|OK|Insert Into sum_online|rowCount=94|Time Used 5086 mics
2014-12-20 02:11:16|OK|Insert Into sum_online|rowCount=94|Time Used 5538.9 mics
2014-12-21 02:11:21|OK|Insert Into sum_online|rowCount=94|Time Used 5619.4 mics
2014-12-22 02:11:13|OK|Insert Into sum_online|rowCount=94|Time Used 6509.9 mics
2014-12-23 02:11:24|OK|Insert Into sum_online|rowCount=94|Time Used 6742.9 mics
2014-12-24 02:11:22|OK|Insert Into sum_online|rowCount=94|Time Used 6728 mics
2014-12-25 02:11:21|OK|Insert Into sum_online|rowCount=96|Time Used 7041.6 mics
2014-12-26 02:11:23|OK|Insert Into sum_online|rowCount=96|Time Used 7326.6 mics
2014-12-27 02:11:19|OK|Insert Into sum_online|rowCount=96|Time Used 7980.9 mics
2014-12-28 02:11:23|OK|Insert Into sum_online|rowCount=97|Time Used 7805.1 mics
2014-12-29 02:11:14|OK|Insert Into sum_online|rowCount=97|Time Used 8123.8 mics
2014-12-30 02:11:21|OK|Insert Into sum_online|rowCount=97|Time Used 8836.6 mics
2014-12-31 02:11:24|OK|Insert Into sum_online|rowCount=98|Time Used 8131.4 mics
2015-01-01 02:11:20|OK|Insert Into sum_online|rowCount=98|Time Used 8771.8 mics
2015-01-02 02:11:23|OK|Insert Into sum_online|rowCount=98|Time Used 9587.5 mics
2015-01-03 02:11:22|OK|Insert Into sum_online|rowCount=99|Time Used 9521.9 mics
2015-01-04 02:11:30|OK|Insert Into sum_online|rowCount=99|Time Used 11038.7 mics
2015-01-05 02:11:25|OK|Insert Into sum_online|rowCount=99|Time Used 10411.8 mics
2015-01-06 02:11:31|OK|Insert Into sum_online|rowCount=100|Time Used 10662.4 mics
2015-01-07 02:11:26|OK|Insert Into sum_online|rowCount=100|Time Used 10847 mics
2015-01-08 02:11:26|OK|Insert Into sum_online|rowCount=100|Time Used 11501.6 mics
2015-01-09 02:11:32|OK|Insert Into sum_online|rowCount=101|Time Used 11521.2 mics
2015-01-10 02:11:25|OK|Insert Into sum_online|rowCount=97|Time Used 11722.1 mics
2015-01-11 02:11:26|OK|Insert Into sum_online|rowCount=93|Time Used 11133.6 mics
2015-01-12 02:11:24|OK|Insert Into sum_online|rowCount=94|Time Used 12881.3 mics
2015-01-13 02:11:32|OK|Insert Into sum_online|rowCount=94|Time Used 12632.7 mics
2015-01-14 02:11:30|OK|Insert Into sum_online|rowCount=94|Time Used 12947.2 mics
2015-01-15 02:11:32|OK|Insert Into sum_online|rowCount=95|Time Used 13227 mics
2015-01-16 02:11:33|OK|Insert Into sum_online|rowCount=95|Time Used 14420.1 mics
2015-01-17 02:11:32|OK|Insert Into sum_online|rowCount=91|Time Used 14981 mics
2015-01-18 02:11:32|OK|Insert Into sum_online|rowCount=92|Time Used 14657.5 mics
2015-01-19 02:11:29|OK|Insert Into sum_online|rowCount=92|Time Used 14296.2 mics
2015-01-20 02:11:29|OK|Insert Into sum_online|rowCount=92|Time Used 14588.2 mics
2015-01-21 02:11:31|OK|Insert Into sum_online|rowCount=93|Time Used 13501.7 mics
2015-01-22 02:11:30|OK|Insert Into sum_online|rowCount=93|Time Used 15522.2 mics
2015-01-23 02:11:29|OK|Insert Into sum_online|rowCount=88|Time Used 15152 mics
2015-01-24 02:11:39|OK|Insert Into sum_online|rowCount=90|Time Used 15577.7 mics
2015-01-25 02:11:39|OK|Insert Into sum_online|rowCount=90|Time Used 17089.1 mics
2015-01-26 02:11:32|OK|Insert Into sum_online|rowCount=90|Time Used 16241.2 mics
2015-01-27 02:11:32|OK|Insert Into sum_online|rowCount=91|Time Used 16481.3 mics
2015-01-28 02:11:33|OK|Insert Into sum_online|rowCount=91|Time Used 16399.4 mics
2015-01-29 02:11:41|OK|Insert Into sum_online|rowCount=91|Time Used 16681.2 mics
2015-01-30 02:11:44|OK|Insert Into sum_online|rowCount=92|Time Used 17231.4 mics
2015-01-31 02:11:37|OK|Insert Into sum_online|rowCount=92|Time Used 16535.7 mics
2015-02-01 02:11:30|OK|Insert Into sum_online|rowCount=92|Time Used 19660.3 mics
2015-02-02 02:11:16|OK|Insert Into sum_online|rowCount=92|Time Used 18770.6 mics
2015-02-03 02:11:36|OK|Insert Into sum_online|rowCount=93|Time Used 19722.7 mics
2015-02-04 02:11:39|OK|Insert Into sum_online|rowCount=93|Time Used 19458.1 mics
2015-02-05 02:11:39|OK|Insert Into sum_online|rowCount=89|Time Used 19762.2 mics
2015-02-06 02:11:42|OK|Insert Into sum_online|rowCount=90|Time Used 21363.9 mics
2015-02-07 02:11:36|OK|Insert Into sum_online|rowCount=90|Time Used 20971.5 mics
2015-02-08 02:11:40|OK|Insert Into sum_online|rowCount=90|Time Used 19687.4 mics
2015-02-09 02:11:32|OK|Insert Into sum_online|rowCount=91|Time Used 21262.7 mics
2015-02-10 02:11:42|OK|Insert Into sum_online|rowCount=91|Time Used 21746.9 mics
2015-02-11 02:11:37|OK|Insert Into sum_online|rowCount=91|Time Used 20343.5 mics
2015-02-12 02:11:36|OK|Insert Into sum_online|rowCount=92|Time Used 23112.1 mics
2015-02-13 02:11:32|OK|Insert Into sum_online|rowCount=92|Time Used 22162.9 mics
2015-02-14 02:11:41|OK|Insert Into sum_online|rowCount=92|Time Used 23378.1 mics
2015-02-15 02:11:36|OK|Insert Into sum_online|rowCount=93|Time Used 22887.1 mics
2015-02-16 02:11:34|OK|Insert Into sum_online|rowCount=93|Time Used 23598.1 mics
2015-02-17 02:11:32|OK|Insert Into sum_online|rowCount=93|Time Used 23908.1 mics
2015-02-18 02:11:28|OK|Insert Into sum_online|rowCount=94|Time Used 22662.1 mics
2015-02-19 02:11:29|OK|Insert Into sum_online|rowCount=94|Time Used 24323.3 mics
2015-02-20 02:11:32|OK|Insert Into sum_online|rowCount=94|Time Used 23293.9 mics
2015-02-21 02:11:29|OK|Insert Into sum_online|rowCount=95|Time Used 22112.3 mics
2015-02-22 02:11:31|OK|Insert Into sum_online|rowCount=95|Time Used 24593.4 mics
2015-02-23 02:11:30|OK|Insert Into sum_online|rowCount=95|Time Used 25390.8 mics
2015-02-24 02:11:33|OK|Insert Into sum_online|rowCount=96|Time Used 23790 mics
2015-02-25 02:11:34|OK|Insert Into sum_online|rowCount=96|Time Used 24736.4 mics
2015-02-26 02:11:37|OK|Insert Into sum_online|rowCount=95|Time Used 24918.3 mics
2015-02-27 02:11:33|OK|Insert Into sum_online|rowCount=97|Time Used 25395.4 mics
2015-02-28 02:11:35|OK|Insert Into sum_online|rowCount=97|Time Used 27109.6 mics
2015-03-01 02:11:41|OK|Insert Into sum_online|rowCount=97|Time Used 27702.7 mics
2015-03-02 02:10:52|OK|Insert Into sum_online|rowCount=98|Time Used 733.3 mics
2015-03-03 02:11:12|OK|Insert Into sum_online|rowCount=98|Time Used 1032.3 mics
2015-03-04 02:11:16|OK|Insert Into sum_online|rowCount=98|Time Used 1386.2 mics
2015-03-05 02:11:10|OK|Insert Into sum_online|rowCount=98|Time Used 1708 mics
2015-03-06 02:11:17|OK|Insert Into sum_online|rowCount=99|Time Used 1965.7 mics
2015-03-07 02:11:12|OK|Insert Into sum_online|rowCount=99|Time Used 2550.4 mics
2015-03-08 02:11:16|OK|Insert Into sum_online|rowCount=100|Time Used 2733.7 mics
2015-03-09 02:11:13|OK|Insert Into sum_online|rowCount=100|Time Used 3689 mics
2015-03-10 02:11:16|OK|Insert Into sum_online|rowCount=100|Time Used 3366.5 mics
2015-03-11 02:11:15|OK|Insert Into sum_online|rowCount=100|Time Used 4016 mics
2015-03-12 02:11:21|OK|Insert Into sum_online|rowCount=101|Time Used 3744.3 mics
2015-03-13 02:11:19|OK|Insert Into sum_online|rowCount=101|Time Used 4271.6 mics
2015-03-14 02:11:20|OK|Insert Into sum_online|rowCount=101|Time Used 4581.3 mics
2015-03-15 02:11:21|OK|Insert Into sum_online|rowCount=97|Time Used 4801 mics
2015-03-16 02:11:16|OK|Insert Into sum_online|rowCount=98|Time Used 5293.8 mics
2015-03-17 02:11:19|OK|Insert Into sum_online|rowCount=98|Time Used 5111.7 mics
2015-03-18 02:11:15|OK|Insert Into sum_online|rowCount=98|Time Used 5430.4 mics
2015-03-19 02:11:16|OK|Insert Into sum_online|rowCount=98|Time Used 5936.8 mics
2015-03-20 02:11:18|OK|Insert Into sum_online|rowCount=99|Time Used 5941.6 mics
2015-03-21 02:11:18|OK|Insert Into sum_online|rowCount=95|Time Used 5524.8 mics
2015-03-22 02:11:15|OK|Insert Into sum_online|rowCount=91|Time Used 6446.4 mics
2015-03-23 02:11:13|OK|Insert Into sum_online|rowCount=91|Time Used 7841.8 mics
2015-03-24 02:11:18|OK|Insert Into sum_online|rowCount=92|Time Used 7095.3 mics
2015-03-25 02:11:17|OK|Insert Into sum_online|rowCount=92|Time Used 7689.6 mics
2015-03-26 02:11:21|OK|Insert Into sum_online|rowCount=92|Time Used 8118.5 mics
2015-03-27 02:11:19|OK|Insert Into sum_online|rowCount=92|Time Used 8137.1 mics
2015-03-28 02:11:21|OK|Insert Into sum_online|rowCount=93|Time Used 8960.2 mics
2015-03-29 02:11:20|OK|Insert Into sum_online|rowCount=93|Time Used 8379 mics
2015-03-30 02:11:15|OK|Insert Into sum_online|rowCount=93|Time Used 8646 mics
2015-03-31 02:11:26|OK|Insert Into sum_online|rowCount=93|Time Used 8588.4 mics
2015-04-01 02:11:19|OK|Insert Into sum_online|rowCount=94|Time Used 9185.4 mics
2015-04-02 02:11:24|OK|Insert Into sum_online|rowCount=94|Time Used 9861.6 mics
2015-04-03 02:11:25|OK|Insert Into sum_online|rowCount=94|Time Used 10157.7 mics
2015-04-04 02:11:21|OK|Insert Into sum_online|rowCount=90|Time Used 10321.3 mics
2015-04-05 02:11:21|OK|Insert Into sum_online|rowCount=87|Time Used 10496 mics
2015-04-06 02:11:16|OK|Insert Into sum_online|rowCount=87|Time Used 10832.5 mics
2015-04-07 02:11:27|OK|Insert Into sum_online|rowCount=87|Time Used 11173.2 mics
2015-04-08 02:11:24|OK|Insert Into sum_online|rowCount=87|Time Used 11189.6 mics
2015-04-09 02:11:22|OK|Insert Into sum_online|rowCount=88|Time Used 11707.1 mics
2015-04-10 02:11:25|OK|Insert Into sum_online|rowCount=82|Time Used 12143.3 mics
2015-04-11 02:11:21|OK|Insert Into sum_online|rowCount=77|Time Used 11137.6 mics
2015-04-12 02:11:21|OK|Insert Into sum_online|rowCount=77|Time Used 12656 mics
2015-04-13 02:11:17|OK|Insert Into sum_online|rowCount=77|Time Used 12623.8 mics
2015-04-14 02:11:28|OK|Insert Into sum_online|rowCount=77|Time Used 12391.4 mics
2015-04-15 02:11:23|OK|Insert Into sum_online|rowCount=78|Time Used 13013.6 mics
2015-04-16 02:11:24|OK|Insert Into sum_online|rowCount=58|Time Used 12645.5 mics
2015-04-17 02:11:23|OK|Insert Into sum_online|rowCount=57|Time Used 13378.6 mics
2015-04-18 02:11:21|OK|Insert Into sum_online|rowCount=59|Time Used 13418.5 mics
2015-04-19 02:11:21|OK|Insert Into sum_online|rowCount=58|Time Used 13526.9 mics
2015-04-20 02:11:19|OK|Insert Into sum_online|rowCount=58|Time Used 13595.1 mics
2015-04-21 02:11:26|OK|Insert Into sum_online|rowCount=59|Time Used 12373.8 mics
2015-04-22 02:11:21|OK|Insert Into sum_online|rowCount=59|Time Used 13663.8 mics
2015-04-23 02:11:24|OK|Insert Into sum_online|rowCount=60|Time Used 14583 mics
2015-04-24 02:11:21|OK|Insert Into sum_online|rowCount=60|Time Used 14238.4 mics
2015-04-25 02:11:21|OK|Insert Into sum_online|rowCount=60|Time Used 14447.9 mics
2015-04-26 02:11:21|OK|Insert Into sum_online|rowCount=60|Time Used 14668.6 mics
2015-04-27 02:11:19|OK|Insert Into sum_online|rowCount=62|Time Used 14906.9 mics
2015-04-28 02:11:27|OK|Insert Into sum_online|rowCount=61|Time Used 14828.5 mics
2015-04-29 02:11:20|OK|Insert Into sum_online|rowCount=61|Time Used 14979.2 mics
2015-04-30 02:11:21|OK|Insert Into sum_online|rowCount=62|Time Used 15782.7 mics
2015-05-01 02:11:17|OK|Insert Into sum_online|rowCount=62|Time Used 14282.6 mics
2015-05-02 02:11:19|OK|Insert Into sum_online|rowCount=62|Time Used 15503.3 mics
2015-05-03 02:11:19|OK|Insert Into sum_online|rowCount=63|Time Used 15798.6 mics
2015-05-04 02:11:18|OK|Insert Into sum_online|rowCount=63|Time Used 16066.4 mics
2015-05-05 02:11:26|OK|Insert Into sum_online|rowCount=63|Time Used 16346.5 mics
2015-05-06 02:11:20|OK|Insert Into sum_online|rowCount=64|Time Used 16581.1 mics
2015-05-07 02:11:23|OK|Insert Into sum_online|rowCount=64|Time Used 17756.5 mics
2015-05-08 02:11:25|OK|Insert Into sum_online|rowCount=64|Time Used 16748.9 mics
2015-05-09 02:11:24|OK|Insert Into sum_online|rowCount=65|Time Used 17366.2 mics
2015-05-10 02:11:20|OK|Insert Into sum_online|rowCount=65|Time Used 17451.3 mics
2015-05-11 02:11:16|OK|Insert Into sum_online|rowCount=65|Time Used 15657.7 mics
2015-05-12 02:11:28|OK|Insert Into sum_online|rowCount=66|Time Used 17535.5 mics
2015-05-13 02:11:20|OK|Insert Into sum_online|rowCount=66|Time Used 17594.1 mics
2015-05-14 02:11:20|OK|Insert Into sum_online|rowCount=58|Time Used 17610.8 mics
2015-05-15 02:11:23|OK|Insert Into sum_online|rowCount=59|Time Used 18433.8 mics
2015-05-16 02:11:19|OK|Insert Into sum_online|rowCount=59|Time Used 18570.5 mics
2015-05-17 02:11:20|OK|Insert Into sum_online|rowCount=52|Time Used 18648.3 mics
2015-05-18 02:11:18|OK|Insert Into sum_online|rowCount=53|Time Used 18409.6 mics
2015-05-19 02:11:25|OK|Insert Into sum_online|rowCount=53|Time Used 18929.7 mics
2015-05-20 02:11:21|OK|Insert Into sum_online|rowCount=54|Time Used 19166.2 mics
2015-05-21 02:11:22|OK|Insert Into sum_online|rowCount=55|Time Used 17105.1 mics
2015-05-22 02:11:21|OK|Insert Into sum_online|rowCount=52|Time Used 19207.7 mics
2015-05-23 02:11:20|OK|Insert Into sum_online|rowCount=52|Time Used 19585.2 mics
2015-05-24 02:11:20|OK|Insert Into sum_online|rowCount=53|Time Used 19528.4 mics
2015-05-25 02:11:18|OK|Insert Into sum_online|rowCount=53|Time Used 20972 mics
2015-05-26 02:11:27|OK|Insert Into sum_online|rowCount=53|Time Used 19885.9 mics
2015-05-27 02:11:22|OK|Insert Into sum_online|rowCount=54|Time Used 19851 mics
2015-05-28 02:11:21|OK|Insert Into sum_online|rowCount=54|Time Used 20342.9 mics
2015-05-29 02:11:19|OK|Insert Into sum_online|rowCount=54|Time Used 19986.7 mics
2015-05-30 02:11:18|OK|Insert Into sum_online|rowCount=55|Time Used 19993.1 mics
2015-05-31 02:11:16|OK|Insert Into sum_online|rowCount=55|Time Used 19027.2 mics
2015-06-01 02:11:16|OK|Insert Into sum_online|rowCount=55|Time Used 20545.2 mics
2015-06-02 02:10:47|OK|Insert Into sum_online|rowCount=55|Time Used 420.4 mics
2015-06-03 02:11:02|OK|Insert Into sum_online|rowCount=56|Time Used 701.1 mics
2015-06-04 02:11:02|OK|Insert Into sum_online|rowCount=56|Time Used 853.2 mics
2015-06-05 02:10:59|OK|Insert Into sum_online|rowCount=56|Time Used 1036.9 mics
2015-06-06 02:10:59|OK|Insert Into sum_online|rowCount=56|Time Used 1202.1 mics
2015-06-07 02:10:57|OK|Insert Into sum_online|rowCount=57|Time Used 1406.1 mics
2015-06-08 02:10:56|OK|Insert Into sum_online|rowCount=57|Time Used 1504.5 mics
2015-06-09 02:11:06|OK|Insert Into sum_online|rowCount=57|Time Used 1667.5 mics
2015-06-10 02:10:59|OK|Insert Into sum_online|rowCount=57|Time Used 1824.3 mics
2015-06-11 02:10:58|OK|Insert Into sum_online|rowCount=57|Time Used 1655.8 mics
2015-06-12 02:11:01|OK|Insert Into sum_online|rowCount=58|Time Used 2168.3 mics
2015-06-13 02:10:59|OK|Insert Into sum_online|rowCount=58|Time Used 2314 mics
2015-06-14 02:10:59|OK|Insert Into sum_online|rowCount=57|Time Used 2646.2 mics
2015-06-15 02:10:58|OK|Insert Into sum_online|rowCount=58|Time Used 2699.8 mics
2015-06-16 02:11:02|OK|Insert Into sum_online|rowCount=58|Time Used 2646.9 mics
2015-06-17 02:10:58|OK|Insert Into sum_online|rowCount=58|Time Used 2789.7 mics
2015-06-18 02:11:01|OK|Insert Into sum_online|rowCount=53|Time Used 3174.7 mics
2015-06-19 02:10:58|OK|Insert Into sum_online|rowCount=54|Time Used 3277.6 mics
2015-06-20 02:10:57|OK|Insert Into sum_online|rowCount=54|Time Used 3278.5 mics
2015-06-21 02:10:58|OK|Insert Into sum_online|rowCount=52|Time Used 3286.1 mics
2015-06-22 02:10:55|OK|Insert Into sum_online|rowCount=52|Time Used 3853.4 mics
2015-06-23 02:11:07|OK|Insert Into sum_online|rowCount=53|Time Used 3887.8 mics
2015-06-24 02:11:01|OK|Insert Into sum_online|rowCount=53|Time Used 4157.3 mics
2015-06-25 02:11:03|OK|Insert Into sum_online|rowCount=53|Time Used 4292.1 mics
2015-06-26 02:11:00|OK|Insert Into sum_online|rowCount=53|Time Used 4346 mics
2015-06-27 02:11:03|OK|Insert Into sum_online|rowCount=54|Time Used 4746.3 mics
2015-06-28 02:11:01|OK|Insert Into sum_online|rowCount=54|Time Used 4712.7 mics
2015-06-29 02:11:00|OK|Insert Into sum_online|rowCount=54|Time Used 5574.5 mics
2015-06-30 02:11:04|OK|Insert Into sum_online|rowCount=54|Time Used 5174.3 mics
2015-07-01 02:11:01|OK|Insert Into sum_online|rowCount=55|Time Used 4798.1 mics
2015-07-02 02:11:01|OK|Insert Into sum_online|rowCount=55|Time Used 5661.4 mics
2015-07-03 02:10:58|OK|Insert Into sum_online|rowCount=55|Time Used 5569.7 mics
2015-07-04 02:10:58|OK|Insert Into sum_online|rowCount=56|Time Used 5695.6 mics
2015-07-05 02:10:58|OK|Insert Into sum_online|rowCount=57|Time Used 5853.8 mics
2015-07-06 02:10:54|OK|Insert Into sum_online|rowCount=56|Time Used 6107.8 mics
2015-07-07 02:10:50|OK|Insert Into sum_online|rowCount=56|Time Used 5972.2 mics
2015-07-08 02:10:54|OK|Insert Into sum_online|rowCount=57|Time Used 6566.7 mics
2015-07-09 02:11:00|OK|Insert Into sum_online|rowCount=58|Time Used 6495 mics
2015-07-10 02:10:59|OK|Insert Into sum_online|rowCount=57|Time Used 6696.6 mics
2015-07-11 02:11:00|OK|Insert Into sum_online|rowCount=58|Time Used 6230 mics
2015-07-12 02:10:59|OK|Insert Into sum_online|rowCount=58|Time Used 7411.4 mics
2015-07-13 02:10:54|OK|Insert Into sum_online|rowCount=59|Time Used 7242.2 mics
2015-07-14 02:11:05|OK|Insert Into sum_online|rowCount=58|Time Used 7324.3 mics
2015-07-15 02:11:00|OK|Insert Into sum_online|rowCount=59|Time Used 7546.1 mics
2015-07-16 02:11:02|OK|Insert Into sum_online|rowCount=59|Time Used 7793.1 mics
2015-07-17 02:11:01|OK|Insert Into sum_online|rowCount=57|Time Used 8333.4 mics
2015-07-18 02:10:59|OK|Insert Into sum_online|rowCount=58|Time Used 8053.2 mics
2015-07-19 02:10:57|OK|Insert Into sum_online|rowCount=58|Time Used 8208.8 mics
2015-07-20 02:10:56|OK|Insert Into sum_online|rowCount=57|Time Used 8637.4 mics
2015-07-21 02:11:05|OK|Insert Into sum_online|rowCount=58|Time Used 7795.2 mics
2015-07-22 02:11:01|OK|Insert Into sum_online|rowCount=58|Time Used 8929.4 mics
2015-07-23 02:11:01|OK|Insert Into sum_online|rowCount=58|Time Used 9536.4 mics
2015-07-24 02:11:01|OK|Insert Into sum_online|rowCount=58|Time Used 9180.5 mics
2015-07-25 02:11:01|OK|Insert Into sum_online|rowCount=59|Time Used 9435.3 mics
2015-07-26 02:11:00|OK|Insert Into sum_online|rowCount=59|Time Used 9669.5 mics
2015-07-27 02:10:57|OK|Insert Into sum_online|rowCount=59|Time Used 9527.4 mics
2015-07-28 02:11:07|OK|Insert Into sum_online|rowCount=59|Time Used 9788.8 mics
2015-07-29 02:11:01|OK|Insert Into sum_online|rowCount=60|Time Used 9965.4 mics
2015-07-30 02:11:00|OK|Insert Into sum_online|rowCount=60|Time Used 10320.1 mics
2015-07-31 02:11:00|OK|Insert Into sum_online|rowCount=60|Time Used 9487.4 mics
2015-08-01 02:11:02|OK|Insert Into sum_online|rowCount=60|Time Used 10810.1 mics
2015-08-02 02:10:58|OK|Insert Into sum_online|rowCount=61|Time Used 10787.3 mics
2015-08-03 02:10:56|OK|Insert Into sum_online|rowCount=61|Time Used 10936.5 mics
2015-08-04 02:11:08|OK|Insert Into sum_online|rowCount=61|Time Used 11557.4 mics
2015-08-05 02:11:02|OK|Insert Into sum_online|rowCount=61|Time Used 11598.9 mics
2015-08-06 02:11:05|OK|Insert Into sum_online|rowCount=61|Time Used 11286 mics
2015-08-07 02:11:01|OK|Insert Into sum_online|rowCount=61|Time Used 12033.9 mics
2015-08-08 02:11:01|OK|Insert Into sum_online|rowCount=62|Time Used 11685.5 mics
2015-08-09 02:11:02|OK|Insert Into sum_online|rowCount=62|Time Used 12120.2 mics
2015-08-10 02:10:57|OK|Insert Into sum_online|rowCount=62|Time Used 12229 mics
2015-08-11 02:11:09|OK|Insert Into sum_online|rowCount=62|Time Used 11719.4 mics
2015-08-12 02:11:03|OK|Insert Into sum_online|rowCount=63|Time Used 13798.3 mics
2015-08-13 02:11:03|OK|Insert Into sum_online|rowCount=63|Time Used 13099 mics
2015-08-14 02:11:04|OK|Insert Into sum_online|rowCount=63|Time Used 12869.9 mics
2015-08-15 02:11:05|OK|Insert Into sum_online|rowCount=58|Time Used 13347.9 mics
2015-08-16 02:11:04|OK|Insert Into sum_online|rowCount=58|Time Used 14698.9 mics
2015-08-17 02:11:00|OK|Insert Into sum_online|rowCount=58|Time Used 13781.8 mics
2015-08-18 02:11:11|OK|Insert Into sum_online|rowCount=58|Time Used 14696.7 mics
2015-08-19 02:11:04|OK|Insert Into sum_online|rowCount=59|Time Used 14668.8 mics
2015-08-20 02:11:06|OK|Insert Into sum_online|rowCount=59|Time Used 13902.4 mics
2015-08-21 02:11:03|OK|Insert Into sum_online|rowCount=59|Time Used 13729.4 mics
2015-08-22 02:11:03|OK|Insert Into sum_online|rowCount=60|Time Used 14729 mics
2015-08-23 02:11:02|OK|Insert Into sum_online|rowCount=56|Time Used 14494.7 mics
2015-08-24 02:11:01|OK|Insert Into sum_online|rowCount=56|Time Used 14475 mics
2015-08-25 02:11:09|OK|Insert Into sum_online|rowCount=56|Time Used 14669.7 mics
2015-08-26 02:11:04|OK|Insert Into sum_online|rowCount=57|Time Used 15075 mics
2015-08-27 02:11:06|OK|Insert Into sum_online|rowCount=57|Time Used 14910.7 mics
2015-08-28 02:11:05|OK|Insert Into sum_online|rowCount=57|Time Used 15510 mics
2015-08-29 02:11:07|OK|Insert Into sum_online|rowCount=57|Time Used 15713.5 mics
2015-08-30 02:11:07|OK|Insert Into sum_online|rowCount=54|Time Used 16892 mics
2015-08-31 02:11:02|OK|Insert Into sum_online|rowCount=54|Time Used 14760.1 mics
2015-09-01 02:11:14|OK|Insert Into sum_online|rowCount=54|Time Used 16659.5 mics
2015-09-02 02:10:40|OK|Insert Into sum_online|rowCount=54|Time Used 383.7 mics
2015-09-03 02:10:47|OK|Insert Into sum_online|rowCount=54|Time Used 438.2 mics
2015-09-04 02:10:54|OK|Insert Into sum_online|rowCount=54|Time Used 763.7 mics
2015-09-05 02:10:51|OK|Insert Into sum_online|rowCount=54|Time Used 931.2 mics
2015-09-06 02:10:54|OK|Insert Into sum_online|rowCount=54|Time Used 1192.2 mics
2015-09-07 02:10:49|OK|Insert Into sum_online|rowCount=55|Time Used 1428.9 mics
2015-09-08 02:10:56|OK|Insert Into sum_online|rowCount=55|Time Used 1525.4 mics
2015-09-09 02:10:53|OK|Insert Into sum_online|rowCount=55|Time Used 1572.7 mics
2015-09-10 02:10:54|OK|Insert Into sum_online|rowCount=55|Time Used 1918.3 mics
2015-09-11 02:10:51|OK|Insert Into sum_online|rowCount=56|Time Used 1925 mics
2015-09-12 02:10:52|OK|Insert Into sum_online|rowCount=56|Time Used 2086.8 mics
2015-09-13 02:10:52|OK|Insert Into sum_online|rowCount=52|Time Used 2263.8 mics
2015-09-14 02:10:54|OK|Insert Into sum_online|rowCount=52|Time Used 2454.2 mics
2015-09-15 02:10:59|OK|Insert Into sum_online|rowCount=53|Time Used 2849.6 mics
2015-09-16 02:10:55|OK|Insert Into sum_online|rowCount=53|Time Used 2807.9 mics
2015-09-17 02:10:52|OK|Insert Into sum_online|rowCount=49|Time Used 2787 mics
2015-09-18 02:10:50|OK|Insert Into sum_online|rowCount=49|Time Used 2915.4 mics
2015-09-19 02:10:51|OK|Insert Into sum_online|rowCount=46|Time Used 3133.6 mics
2015-09-20 02:10:51|OK|Insert Into sum_online|rowCount=46|Time Used 3282.9 mics
2015-09-21 02:10:46|OK|Insert Into sum_online|rowCount=46|Time Used 3075 mics
2015-09-22 02:10:58|OK|Insert Into sum_online|rowCount=46|Time Used 3834.5 mics
2015-09-23 02:10:55|OK|Insert Into sum_online|rowCount=47|Time Used 4256.3 mics
2015-09-24 02:10:55|OK|Insert Into sum_online|rowCount=47|Time Used 3996.5 mics
2015-09-25 02:10:52|OK|Insert Into sum_online|rowCount=47|Time Used 3892.1 mics
2015-09-26 02:10:56|OK|Insert Into sum_online|rowCount=47|Time Used 4127.6 mics
2015-09-27 02:10:50|OK|Insert Into sum_online|rowCount=48|Time Used 4391.1 mics
2015-09-28 02:10:51|OK|Insert Into sum_online|rowCount=48|Time Used 4976.2 mics
2015-09-29 02:10:57|OK|Insert Into sum_online|rowCount=48|Time Used 4462.4 mics
2015-09-30 02:10:51|OK|Insert Into sum_online|rowCount=48|Time Used 5044.1 mics
2015-10-01 02:10:51|OK|Insert Into sum_online|rowCount=49|Time Used 4414.4 mics
2015-10-02 02:10:54|OK|Insert Into sum_online|rowCount=49|Time Used 5462 mics
2015-10-03 02:10:52|OK|Insert Into sum_online|rowCount=49|Time Used 5006.5 mics
2015-10-04 02:10:52|OK|Insert Into sum_online|rowCount=49|Time Used 5332.7 mics
2015-10-05 02:10:51|OK|Insert Into sum_online|rowCount=49|Time Used 5629.4 mics
2015-10-06 02:10:59|OK|Insert Into sum_online|rowCount=50|Time Used 5467.5 mics
2015-10-07 02:10:53|OK|Insert Into sum_online|rowCount=50|Time Used 5620.1 mics
2015-10-08 02:10:56|OK|Insert Into sum_online|rowCount=50|Time Used 6484.5 mics
2015-10-09 02:10:57|OK|Insert Into sum_online|rowCount=51|Time Used 5883.8 mics