
2014-06-05 18:33:35|OK|Insert Into sum_pay_daily|rowCount=29
2014-06-05 18:40:00|OK|Insert Into sum_pay_daily|rowCount=29
2014-06-17 19:17:43|OK|Insert Into sum_pay_daily|rowCount=89
2014-06-17 19:19:48|OK|Insert Into sum_pay_daily|rowCount=89
2014-06-17 19:21:29|OK|Insert Into sum_pay_daily|rowCount=89
2014-07-03 02:02:21|FAIL|Insert Into sum_online|MSG=SQLSTATE[42000]: Syntax error or access violation: 1064 You have an error in your SQL syntax; check the manual that corresponds to your MySQL server version for the right syntax to use near '' at line 1
2014-07-10 15:13:14|OK|Insert Into sum_pay_daily|rowCount=98
2014-07-15 11:03:45|OK|Insert Into sum_pay_daily(First RMB)|rowCount=141date=1407100000
2014-07-15 11:03:45|OK|Insert Into sum_pay_daily(First RMB)|rowCount=133date=1407110000
2014-07-15 11:03:45|OK|Insert Into sum_pay_daily(First RMB)|rowCount=130date=1407120000
2014-07-15 11:03:45|OK|Insert Into sum_pay_daily(First RMB)|rowCount=123date=1407130000
2014-07-15 11:03:45|OK|Insert Into sum_pay_daily(First RMB)|rowCount=142date=1407140000
2014-07-15 11:09:16|OK|Insert Into sum_pay_daily(First RMB)|rowCount=141date=20140710
2014-07-15 11:09:16|OK|Insert Into sum_pay_daily(First RMB)|rowCount=133date=20140711
2014-07-15 11:09:16|OK|Insert Into sum_pay_daily(First RMB)|rowCount=130date=20140712
2014-07-15 11:09:16|OK|Insert Into sum_pay_daily(First RMB)|rowCount=123date=20140713
2014-07-15 11:09:16|OK|Insert Into sum_pay_daily(First RMB)|rowCount=142date=20140714
2014-07-15 14:22:32|OK|Insert Into sum_pay_daily(First RMB)|rowCount=141date=20140710
2014-07-15 14:22:32|OK|Insert Into sum_pay_daily(First RMB)|rowCount=133date=20140711
2014-07-15 14:22:32|OK|Insert Into sum_pay_daily(First RMB)|rowCount=130date=20140712
2014-07-15 14:22:32|OK|Insert Into sum_pay_daily(First RMB)|rowCount=123date=20140713
2014-07-15 14:22:32|OK|Insert Into sum_pay_daily(First RMB)|rowCount=142date=20140714
2014-07-16 11:35:09|OK|Insert Into sum_pay_daily(Total RMB)|rowCount=732date=20140709
2014-07-16 11:35:09|OK|Insert Into sum_pay_daily(First RMB)|rowCount=0date=20140710
2014-07-16 11:35:09|OK|Insert Into sum_pay_daily(Total RMB)|rowCount=909date=20140710
2014-07-16 11:35:09|OK|Insert Into sum_pay_daily(First RMB)|rowCount=0date=20140711
2014-07-16 11:35:09|OK|Insert Into sum_pay_daily(Total RMB)|rowCount=851date=20140711
2014-07-16 11:35:09|OK|Insert Into sum_pay_daily(First RMB)|rowCount=0date=20140712
2014-07-16 11:35:10|OK|Insert Into sum_pay_daily(Total RMB)|rowCount=787date=20140712
2014-07-16 11:35:10|OK|Insert Into sum_pay_daily(First RMB)|rowCount=0date=20140713
2014-07-16 11:35:10|OK|Insert Into sum_pay_daily(Total RMB)|rowCount=717date=20140713
2014-07-16 11:35:10|OK|Insert Into sum_pay_daily(First RMB)|rowCount=0date=20140714
2014-07-16 11:35:10|OK|Insert Into sum_pay_daily(Total RMB)|rowCount=753date=20140714
2014-07-16 11:35:10|OK|Insert Into sum_pay_daily(First RMB)|rowCount=132date=20140715
2014-07-16 11:35:10|OK|Insert Into sum_pay_daily(Total RMB)|rowCount=756date=20140715
2014-07-16 11:37:01|OK|Insert Into sum_pay_daily(Total RMB)|rowCount=732date=20140709
2014-07-16 11:37:01|OK|Insert Into sum_pay_daily(First RMB)|rowCount=141date=20140710
2014-07-16 11:37:01|OK|Insert Into sum_pay_daily(Total RMB)|rowCount=909date=20140710
2014-07-16 11:37:01|OK|Insert Into sum_pay_daily(First RMB)|rowCount=133date=20140711
2014-07-16 11:37:01|OK|Insert Into sum_pay_daily(Total RMB)|rowCount=851date=20140711
2014-07-16 11:37:01|OK|Insert Into sum_pay_daily(First RMB)|rowCount=130date=20140712
2014-07-16 11:37:02|OK|Insert Into sum_pay_daily(Total RMB)|rowCount=787date=20140712
2014-07-16 11:37:02|OK|Insert Into sum_pay_daily(First RMB)|rowCount=123date=20140713
2014-07-16 11:37:02|OK|Insert Into sum_pay_daily(Total RMB)|rowCount=717date=20140713
2014-07-16 11:37:02|OK|Insert Into sum_pay_daily(First RMB)|rowCount=142date=20140714
2014-07-16 11:37:02|OK|Insert Into sum_pay_daily(Total RMB)|rowCount=753date=20140714
2014-07-16 11:37:02|OK|Insert Into sum_pay_daily(First RMB)|rowCount=132date=20140715
2014-07-16 11:37:02|OK|Insert Into sum_pay_daily(Total RMB)|rowCount=756date=20140715
2014-07-16 11:42:00|OK|Insert Into sum_pay_daily(Total RMB)|rowCount=732date=20140709
2014-07-16 11:42:00|OK|Insert Into sum_pay_daily(First RMB)|rowCount=141date=20140710
2014-07-16 11:42:00|OK|Insert Into sum_pay_daily(Total RMB)|rowCount=909date=20140710
2014-07-16 11:42:00|OK|Insert Into sum_pay_daily(First RMB)|rowCount=133date=20140711
2014-07-16 11:42:00|OK|Insert Into sum_pay_daily(Total RMB)|rowCount=851date=20140711
2014-07-16 11:42:00|OK|Insert Into sum_pay_daily(First RMB)|rowCount=130date=20140712
2014-07-16 11:42:00|OK|Insert Into sum_pay_daily(Total RMB)|rowCount=787date=20140712
2014-07-16 11:42:00|OK|Insert Into sum_pay_daily(First RMB)|rowCount=123date=20140713
2014-07-16 11:42:00|OK|Insert Into sum_pay_daily(Total RMB)|rowCount=717date=20140713
2014-07-16 11:42:00|OK|Insert Into sum_pay_daily(First RMB)|rowCount=142date=20140714
2014-07-16 11:42:00|OK|Insert Into sum_pay_daily(Total RMB)|rowCount=753date=20140714
2014-07-16 11:42:00|OK|Insert Into sum_pay_daily(First RMB)|rowCount=132date=20140715
2014-07-16 11:42:00|OK|Insert Into sum_pay_daily(Total RMB)|rowCount=756date=20140715
2014-07-16 11:43:53|OK|Insert Into sum_pay_daily(Total RMB)|rowCount=732date=20140709
2014-07-16 11:43:53|OK|Insert Into sum_pay_daily(First RMB)|rowCount=141date=20140710
2014-07-16 11:43:53|OK|Insert Into sum_pay_daily(Total RMB)|rowCount=909date=20140710
2014-07-16 11:43:53|OK|Insert Into sum_pay_daily(First RMB)|rowCount=133date=20140711
2014-07-16 11:43:53|OK|Insert Into sum_pay_daily(Total RMB)|rowCount=851date=20140711
2014-07-16 11:43:53|OK|Insert Into sum_pay_daily(First RMB)|rowCount=130date=20140712
2014-07-16 11:43:53|OK|Insert Into sum_pay_daily(Total RMB)|rowCount=787date=20140712
2014-07-16 11:43:53|OK|Insert Into sum_pay_daily(First RMB)|rowCount=123date=20140713
2014-07-16 11:43:53|OK|Insert Into sum_pay_daily(Total RMB)|rowCount=717date=20140713
2014-07-16 11:43:53|OK|Insert Into sum_pay_daily(First RMB)|rowCount=142date=20140714
2014-07-16 11:43:53|OK|Insert Into sum_pay_daily(Total RMB)|rowCount=753date=20140714
2014-07-16 11:43:53|OK|Insert Into sum_pay_daily(First RMB)|rowCount=132date=20140715
2014-07-16 11:43:53|OK|Insert Into sum_pay_daily(Total RMB)|rowCount=756date=20140715
2014-07-16 11:53:39|OK|Insert Into sum_pay_daily(Total RMB)|rowCount=732date=20140709
2014-07-16 11:53:39|OK|Insert Into sum_pay_daily(First RMB)|rowCount=141date=20140710
2014-07-16 11:53:39|OK|Insert Into sum_pay_daily(Total RMB)|rowCount=909date=20140710
2014-07-16 11:53:39|OK|Insert Into sum_pay_daily(First RMB)|rowCount=133date=20140711
2014-07-16 11:53:39|OK|Insert Into sum_pay_daily(Total RMB)|rowCount=851date=20140711
2014-07-16 11:53:39|OK|Insert Into sum_pay_daily(First RMB)|rowCount=130date=20140712
2014-07-16 11:53:39|OK|Insert Into sum_pay_daily(Total RMB)|rowCount=787date=20140712
2014-07-16 11:53:39|OK|Insert Into sum_pay_daily(First RMB)|rowCount=123date=20140713
2014-07-16 11:53:39|OK|Insert Into sum_pay_daily(Total RMB)|rowCount=717date=20140713
2014-07-16 11:53:39|OK|Insert Into sum_pay_daily(First RMB)|rowCount=142date=20140714
2014-07-16 11:53:39|OK|Insert Into sum_pay_daily(Total RMB)|rowCount=753date=20140714
2014-07-16 11:53:39|OK|Insert Into sum_pay_daily(First RMB)|rowCount=132date=20140715
2014-07-16 11:53:39|OK|Insert Into sum_pay_daily(Total RMB)|rowCount=756date=20140715
2014-07-17 08:45:55|OK|Insert Into sum_pay_daily(First RMB)|rowCount=0date=20140710
2014-07-17 08:45:55|OK|Insert Into sum_pay_daily(Total RMB)|rowCount=4date=20140710
2014-07-17 08:45:55|OK|Insert Into sum_pay_daily(First RMB)|rowCount=0date=20140711
2014-07-17 08:45:55|OK|Insert Into sum_pay_daily(Total RMB)|rowCount=0date=20140711
2014-07-17 08:45:55|OK|Insert Into sum_pay_daily(First RMB)|rowCount=0date=20140712
2014-07-17 08:45:55|OK|Insert Into sum_pay_daily(Total RMB)|rowCount=4date=20140712
2014-07-17 08:45:55|OK|Insert Into sum_pay_daily(First RMB)|rowCount=0date=20140713
2014-07-17 08:45:55|OK|Insert Into sum_pay_daily(Total RMB)|rowCount=4date=20140713
2014-07-17 08:45:55|OK|Insert Into sum_pay_daily(First RMB)|rowCount=0date=20140714
2014-07-17 08:45:55|OK|Insert Into sum_pay_daily(Total RMB)|rowCount=8date=20140714
2014-07-17 08:45:55|OK|Insert Into sum_pay_daily(First RMB)|rowCount=0date=20140715
2014-07-17 08:45:55|OK|Insert Into sum_pay_daily(Total RMB)|rowCount=4date=20140715
2014-07-17 08:45:55|OK|Insert Into sum_pay_daily(First RMB)|rowCount=150date=20140716
2014-07-17 08:45:55|OK|Insert Into sum_pay_daily(Total RMB)|rowCount=509date=20140716
2014-07-17 08:48:00|OK|Insert Into sum_pay_daily(Total RMB)|rowCount=732date=20140709
2014-07-17 08:48:00|OK|Insert Into sum_pay_daily(First RMB)|rowCount=141date=20140710
2014-07-17 08:48:00|OK|Insert Into sum_pay_daily(Total RMB)|rowCount=909date=20140710
2014-07-17 08:48:00|OK|Insert Into sum_pay_daily(First RMB)|rowCount=133date=20140711
2014-07-17 08:48:00|OK|Insert Into sum_pay_daily(Total RMB)|rowCount=851date=20140711
2014-07-17 08:48:00|OK|Insert Into sum_pay_daily(First RMB)|rowCount=130date=20140712
2014-07-17 08:48:00|OK|Insert Into sum_pay_daily(Total RMB)|rowCount=787date=20140712
2014-07-17 08:48:00|OK|Insert Into sum_pay_daily(First RMB)|rowCount=123date=20140713
2014-07-17 08:48:00|OK|Insert Into sum_pay_daily(Total RMB)|rowCount=717date=20140713
2014-07-17 08:48:00|OK|Insert Into sum_pay_daily(First RMB)|rowCount=142date=20140714
2014-07-17 08:48:00|OK|Insert Into sum_pay_daily(Total RMB)|rowCount=753date=20140714
2014-07-17 08:48:00|OK|Insert Into sum_pay_daily(First RMB)|rowCount=132date=20140715
2014-07-17 08:48:00|OK|Insert Into sum_pay_daily(Total RMB)|rowCount=756date=20140715
2014-07-17 08:48:00|OK|Insert Into sum_pay_daily(First RMB)|rowCount=150date=20140716
2014-07-17 08:48:00|OK|Insert Into sum_pay_daily(Total RMB)|rowCount=509date=20140716
2014-07-18 02:40:00|OK|Insert Into sum_pay_daily(First RMB)|rowCount=110date=20140717
2014-07-18 02:40:00|OK|Insert Into sum_pay_daily(Total RMB)|rowCount=511date=20140717
2014-07-18 17:53:13|OK|Insert Into sum_pay_daily(First RMB)|rowCount=110date=20140717
2014-07-18 17:53:13|OK|Insert Into sum_pay_daily(Total RMB)|rowCount=741date=20140717
2014-07-18 18:25:26|OK|Insert Into sum_pay_daily(First RMB)|rowCount=110date=20140717
2014-07-18 18:25:26|OK|Insert Into sum_pay_daily(Total RMB)|rowCount=736date=20140717
2014-07-18 18:26:25|OK|Insert Into sum_pay_daily(First RMB)|rowCount=110date=20140717
2014-07-18 18:27:03|OK|Insert Into sum_pay_daily(First RMB)|rowCount=0date=20140717
2014-07-18 18:27:03|OK|Insert Into sum_pay_daily(Total RMB)|rowCount=736date=20140717
2014-07-18 18:44:02|OK|Insert Into sum_pay_daily(First RMB)|rowCount=0date=20140717
2014-07-18 18:44:02|OK|Insert Into sum_pay_daily(Total RMB)|rowCount=8date=20140717
2014-07-18 18:46:01|OK|Insert Into sum_pay_daily(First RMB)|rowCount=0date=20140717
2014-07-18 18:46:02|OK|Insert Into sum_pay_daily(Total RMB)|rowCount=8date=20140717
2014-07-18 18:50:08|OK|Insert Into sum_pay_daily(First RMB)|rowCount=110date=20140717
2014-07-18 18:52:52|OK|Insert Into sum_pay_daily(Total RMB)|rowCount=627date=20140717
2014-07-18 18:54:36|OK|Insert Into sum_pay_daily(Total RMB)|rowCount=1date=20140717
2014-07-18 19:12:47|OK|Insert Into sum_pay_daily(Total RMB)|rowCount=629date=20140717
2014-07-18 19:14:28|OK|Insert Into sum_pay_daily(Total RMB)|rowCount=629date=20140717
2014-07-18 19:15:56|OK|Insert Into sum_pay_daily(First RMB)|rowCount=110date=20140717
2014-07-18 19:15:56|OK|Insert Into sum_pay_daily(Total RMB)|rowCount=736date=20140717
2014-07-18 19:16:56|OK|Insert Into sum_pay_daily(First RMB)|rowCount=110date=20140717
2014-07-18 19:16:56|OK|Insert Into sum_pay_daily(Total RMB)|rowCount=736date=20140717
2014-07-19 02:40:00|OK|Insert Into sum_pay_daily(First RMB)|rowCount=131date=20140718
2014-07-19 02:40:00|OK|Insert Into sum_pay_daily(Total RMB)|rowCount=615date=20140718
2014-07-20 02:40:00|OK|Insert Into sum_pay_daily(First RMB)|rowCount=119date=20140719
2014-07-20 02:40:00|OK|Insert Into sum_pay_daily(Total RMB)|rowCount=375date=20140719
2014-07-21 02:40:00|OK|Insert Into sum_pay_daily(First RMB)|rowCount=127date=20140720
2014-07-21 02:40:00|OK|Insert Into sum_pay_daily(Total RMB)|rowCount=228date=20140720
2014-07-22 02:40:00|OK|Insert Into sum_pay_daily(First RMB)|rowCount=131date=20140721
2014-07-22 02:40:00|OK|Insert Into sum_pay_daily(Total RMB)|rowCount=770date=20140721
2014-07-22 10:29:38|OK|Insert Into sum_pay_daily(First RMB)|rowCount=119date=20140719
2014-07-22 10:29:38|OK|Insert Into sum_pay_daily(Total RMB)|rowCount=761date=20140719
2014-07-22 10:30:18|OK|Insert Into sum_pay_daily(First RMB)|rowCount=127date=20140720
2014-07-22 10:30:18|OK|Insert Into sum_pay_daily(Total RMB)|rowCount=769date=20140720
2014-07-22 10:33:17|OK|Insert Into sum_pay_daily(First RMB)|rowCount=119date=20140719
2014-07-22 10:33:18|OK|Insert Into sum_pay_daily(Total RMB)|rowCount=761date=20140719
2014-07-22 10:33:25|OK|Insert Into sum_pay_daily(First RMB)|rowCount=127date=20140720
2014-07-22 10:33:25|OK|Insert Into sum_pay_daily(Total RMB)|rowCount=769date=20140720
2014-07-23 02:40:00|OK|Insert Into sum_pay_daily(First RMB)|rowCount=132date=20140722
2014-07-23 02:40:00|OK|Insert Into sum_pay_daily(Total RMB)|rowCount=765date=20140722
2014-07-24 02:40:00|OK|Insert Into sum_pay_daily(First RMB)|rowCount=117date=20140723
2014-07-24 02:40:00|OK|Insert Into sum_pay_daily(Total RMB)|rowCount=777date=20140723
2014-07-25 02:40:00|OK|Insert Into sum_pay_daily(First RMB)|rowCount=126date=20140724
2014-07-25 02:40:00|OK|Insert Into sum_pay_daily(Total RMB)|rowCount=780date=20140724
2014-07-26 02:40:00|OK|Insert Into sum_pay_daily(First RMB)|rowCount=130date=20140725
2014-07-26 02:40:00|OK|Insert Into sum_pay_daily(Total RMB)|rowCount=1095date=20140725
2014-07-27 02:40:00|OK|Insert Into sum_pay_daily(First RMB)|rowCount=94date=20140726
2014-07-27 02:40:00|OK|Insert Into sum_pay_daily(Total RMB)|rowCount=725date=20140726
2014-07-28 02:40:00|OK|Insert Into sum_pay_daily(First RMB)|rowCount=97date=20140727
2014-07-28 02:40:00|OK|Insert Into sum_pay_daily(Total RMB)|rowCount=706date=20140727
2014-07-29 02:40:00|OK|Insert Into sum_pay_daily(First RMB)|rowCount=121date=20140728
2014-07-29 02:40:00|OK|Insert Into sum_pay_daily(Total RMB)|rowCount=755date=20140728
2014-07-30 02:40:00|OK|Insert Into sum_pay_daily(First RMB)|rowCount=110date=20140729
2014-07-30 02:40:00|OK|Insert Into sum_pay_daily(Total RMB)|rowCount=788date=20140729
2014-07-31 02:40:00|OK|Insert Into sum_pay_daily(First RMB)|rowCount=131date=20140730
2014-07-31 02:40:00|OK|Insert Into sum_pay_daily(Total RMB)|rowCount=834date=20140730
2014-08-01 02:40:00|OK|Insert Into sum_pay_daily(First RMB)|rowCount=121date=20140731
2014-08-01 02:40:00|OK|Insert Into sum_pay_daily(Total RMB)|rowCount=758date=20140731
2014-08-02 02:40:00|OK|Insert Into sum_pay_daily(First RMB)|rowCount=127date=20140801
2014-08-02 02:40:00|OK|Insert Into sum_pay_daily(Total RMB)|rowCount=839date=20140801
2014-08-03 02:40:00|OK|Insert Into sum_pay_daily(First RMB)|rowCount=99date=20140802
2014-08-03 02:40:00|OK|Insert Into sum_pay_daily(Total RMB)|rowCount=867date=20140802
2014-08-04 02:40:00|OK|Insert Into sum_pay_daily(First RMB)|rowCount=129date=20140803
2014-08-04 02:40:00|OK|Insert Into sum_pay_daily(Total RMB)|rowCount=785date=20140803
2014-08-05 02:40:00|OK|Insert Into sum_pay_daily(First RMB)|rowCount=102date=20140804
2014-08-05 02:40:00|OK|Insert Into sum_pay_daily(Total RMB)|rowCount=728date=20140804
2014-08-06 02:40:00|OK|Insert Into sum_pay_daily(First RMB)|rowCount=114date=20140805
2014-08-06 02:40:00|OK|Insert Into sum_pay_daily(Total RMB)|rowCount=880date=20140805
2014-08-07 02:40:00|OK|Insert Into sum_pay_daily(First RMB)|rowCount=109date=20140806
2014-08-07 02:40:00|OK|Insert Into sum_pay_daily(Total RMB)|rowCount=873date=20140806
2014-08-08 02:40:00|OK|Insert Into sum_pay_daily(First RMB)|rowCount=138date=20140807
2014-08-08 02:40:00|OK|Insert Into sum_pay_daily(Total RMB)|rowCount=871date=20140807
2014-08-09 02:40:00|OK|Insert Into sum_pay_daily(First RMB)|rowCount=117date=20140808
2014-08-09 02:40:00|OK|Insert Into sum_pay_daily(Total RMB)|rowCount=801date=20140808
2014-08-10 02:40:00|OK|Insert Into sum_pay_daily(First RMB)|rowCount=124date=20140809
2014-08-10 02:40:00|OK|Insert Into sum_pay_daily(Total RMB)|rowCount=884date=20140809
2014-08-11 02:40:00|OK|Insert Into sum_pay_daily(First RMB)|rowCount=119date=20140810
2014-08-11 02:40:00|OK|Insert Into sum_pay_daily(Total RMB)|rowCount=823date=20140810
2014-08-12 02:40:00|OK|Insert Into sum_pay_daily(First RMB)|rowCount=128date=20140811
2014-08-12 02:40:00|OK|Insert Into sum_pay_daily(Total RMB)|rowCount=886date=20140811
2014-08-13 02:40:00|OK|Insert Into sum_pay_daily(First RMB)|rowCount=128date=20140812
2014-08-13 02:40:00|OK|Insert Into sum_pay_daily(Total RMB)|rowCount=1221date=20140812
2014-08-14 02:40:00|OK|Insert Into sum_pay_daily(First RMB)|rowCount=124date=20140813
2014-08-14 02:40:00|OK|Insert Into sum_pay_daily(Total RMB)|rowCount=912date=20140813
2014-08-15 02:40:00|OK|Insert Into sum_pay_daily(First RMB)|rowCount=115date=20140814
2014-08-15 02:40:00|OK|Insert Into sum_pay_daily(Total RMB)|rowCount=861date=20140814
2014-08-16 02:40:00|OK|Insert Into sum_pay_daily(First RMB)|rowCount=130date=20140815
2014-08-16 02:40:00|OK|Insert Into sum_pay_daily(Total RMB)|rowCount=909date=20140815
2014-08-17 02:40:00|OK|Insert Into sum_pay_daily(First RMB)|rowCount=101date=20140816
2014-08-17 02:40:00|OK|Insert Into sum_pay_daily(Total RMB)|rowCount=821date=20140816
2014-08-18 02:40:00|OK|Insert Into sum_pay_daily(First RMB)|rowCount=142date=20140817
2014-08-18 02:40:00|OK|Insert Into sum_pay_daily(Total RMB)|rowCount=859date=20140817
2014-08-19 02:40:00|OK|Insert Into sum_pay_daily(First RMB)|rowCount=120date=20140818
2014-08-19 02:40:00|OK|Insert Into sum_pay_daily(Total RMB)|rowCount=805date=20140818
2014-08-20 02:40:00|OK|Insert Into sum_pay_daily(First RMB)|rowCount=136date=20140819
2014-08-20 02:40:00|OK|Insert Into sum_pay_daily(Total RMB)|rowCount=846date=20140819
2014-08-21 02:40:00|OK|Insert Into sum_pay_daily(First RMB)|rowCount=112date=20140820
2014-08-21 02:40:00|OK|Insert Into sum_pay_daily(Total RMB)|rowCount=1162date=20140820
2014-08-22 02:40:00|OK|Insert Into sum_pay_daily(First RMB)|rowCount=127date=20140821
2014-08-22 02:40:00|OK|Insert Into sum_pay_daily(Total RMB)|rowCount=1162date=20140821
2014-08-23 02:40:00|OK|Insert Into sum_pay_daily(First RMB)|rowCount=135date=20140822
2014-08-23 02:40:00|OK|Insert Into sum_pay_daily(Total RMB)|rowCount=1196date=20140822
2014-08-24 02:40:00|OK|Insert Into sum_pay_daily(First RMB)|rowCount=134date=20140823
2014-08-24 02:40:00|OK|Insert Into sum_pay_daily(Total RMB)|rowCount=886date=20140823
2014-08-25 02:40:00|OK|Insert Into sum_pay_daily(First RMB)|rowCount=118date=20140824
2014-08-25 02:40:00|OK|Insert Into sum_pay_daily(Total RMB)|rowCount=843date=20140824
2014-08-26 02:40:00|OK|Insert Into sum_pay_daily(First RMB)|rowCount=135date=20140825
2014-08-26 02:40:00|OK|Insert Into sum_pay_daily(Total RMB)|rowCount=918date=20140825
2014-08-27 02:40:00|OK|Insert Into sum_pay_daily(First RMB)|rowCount=122date=20140826
2014-08-27 02:40:00|OK|Insert Into sum_pay_daily(Total RMB)|rowCount=1247date=20140826
2014-08-28 02:40:00|OK|Insert Into sum_pay_daily(First RMB)|rowCount=145date=20140827
2014-08-28 02:40:00|OK|Insert Into sum_pay_daily(Total RMB)|rowCount=1118date=20140827
2014-08-29 02:40:00|OK|Insert Into sum_pay_daily(First RMB)|rowCount=99date=20140828
2014-08-29 02:40:00|OK|Insert Into sum_pay_daily(Total RMB)|rowCount=1056date=20140828
2014-08-30 02:40:00|OK|Insert Into sum_pay_daily(First RMB)|rowCount=115date=20140829
2014-08-30 02:40:00|OK|Insert Into sum_pay_daily(Total RMB)|rowCount=825date=20140829
2014-08-31 02:40:00|OK|Insert Into sum_pay_daily(First RMB)|rowCount=123date=20140830
2014-08-31 02:40:00|OK|Insert Into sum_pay_daily(Total RMB)|rowCount=835date=20140830
2014-09-01 02:40:00|OK|Insert Into sum_pay_daily(First RMB)|rowCount=145date=20140831
2014-09-01 02:40:00|OK|Insert Into sum_pay_daily(Total RMB)|rowCount=905date=20140831
2014-09-02 02:40:00|OK|Insert Into sum_pay_daily(First RMB)|rowCount=115date=20140901
2014-09-02 02:40:00|OK|Insert Into sum_pay_daily(Total RMB)|rowCount=1084date=20140901
2014-09-03 02:40:00|OK|Insert Into sum_pay_daily(First RMB)|rowCount=134date=20140902
2014-09-03 02:40:00|OK|Insert Into sum_pay_daily(Total RMB)|rowCount=1135date=20140902
2014-09-04 02:40:00|OK|Insert Into sum_pay_daily(First RMB)|rowCount=116date=20140903
2014-09-04 02:40:00|OK|Insert Into sum_pay_daily(Total RMB)|rowCount=1078date=20140903
2014-09-05 02:40:00|OK|Insert Into sum_pay_daily(First RMB)|rowCount=121date=20140904
2014-09-05 02:40:00|OK|Insert Into sum_pay_daily(Total RMB)|rowCount=816date=20140904
2014-09-06 02:40:00|OK|Insert Into sum_pay_daily(First RMB)|rowCount=104date=20140905
2014-09-06 02:40:00|OK|Insert Into sum_pay_daily(Total RMB)|rowCount=841date=20140905
2014-09-07 02:40:00|OK|Insert Into sum_pay_daily(First RMB)|rowCount=119date=20140906
2014-09-07 02:40:00|OK|Insert Into sum_pay_daily(Total RMB)|rowCount=869date=20140906
2014-09-08 02:40:00|OK|Insert Into sum_pay_daily(First RMB)|rowCount=106date=20140907
2014-09-08 02:40:00|OK|Insert Into sum_pay_daily(Total RMB)|rowCount=1081date=20140907
2014-09-09 02:40:00|OK|Insert Into sum_pay_daily(First RMB)|rowCount=132date=20140908
2014-09-09 02:40:00|OK|Insert Into sum_pay_daily(Total RMB)|rowCount=1131date=20140908
2014-09-10 02:40:00|OK|Insert Into sum_pay_daily(First RMB)|rowCount=100date=20140909
2014-09-10 02:40:00|OK|Insert Into sum_pay_daily(Total RMB)|rowCount=1051date=20140909
2014-09-11 02:40:00|OK|Insert Into sum_pay_daily(First RMB)|rowCount=137date=20140910
2014-09-11 02:40:00|OK|Insert Into sum_pay_daily(Total RMB)|rowCount=900date=20140910
2014-09-12 02:40:00|OK|Insert Into sum_pay_daily(First RMB)|rowCount=93date=20140911
2014-09-12 02:40:00|OK|Insert Into sum_pay_daily(Total RMB)|rowCount=916date=20140911
2014-09-13 02:40:00|OK|Insert Into sum_pay_daily(First RMB)|rowCount=104date=20140912
2014-09-13 02:40:00|OK|Insert Into sum_pay_daily(Total RMB)|rowCount=931date=20140912
2014-09-14 02:40:00|OK|Insert Into sum_pay_daily(First RMB)|rowCount=115date=20140913
2014-09-14 02:40:00|OK|Insert Into sum_pay_daily(Total RMB)|rowCount=1227date=20140913
2014-09-15 02:40:00|OK|Insert Into sum_pay_daily(First RMB)|rowCount=103date=20140914
2014-09-15 02:40:00|OK|Insert Into sum_pay_daily(Total RMB)|rowCount=1223date=20140914
2014-09-16 02:40:00|OK|Insert Into sum_pay_daily(First RMB)|rowCount=93date=20140915
2014-09-16 02:40:00|OK|Insert Into sum_pay_daily(Total RMB)|rowCount=1224date=20140915
2014-09-17 02:40:00|OK|Insert Into sum_pay_daily(First RMB)|rowCount=126date=20140916
2014-09-17 02:40:00|OK|Insert Into sum_pay_daily(Total RMB)|rowCount=965date=20140916
2014-09-18 02:40:00|OK|Insert Into sum_pay_daily(First RMB)|rowCount=113date=20140917
2014-09-18 02:40:00|OK|Insert Into sum_pay_daily(Total RMB)|rowCount=967date=20140917
2014-09-19 02:40:00|OK|Insert Into sum_pay_daily(First RMB)|rowCount=87date=20140918
2014-09-19 02:40:00|OK|Insert Into sum_pay_daily(Total RMB)|rowCount=935date=20140918
2014-09-20 02:40:00|OK|Insert Into sum_pay_daily(First RMB)|rowCount=106date=20140919
2014-09-20 02:40:00|OK|Insert Into sum_pay_daily(Total RMB)|rowCount=1146date=20140919
2014-09-21 02:40:00|OK|Insert Into sum_pay_daily(First RMB)|rowCount=78date=20140920
2014-09-21 02:40:00|OK|Insert Into sum_pay_daily(Total RMB)|rowCount=1137date=20140920
2014-09-22 02:40:00|OK|Insert Into sum_pay_daily(First RMB)|rowCount=96date=20140921
2014-09-22 02:40:00|OK|Insert Into sum_pay_daily(Total RMB)|rowCount=1349date=20140921
2014-09-23 02:40:00|OK|Insert Into sum_pay_daily(First RMB)|rowCount=115date=20140922
2014-09-23 02:40:00|OK|Insert Into sum_pay_daily(Total RMB)|rowCount=811date=20140922
2014-09-24 02:40:00|OK|Insert Into sum_pay_daily(First RMB)|rowCount=81date=20140923
2014-09-24 02:40:00|OK|Insert Into sum_pay_daily(Total RMB)|rowCount=806date=20140923
2014-09-25 02:40:00|OK|Insert Into sum_pay_daily(First RMB)|rowCount=95date=20140924
2014-09-25 02:40:00|OK|Insert Into sum_pay_daily(Total RMB)|rowCount=804date=20140924
2014-09-26 02:40:00|OK|Insert Into sum_pay_daily(First RMB)|rowCount=91date=20140925
2014-09-26 02:40:00|OK|Insert Into sum_pay_daily(Total RMB)|rowCount=1101date=20140925
2014-09-27 02:40:00|OK|Insert Into sum_pay_daily(First RMB)|rowCount=94date=20140926
2014-09-27 02:40:00|OK|Insert Into sum_pay_daily(Total RMB)|rowCount=1123date=20140926
2014-09-28 02:40:00|OK|Insert Into sum_pay_daily(First RMB)|rowCount=112date=20140927
2014-09-28 02:40:00|OK|Insert Into sum_pay_daily(Total RMB)|rowCount=1174date=20140927
2014-09-29 02:40:00|OK|Insert Into sum_pay_daily(First RMB)|rowCount=102date=20140928
2014-09-29 02:40:00|OK|Insert Into sum_pay_daily(Total RMB)|rowCount=891date=20140928
2014-09-30 02:40:00|OK|Insert Into sum_pay_daily(First RMB)|rowCount=76date=20140929
2014-09-30 02:40:00|OK|Insert Into sum_pay_daily(Total RMB)|rowCount=834date=20140929
2014-10-01 02:40:00|OK|Insert Into sum_pay_daily(First RMB)|rowCount=90date=20140930
2014-10-01 02:40:00|OK|Insert Into sum_pay_daily(Total RMB)|rowCount=886date=20140930
2014-10-02 02:40:00|OK|Insert Into sum_pay_daily(First RMB)|rowCount=94date=20141001
2014-10-02 02:40:00|OK|Insert Into sum_pay_daily(Total RMB)|rowCount=1167date=20141001
2014-10-03 02:40:00|OK|Insert Into sum_pay_daily(First RMB)|rowCount=90date=20141002
2014-10-03 02:40:00|OK|Insert Into sum_pay_daily(Total RMB)|rowCount=1114date=20141002
2014-10-04 02:40:00|OK|Insert Into sum_pay_daily(First RMB)|rowCount=102date=20141003
2014-10-04 02:40:00|OK|Insert Into sum_pay_daily(Total RMB)|rowCount=1150date=20141003
2014-10-05 02:40:00|OK|Insert Into sum_pay_daily(First RMB)|rowCount=85date=20141004
2014-10-05 02:40:00|OK|Insert Into sum_pay_daily(Total RMB)|rowCount=786date=20141004
2014-10-06 02:40:00|OK|Insert Into sum_pay_daily(First RMB)|rowCount=77date=20141005
2014-10-06 02:40:00|OK|Insert Into sum_pay_daily(Total RMB)|rowCount=755date=20141005
2014-10-07 02:40:00|OK|Insert Into sum_pay_daily(First RMB)|rowCount=101date=20141006
2014-10-07 02:40:00|OK|Insert Into sum_pay_daily(Total RMB)|rowCount=778date=20141006
2014-10-08 02:40:00|OK|Insert Into sum_pay_daily(First RMB)|rowCount=98date=20141007
2014-10-08 02:40:00|OK|Insert Into sum_pay_daily(Total RMB)|rowCount=1051date=20141007
2014-10-09 02:40:00|OK|Insert Into sum_pay_daily(First RMB)|rowCount=81date=20141008
2014-10-09 02:40:00|OK|Insert Into sum_pay_daily(Total RMB)|rowCount=1024date=20141008
2014-10-10 02:40:00|OK|Insert Into sum_pay_daily(First RMB)|rowCount=81date=20141009
2014-10-10 02:40:00|OK|Insert Into sum_pay_daily(Total RMB)|rowCount=1054date=20141009
2014-10-11 02:40:00|OK|Insert Into sum_pay_daily(First RMB)|rowCount=89date=20141010
2014-10-11 02:40:00|OK|Insert Into sum_pay_daily(Total RMB)|rowCount=740date=20141010
2014-10-12 02:40:00|OK|Insert Into sum_pay_daily(First RMB)|rowCount=87date=20141011
2014-10-12 02:40:00|OK|Insert Into sum_pay_daily(Total RMB)|rowCount=741date=20141011
2014-10-13 02:40:00|OK|Insert Into sum_pay_daily(First RMB)|rowCount=104date=20141012
2014-10-13 02:40:00|OK|Insert Into sum_pay_daily(Total RMB)|rowCount=835date=20141012
2014-10-14 02:40:00|OK|Insert Into sum_pay_daily(First RMB)|rowCount=91date=20141013
2014-10-14 02:40:00|OK|Insert Into sum_pay_daily(Total RMB)|rowCount=1046date=20141013
2014-10-15 02:40:00|OK|Insert Into sum_pay_daily(First RMB)|rowCount=81date=20141014
2014-10-15 02:40:00|OK|Insert Into sum_pay_daily(Total RMB)|rowCount=1000date=20141014
2014-10-16 02:40:00|OK|Insert Into sum_pay_daily(First RMB)|rowCount=85date=20141015
2014-10-16 02:40:00|OK|Insert Into sum_pay_daily(Total RMB)|rowCount=1098date=20141015
2014-10-17 02:40:00|OK|Insert Into sum_pay_daily(First RMB)|rowCount=100date=20141016
2014-10-17 02:40:00|OK|Insert Into sum_pay_daily(Total RMB)|rowCount=879date=20141016
2014-10-18 02:40:00|OK|Insert Into sum_pay_daily(First RMB)|rowCount=82date=20141017
2014-10-18 02:40:00|OK|Insert Into sum_pay_daily(Total RMB)|rowCount=838date=20141017
2014-10-19 02:40:00|OK|Insert Into sum_pay_daily(First RMB)|rowCount=90date=20141018
2014-10-19 02:40:00|OK|Insert Into sum_pay_daily(Total RMB)|rowCount=835date=20141018
2014-10-20 02:40:00|OK|Insert Into sum_pay_daily(First RMB)|rowCount=99date=20141019
2014-10-20 02:40:00|OK|Insert Into sum_pay_daily(Total RMB)|rowCount=999date=20141019
2014-10-21 02:40:00|OK|Insert Into sum_pay_daily(First RMB)|rowCount=83date=20141020
2014-10-21 02:40:00|OK|Insert Into sum_pay_daily(Total RMB)|rowCount=1021date=20141020
2014-10-22 02:40:00|OK|Insert Into sum_pay_daily(First RMB)|rowCount=104date=20141021
2014-10-22 02:40:00|OK|Insert Into sum_pay_daily(Total RMB)|rowCount=1049date=20141021
2014-10-23 02:40:00|OK|Insert Into sum_pay_daily(First RMB)|rowCount=97date=20141022
2014-10-23 02:40:00|OK|Insert Into sum_pay_daily(Total RMB)|rowCount=749date=20141022
2014-10-24 02:40:00|OK|Insert Into sum_pay_daily(First RMB)|rowCount=93date=20141023
2014-10-24 02:40:00|OK|Insert Into sum_pay_daily(Total RMB)|rowCount=1214date=20141023
2014-10-25 02:40:00|OK|Insert Into sum_pay_daily(First RMB)|rowCount=90date=20141024
2014-10-25 02:40:00|OK|Insert Into sum_pay_daily(Total RMB)|rowCount=1082date=20141024
2014-10-26 02:40:00|OK|Insert Into sum_pay_daily(First RMB)|rowCount=84date=20141025
2014-10-26 02:40:00|OK|Insert Into sum_pay_daily(Total RMB)|rowCount=1074date=20141025
2014-10-27 02:40:00|OK|Insert Into sum_pay_daily(First RMB)|rowCount=81date=20141026
2014-10-27 02:40:00|OK|Insert Into sum_pay_daily(Total RMB)|rowCount=1035date=20141026
2014-10-28 02:40:00|OK|Insert Into sum_pay_daily(First RMB)|rowCount=86date=20141027
2014-10-28 02:40:00|OK|Insert Into sum_pay_daily(Total RMB)|rowCount=1055date=20141027
2014-10-29 02:40:00|OK|Insert Into sum_pay_daily(First RMB)|rowCount=85date=20141028
2014-10-29 02:40:00|OK|Insert Into sum_pay_daily(Total RMB)|rowCount=782date=20141028
2014-10-30 02:40:00|OK|Insert Into sum_pay_daily(First RMB)|rowCount=86date=20141029
2014-10-30 02:40:00|OK|Insert Into sum_pay_daily(Total RMB)|rowCount=804date=20141029
2014-10-31 02:40:00|OK|Insert Into sum_pay_daily(First RMB)|rowCount=101date=20141030
2014-10-31 02:40:00|OK|Insert Into sum_pay_daily(Total RMB)|rowCount=858date=20141030
2014-11-01 02:40:00|OK|Insert Into sum_pay_daily(First RMB)|rowCount=96date=20141031
2014-11-01 02:40:00|OK|Insert Into sum_pay_daily(Total RMB)|rowCount=1048date=20141031
2014-11-02 02:40:00|OK|Insert Into sum_pay_daily(First RMB)|rowCount=102date=20141101
2014-11-02 02:40:00|OK|Insert Into sum_pay_daily(Total RMB)|rowCount=1128date=20141101
2014-11-03 02:40:00|OK|Insert Into sum_pay_daily(First RMB)|rowCount=86date=20141102
2014-11-03 02:40:00|OK|Insert Into sum_pay_daily(Total RMB)|rowCount=1102date=20141102
2014-11-04 02:40:00|OK|Insert Into sum_pay_daily(First RMB)|rowCount=75date=20141103
2014-11-04 02:40:00|OK|Insert Into sum_pay_daily(Total RMB)|rowCount=1138date=20141103
2014-11-05 02:40:00|OK|Insert Into sum_pay_daily(First RMB)|rowCount=66date=20141104
2014-11-05 02:40:00|OK|Insert Into sum_pay_daily(Total RMB)|rowCount=865date=20141104
2014-11-06 02:40:00|OK|Insert Into sum_pay_daily(First RMB)|rowCount=110date=20141105
2014-11-06 02:40:00|OK|Insert Into sum_pay_daily(Total RMB)|rowCount=1235date=20141105
2014-11-07 02:40:00|OK|Insert Into sum_pay_daily(First RMB)|rowCount=80date=20141106
2014-11-07 02:40:00|OK|Insert Into sum_pay_daily(Total RMB)|rowCount=827date=20141106
2014-11-08 02:40:00|OK|Insert Into sum_pay_daily(First RMB)|rowCount=76date=20141107
2014-11-08 02:40:00|OK|Insert Into sum_pay_daily(Total RMB)|rowCount=710date=20141107
2014-11-09 02:40:00|OK|Insert Into sum_pay_daily(First RMB)|rowCount=95date=20141108
2014-11-09 02:40:00|OK|Insert Into sum_pay_daily(Total RMB)|rowCount=715date=20141108
2014-11-10 02:40:00|OK|Insert Into sum_pay_daily(First RMB)|rowCount=87date=20141109
2014-11-10 02:40:00|OK|Insert Into sum_pay_daily(Total RMB)|rowCount=1018date=20141109
2014-11-11 02:40:00|OK|Insert Into sum_pay_daily(First RMB)|rowCount=74date=20141110
2014-11-11 02:40:00|OK|Insert Into sum_pay_daily(Total RMB)|rowCount=1007date=20141110
2014-11-12 02:40:00|OK|Insert Into sum_pay_daily(First RMB)|rowCount=90date=20141111
2014-11-12 02:40:00|OK|Insert Into sum_pay_daily(Total RMB)|rowCount=1033date=20141111
2014-11-13 02:40:00|OK|Insert Into sum_pay_daily(First RMB)|rowCount=65date=20141112
2014-11-13 02:40:00|OK|Insert Into sum_pay_daily(Total RMB)|rowCount=658date=20141112
2014-11-14 02:40:00|OK|Insert Into sum_pay_daily(First RMB)|rowCount=75date=20141113
2014-11-14 02:40:00|OK|Insert Into sum_pay_daily(Total RMB)|rowCount=671date=20141113
2014-11-15 02:40:00|OK|Insert Into sum_pay_daily(First RMB)|rowCount=82date=20141114
2014-11-15 02:40:00|OK|Insert Into sum_pay_daily(Total RMB)|rowCount=1098date=20141114
2014-11-16 02:40:00|OK|Insert Into sum_pay_daily(First RMB)|rowCount=79date=20141115
2014-11-16 02:40:00|OK|Insert Into sum_pay_daily(Total RMB)|rowCount=647date=20141115
2014-11-17 02:40:00|OK|Insert Into sum_pay_daily(First RMB)|rowCount=68date=20141116
2014-11-17 02:40:00|OK|Insert Into sum_pay_daily(Total RMB)|rowCount=616date=20141116
2014-11-18 02:40:00|OK|Insert Into sum_pay_daily(First RMB)|rowCount=96date=20141117
2014-11-18 02:40:00|OK|Insert Into sum_pay_daily(Total RMB)|rowCount=726date=20141117
2014-11-19 02:40:00|OK|Insert Into sum_pay_daily(First RMB)|rowCount=59date=20141118
2014-11-19 02:40:00|OK|Insert Into sum_pay_daily(Total RMB)|rowCount=534date=20141118
2014-11-20 02:40:00|OK|Insert Into sum_pay_daily(First RMB)|rowCount=74date=20141119
2014-11-20 02:40:00|OK|Insert Into sum_pay_daily(Total RMB)|rowCount=1005date=20141119
2014-11-21 02:40:00|OK|Insert Into sum_pay_daily(First RMB)|rowCount=88date=20141120
2014-11-21 02:40:00|OK|Insert Into sum_pay_daily(Total RMB)|rowCount=999date=20141120
2014-11-22 02:40:00|OK|Insert Into sum_pay_daily(First RMB)|rowCount=82date=20141121
2014-11-22 02:40:00|OK|Insert Into sum_pay_daily(Total RMB)|rowCount=997date=20141121
2014-11-23 02:40:00|OK|Insert Into sum_pay_daily(First RMB)|rowCount=63date=20141122
2014-11-23 02:40:00|OK|Insert Into sum_pay_daily(Total RMB)|rowCount=712date=20141122
2014-11-24 02:40:00|OK|Insert Into sum_pay_daily(First RMB)|rowCount=82date=20141123
2014-11-24 02:40:00|OK|Insert Into sum_pay_daily(Total RMB)|rowCount=730date=20141123
2014-11-25 02:40:00|OK|Insert Into sum_pay_daily(First RMB)|rowCount=86date=20141124
2014-11-25 02:40:00|OK|Insert Into sum_pay_daily(Total RMB)|rowCount=990date=20141124
2014-11-26 02:40:00|OK|Insert Into sum_pay_daily(First RMB)|rowCount=64date=20141125
2014-11-26 02:40:00|OK|Insert Into sum_pay_daily(Total RMB)|rowCount=652date=20141125
2014-11-27 02:40:00|OK|Insert Into sum_pay_daily(First RMB)|rowCount=78date=20141126
2014-11-27 02:40:00|OK|Insert Into sum_pay_daily(Total RMB)|rowCount=688date=20141126
2014-11-28 02:40:00|OK|Insert Into sum_pay_daily(First RMB)|rowCount=73date=20141127
2014-11-28 02:40:00|OK|Insert Into sum_pay_daily(Total RMB)|rowCount=801date=20141127
2014-11-29 02:40:00|OK|Insert Into sum_pay_daily(First RMB)|rowCount=60date=20141128
2014-11-29 02:40:00|OK|Insert Into sum_pay_daily(Total RMB)|rowCount=889date=20141128
2014-11-30 02:40:00|OK|Insert Into sum_pay_daily(First RMB)|rowCount=79date=20141129
2014-11-30 02:40:00|OK|Insert Into sum_pay_daily(Total RMB)|rowCount=911date=20141129
2014-12-01 02:40:00|OK|Insert Into sum_pay_daily(First RMB)|rowCount=82date=20141130
2014-12-01 02:40:00|OK|Insert Into sum_pay_daily(Total RMB)|rowCount=1090date=20141130
2014-12-02 02:40:00|OK|Insert Into sum_pay_daily(First RMB)|rowCount=60date=20141201
2014-12-02 02:40:00|OK|Insert Into sum_pay_daily(Total RMB)|rowCount=690date=20141201
2014-12-03 02:40:00|OK|Insert Into sum_pay_daily(First RMB)|rowCount=64date=20141202
2014-12-03 02:40:00|OK|Insert Into sum_pay_daily(Total RMB)|rowCount=671date=20141202
2014-12-04 02:40:00|OK|Insert Into sum_pay_daily(First RMB)|rowCount=67date=20141203
2014-12-04 02:40:00|OK|Insert Into sum_pay_daily(Total RMB)|rowCount=622date=20141203
2014-12-05 02:40:00|OK|Insert Into sum_pay_daily(First RMB)|rowCount=63date=20141204
2014-12-05 02:40:00|OK|Insert Into sum_pay_daily(Total RMB)|rowCount=566date=20141204
2014-12-06 02:40:00|OK|Insert Into sum_pay_daily(First RMB)|rowCount=79date=20141205
2014-12-06 02:40:00|OK|Insert Into sum_pay_daily(Total RMB)|rowCount=656date=20141205
2014-12-07 02:40:00|OK|Insert Into sum_pay_daily(First RMB)|rowCount=54date=20141206
2014-12-07 02:40:00|OK|Insert Into sum_pay_daily(Total RMB)|rowCount=971date=20141206
2014-12-08 02:40:00|OK|Insert Into sum_pay_daily(First RMB)|rowCount=55date=20141207
2014-12-08 02:40:00|OK|Insert Into sum_pay_daily(Total RMB)|rowCount=821date=20141207
2014-12-09 02:40:00|OK|Insert Into sum_pay_daily(First RMB)|rowCount=70date=20141208
2014-12-09 02:40:00|OK|Insert Into sum_pay_daily(Total RMB)|rowCount=861date=20141208
2014-12-10 02:40:00|OK|Insert Into sum_pay_daily(First RMB)|rowCount=78date=20141209
2014-12-10 02:40:00|OK|Insert Into sum_pay_daily(Total RMB)|rowCount=1045date=20141209
2014-12-11 02:40:00|OK|Insert Into sum_pay_daily(First RMB)|rowCount=70date=20141210
2014-12-11 02:40:00|OK|Insert Into sum_pay_daily(Total RMB)|rowCount=550date=20141210
2014-12-12 02:40:00|OK|Insert Into sum_pay_daily(First RMB)|rowCount=70date=20141211
2014-12-12 02:40:00|OK|Insert Into sum_pay_daily(Total RMB)|rowCount=767date=20141211
2014-12-13 02:40:00|OK|Insert Into sum_pay_daily(First RMB)|rowCount=73date=20141212
2014-12-13 02:40:00|OK|Insert Into sum_pay_daily(Total RMB)|rowCount=568date=20141212
2014-12-14 02:40:00|OK|Insert Into sum_pay_daily(First RMB)|rowCount=63date=20141213
2014-12-14 02:40:00|OK|Insert Into sum_pay_daily(Total RMB)|rowCount=490date=20141213
2014-12-15 02:40:00|OK|Insert Into sum_pay_daily(First RMB)|rowCount=55date=20141214
2014-12-15 02:40:00|OK|Insert Into sum_pay_daily(Total RMB)|rowCount=488date=20141214
2014-12-16 02:40:00|OK|Insert Into sum_pay_daily(First RMB)|rowCount=63date=20141215
2014-12-16 02:40:00|OK|Insert Into sum_pay_daily(Total RMB)|rowCount=547date=20141215
2014-12-17 02:40:00|OK|Insert Into sum_pay_daily(First RMB)|rowCount=71date=20141216
2014-12-17 02:40:00|OK|Insert Into sum_pay_daily(Total RMB)|rowCount=795date=20141216
2014-12-18 02:40:00|OK|Insert Into sum_pay_daily(First RMB)|rowCount=56date=20141217
2014-12-18 02:40:00|OK|Insert Into sum_pay_daily(Total RMB)|rowCount=940date=20141217
2014-12-19 02:40:00|OK|Insert Into sum_pay_daily(First RMB)|rowCount=59date=20141218
2014-12-19 02:40:00|OK|Insert Into sum_pay_daily(Total RMB)|rowCount=756date=20141218
2014-12-20 02:40:00|OK|Insert Into sum_pay_daily(First RMB)|rowCount=60date=20141219
2014-12-20 02:40:00|OK|Insert Into sum_pay_daily(Total RMB)|rowCount=502date=20141219
2014-12-21 02:40:00|OK|Insert Into sum_pay_daily(First RMB)|rowCount=64date=20141220
2014-12-21 02:40:00|OK|Insert Into sum_pay_daily(Total RMB)|rowCount=669date=20141220
2014-12-22 02:40:00|OK|Insert Into sum_pay_daily(First RMB)|rowCount=66date=20141221
2014-12-22 02:40:00|OK|Insert Into sum_pay_daily(Total RMB)|rowCount=660date=20141221
2014-12-23 02:40:00|OK|Insert Into sum_pay_daily(First RMB)|rowCount=59date=20141222
2014-12-23 02:40:00|OK|Insert Into sum_pay_daily(Total RMB)|rowCount=738date=20141222
2014-12-24 02:40:00|OK|Insert Into sum_pay_daily(First RMB)|rowCount=53date=20141223
2014-12-24 02:40:00|OK|Insert Into sum_pay_daily(Total RMB)|rowCount=703date=20141223
2014-12-25 02:40:00|OK|Insert Into sum_pay_daily(First RMB)|rowCount=67date=20141224
2014-12-25 02:40:00|OK|Insert Into sum_pay_daily(Total RMB)|rowCount=735date=20141224
2014-12-26 02:40:00|OK|Insert Into sum_pay_daily(First RMB)|rowCount=42date=20141225
2014-12-26 02:40:00|OK|Insert Into sum_pay_daily(Total RMB)|rowCount=655date=20141225
2014-12-27 02:40:00|OK|Insert Into sum_pay_daily(First RMB)|rowCount=46date=20141226
2014-12-27 02:40:00|OK|Insert Into sum_pay_daily(Total RMB)|rowCount=457date=20141226
2014-12-28 02:40:00|OK|Insert Into sum_pay_daily(First RMB)|rowCount=64date=20141227
2014-12-28 02:40:00|OK|Insert Into sum_pay_daily(Total RMB)|rowCount=901date=20141227
2014-12-29 02:40:00|OK|Insert Into sum_pay_daily(First RMB)|rowCount=49date=20141228
2014-12-29 02:40:00|OK|Insert Into sum_pay_daily(Total RMB)|rowCount=676date=20141228
2014-12-30 02:40:00|OK|Insert Into sum_pay_daily(First RMB)|rowCount=40date=20141229
2014-12-30 02:40:00|OK|Insert Into sum_pay_daily(Total RMB)|rowCount=690date=20141229
2014-12-31 02:40:00|OK|Insert Into sum_pay_daily(First RMB)|rowCount=62date=20141230
2014-12-31 02:40:00|OK|Insert Into sum_pay_daily(Total RMB)|rowCount=755date=20141230
2015-01-01 02:40:00|OK|Insert Into sum_pay_daily(First RMB)|rowCount=52date=20141231
2015-01-01 02:40:00|OK|Insert Into sum_pay_daily(Total RMB)|rowCount=574date=20141231
2015-01-02 02:40:00|OK|Insert Into sum_pay_daily(First RMB)|rowCount=49date=20150101
2015-01-02 02:40:00|OK|Insert Into sum_pay_daily(Total RMB)|rowCount=559date=20150101
2015-01-03 02:40:00|OK|Insert Into sum_pay_daily(First RMB)|rowCount=64date=20150102
2015-01-03 02:40:00|OK|Insert Into sum_pay_daily(Total RMB)|rowCount=540date=20150102
2015-01-04 02:40:00|OK|Insert Into sum_pay_daily(First RMB)|rowCount=77date=20150103
2015-01-04 02:40:00|OK|Insert Into sum_pay_daily(Total RMB)|rowCount=971date=20150103
2015-01-05 02:40:00|OK|Insert Into sum_pay_daily(First RMB)|rowCount=46date=20150104
2015-01-05 02:40:00|OK|Insert Into sum_pay_daily(Total RMB)|rowCount=741date=20150104
2015-01-06 02:40:00|OK|Insert Into sum_pay_daily(First RMB)|rowCount=72date=20150105
2015-01-06 02:40:00|OK|Insert Into sum_pay_daily(Total RMB)|rowCount=770date=20150105
2015-01-07 02:40:00|OK|Insert Into sum_pay_daily(First RMB)|rowCount=57date=20150106
2015-01-07 02:40:00|OK|Insert Into sum_pay_daily(Total RMB)|rowCount=656date=20150106
2015-01-08 02:40:00|OK|Insert Into sum_pay_daily(First RMB)|rowCount=58date=20150107
2015-01-08 02:40:00|OK|Insert Into sum_pay_daily(Total RMB)|rowCount=556date=20150107
2015-01-09 02:40:00|OK|Insert Into sum_pay_daily(First RMB)|rowCount=58date=20150108
2015-01-09 02:40:00|OK|Insert Into sum_pay_daily(Total RMB)|rowCount=902date=20150108
2015-01-10 02:40:00|OK|Insert Into sum_pay_daily(First RMB)|rowCount=59date=20150109
2015-01-10 02:40:00|OK|Insert Into sum_pay_daily(Total RMB)|rowCount=857date=20150109
2015-01-11 02:40:00|OK|Insert Into sum_pay_daily(First RMB)|rowCount=62date=20150110
2015-01-11 02:40:00|OK|Insert Into sum_pay_daily(Total RMB)|rowCount=855date=20150110
2015-01-12 02:40:00|OK|Insert Into sum_pay_daily(First RMB)|rowCount=66date=20150111
2015-01-12 02:40:00|OK|Insert Into sum_pay_daily(Total RMB)|rowCount=852date=20150111
2015-01-13 02:40:00|OK|Insert Into sum_pay_daily(First RMB)|rowCount=61date=20150112
2015-01-13 02:40:00|OK|Insert Into sum_pay_daily(Total RMB)|rowCount=613date=20150112
2015-01-14 02:40:00|OK|Insert Into sum_pay_daily(First RMB)|rowCount=55date=20150113
2015-01-14 02:40:00|OK|Insert Into sum_pay_daily(Total RMB)|rowCount=597date=20150113
2015-01-15 02:40:00|OK|Insert Into sum_pay_daily(First RMB)|rowCount=83date=20150114
2015-01-15 02:40:00|OK|Insert Into sum_pay_daily(Total RMB)|rowCount=719date=20150114
2015-01-16 02:40:00|OK|Insert Into sum_pay_daily(First RMB)|rowCount=74date=20150115
2015-01-16 02:40:00|OK|Insert Into sum_pay_daily(Total RMB)|rowCount=1090date=20150115
2015-01-17 02:40:00|OK|Insert Into sum_pay_daily(First RMB)|rowCount=60date=20150116
2015-01-17 02:40:00|OK|Insert Into sum_pay_daily(Total RMB)|rowCount=900date=20150116
2015-01-18 02:40:00|OK|Insert Into sum_pay_daily(First RMB)|rowCount=68date=20150117
2015-01-18 02:40:00|OK|Insert Into sum_pay_daily(Total RMB)|rowCount=961date=20150117
2015-01-19 02:40:00|OK|Insert Into sum_pay_daily(First RMB)|rowCount=59date=20150118
2015-01-19 02:40:00|OK|Insert Into sum_pay_daily(Total RMB)|rowCount=913date=20150118
2015-01-20 02:40:00|OK|Insert Into sum_pay_daily(First RMB)|rowCount=54date=20150119
2015-01-20 02:40:00|OK|Insert Into sum_pay_daily(Total RMB)|rowCount=573date=20150119
2015-01-21 02:40:00|OK|Insert Into sum_pay_daily(First RMB)|rowCount=64date=20150120
2015-01-21 02:40:00|OK|Insert Into sum_pay_daily(Total RMB)|rowCount=621date=20150120
2015-01-22 02:40:00|OK|Insert Into sum_pay_daily(First RMB)|rowCount=65date=20150121
2015-01-22 02:40:00|OK|Insert Into sum_pay_daily(Total RMB)|rowCount=885date=20150121
2015-01-23 02:40:00|OK|Insert Into sum_pay_daily(First RMB)|rowCount=57date=20150122
2015-01-23 02:40:00|OK|Insert Into sum_pay_daily(Total RMB)|rowCount=863date=20150122
2015-01-24 02:40:00|OK|Insert Into sum_pay_daily(First RMB)|rowCount=69date=20150123
2015-01-24 02:40:00|OK|Insert Into sum_pay_daily(Total RMB)|rowCount=1066date=20150123
2015-01-25 02:40:00|OK|Insert Into sum_pay_daily(First RMB)|rowCount=71date=20150124
2015-01-25 02:40:00|OK|Insert Into sum_pay_daily(Total RMB)|rowCount=671date=20150124
2015-01-26 02:40:00|OK|Insert Into sum_pay_daily(First RMB)|rowCount=63date=20150125
2015-01-26 02:40:00|OK|Insert Into sum_pay_daily(Total RMB)|rowCount=605date=20150125
2015-01-27 02:40:00|OK|Insert Into sum_pay_daily(First RMB)|rowCount=71date=20150126
2015-01-27 02:40:00|OK|Insert Into sum_pay_daily(Total RMB)|rowCount=739date=20150126
2015-01-28 02:40:00|OK|Insert Into sum_pay_daily(First RMB)|rowCount=78date=20150127
2015-01-28 02:40:00|OK|Insert Into sum_pay_daily(Total RMB)|rowCount=1021date=20150127
2015-01-29 02:40:00|OK|Insert Into sum_pay_daily(First RMB)|rowCount=59date=20150128
2015-01-29 02:40:00|OK|Insert Into sum_pay_daily(Total RMB)|rowCount=1043date=20150128
2015-01-30 02:40:00|OK|Insert Into sum_pay_daily(First RMB)|rowCount=72date=20150129
2015-01-30 02:40:00|OK|Insert Into sum_pay_daily(Total RMB)|rowCount=952date=20150129
2015-01-31 02:40:00|OK|Insert Into sum_pay_daily(First RMB)|rowCount=56date=20150130
2015-01-31 02:40:00|OK|Insert Into sum_pay_daily(Total RMB)|rowCount=811date=20150130
2015-02-01 02:40:00|OK|Insert Into sum_pay_daily(First RMB)|rowCount=59date=20150131
2015-02-01 02:40:00|OK|Insert Into sum_pay_daily(Total RMB)|rowCount=633date=20150131
2015-02-02 02:40:00|OK|Insert Into sum_pay_daily(First RMB)|rowCount=53date=20150201
2015-02-02 02:40:00|OK|Insert Into sum_pay_daily(Total RMB)|rowCount=682date=20150201
2015-02-03 02:40:00|OK|Insert Into sum_pay_daily(First RMB)|rowCount=65date=20150202
2015-02-03 02:40:00|OK|Insert Into sum_pay_daily(Total RMB)|rowCount=850date=20150202
2015-02-04 02:40:00|OK|Insert Into sum_pay_daily(First RMB)|rowCount=51date=20150203
2015-02-04 02:40:00|OK|Insert Into sum_pay_daily(Total RMB)|rowCount=809date=20150203
2015-02-05 02:40:00|OK|Insert Into sum_pay_daily(First RMB)|rowCount=58date=20150204
2015-02-05 02:40:00|OK|Insert Into sum_pay_daily(Total RMB)|rowCount=922date=20150204
2015-02-06 02:40:00|OK|Insert Into sum_pay_daily(First RMB)|rowCount=69date=20150205
2015-02-06 02:40:00|OK|Insert Into sum_pay_daily(Total RMB)|rowCount=934date=20150205
2015-02-07 02:40:00|OK|Insert Into sum_pay_daily(First RMB)|rowCount=51date=20150206
2015-02-07 02:40:00|OK|Insert Into sum_pay_daily(Total RMB)|rowCount=653date=20150206
2015-02-08 02:40:00|OK|Insert Into sum_pay_daily(First RMB)|rowCount=53date=20150207
2015-02-08 02:40:00|OK|Insert Into sum_pay_daily(Total RMB)|rowCount=646date=20150207
2015-02-09 02:40:00|OK|Insert Into sum_pay_daily(First RMB)|rowCount=79date=20150208
2015-02-09 02:40:00|OK|Insert Into sum_pay_daily(Total RMB)|rowCount=965date=20150208
2015-02-10 02:40:00|OK|Insert Into sum_pay_daily(First RMB)|rowCount=52date=20150209
2015-02-10 02:40:00|OK|Insert Into sum_pay_daily(Total RMB)|rowCount=820date=20150209
2015-02-11 02:40:00|OK|Insert Into sum_pay_daily(First RMB)|rowCount=46date=20150210
2015-02-11 02:40:00|OK|Insert Into sum_pay_daily(Total RMB)|rowCount=898date=20150210
2015-02-12 02:40:00|OK|Insert Into sum_pay_daily(First RMB)|rowCount=56date=20150211
2015-02-12 02:40:00|OK|Insert Into sum_pay_daily(Total RMB)|rowCount=727date=20150211
2015-02-13 02:40:00|OK|Insert Into sum_pay_daily(First RMB)|rowCount=47date=20150212
2015-02-13 02:40:00|OK|Insert Into sum_pay_daily(Total RMB)|rowCount=533date=20150212
2015-02-14 02:40:00|OK|Insert Into sum_pay_daily(First RMB)|rowCount=41date=20150213
2015-02-14 02:40:00|OK|Insert Into sum_pay_daily(Total RMB)|rowCount=616date=20150213
2015-02-15 02:40:00|OK|Insert Into sum_pay_daily(First RMB)|rowCount=58date=20150214
2015-02-15 02:40:00|OK|Insert Into sum_pay_daily(Total RMB)|rowCount=796date=20150214
2015-02-16 02:40:00|OK|Insert Into sum_pay_daily(First RMB)|rowCount=47date=20150215
2015-02-16 02:40:00|OK|Insert Into sum_pay_daily(Total RMB)|rowCount=950date=20150215
2015-02-17 02:40:00|OK|Insert Into sum_pay_daily(First RMB)|rowCount=46date=20150216
2015-02-17 02:40:00|OK|Insert Into sum_pay_daily(Total RMB)|rowCount=775date=20150216
2015-02-18 02:40:00|OK|Insert Into sum_pay_daily(First RMB)|rowCount=49date=20150217
2015-02-18 02:40:00|OK|Insert Into sum_pay_daily(Total RMB)|rowCount=504date=20150217
2015-02-19 02:40:00|OK|Insert Into sum_pay_daily(First RMB)|rowCount=43date=20150218
2015-02-19 02:40:00|OK|Insert Into sum_pay_daily(Total RMB)|rowCount=598date=20150218
2015-02-20 02:40:00|OK|Insert Into sum_pay_daily(First RMB)|rowCount=43date=20150219
2015-02-20 02:40:00|OK|Insert Into sum_pay_daily(Total RMB)|rowCount=759date=20150219
2015-02-21 02:40:00|OK|Insert Into sum_pay_daily(First RMB)|rowCount=42date=20150220
2015-02-21 02:40:00|OK|Insert Into sum_pay_daily(Total RMB)|rowCount=667date=20150220
2015-02-22 02:40:00|OK|Insert Into sum_pay_daily(First RMB)|rowCount=49date=20150221
2015-02-22 02:40:00|OK|Insert Into sum_pay_daily(Total RMB)|rowCount=830date=20150221
2015-02-23 02:40:00|OK|Insert Into sum_pay_daily(First RMB)|rowCount=53date=20150222
2015-02-23 02:40:00|OK|Insert Into sum_pay_daily(Total RMB)|rowCount=760date=20150222
2015-02-24 02:40:00|OK|Insert Into sum_pay_daily(First RMB)|rowCount=55date=20150223
2015-02-24 02:40:00|OK|Insert Into sum_pay_daily(Total RMB)|rowCount=814date=20150223
2015-02-25 02:40:00|OK|Insert Into sum_pay_daily(First RMB)|rowCount=47date=20150224
2015-02-25 02:40:00|OK|Insert Into sum_pay_daily(Total RMB)|rowCount=707date=20150224
2015-02-26 02:40:00|OK|Insert Into sum_pay_daily(First RMB)|rowCount=42date=20150225
2015-02-26 02:40:00|OK|Insert Into sum_pay_daily(Total RMB)|rowCount=710date=20150225
2015-02-27 02:40:00|OK|Insert Into sum_pay_daily(First RMB)|rowCount=53date=20150226
2015-02-27 02:40:00|OK|Insert Into sum_pay_daily(Total RMB)|rowCount=617date=20150226
2015-02-28 02:40:00|OK|Insert Into sum_pay_daily(First RMB)|rowCount=50date=20150227
2015-02-28 02:40:00|OK|Insert Into sum_pay_daily(Total RMB)|rowCount=763date=20150227
2015-03-01 02:40:00|OK|Insert Into sum_pay_daily(First RMB)|rowCount=46date=20150228
2015-03-01 02:40:00|OK|Insert Into sum_pay_daily(Total RMB)|rowCount=702date=20150228
2015-03-02 02:40:00|OK|Insert Into sum_pay_daily(First RMB)|rowCount=48date=20150301
2015-03-02 02:40:00|OK|Insert Into sum_pay_daily(Total RMB)|rowCount=869date=20150301
2015-03-03 02:40:00|OK|Insert Into sum_pay_daily(First RMB)|rowCount=46date=20150302
2015-03-03 02:40:00|OK|Insert Into sum_pay_daily(Total RMB)|rowCount=773date=20150302
2015-03-04 02:40:00|OK|Insert Into sum_pay_daily(First RMB)|rowCount=44date=20150303
2015-03-04 02:40:00|OK|Insert Into sum_pay_daily(Total RMB)|rowCount=774date=20150303
2015-03-05 02:40:00|OK|Insert Into sum_pay_daily(First RMB)|rowCount=39date=20150304
2015-03-05 02:40:00|OK|Insert Into sum_pay_daily(Total RMB)|rowCount=636date=20150304
2015-03-06 02:40:00|OK|Insert Into sum_pay_daily(First RMB)|rowCount=65date=20150305
2015-03-06 02:40:00|OK|Insert Into sum_pay_daily(Total RMB)|rowCount=848date=20150305
2015-03-07 02:40:00|OK|Insert Into sum_pay_daily(First RMB)|rowCount=62date=20150306
2015-03-07 02:40:00|OK|Insert Into sum_pay_daily(Total RMB)|rowCount=637date=20150306
2015-03-08 02:40:00|OK|Insert Into sum_pay_daily(First RMB)|rowCount=54date=20150307
2015-03-08 02:40:00|OK|Insert Into sum_pay_daily(Total RMB)|rowCount=740date=20150307
2015-03-09 02:40:00|OK|Insert Into sum_pay_daily(First RMB)|rowCount=51date=20150308
2015-03-09 02:40:00|OK|Insert Into sum_pay_daily(Total RMB)|rowCount=716date=20150308
2015-03-10 02:40:00|OK|Insert Into sum_pay_daily(First RMB)|rowCount=51date=20150309
2015-03-10 02:40:00|OK|Insert Into sum_pay_daily(Total RMB)|rowCount=724date=20150309
2015-03-11 02:40:00|OK|Insert Into sum_pay_daily(First RMB)|rowCount=49date=20150310
2015-03-11 02:40:00|OK|Insert Into sum_pay_daily(Total RMB)|rowCount=655date=20150310
2015-03-12 02:40:00|OK|Insert Into sum_pay_daily(First RMB)|rowCount=64date=20150311
2015-03-12 02:40:00|OK|Insert Into sum_pay_daily(Total RMB)|rowCount=807date=20150311
2015-03-13 02:40:00|OK|Insert Into sum_pay_daily(First RMB)|rowCount=56date=20150312
2015-03-13 02:40:00|OK|Insert Into sum_pay_daily(Total RMB)|rowCount=584date=20150312
2015-03-14 02:40:00|OK|Insert Into sum_pay_daily(First RMB)|rowCount=45date=20150313
2015-03-14 02:40:00|OK|Insert Into sum_pay_daily(Total RMB)|rowCount=771date=20150313
2015-03-15 02:40:00|OK|Insert Into sum_pay_daily(First RMB)|rowCount=47date=20150314
2015-03-15 02:40:00|OK|Insert Into sum_pay_daily(Total RMB)|rowCount=710date=20150314
2015-03-16 02:40:00|OK|Insert Into sum_pay_daily(First RMB)|rowCount=73date=20150315
2015-03-16 02:40:00|OK|Insert Into sum_pay_daily(Total RMB)|rowCount=810date=20150315
2015-03-17 02:40:00|OK|Insert Into sum_pay_daily(First RMB)|rowCount=51date=20150316
2015-03-17 02:40:00|OK|Insert Into sum_pay_daily(Total RMB)|rowCount=775date=20150316
2015-03-18 02:40:00|OK|Insert Into sum_pay_daily(First RMB)|rowCount=44date=20150317
2015-03-18 02:40:00|OK|Insert Into sum_pay_daily(Total RMB)|rowCount=669date=20150317
2015-03-19 02:40:00|OK|Insert Into sum_pay_daily(First RMB)|rowCount=41date=20150318
2015-03-19 02:40:00|OK|Insert Into sum_pay_daily(Total RMB)|rowCount=669date=20150318
2015-03-20 02:40:00|OK|Insert Into sum_pay_daily(First RMB)|rowCount=64date=20150319
2015-03-20 02:40:00|OK|Insert Into sum_pay_daily(Total RMB)|rowCount=725date=20150319
2015-03-21 02:40:00|OK|Insert Into sum_pay_daily(First RMB)|rowCount=39date=20150320
2015-03-21 02:40:00|OK|Insert Into sum_pay_daily(Total RMB)|rowCount=742date=20150320
2015-03-22 02:40:00|OK|Insert Into sum_pay_daily(First RMB)|rowCount=49date=20150321
2015-03-22 02:40:00|OK|Insert Into sum_pay_daily(Total RMB)|rowCount=726date=20150321
2015-03-23 02:40:00|OK|Insert Into sum_pay_daily(First RMB)|rowCount=49date=20150322
2015-03-23 02:40:00|OK|Insert Into sum_pay_daily(Total RMB)|rowCount=717date=20150322
2015-03-24 02:40:00|OK|Insert Into sum_pay_daily(First RMB)|rowCount=53date=20150323
2015-03-24 02:40:00|OK|Insert Into sum_pay_daily(Total RMB)|rowCount=608date=20150323
2015-03-25 02:40:00|OK|Insert Into sum_pay_daily(First RMB)|rowCount=53date=20150324
2015-03-25 02:40:00|OK|Insert Into sum_pay_daily(Total RMB)|rowCount=714date=20150324
2015-03-26 02:40:00|OK|Insert Into sum_pay_daily(First RMB)|rowCount=48date=20150325
2015-03-26 02:40:00|OK|Insert Into sum_pay_daily(Total RMB)|rowCount=883date=20150325
2015-03-27 02:40:00|OK|Insert Into sum_pay_daily(First RMB)|rowCount=50date=20150326
2015-03-27 02:40:00|OK|Insert Into sum_pay_daily(Total RMB)|rowCount=761date=20150326
2015-03-28 02:40:00|OK|Insert Into sum_pay_daily(First RMB)|rowCount=53date=20150327
2015-03-28 02:40:00|OK|Insert Into sum_pay_daily(Total RMB)|rowCount=787date=20150327
2015-03-29 02:40:00|OK|Insert Into sum_pay_daily(First RMB)|rowCount=53date=20150328
2015-03-29 02:40:00|OK|Insert Into sum_pay_daily(Total RMB)|rowCount=742date=20150328
2015-03-30 02:40:00|OK|Insert Into sum_pay_daily(First RMB)|rowCount=42date=20150329
2015-03-30 02:40:00|OK|Insert Into sum_pay_daily(Total RMB)|rowCount=562date=20150329
2015-03-31 02:40:00|OK|Insert Into sum_pay_daily(First RMB)|rowCount=39date=20150330
2015-03-31 02:40:00|OK|Insert Into sum_pay_daily(Total RMB)|rowCount=603date=20150330
2015-04-01 02:40:00|OK|Insert Into sum_pay_daily(First RMB)|rowCount=46date=20150331
2015-04-01 02:40:00|OK|Insert Into sum_pay_daily(Total RMB)|rowCount=543date=20150331
2015-04-02 02:40:00|OK|Insert Into sum_pay_daily(First RMB)|rowCount=52date=20150401
2015-04-02 02:40:00|OK|Insert Into sum_pay_daily(Total RMB)|rowCount=682date=20150401
2015-04-03 02:40:00|OK|Insert Into sum_pay_daily(First RMB)|rowCount=46date=20150402
2015-04-03 02:40:00|OK|Insert Into sum_pay_daily(Total RMB)|rowCount=737date=20150402
2015-04-04 02:40:00|OK|Insert Into sum_pay_daily(First RMB)|rowCount=50date=20150403
2015-04-04 02:40:00|OK|Insert Into sum_pay_daily(Total RMB)|rowCount=664date=20150403
2015-04-05 02:40:00|OK|Insert Into sum_pay_daily(First RMB)|rowCount=66date=20150404
2015-04-05 02:40:00|OK|Insert Into sum_pay_daily(Total RMB)|rowCount=601date=20150404
2015-04-06 02:40:00|OK|Insert Into sum_pay_daily(First RMB)|rowCount=57date=20150405
2015-04-06 02:40:00|OK|Insert Into sum_pay_daily(Total RMB)|rowCount=519date=20150405
2015-04-07 02:40:00|OK|Insert Into sum_pay_daily(First RMB)|rowCount=56date=20150406
2015-04-07 02:40:00|OK|Insert Into sum_pay_daily(Total RMB)|rowCount=606date=20150406
2015-04-08 02:40:00|OK|Insert Into sum_pay_daily(First RMB)|rowCount=46date=20150407
2015-04-08 02:40:00|OK|Insert Into sum_pay_daily(Total RMB)|rowCount=684date=20150407
2015-04-09 02:40:00|OK|Insert Into sum_pay_daily(First RMB)|rowCount=67date=20150408
2015-04-09 02:40:00|OK|Insert Into sum_pay_daily(Total RMB)|rowCount=709date=20150408
2015-04-10 02:40:00|OK|Insert Into sum_pay_daily(First RMB)|rowCount=56date=20150409
2015-04-10 02:40:00|OK|Insert Into sum_pay_daily(Total RMB)|rowCount=742date=20150409
2015-04-11 02:40:00|OK|Insert Into sum_pay_daily(First RMB)|rowCount=52date=20150410
2015-04-11 02:40:00|OK|Insert Into sum_pay_daily(Total RMB)|rowCount=528date=20150410
2015-04-12 02:40:00|OK|Insert Into sum_pay_daily(First RMB)|rowCount=48date=20150411
2015-04-12 02:40:00|OK|Insert Into sum_pay_daily(Total RMB)|rowCount=624date=20150411
2015-04-13 02:40:00|OK|Insert Into sum_pay_daily(First RMB)|rowCount=52date=20150412
2015-04-13 02:40:00|OK|Insert Into sum_pay_daily(Total RMB)|rowCount=618date=20150412
2015-04-14 02:40:00|OK|Insert Into sum_pay_daily(First RMB)|rowCount=49date=20150413
2015-04-14 02:40:00|OK|Insert Into sum_pay_daily(Total RMB)|rowCount=694date=20150413
2015-04-15 02:40:00|OK|Insert Into sum_pay_daily(First RMB)|rowCount=65date=20150414
2015-04-15 02:40:00|OK|Insert Into sum_pay_daily(Total RMB)|rowCount=690date=20150414
2015-04-16 02:40:00|OK|Insert Into sum_pay_daily(First RMB)|rowCount=56date=20150415
2015-04-16 02:40:00|OK|Insert Into sum_pay_daily(Total RMB)|rowCount=679date=20150415
2015-04-17 02:40:00|OK|Insert Into sum_pay_daily(First RMB)|rowCount=46date=20150416
2015-04-17 02:40:00|OK|Insert Into sum_pay_daily(Total RMB)|rowCount=680date=20150416
2015-04-18 02:40:00|OK|Insert Into sum_pay_daily(First RMB)|rowCount=65date=20150417
2015-04-18 02:40:00|OK|Insert Into sum_pay_daily(Total RMB)|rowCount=558date=20150417
2015-04-19 02:40:00|OK|Insert Into sum_pay_daily(First RMB)|rowCount=58date=20150418
2015-04-19 02:40:00|OK|Insert Into sum_pay_daily(Total RMB)|rowCount=611date=20150418
2015-04-20 02:40:00|OK|Insert Into sum_pay_daily(First RMB)|rowCount=53date=20150419
2015-04-20 02:40:00|OK|Insert Into sum_pay_daily(Total RMB)|rowCount=679date=20150419
2015-04-21 02:40:00|OK|Insert Into sum_pay_daily(First RMB)|rowCount=57date=20150420
2015-04-21 02:40:00|OK|Insert Into sum_pay_daily(Total RMB)|rowCount=676date=20150420
2015-04-22 02:40:00|OK|Insert Into sum_pay_daily(First RMB)|rowCount=47date=20150421
2015-04-22 02:40:00|OK|Insert Into sum_pay_daily(Total RMB)|rowCount=708date=20150421
2015-04-23 02:40:00|OK|Insert Into sum_pay_daily(First RMB)|rowCount=41date=20150422
2015-04-23 02:40:00|OK|Insert Into sum_pay_daily(Total RMB)|rowCount=653date=20150422
2015-04-24 02:40:00|OK|Insert Into sum_pay_daily(First RMB)|rowCount=55date=20150423
2015-04-24 02:40:00|OK|Insert Into sum_pay_daily(Total RMB)|rowCount=504date=20150423
2015-04-25 02:40:00|OK|Insert Into sum_pay_daily(First RMB)|rowCount=45date=20150424
2015-04-25 02:40:00|OK|Insert Into sum_pay_daily(Total RMB)|rowCount=543date=20150424
2015-04-26 02:40:00|OK|Insert Into sum_pay_daily(First RMB)|rowCount=49date=20150425
2015-04-26 02:40:00|OK|Insert Into sum_pay_daily(Total RMB)|rowCount=765date=20150425
2015-04-27 02:40:00|OK|Insert Into sum_pay_daily(First RMB)|rowCount=61date=20150426
2015-04-27 02:40:00|OK|Insert Into sum_pay_daily(Total RMB)|rowCount=700date=20150426
2015-04-28 02:40:00|OK|Insert Into sum_pay_daily(First RMB)|rowCount=45date=20150427
2015-04-28 02:40:00|OK|Insert Into sum_pay_daily(Total RMB)|rowCount=702date=20150427
2015-04-29 02:40:00|OK|Insert Into sum_pay_daily(First RMB)|rowCount=41date=20150428
2015-04-29 02:40:00|OK|Insert Into sum_pay_daily(Total RMB)|rowCount=468date=20150428
2015-04-30 02:40:00|OK|Insert Into sum_pay_daily(First RMB)|rowCount=46date=20150429
2015-04-30 02:40:00|OK|Insert Into sum_pay_daily(Total RMB)|rowCount=603date=20150429
2015-05-01 02:40:00|OK|Insert Into sum_pay_daily(First RMB)|rowCount=33date=20150430
2015-05-01 02:40:00|OK|Insert Into sum_pay_daily(Total RMB)|rowCount=496date=20150430
2015-05-02 02:40:00|OK|Insert Into sum_pay_daily(First RMB)|rowCount=51date=20150501
2015-05-02 02:40:00|OK|Insert Into sum_pay_daily(Total RMB)|rowCount=670date=20150501
2015-05-03 02:40:00|OK|Insert Into sum_pay_daily(First RMB)|rowCount=46date=20150502
2015-05-03 02:40:00|OK|Insert Into sum_pay_daily(Total RMB)|rowCount=735date=20150502
2015-05-04 02:40:00|OK|Insert Into sum_pay_daily(First RMB)|rowCount=41date=20150503
2015-05-04 02:40:00|OK|Insert Into sum_pay_daily(Total RMB)|rowCount=663date=20150503
2015-05-05 02:40:00|OK|Insert Into sum_pay_daily(First RMB)|rowCount=41date=20150504
2015-05-05 02:40:00|OK|Insert Into sum_pay_daily(Total RMB)|rowCount=560date=20150504
2015-05-06 02:40:00|OK|Insert Into sum_pay_daily(First RMB)|rowCount=50date=20150505
2015-05-06 02:40:00|OK|Insert Into sum_pay_daily(Total RMB)|rowCount=606date=20150505
2015-05-07 02:40:00|OK|Insert Into sum_pay_daily(First RMB)|rowCount=43date=20150506
2015-05-07 02:40:00|OK|Insert Into sum_pay_daily(Total RMB)|rowCount=519date=20150506
2015-05-08 02:40:00|OK|Insert Into sum_pay_daily(First RMB)|rowCount=27date=20150507
2015-05-08 02:40:00|OK|Insert Into sum_pay_daily(Total RMB)|rowCount=624date=20150507
2015-05-09 02:40:00|OK|Insert Into sum_pay_daily(First RMB)|rowCount=54date=20150508
2015-05-09 02:40:00|OK|Insert Into sum_pay_daily(Total RMB)|rowCount=712date=20150508
2015-05-10 02:40:00|OK|Insert Into sum_pay_daily(First RMB)|rowCount=47date=20150509
2015-05-10 02:40:00|OK|Insert Into sum_pay_daily(Total RMB)|rowCount=695date=20150509
2015-05-11 02:40:00|OK|Insert Into sum_pay_daily(First RMB)|rowCount=49date=20150510
2015-05-11 02:40:00|OK|Insert Into sum_pay_daily(Total RMB)|rowCount=566date=20150510
2015-05-12 02:40:00|OK|Insert Into sum_pay_daily(First RMB)|rowCount=49date=20150511
2015-05-12 02:40:00|OK|Insert Into sum_pay_daily(Total RMB)|rowCount=529date=20150511
2015-05-13 02:40:00|OK|Insert Into sum_pay_daily(First RMB)|rowCount=40date=20150512
2015-05-13 02:40:00|OK|Insert Into sum_pay_daily(Total RMB)|rowCount=517date=20150512
2015-05-14 02:40:00|OK|Insert Into sum_pay_daily(First RMB)|rowCount=46date=20150513
2015-05-14 02:40:00|OK|Insert Into sum_pay_daily(Total RMB)|rowCount=588date=20150513
2015-05-15 02:40:00|OK|Insert Into sum_pay_daily(First RMB)|rowCount=56date=20150514
2015-05-15 02:40:00|OK|Insert Into sum_pay_daily(Total RMB)|rowCount=662date=20150514
2015-05-16 02:40:00|OK|Insert Into sum_pay_daily(First RMB)|rowCount=37date=20150515
2015-05-16 02:40:00|OK|Insert Into sum_pay_daily(Total RMB)|rowCount=607date=20150515
2015-05-17 02:40:00|OK|Insert Into sum_pay_daily(First RMB)|rowCount=39date=20150516
2015-05-17 02:40:00|OK|Insert Into sum_pay_daily(Total RMB)|rowCount=625date=20150516
2015-05-18 02:40:00|OK|Insert Into sum_pay_daily(First RMB)|rowCount=48date=20150517
2015-05-18 02:40:00|OK|Insert Into sum_pay_daily(Total RMB)|rowCount=564date=20150517
2015-05-19 02:40:00|OK|Insert Into sum_pay_daily(First RMB)|rowCount=43date=20150518
2015-05-19 02:40:00|OK|Insert Into sum_pay_daily(Total RMB)|rowCount=523date=20150518
2015-05-20 02:40:00|OK|Insert Into sum_pay_daily(First RMB)|rowCount=31date=20150519
2015-05-20 02:40:00|OK|Insert Into sum_pay_daily(Total RMB)|rowCount=614date=20150519
2015-05-21 02:40:00|OK|Insert Into sum_pay_daily(First RMB)|rowCount=50date=20150520
2015-05-21 02:40:00|OK|Insert Into sum_pay_daily(Total RMB)|rowCount=641date=20150520
2015-05-22 02:40:00|OK|Insert Into sum_pay_daily(First RMB)|rowCount=38date=20150521
2015-05-22 02:40:00|OK|Insert Into sum_pay_daily(Total RMB)|rowCount=688date=20150521
2015-05-23 02:40:00|OK|Insert Into sum_pay_daily(First RMB)|rowCount=38date=20150522
2015-05-23 02:40:00|OK|Insert Into sum_pay_daily(Total RMB)|rowCount=611date=20150522
2015-05-24 02:40:00|OK|Insert Into sum_pay_daily(First RMB)|rowCount=48date=20150523
2015-05-24 02:40:00|OK|Insert Into sum_pay_daily(Total RMB)|rowCount=567date=20150523
2015-05-25 02:40:00|OK|Insert Into sum_pay_daily(First RMB)|rowCount=42date=20150524
2015-05-25 02:40:00|OK|Insert Into sum_pay_daily(Total RMB)|rowCount=553date=20150524
2015-05-26 02:40:00|OK|Insert Into sum_pay_daily(First RMB)|rowCount=38date=20150525
2015-05-26 02:40:00|OK|Insert Into sum_pay_daily(Total RMB)|rowCount=665date=20150525
2015-05-27 02:40:00|OK|Insert Into sum_pay_daily(First RMB)|rowCount=55date=20150526
2015-05-27 02:40:00|OK|Insert Into sum_pay_daily(Total RMB)|rowCount=679date=20150526
2015-05-28 02:40:00|OK|Insert Into sum_pay_daily(First RMB)|rowCount=47date=20150527
2015-05-28 02:40:00|OK|Insert Into sum_pay_daily(Total RMB)|rowCount=696date=20150527
2015-05-29 02:40:00|OK|Insert Into sum_pay_daily(First RMB)|rowCount=36date=20150528
2015-05-29 02:40:00|OK|Insert Into sum_pay_daily(Total RMB)|rowCount=444date=20150528
2015-05-30 02:40:00|OK|Insert Into sum_pay_daily(First RMB)|rowCount=44date=20150529
2015-05-30 02:40:00|OK|Insert Into sum_pay_daily(Total RMB)|rowCount=468date=20150529
2015-05-31 02:40:00|OK|Insert Into sum_pay_daily(First RMB)|rowCount=42date=20150530
2015-05-31 02:40:00|OK|Insert Into sum_pay_daily(Total RMB)|rowCount=525date=20150530
2015-06-01 02:40:00|OK|Insert Into sum_pay_daily(First RMB)|rowCount=32date=20150531
2015-06-01 02:40:00|OK|Insert Into sum_pay_daily(Total RMB)|rowCount=374date=20150531
2015-06-02 02:40:00|OK|Insert Into sum_pay_daily(First RMB)|rowCount=36date=20150601
2015-06-02 02:40:00|OK|Insert Into sum_pay_daily(Total RMB)|rowCount=802date=20150601
2015-06-03 02:40:00|OK|Insert Into sum_pay_daily(First RMB)|rowCount=61date=20150602
2015-06-03 02:40:00|OK|Insert Into sum_pay_daily(Total RMB)|rowCount=704date=20150602
2015-06-04 02:40:00|OK|Insert Into sum_pay_daily(First RMB)|rowCount=38date=20150603
2015-06-04 02:40:00|OK|Insert Into sum_pay_daily(Total RMB)|rowCount=713date=20150603
2015-06-05 02:40:00|OK|Insert Into sum_pay_daily(First RMB)|rowCount=36date=20150604
2015-06-05 02:40:00|OK|Insert Into sum_pay_daily(Total RMB)|rowCount=567date=20150604
2015-06-06 02:40:00|OK|Insert Into sum_pay_daily(First RMB)|rowCount=44date=20150605
2015-06-06 02:40:00|OK|Insert Into sum_pay_daily(Total RMB)|rowCount=729date=20150605
2015-06-07 02:40:00|OK|Insert Into sum_pay_daily(First RMB)|rowCount=40date=20150606
2015-06-07 02:40:00|OK|Insert Into sum_pay_daily(Total RMB)|rowCount=536date=20150606
2015-06-08 02:40:00|OK|Insert Into sum_pay_daily(First RMB)|rowCount=47date=20150607
2015-06-08 02:40:00|OK|Insert Into sum_pay_daily(Total RMB)|rowCount=655date=20150607
2015-06-09 02:40:00|OK|Insert Into sum_pay_daily(First RMB)|rowCount=29date=20150608
2015-06-09 02:40:00|OK|Insert Into sum_pay_daily(Total RMB)|rowCount=613date=20150608
2015-06-10 02:40:00|OK|Insert Into sum_pay_daily(First RMB)|rowCount=43date=20150609
2015-06-10 02:40:00|OK|Insert Into sum_pay_daily(Total RMB)|rowCount=666date=20150609
2015-06-11 02:40:00|OK|Insert Into sum_pay_daily(First RMB)|rowCount=59date=20150610
2015-06-11 02:40:00|OK|Insert Into sum_pay_daily(Total RMB)|rowCount=546date=20150610
2015-06-12 02:40:00|OK|Insert Into sum_pay_daily(First RMB)|rowCount=37date=20150611
2015-06-12 02:40:00|OK|Insert Into sum_pay_daily(Total RMB)|rowCount=571date=20150611
2015-06-13 02:40:00|OK|Insert Into sum_pay_daily(First RMB)|rowCount=40date=20150612
2015-06-13 02:40:00|OK|Insert Into sum_pay_daily(Total RMB)|rowCount=506date=20150612
2015-06-14 02:40:00|OK|Insert Into sum_pay_daily(First RMB)|rowCount=37date=20150613
2015-06-14 02:40:00|OK|Insert Into sum_pay_daily(Total RMB)|rowCount=627date=20150613
2015-06-15 02:40:00|OK|Insert Into sum_pay_daily(First RMB)|rowCount=49date=20150614
2015-06-15 02:40:00|OK|Insert Into sum_pay_daily(Total RMB)|rowCount=657date=20150614
2015-06-16 02:40:00|OK|Insert Into sum_pay_daily(First RMB)|rowCount=38date=20150615
2015-06-16 02:40:00|OK|Insert Into sum_pay_daily(Total RMB)|rowCount=619date=20150615
2015-06-17 02:40:00|OK|Insert Into sum_pay_daily(First RMB)|rowCount=38date=20150616
2015-06-17 02:40:00|OK|Insert Into sum_pay_daily(Total RMB)|rowCount=451date=20150616
2015-06-18 02:40:00|OK|Insert Into sum_pay_daily(First RMB)|rowCount=31date=20150617
2015-06-18 02:40:00|OK|Insert Into sum_pay_daily(Total RMB)|rowCount=486date=20150617
2015-06-19 02:40:00|OK|Insert Into sum_pay_daily(First RMB)|rowCount=47date=20150618
2015-06-19 02:40:00|OK|Insert Into sum_pay_daily(Total RMB)|rowCount=452date=20150618
2015-06-20 02:40:00|OK|Insert Into sum_pay_daily(First RMB)|rowCount=43date=20150619
2015-06-20 02:40:00|OK|Insert Into sum_pay_daily(Total RMB)|rowCount=650date=20150619
2015-06-21 02:40:00|OK|Insert Into sum_pay_daily(First RMB)|rowCount=47date=20150620
2015-06-21 02:40:00|OK|Insert Into sum_pay_daily(Total RMB)|rowCount=603date=20150620
2015-06-22 02:40:00|OK|Insert Into sum_pay_daily(First RMB)|rowCount=44date=20150621
2015-06-22 02:40:00|OK|Insert Into sum_pay_daily(Total RMB)|rowCount=657date=20150621
2015-06-23 02:40:00|OK|Insert Into sum_pay_daily(First RMB)|rowCount=47date=20150622
2015-06-23 02:40:00|OK|Insert Into sum_pay_daily(Total RMB)|rowCount=552date=20150622
2015-06-24 02:40:00|OK|Insert Into sum_pay_daily(First RMB)|rowCount=37date=20150623
2015-06-24 02:40:00|OK|Insert Into sum_pay_daily(Total RMB)|rowCount=486date=20150623
2015-06-25 02:40:00|OK|Insert Into sum_pay_daily(First RMB)|rowCount=39date=20150624
2015-06-25 02:40:00|OK|Insert Into sum_pay_daily(Total RMB)|rowCount=536date=20150624
2015-06-26 02:40:00|OK|Insert Into sum_pay_daily(First RMB)|rowCount=29date=20150625
2015-06-26 02:40:00|OK|Insert Into sum_pay_daily(Total RMB)|rowCount=545date=20150625
2015-06-27 02:40:00|OK|Insert Into sum_pay_daily(First RMB)|rowCount=42date=20150626
2015-06-27 02:40:00|OK|Insert Into sum_pay_daily(Total RMB)|rowCount=609date=20150626
2015-06-28 02:40:00|OK|Insert Into sum_pay_daily(First RMB)|rowCount=35date=20150627
2015-06-28 02:40:00|OK|Insert Into sum_pay_daily(Total RMB)|rowCount=587date=20150627
2015-06-29 02:40:00|OK|Insert Into sum_pay_daily(First RMB)|rowCount=38date=20150628
2015-06-29 02:40:00|OK|Insert Into sum_pay_daily(Total RMB)|rowCount=502date=20150628
2015-06-30 02:40:00|OK|Insert Into sum_pay_daily(First RMB)|rowCount=28date=20150629
2015-06-30 02:40:00|OK|Insert Into sum_pay_daily(Total RMB)|rowCount=392date=20150629
2015-07-01 02:40:00|OK|Insert Into sum_pay_daily(First RMB)|rowCount=48date=20150630
2015-07-01 02:40:00|OK|Insert Into sum_pay_daily(Total RMB)|rowCount=520date=20150630
2015-07-02 02:40:00|OK|Insert Into sum_pay_daily(First RMB)|rowCount=31date=20150701
2015-07-02 02:40:00|OK|Insert Into sum_pay_daily(Total RMB)|rowCount=581date=20150701
2015-07-03 02:40:00|OK|Insert Into sum_pay_daily(First RMB)|rowCount=32date=20150702
2015-07-03 02:40:00|OK|Insert Into sum_pay_daily(Total RMB)|rowCount=591date=20150702
2015-07-04 02:40:00|OK|Insert Into sum_pay_daily(First RMB)|rowCount=24date=20150703
2015-07-04 02:40:00|OK|Insert Into sum_pay_daily(Total RMB)|rowCount=537date=20150703
2015-07-05 02:40:00|OK|Insert Into sum_pay_daily(First RMB)|rowCount=47date=20150704
2015-07-05 02:40:00|OK|Insert Into sum_pay_daily(Total RMB)|rowCount=466date=20150704
2015-07-06 02:40:00|OK|Insert Into sum_pay_daily(First RMB)|rowCount=36date=20150705
2015-07-06 02:40:00|OK|Insert Into sum_pay_daily(Total RMB)|rowCount=514date=20150705
2015-07-07 02:40:00|OK|Insert Into sum_pay_daily(First RMB)|rowCount=34date=20150706
2015-07-07 02:40:00|OK|Insert Into sum_pay_daily(Total RMB)|rowCount=420date=20150706
2015-07-08 02:40:00|OK|Insert Into sum_pay_daily(First RMB)|rowCount=37date=20150707
2015-07-08 02:40:00|OK|Insert Into sum_pay_daily(Total RMB)|rowCount=634date=20150707
2015-07-09 02:40:00|OK|Insert Into sum_pay_daily(First RMB)|rowCount=43date=20150708
2015-07-09 02:40:00|OK|Insert Into sum_pay_daily(Total RMB)|rowCount=589date=20150708
2015-07-10 02:40:00|OK|Insert Into sum_pay_daily(First RMB)|rowCount=35date=20150709
2015-07-10 02:40:00|OK|Insert Into sum_pay_daily(Total RMB)|rowCount=572date=20150709
2015-07-11 02:40:00|OK|Insert Into sum_pay_daily(First RMB)|rowCount=31date=20150710
2015-07-11 02:40:00|OK|Insert Into sum_pay_daily(Total RMB)|rowCount=452date=20150710
2015-07-12 02:40:00|OK|Insert Into sum_pay_daily(First RMB)|rowCount=35date=20150711
2015-07-12 02:40:00|OK|Insert Into sum_pay_daily(Total RMB)|rowCount=430date=20150711
2015-07-13 02:40:00|OK|Insert Into sum_pay_daily(First RMB)|rowCount=41date=20150712
2015-07-13 02:40:00|OK|Insert Into sum_pay_daily(Total RMB)|rowCount=458date=20150712
2015-07-14 02:40:00|OK|Insert Into sum_pay_daily(First RMB)|rowCount=36date=20150713
2015-07-14 02:40:00|OK|Insert Into sum_pay_daily(Total RMB)|rowCount=624date=20150713
2015-07-15 02:40:00|OK|Insert Into sum_pay_daily(First RMB)|rowCount=36date=20150714
2015-07-15 02:40:00|OK|Insert Into sum_pay_daily(Total RMB)|rowCount=604date=20150714
2015-07-16 02:40:00|OK|Insert Into sum_pay_daily(First RMB)|rowCount=38date=20150715
2015-07-16 02:40:00|OK|Insert Into sum_pay_daily(Total RMB)|rowCount=586date=20150715
2015-07-17 02:40:00|OK|Insert Into sum_pay_daily(First RMB)|rowCount=41date=20150716
2015-07-17 02:40:00|OK|Insert Into sum_pay_daily(Total RMB)|rowCount=504date=20150716
2015-07-18 02:40:00|OK|Insert Into sum_pay_daily(First RMB)|rowCount=36date=20150717
2015-07-18 02:40:00|OK|Insert Into sum_pay_daily(Total RMB)|rowCount=451date=20150717
2015-07-19 02:40:00|OK|Insert Into sum_pay_daily(First RMB)|rowCount=32date=20150718
2015-07-19 02:40:00|OK|Insert Into sum_pay_daily(Total RMB)|rowCount=566date=20150718
2015-07-20 02:40:00|OK|Insert Into sum_pay_daily(First RMB)|rowCount=27date=20150719
2015-07-20 02:40:00|OK|Insert Into sum_pay_daily(Total RMB)|rowCount=586date=20150719
2015-07-21 02:40:00|OK|Insert Into sum_pay_daily(First RMB)|rowCount=34date=20150720
2015-07-21 02:40:00|OK|Insert Into sum_pay_daily(Total RMB)|rowCount=542date=20150720
2015-07-22 02:40:00|OK|Insert Into sum_pay_daily(First RMB)|rowCount=39date=20150721
2015-07-22 02:40:00|OK|Insert Into sum_pay_daily(Total RMB)|rowCount=582date=20150721
2015-07-23 02:40:00|OK|Insert Into sum_pay_daily(First RMB)|rowCount=29date=20150722
2015-07-23 02:40:00|OK|Insert Into sum_pay_daily(Total RMB)|rowCount=497date=20150722
2015-07-24 02:40:00|OK|Insert Into sum_pay_daily(First RMB)|rowCount=24date=20150723
2015-07-24 02:40:00|OK|Insert Into sum_pay_daily(Total RMB)|rowCount=461date=20150723
2015-07-25 02:40:00|OK|Insert Into sum_pay_daily(First RMB)|rowCount=35date=20150724
2015-07-25 02:40:00|OK|Insert Into sum_pay_daily(Total RMB)|rowCount=538date=20150724
2015-07-26 02:40:00|OK|Insert Into sum_pay_daily(First RMB)|rowCount=38date=20150725
2015-07-26 02:40:00|OK|Insert Into sum_pay_daily(Total RMB)|rowCount=601date=20150725
2015-07-27 02:40:00|OK|Insert Into sum_pay_daily(First RMB)|rowCount=29date=20150726
2015-07-27 02:40:00|OK|Insert Into sum_pay_daily(Total RMB)|rowCount=578date=20150726
2015-07-28 02:40:00|OK|Insert Into sum_pay_daily(First RMB)|rowCount=27date=20150727
2015-07-28 02:40:00|OK|Insert Into sum_pay_daily(Total RMB)|rowCount=563date=20150727
2015-07-29 02:40:00|OK|Insert Into sum_pay_daily(First RMB)|rowCount=35date=20150728
2015-07-29 02:40:00|OK|Insert Into sum_pay_daily(Total RMB)|rowCount=500date=20150728
2015-07-30 02:40:00|OK|Insert Into sum_pay_daily(First RMB)|rowCount=30date=20150729
2015-07-30 02:40:00|OK|Insert Into sum_pay_daily(Total RMB)|rowCount=392date=20150729
2015-07-31 02:40:00|OK|Insert Into sum_pay_daily(First RMB)|rowCount=28date=20150730
2015-07-31 02:40:00|OK|Insert Into sum_pay_daily(Total RMB)|rowCount=423date=20150730
2015-08-01 02:40:00|OK|Insert Into sum_pay_daily(First RMB)|rowCount=36date=20150731
2015-08-01 02:40:00|OK|Insert Into sum_pay_daily(Total RMB)|rowCount=376date=20150731
2015-08-02 02:40:00|OK|Insert Into sum_pay_daily(First RMB)|rowCount=48date=20150801
2015-08-02 02:40:00|OK|Insert Into sum_pay_daily(Total RMB)|rowCount=575date=20150801
2015-08-03 02:40:00|OK|Insert Into sum_pay_daily(First RMB)|rowCount=31date=20150802
2015-08-03 02:40:00|OK|Insert Into sum_pay_daily(Total RMB)|rowCount=623date=20150802
2015-08-04 02:40:00|OK|Insert Into sum_pay_daily(First RMB)|rowCount=29date=20150803
2015-08-04 02:40:00|OK|Insert Into sum_pay_daily(Total RMB)|rowCount=576date=20150803
2015-08-05 02:40:00|OK|Insert Into sum_pay_daily(First RMB)|rowCount=37date=20150804
2015-08-05 02:40:00|OK|Insert Into sum_pay_daily(Total RMB)|rowCount=496date=20150804
2015-08-06 02:40:00|OK|Insert Into sum_pay_daily(First RMB)|rowCount=45date=20150805
2015-08-06 02:40:00|OK|Insert Into sum_pay_daily(Total RMB)|rowCount=473date=20150805
2015-08-07 02:40:00|OK|Insert Into sum_pay_daily(First RMB)|rowCount=32date=20150806
2015-08-07 02:40:00|OK|Insert Into sum_pay_daily(Total RMB)|rowCount=501date=20150806
2015-08-08 02:40:00|OK|Insert Into sum_pay_daily(First RMB)|rowCount=33date=20150807
2015-08-08 02:40:00|OK|Insert Into sum_pay_daily(Total RMB)|rowCount=579date=20150807
2015-08-09 02:40:00|OK|Insert Into sum_pay_daily(First RMB)|rowCount=26date=20150808
2015-08-09 02:40:00|OK|Insert Into sum_pay_daily(Total RMB)|rowCount=621date=20150808
2015-08-10 02:40:00|OK|Insert Into sum_pay_daily(First RMB)|rowCount=34date=20150809
2015-08-10 02:40:00|OK|Insert Into sum_pay_daily(Total RMB)|rowCount=584date=20150809
2015-08-11 02:40:00|OK|Insert Into sum_pay_daily(First RMB)|rowCount=34date=20150810
2015-08-11 02:40:00|OK|Insert Into sum_pay_daily(Total RMB)|rowCount=485date=20150810
2015-08-12 02:40:00|OK|Insert Into sum_pay_daily(First RMB)|rowCount=43date=20150811
2015-08-12 02:40:00|OK|Insert Into sum_pay_daily(Total RMB)|rowCount=440date=20150811
2015-08-13 02:40:00|OK|Insert Into sum_pay_daily(First RMB)|rowCount=38date=20150812
2015-08-13 02:40:00|OK|Insert Into sum_pay_daily(Total RMB)|rowCount=497date=20150812
2015-08-14 02:40:00|OK|Insert Into sum_pay_daily(First RMB)|rowCount=30date=20150813
2015-08-14 02:40:00|OK|Insert Into sum_pay_daily(Total RMB)|rowCount=557date=20150813
2015-08-15 02:40:00|OK|Insert Into sum_pay_daily(First RMB)|rowCount=36date=20150814
2015-08-15 02:40:00|OK|Insert Into sum_pay_daily(Total RMB)|rowCount=539date=20150814
2015-08-16 02:40:00|OK|Insert Into sum_pay_daily(First RMB)|rowCount=38date=20150815
2015-08-16 02:40:00|OK|Insert Into sum_pay_daily(Total RMB)|rowCount=642date=20150815
2015-08-17 02:40:00|OK|Insert Into sum_pay_daily(First RMB)|rowCount=36date=20150816
2015-08-17 02:40:00|OK|Insert Into sum_pay_daily(Total RMB)|rowCount=482date=20150816
2015-08-18 02:40:00|OK|Insert Into sum_pay_daily(First RMB)|rowCount=30date=20150817
2015-08-18 02:40:00|OK|Insert Into sum_pay_daily(Total RMB)|rowCount=409date=20150817
2015-08-19 02:40:00|OK|Insert Into sum_pay_daily(First RMB)|rowCount=49date=20150818
2015-08-19 02:40:00|OK|Insert Into sum_pay_daily(Total RMB)|rowCount=502date=20150818
2015-08-20 02:40:00|OK|Insert Into sum_pay_daily(First RMB)|rowCount=37date=20150819
2015-08-20 02:40:00|OK|Insert Into sum_pay_daily(Total RMB)|rowCount=557date=20150819
2015-08-21 02:40:00|OK|Insert Into sum_pay_daily(First RMB)|rowCount=31date=20150820
2015-08-21 02:40:00|OK|Insert Into sum_pay_daily(Total RMB)|rowCount=525date=20150820
2015-08-22 02:40:00|OK|Insert Into sum_pay_daily(First RMB)|rowCount=43date=20150821
2015-08-22 02:40:00|OK|Insert Into sum_pay_daily(Total RMB)|rowCount=622date=20150821
2015-08-23 02:40:00|OK|Insert Into sum_pay_daily(First RMB)|rowCount=37date=20150822
2015-08-23 02:40:00|OK|Insert Into sum_pay_daily(Total RMB)|rowCount=420date=20150822
2015-08-24 02:40:00|OK|Insert Into sum_pay_daily(First RMB)|rowCount=34date=20150823
2015-08-24 02:40:00|OK|Insert Into sum_pay_daily(Total RMB)|rowCount=486date=20150823
2015-08-25 02:40:00|OK|Insert Into sum_pay_daily(First RMB)|rowCount=19date=20150824
2015-08-25 02:40:00|OK|Insert Into sum_pay_daily(Total RMB)|rowCount=392date=20150824
2015-08-26 02:40:00|OK|Insert Into sum_pay_daily(First RMB)|rowCount=40date=20150825
2015-08-26 02:40:00|OK|Insert Into sum_pay_daily(Total RMB)|rowCount=646date=20150825
2015-08-27 02:40:00|OK|Insert Into sum_pay_daily(First RMB)|rowCount=33date=20150826
2015-08-27 02:40:00|OK|Insert Into sum_pay_daily(Total RMB)|rowCount=528date=20150826
2015-08-28 02:40:00|OK|Insert Into sum_pay_daily(First RMB)|rowCount=26date=20150827
2015-08-28 02:40:00|OK|Insert Into sum_pay_daily(Total RMB)|rowCount=534date=20150827
2015-08-29 02:40:00|OK|Insert Into sum_pay_daily(First RMB)|rowCount=31date=20150828
2015-08-29 02:40:00|OK|Insert Into sum_pay_daily(Total RMB)|rowCount=511date=20150828
2015-08-30 02:40:00|OK|Insert Into sum_pay_daily(First RMB)|rowCount=41date=20150829
2015-08-30 02:40:00|OK|Insert Into sum_pay_daily(Total RMB)|rowCount=411date=20150829
2015-08-31 02:40:00|OK|Insert Into sum_pay_daily(First RMB)|rowCount=29date=20150830
2015-08-31 02:40:00|OK|Insert Into sum_pay_daily(Total RMB)|rowCount=395date=20150830
2015-09-01 02:40:00|OK|Insert Into sum_pay_daily(First RMB)|rowCount=31date=20150831
2015-09-01 02:40:00|OK|Insert Into sum_pay_daily(Total RMB)|rowCount=422date=20150831
2015-09-02 02:40:00|OK|Insert Into sum_pay_daily(First RMB)|rowCount=28date=20150901
2015-09-02 02:40:00|OK|Insert Into sum_pay_daily(Total RMB)|rowCount=561date=20150901
2015-09-03 02:40:00|OK|Insert Into sum_pay_daily(First RMB)|rowCount=41date=20150902
2015-09-03 02:40:00|OK|Insert Into sum_pay_daily(Total RMB)|rowCount=536date=20150902
2015-09-04 02:40:00|OK|Insert Into sum_pay_daily(First RMB)|rowCount=36date=20150903
2015-09-04 02:40:00|OK|Insert Into sum_pay_daily(Total RMB)|rowCount=533date=20150903
2015-09-05 02:40:00|OK|Insert Into sum_pay_daily(First RMB)|rowCount=33date=20150904
2015-09-05 02:40:00|OK|Insert Into sum_pay_daily(Total RMB)|rowCount=477date=20150904
2015-09-06 02:40:00|OK|Insert Into sum_pay_daily(First RMB)|rowCount=22date=20150905
2015-09-06 02:40:00|OK|Insert Into sum_pay_daily(Total RMB)|rowCount=406date=20150905
2015-09-07 02:40:00|OK|Insert Into sum_pay_daily(First RMB)|rowCount=35date=20150906
2015-09-07 02:40:00|OK|Insert Into sum_pay_daily(Total RMB)|rowCount=428date=20150906
2015-09-08 02:40:00|OK|Insert Into sum_pay_daily(First RMB)|rowCount=29date=20150907
2015-09-08 02:40:00|OK|Insert Into sum_pay_daily(Total RMB)|rowCount=500date=20150907
2015-09-09 02:40:00|OK|Insert Into sum_pay_daily(First RMB)|rowCount=25date=20150908
2015-09-09 02:40:00|OK|Insert Into sum_pay_daily(Total RMB)|rowCount=452date=20150908
2015-09-10 02:40:00|OK|Insert Into sum_pay_daily(First RMB)|rowCount=20date=20150909
2015-09-10 02:40:00|OK|Insert Into sum_pay_daily(Total RMB)|rowCount=454date=20150909
2015-09-11 02:40:00|OK|Insert Into sum_pay_daily(First RMB)|rowCount=49date=20150910
2015-09-11 02:40:00|OK|Insert Into sum_pay_daily(Total RMB)|rowCount=387date=20150910
2015-09-12 02:40:00|OK|Insert Into sum_pay_daily(First RMB)|rowCount=31date=20150911
2015-09-12 02:40:00|OK|Insert Into sum_pay_daily(Total RMB)|rowCount=419date=20150911
2015-09-13 02:40:00|OK|Insert Into sum_pay_daily(First RMB)|rowCount=29date=20150912
2015-09-13 02:40:00|OK|Insert Into sum_pay_daily(Total RMB)|rowCount=369date=20150912
2015-09-14 02:40:00|OK|Insert Into sum_pay_daily(First RMB)|rowCount=31date=20150913
2015-09-14 02:40:00|OK|Insert Into sum_pay_daily(Total RMB)|rowCount=518date=20150913
2015-09-15 02:40:00|OK|Insert Into sum_pay_daily(First RMB)|rowCount=39date=20150914
2015-09-15 02:40:00|OK|Insert Into sum_pay_daily(Total RMB)|rowCount=499date=20150914
2015-09-16 02:40:00|OK|Insert Into sum_pay_daily(First RMB)|rowCount=25date=20150915
2015-09-16 02:40:00|OK|Insert Into sum_pay_daily(Total RMB)|rowCount=485date=20150915
2015-09-17 02:40:00|OK|Insert Into sum_pay_daily(First RMB)|rowCount=30date=20150916
2015-09-17 02:40:00|OK|Insert Into sum_pay_daily(Total RMB)|rowCount=362date=20150916
2015-09-18 02:40:00|OK|Insert Into sum_pay_daily(First RMB)|rowCount=20date=20150917
2015-09-18 02:40:00|OK|Insert Into sum_pay_daily(Total RMB)|rowCount=464date=20150917
2015-09-19 02:40:00|OK|Insert Into sum_pay_daily(First RMB)|rowCount=35date=20150918
2015-09-19 02:40:00|OK|Insert Into sum_pay_daily(Total RMB)|rowCount=384date=20150918
2015-09-20 02:40:00|OK|Insert Into sum_pay_daily(First RMB)|rowCount=41date=20150919
2015-09-20 02:40:00|OK|Insert Into sum_pay_daily(Total RMB)|rowCount=614date=20150919
2015-09-21 02:40:00|OK|Insert Into sum_pay_daily(First RMB)|rowCount=25date=20150920
2015-09-21 02:40:00|OK|Insert Into sum_pay_daily(Total RMB)|rowCount=499date=20150920
2015-09-22 02:40:00|OK|Insert Into sum_pay_daily(First RMB)|rowCount=28date=20150921
2015-09-22 02:40:00|OK|Insert Into sum_pay_daily(Total RMB)|rowCount=492date=20150921
2015-09-23 02:40:00|OK|Insert Into sum_pay_daily(First RMB)|rowCount=36date=20150922
2015-09-23 02:40:00|OK|Insert Into sum_pay_daily(Total RMB)|rowCount=489date=20150922
2015-09-24 02:40:00|OK|Insert Into sum_pay_daily(First RMB)|rowCount=25date=20150923
2015-09-24 02:40:00|OK|Insert Into sum_pay_daily(Total RMB)|rowCount=344date=20150923
2015-09-25 02:40:00|OK|Insert Into sum_pay_daily(First RMB)|rowCount=29date=20150924
2015-09-25 02:40:00|OK|Insert Into sum_pay_daily(Total RMB)|rowCount=355date=20150924
2015-09-26 02:40:00|OK|Insert Into sum_pay_daily(First RMB)|rowCount=26date=20150925
2015-09-26 02:40:00|OK|Insert Into sum_pay_daily(Total RMB)|rowCount=572date=20150925
2015-09-27 02:40:00|OK|Insert Into sum_pay_daily(First RMB)|rowCount=41date=20150926
2015-09-27 02:40:00|OK|Insert Into sum_pay_daily(Total RMB)|rowCount=533date=20150926
2015-09-28 02:40:00|OK|Insert Into sum_pay_daily(First RMB)|rowCount=32date=20150927
2015-09-28 02:40:00|OK|Insert Into sum_pay_daily(Total RMB)|rowCount=523date=20150927
2015-09-29 02:40:00|OK|Insert Into sum_pay_daily(First RMB)|rowCount=17date=20150928
2015-09-29 02:40:00|OK|Insert Into sum_pay_daily(Total RMB)|rowCount=471date=20150928
2015-09-30 02:40:00|OK|Insert Into sum_pay_daily(First RMB)|rowCount=24date=20150929
2015-09-30 02:40:00|OK|Insert Into sum_pay_daily(Total RMB)|rowCount=378date=20150929
2015-10-01 02:40:00|OK|Insert Into sum_pay_daily(First RMB)|rowCount=36date=20150930
2015-10-01 02:40:00|OK|Insert Into sum_pay_daily(Total RMB)|rowCount=408date=20150930
2015-10-02 02:40:00|OK|Insert Into sum_pay_daily(First RMB)|rowCount=39date=20151001
2015-10-02 02:40:00|OK|Insert Into sum_pay_daily(Total RMB)|rowCount=563date=20151001
2015-10-03 02:40:00|OK|Insert Into sum_pay_daily(First RMB)|rowCount=26date=20151002
2015-10-03 02:40:00|OK|Insert Into sum_pay_daily(Total RMB)|rowCount=492date=20151002
2015-10-04 02:40:00|OK|Insert Into sum_pay_daily(First RMB)|rowCount=25date=20151003
2015-10-04 02:40:00|OK|Insert Into sum_pay_daily(Total RMB)|rowCount=494date=20151003
2015-10-05 02:40:00|OK|Insert Into sum_pay_daily(First RMB)|rowCount=29date=20151004
2015-10-05 02:40:00|OK|Insert Into sum_pay_daily(Total RMB)|rowCount=509date=20151004
2015-10-06 02:40:00|OK|Insert Into sum_pay_daily(First RMB)|rowCount=47date=20151005
2015-10-06 02:40:00|OK|Insert Into sum_pay_daily(Total RMB)|rowCount=437date=20151005
2015-10-07 02:40:00|OK|Insert Into sum_pay_daily(First RMB)|rowCount=30date=20151006
2015-10-07 02:40:00|OK|Insert Into sum_pay_daily(Total RMB)|rowCount=396date=20151006
2015-10-08 02:40:00|OK|Insert Into sum_pay_daily(First RMB)|rowCount=39date=20151007
2015-10-08 02:40:00|OK|Insert Into sum_pay_daily(Total RMB)|rowCount=527date=20151007
2015-10-09 02:40:00|OK|Insert Into sum_pay_daily(First RMB)|rowCount=39date=20151008
2015-10-09 02:40:00|OK|Insert Into sum_pay_daily(Total RMB)|rowCount=488date=20151008