---------------------------------------------------------------
[ 2017-11-21T12:01:50+08:00 ] 10.9.46.224 121.204.112.120 GET /hngame/public/index.php/yfe/index/archiveList/code/dc/count/0/num/10
[ info ] fhweb.u776.com:88/hngame/public/index.php/yfe/index/archiveList/code/dc/count/0/num/10 [运行时间：0.049708s][吞吐率：20.12req/s] [内存消耗：3,725.07kb] [文件加载：58]
[ info ] [ LANG ] /data/home/hngame/thinkphp/lang/zh-cn.php
[ info ] [ ROUTE ] array (
  'type' => 'module',
  'module' => 
  array (
    0 => 'yfe',
    1 => 'index',
    2 => 'archiveList',
  ),
)
[ info ] [ HEADER ] array (
  'host' => 'fhweb.u776.com:88',
  'connection' => 'keep-alive',
  'accept' => 'application/json, text/javascript, */*; q=0.01',
  'x-requested-with' => 'XMLHttpRequest',
  'user-agent' => 'Mozilla/5.0 (Linux; Android 6.0; Le X620 Build/HEXCNFN5902606111S; wv) AppleWebKit/537.36 (KHTML, like Gecko) Version/4.0 Chrome/49.0.2623.91 Mobile Safari/537.36',
  'referer' => 'http://fhweb.u776.com:88/hngame/public/static/web/yfe/daily_list.html?code=dc',
  'accept-encoding' => 'gzip, deflate',
  'accept-language' => 'zh-CN,en-US;q=0.8',
  'content-type' => '',
  'content-length' => '',
)
[ info ] [ PARAM ] array (
  'code' => 'dc',
  'count' => '0',
  'num' => '10',
)
[ info ] [ RUN ] app\yfe\controller\Index->archiveList[ /data/home/hngame/application/yfe/controller/Index.php ]
[ info ] [ DB ] INIT mysql
[ info ] [ LOG ] INIT File
[ sql ] [ DB ] CONNECT:[ UseTime:0.001618s ] mysql:dbname=guanwang;host=106.75.27.180;port=3306;charset=utf8
[ sql ] [ SQL ] SHOW COLUMNS FROM `hn_arctype` [ RunTime:0.002017s ]
[ sql ] [ SQL ] SELECT * FROM `hn_arctype` WHERE  `code` = 'dc' LIMIT 1 [ RunTime:0.000729s ]
[ sql ] [ SQL ] SHOW COLUMNS FROM `hn_archive` [ RunTime:0.001325s ]
[ sql ] [ SQL ] SELECT * FROM `hn_archive` WHERE  `typeid` = 5  AND `status` = 1 ORDER BY create_time desc LIMIT 0,10 [ RunTime:0.001140s ]
---------------------------------------------------------------
[ 2017-11-21T12:01:58+08:00 ] 10.9.46.224 121.204.112.120 GET /hngame/public/index.php/yfe/index/archiveList/code/dt/count/0/num/10
[ info ] fhweb.u776.com:88/hngame/public/index.php/yfe/index/archiveList/code/dt/count/0/num/10 [运行时间：0.038325s][吞吐率：26.09req/s] [内存消耗：3,709.06kb] [文件加载：58]
[ info ] [ LANG ] /data/home/hngame/thinkphp/lang/zh-cn.php
[ info ] [ ROUTE ] array (
  'type' => 'module',
  'module' => 
  array (
    0 => 'yfe',
    1 => 'index',
    2 => 'archiveList',
  ),
)
[ info ] [ HEADER ] array (
  'host' => 'fhweb.u776.com:88',
  'connection' => 'keep-alive',
  'accept' => 'application/json, text/javascript, */*; q=0.01',
  'x-requested-with' => 'XMLHttpRequest',
  'user-agent' => 'Mozilla/5.0 (Linux; Android 6.0; Le X620 Build/HEXCNFN5902606111S; wv) AppleWebKit/537.36 (KHTML, like Gecko) Version/4.0 Chrome/49.0.2623.91 Mobile Safari/537.36',
  'referer' => 'http://fhweb.u776.com:88/hngame/public/static/web/yfe/fashion_list.html?code=dt',
  'accept-encoding' => 'gzip, deflate',
  'accept-language' => 'zh-CN,en-US;q=0.8',
  'cookie' => 'PHPSESSID=84e4ecamjsjaqhg9mlmv7i6n93',
  'content-type' => '',
  'content-length' => '',
)
[ info ] [ PARAM ] array (
  'code' => 'dt',
  'count' => '0',
  'num' => '10',
)
[ info ] [ RUN ] app\yfe\controller\Index->archiveList[ /data/home/hngame/application/yfe/controller/Index.php ]
[ info ] [ DB ] INIT mysql
[ info ] [ LOG ] INIT File
[ sql ] [ DB ] CONNECT:[ UseTime:0.001273s ] mysql:dbname=guanwang;host=106.75.27.180;port=3306;charset=utf8
[ sql ] [ SQL ] SHOW COLUMNS FROM `hn_arctype` [ RunTime:0.001468s ]
[ sql ] [ SQL ] SELECT * FROM `hn_arctype` WHERE  `code` = 'dt' LIMIT 1 [ RunTime:0.000717s ]
[ sql ] [ SQL ] SHOW COLUMNS FROM `hn_archive` [ RunTime:0.001023s ]
[ sql ] [ SQL ] SELECT * FROM `hn_archive` WHERE  `typeid` = 6  AND `status` = 1 ORDER BY create_time desc LIMIT 0,10 [ RunTime:0.000856s ]
---------------------------------------------------------------
[ 2017-11-21T12:01:59+08:00 ] 10.9.46.224 121.204.112.120 GET /hngame/public/index.php/yfe/index/archiveList/code/dc/count/0/num/10
[ info ] fhweb.u776.com:88/hngame/public/index.php/yfe/index/archiveList/code/dc/count/0/num/10 [运行时间：0.044675s][吞吐率：22.38req/s] [内存消耗：3,725.22kb] [文件加载：58]
[ info ] [ LANG ] /data/home/hngame/thinkphp/lang/zh-cn.php
[ info ] [ ROUTE ] array (
  'type' => 'module',
  'module' => 
  array (
    0 => 'yfe',
    1 => 'index',
    2 => 'archiveList',
  ),
)
[ info ] [ HEADER ] array (
  'host' => 'fhweb.u776.com:88',
  'connection' => 'keep-alive',
  'accept' => 'application/json, text/javascript, */*; q=0.01',
  'x-requested-with' => 'XMLHttpRequest',
  'user-agent' => 'Mozilla/5.0 (Linux; Android 6.0; Le X620 Build/HEXCNFN5902606111S; wv) AppleWebKit/537.36 (KHTML, like Gecko) Version/4.0 Chrome/49.0.2623.91 Mobile Safari/537.36',
  'referer' => 'http://fhweb.u776.com:88/hngame/public/static/web/yfe/daily_list.html?code=dc',
  'accept-encoding' => 'gzip, deflate',
  'accept-language' => 'zh-CN,en-US;q=0.8',
  'cookie' => 'PHPSESSID=84e4ecamjsjaqhg9mlmv7i6n93',
  'content-type' => '',
  'content-length' => '',
)
[ info ] [ PARAM ] array (
  'code' => 'dc',
  'count' => '0',
  'num' => '10',
)
[ info ] [ RUN ] app\yfe\controller\Index->archiveList[ /data/home/hngame/application/yfe/controller/Index.php ]
[ info ] [ DB ] INIT mysql
[ info ] [ LOG ] INIT File
[ sql ] [ DB ] CONNECT:[ UseTime:0.001113s ] mysql:dbname=guanwang;host=106.75.27.180;port=3306;charset=utf8
[ sql ] [ SQL ] SHOW COLUMNS FROM `hn_arctype` [ RunTime:0.001563s ]
[ sql ] [ SQL ] SELECT * FROM `hn_arctype` WHERE  `code` = 'dc' LIMIT 1 [ RunTime:0.000757s ]
[ sql ] [ SQL ] SHOW COLUMNS FROM `hn_archive` [ RunTime:0.001048s ]
[ sql ] [ SQL ] SELECT * FROM `hn_archive` WHERE  `typeid` = 5  AND `status` = 1 ORDER BY create_time desc LIMIT 0,10 [ RunTime:0.000842s ]
---------------------------------------------------------------
[ 2017-11-21T14:30:58+08:00 ] 10.9.46.224 121.204.112.120 GET /hngame/public/index.php/yfe/index/detail/id/26
[ info ] fhweb.u776.com:88/hngame/public/index.php/yfe/index/detail/id/26 [运行时间：0.035667s][吞吐率：28.04req/s] [内存消耗：3,617.23kb] [文件加载：56]
[ info ] [ LANG ] /data/home/hngame/thinkphp/lang/zh-cn.php
[ info ] [ ROUTE ] array (
  'type' => 'module',
  'module' => 
  array (
    0 => 'yfe',
    1 => 'index',
    2 => 'detail',
  ),
)
[ info ] [ HEADER ] array (
  'host' => 'fhweb.u776.com:88',
  'connection' => 'keep-alive',
  'accept' => 'application/json, text/javascript, */*; q=0.01',
  'x-requested-with' => 'XMLHttpRequest',
  'user-agent' => 'Mozilla/5.0 (Linux; Android 6.0; Le X620 Build/HEXCNFN5902606111S; wv) AppleWebKit/537.36 (KHTML, like Gecko) Version/4.0 Chrome/49.0.2623.91 Mobile Safari/537.36',
  'referer' => 'http://fhweb.u776.com:88/hngame/public/static/web/yfe/content.html?id=26',
  'accept-encoding' => 'gzip, deflate',
  'accept-language' => 'zh-CN,en-US;q=0.8',
  'cookie' => 'PHPSESSID=84e4ecamjsjaqhg9mlmv7i6n93',
  'content-type' => '',
  'content-length' => '',
)
[ info ] [ PARAM ] array (
  'id' => '26',
)
[ info ] [ RUN ] app\yfe\controller\Index->detail[ /data/home/hngame/application/yfe/controller/Index.php ]
[ info ] [ DB ] INIT mysql
[ info ] [ LOG ] INIT File
[ sql ] [ DB ] CONNECT:[ UseTime:0.001257s ] mysql:dbname=guanwang;host=106.75.27.180;port=3306;charset=utf8
[ sql ] [ SQL ] SHOW COLUMNS FROM `hn_archive` [ RunTime:0.001378s ]
[ sql ] [ SQL ] SELECT * FROM `hn_archive` WHERE  `id` = 26 LIMIT 1 [ RunTime:0.000733s ]
---------------------------------------------------------------
[ 2017-11-21T16:55:03+08:00 ] 10.9.46.224 121.204.112.120 GET /hngame/public/index.php/yfe/index/archiveList/code/dc/count/0/num/10
[ info ] fhweb.u776.com:88/hngame/public/index.php/yfe/index/archiveList/code/dc/count/0/num/10 [运行时间：0.044460s][吞吐率：22.49req/s] [内存消耗：3,724.69kb] [文件加载：58]
[ info ] [ LANG ] /data/home/hngame/thinkphp/lang/zh-cn.php
[ info ] [ ROUTE ] array (
  'type' => 'module',
  'module' => 
  array (
    0 => 'yfe',
    1 => 'index',
    2 => 'archiveList',
  ),
)
[ info ] [ HEADER ] array (
  'host' => 'fhweb.u776.com:88',
  'accept-encoding' => 'gzip, deflate',
  'connection' => 'keep-alive',
  'accept' => 'application/json, text/javascript, */*; q=0.01',
  'user-agent' => 'Mozilla/5.0 (iPhone; CPU iPhone OS 10_3_1 like Mac OS X) AppleWebKit/603.1.30 (KHTML, like Gecko) Mobile/14E304',
  'referer' => 'http://fhweb.u776.com:88/hngame/public/static/web/yfe/daily_list.html?code=dc',
  'accept-language' => 'zh-cn',
  'x-requested-with' => 'XMLHttpRequest',
  'content-type' => '',
  'content-length' => '',
)
[ info ] [ PARAM ] array (
  'code' => 'dc',
  'count' => '0',
  'num' => '10',
)
[ info ] [ RUN ] app\yfe\controller\Index->archiveList[ /data/home/hngame/application/yfe/controller/Index.php ]
[ info ] [ DB ] INIT mysql
[ info ] [ LOG ] INIT File
[ sql ] [ DB ] CONNECT:[ UseTime:0.001491s ] mysql:dbname=guanwang;host=106.75.27.180;port=3306;charset=utf8
[ sql ] [ SQL ] SHOW COLUMNS FROM `hn_arctype` [ RunTime:0.001690s ]
[ sql ] [ SQL ] SELECT * FROM `hn_arctype` WHERE  `code` = 'dc' LIMIT 1 [ RunTime:0.000700s ]
[ sql ] [ SQL ] SHOW COLUMNS FROM `hn_archive` [ RunTime:0.001133s ]
[ sql ] [ SQL ] SELECT * FROM `hn_archive` WHERE  `typeid` = 5  AND `status` = 1 ORDER BY create_time desc LIMIT 0,10 [ RunTime:0.000712s ]
---------------------------------------------------------------
[ 2017-11-21T16:55:12+08:00 ] 10.9.46.224 121.204.112.120 GET /hngame/public/index.php/yfe/index/archiveList/code/dt/count/0/num/10
[ info ] fhweb.u776.com:88/hngame/public/index.php/yfe/index/archiveList/code/dt/count/0/num/10 [运行时间：0.040249s][吞吐率：24.85req/s] [内存消耗：3,708.98kb] [文件加载：58]
[ info ] [ LANG ] /data/home/hngame/thinkphp/lang/zh-cn.php
[ info ] [ ROUTE ] array (
  'type' => 'module',
  'module' => 
  array (
    0 => 'yfe',
    1 => 'index',
    2 => 'archiveList',
  ),
)
[ info ] [ HEADER ] array (
  'host' => 'fhweb.u776.com:88',
  'accept-encoding' => 'gzip, deflate',
  'cookie' => 'PHPSESSID=3g9n55ee99ibnobjr7eafisba1',
  'connection' => 'keep-alive',
  'accept' => 'application/json, text/javascript, */*; q=0.01',
  'user-agent' => 'Mozilla/5.0 (iPhone; CPU iPhone OS 10_3_1 like Mac OS X) AppleWebKit/603.1.30 (KHTML, like Gecko) Mobile/14E304',
  'referer' => 'http://fhweb.u776.com:88/hngame/public/static/web/yfe/fashion_list.html?code=dt',
  'accept-language' => 'zh-cn',
  'x-requested-with' => 'XMLHttpRequest',
  'content-type' => '',
  'content-length' => '',
)
[ info ] [ PARAM ] array (
  'code' => 'dt',
  'count' => '0',
  'num' => '10',
)
[ info ] [ RUN ] app\yfe\controller\Index->archiveList[ /data/home/hngame/application/yfe/controller/Index.php ]
[ info ] [ DB ] INIT mysql
[ info ] [ LOG ] INIT File
[ sql ] [ DB ] CONNECT:[ UseTime:0.001316s ] mysql:dbname=guanwang;host=106.75.27.180;port=3306;charset=utf8
[ sql ] [ SQL ] SHOW COLUMNS FROM `hn_arctype` [ RunTime:0.001543s ]
[ sql ] [ SQL ] SELECT * FROM `hn_arctype` WHERE  `code` = 'dt' LIMIT 1 [ RunTime:0.000759s ]
[ sql ] [ SQL ] SHOW COLUMNS FROM `hn_archive` [ RunTime:0.001307s ]
[ sql ] [ SQL ] SELECT * FROM `hn_archive` WHERE  `typeid` = 6  AND `status` = 1 ORDER BY create_time desc LIMIT 0,10 [ RunTime:0.000788s ]
---------------------------------------------------------------
[ 2017-11-21T16:55:15+08:00 ] 10.9.46.224 121.204.112.120 GET /hngame/public/index.php/yfe/index/archiveList/code/dt/count/0/num/10
[ info ] fhweb.u776.com:88/hngame/public/index.php/yfe/index/archiveList/code/dt/count/0/num/10 [运行时间：0.047117s][吞吐率：21.22req/s] [内存消耗：3,708.98kb] [文件加载：58]
[ info ] [ LANG ] /data/home/hngame/thinkphp/lang/zh-cn.php
[ info ] [ ROUTE ] array (
  'type' => 'module',
  'module' => 
  array (
    0 => 'yfe',
    1 => 'index',
    2 => 'archiveList',
  ),
)
[ info ] [ HEADER ] array (
  'host' => 'fhweb.u776.com:88',
  'accept-encoding' => 'gzip, deflate',
  'cookie' => 'PHPSESSID=3g9n55ee99ibnobjr7eafisba1',
  'connection' => 'keep-alive',
  'accept' => 'application/json, text/javascript, */*; q=0.01',
  'user-agent' => 'Mozilla/5.0 (iPhone; CPU iPhone OS 10_3_1 like Mac OS X) AppleWebKit/603.1.30 (KHTML, like Gecko) Mobile/14E304',
  'referer' => 'http://fhweb.u776.com:88/hngame/public/static/web/yfe/fashion_list.html?code=dt',
  'accept-language' => 'zh-cn',
  'x-requested-with' => 'XMLHttpRequest',
  'content-type' => '',
  'content-length' => '',
)
[ info ] [ PARAM ] array (
  'code' => 'dt',
  'count' => '0',
  'num' => '10',
)
[ info ] [ RUN ] app\yfe\controller\Index->archiveList[ /data/home/hngame/application/yfe/controller/Index.php ]
[ info ] [ DB ] INIT mysql
[ info ] [ LOG ] INIT File
[ sql ] [ DB ] CONNECT:[ UseTime:0.001340s ] mysql:dbname=guanwang;host=106.75.27.180;port=3306;charset=utf8
[ sql ] [ SQL ] SHOW COLUMNS FROM `hn_arctype` [ RunTime:0.001902s ]
[ sql ] [ SQL ] SELECT * FROM `hn_arctype` WHERE  `code` = 'dt' LIMIT 1 [ RunTime:0.000793s ]
[ sql ] [ SQL ] SHOW COLUMNS FROM `hn_archive` [ RunTime:0.001363s ]
[ sql ] [ SQL ] SELECT * FROM `hn_archive` WHERE  `typeid` = 6  AND `status` = 1 ORDER BY create_time desc LIMIT 0,10 [ RunTime:0.000614s ]
---------------------------------------------------------------
[ 2017-11-21T16:55:17+08:00 ] 10.9.46.224 121.204.112.120 GET /hngame/public/index.php/yfe/index/archiveList/code/dc/count/0/num/10
[ info ] fhweb.u776.com:88/hngame/public/index.php/yfe/index/archiveList/code/dc/count/0/num/10 [运行时间：0.047435s][吞吐率：21.08req/s] [内存消耗：3,724.99kb] [文件加载：58]
[ info ] [ LANG ] /data/home/hngame/thinkphp/lang/zh-cn.php
[ info ] [ ROUTE ] array (
  'type' => 'module',
  'module' => 
  array (
    0 => 'yfe',
    1 => 'index',
    2 => 'archiveList',
  ),
)
[ info ] [ HEADER ] array (
  'host' => 'fhweb.u776.com:88',
  'accept-encoding' => 'gzip, deflate',
  'cookie' => 'PHPSESSID=3g9n55ee99ibnobjr7eafisba1',
  'connection' => 'keep-alive',
  'accept' => 'application/json, text/javascript, */*; q=0.01',
  'user-agent' => 'Mozilla/5.0 (iPhone; CPU iPhone OS 10_3_1 like Mac OS X) AppleWebKit/603.1.30 (KHTML, like Gecko) Mobile/14E304',
  'referer' => 'http://fhweb.u776.com:88/hngame/public/static/web/yfe/daily_list.html?code=dc',
  'accept-language' => 'zh-cn',
  'x-requested-with' => 'XMLHttpRequest',
  'content-type' => '',
  'content-length' => '',
)
[ info ] [ PARAM ] array (
  'code' => 'dc',
  'count' => '0',
  'num' => '10',
)
[ info ] [ RUN ] app\yfe\controller\Index->archiveList[ /data/home/hngame/application/yfe/controller/Index.php ]
[ info ] [ DB ] INIT mysql
[ info ] [ LOG ] INIT File
[ sql ] [ DB ] CONNECT:[ UseTime:0.001279s ] mysql:dbname=guanwang;host=106.75.27.180;port=3306;charset=utf8
[ sql ] [ SQL ] SHOW COLUMNS FROM `hn_arctype` [ RunTime:0.001548s ]
[ sql ] [ SQL ] SELECT * FROM `hn_arctype` WHERE  `code` = 'dc' LIMIT 1 [ RunTime:0.000726s ]
[ sql ] [ SQL ] SHOW COLUMNS FROM `hn_archive` [ RunTime:0.001903s ]
[ sql ] [ SQL ] SELECT * FROM `hn_archive` WHERE  `typeid` = 5  AND `status` = 1 ORDER BY create_time desc LIMIT 0,10 [ RunTime:0.000896s ]
---------------------------------------------------------------
[ 2017-11-21T16:55:19+08:00 ] 10.9.46.224 121.204.112.120 GET /hngame/public/index.php/yfe/index/archiveList/code/dc/count/0/num/10
[ info ] fhweb.u776.com:88/hngame/public/index.php/yfe/index/archiveList/code/dc/count/0/num/10 [运行时间：0.054901s][吞吐率：18.21req/s] [内存消耗：3,724.99kb] [文件加载：58]
[ info ] [ LANG ] /data/home/hngame/thinkphp/lang/zh-cn.php
[ info ] [ ROUTE ] array (
  'type' => 'module',
  'module' => 
  array (
    0 => 'yfe',
    1 => 'index',
    2 => 'archiveList',
  ),
)
[ info ] [ HEADER ] array (
  'host' => 'fhweb.u776.com:88',
  'accept-encoding' => 'gzip, deflate',
  'cookie' => 'PHPSESSID=3g9n55ee99ibnobjr7eafisba1',
  'connection' => 'keep-alive',
  'accept' => 'application/json, text/javascript, */*; q=0.01',
  'user-agent' => 'Mozilla/5.0 (iPhone; CPU iPhone OS 10_3_1 like Mac OS X) AppleWebKit/603.1.30 (KHTML, like Gecko) Mobile/14E304',
  'referer' => 'http://fhweb.u776.com:88/hngame/public/static/web/yfe/daily_list.html?code=dc',
  'accept-language' => 'zh-cn',
  'x-requested-with' => 'XMLHttpRequest',
  'content-type' => '',
  'content-length' => '',
)
[ info ] [ PARAM ] array (
  'code' => 'dc',
  'count' => '0',
  'num' => '10',
)
[ info ] [ RUN ] app\yfe\controller\Index->archiveList[ /data/home/hngame/application/yfe/controller/Index.php ]
[ info ] [ DB ] INIT mysql
[ info ] [ LOG ] INIT File
[ sql ] [ DB ] CONNECT:[ UseTime:0.001445s ] mysql:dbname=guanwang;host=106.75.27.180;port=3306;charset=utf8
[ sql ] [ SQL ] SHOW COLUMNS FROM `hn_arctype` [ RunTime:0.001865s ]
[ sql ] [ SQL ] SELECT * FROM `hn_arctype` WHERE  `code` = 'dc' LIMIT 1 [ RunTime:0.000824s ]
[ sql ] [ SQL ] SHOW COLUMNS FROM `hn_archive` [ RunTime:0.002565s ]
[ sql ] [ SQL ] SELECT * FROM `hn_archive` WHERE  `typeid` = 5  AND `status` = 1 ORDER BY create_time desc LIMIT 0,10 [ RunTime:0.000821s ]
---------------------------------------------------------------
[ 2017-11-21T16:55:21+08:00 ] 10.9.46.224 121.204.112.120 GET /hngame/public/index.php/yfe/index/detail/id/26
[ info ] fhweb.u776.com:88/hngame/public/index.php/yfe/index/detail/id/26 [运行时间：0.041085s][吞吐率：24.34req/s] [内存消耗：3,617.45kb] [文件加载：56]
[ info ] [ LANG ] /data/home/hngame/thinkphp/lang/zh-cn.php
[ info ] [ ROUTE ] array (
  'type' => 'module',
  'module' => 
  array (
    0 => 'yfe',
    1 => 'index',
    2 => 'detail',
  ),
)
[ info ] [ HEADER ] array (
  'host' => 'fhweb.u776.com:88',
  'accept-encoding' => 'gzip, deflate',
  'cookie' => 'PHPSESSID=3g9n55ee99ibnobjr7eafisba1',
  'connection' => 'keep-alive',
  'accept' => 'application/json, text/javascript, */*; q=0.01',
  'user-agent' => 'Mozilla/5.0 (iPhone; CPU iPhone OS 10_3_1 like Mac OS X) AppleWebKit/603.1.30 (KHTML, like Gecko) Mobile/14E304',
  'referer' => 'http://fhweb.u776.com:88/hngame/public/static/web/yfe/content.html?id=26',
  'accept-language' => 'zh-cn',
  'x-requested-with' => 'XMLHttpRequest',
  'content-type' => '',
  'content-length' => '',
)
[ info ] [ PARAM ] array (
  'id' => '26',
)
[ info ] [ RUN ] app\yfe\controller\Index->detail[ /data/home/hngame/application/yfe/controller/Index.php ]
[ info ] [ DB ] INIT mysql
[ info ] [ LOG ] INIT File
[ sql ] [ DB ] CONNECT:[ UseTime:0.001519s ] mysql:dbname=guanwang;host=106.75.27.180;port=3306;charset=utf8
[ sql ] [ SQL ] SHOW COLUMNS FROM `hn_archive` [ RunTime:0.001279s ]
[ sql ] [ SQL ] SELECT * FROM `hn_archive` WHERE  `id` = 26 LIMIT 1 [ RunTime:0.000684s ]
---------------------------------------------------------------
[ 2017-11-21T16:55:29+08:00 ] 10.9.46.224 121.204.112.120 GET /hngame/public/index.php/yfe/index/archiveList/code/dc/count/0/num/10
[ info ] fhweb.u776.com:88/hngame/public/index.php/yfe/index/archiveList/code/dc/count/0/num/10 [运行时间：0.045029s][吞吐率：22.21req/s] [内存消耗：3,724.99kb] [文件加载：58]
[ info ] [ LANG ] /data/home/hngame/thinkphp/lang/zh-cn.php
[ info ] [ ROUTE ] array (
  'type' => 'module',
  'module' => 
  array (
    0 => 'yfe',
    1 => 'index',
    2 => 'archiveList',
  ),
)
[ info ] [ HEADER ] array (
  'host' => 'fhweb.u776.com:88',
  'accept-encoding' => 'gzip, deflate',
  'cookie' => 'PHPSESSID=3g9n55ee99ibnobjr7eafisba1',
  'connection' => 'keep-alive',
  'accept' => 'application/json, text/javascript, */*; q=0.01',
  'user-agent' => 'Mozilla/5.0 (iPhone; CPU iPhone OS 10_3_1 like Mac OS X) AppleWebKit/603.1.30 (KHTML, like Gecko) Mobile/14E304',
  'referer' => 'http://fhweb.u776.com:88/hngame/public/static/web/yfe/daily_list.html?code=dc',
  'accept-language' => 'zh-cn',
  'x-requested-with' => 'XMLHttpRequest',
  'content-type' => '',
  'content-length' => '',
)
[ info ] [ PARAM ] array (
  'code' => 'dc',
  'count' => '0',
  'num' => '10',
)
[ info ] [ RUN ] app\yfe\controller\Index->archiveList[ /data/home/hngame/application/yfe/controller/Index.php ]
[ info ] [ DB ] INIT mysql
[ info ] [ LOG ] INIT File
[ sql ] [ DB ] CONNECT:[ UseTime:0.001243s ] mysql:dbname=guanwang;host=106.75.27.180;port=3306;charset=utf8
[ sql ] [ SQL ] SHOW COLUMNS FROM `hn_arctype` [ RunTime:0.001672s ]
[ sql ] [ SQL ] SELECT * FROM `hn_arctype` WHERE  `code` = 'dc' LIMIT 1 [ RunTime:0.000773s ]
[ sql ] [ SQL ] SHOW COLUMNS FROM `hn_archive` [ RunTime:0.002613s ]
[ sql ] [ SQL ] SELECT * FROM `hn_archive` WHERE  `typeid` = 5  AND `status` = 1 ORDER BY create_time desc LIMIT 0,10 [ RunTime:0.001017s ]
---------------------------------------------------------------
[ 2017-11-21T16:55:33+08:00 ] 10.9.46.224 121.204.112.120 GET /hngame/public/index.php/yfe/index/detail/id/27
[ info ] fhweb.u776.com:88/hngame/public/index.php/yfe/index/detail/id/27 [运行时间：0.040442s][吞吐率：24.73req/s] [内存消耗：3,612.23kb] [文件加载：56]
[ info ] [ LANG ] /data/home/hngame/thinkphp/lang/zh-cn.php
[ info ] [ ROUTE ] array (
  'type' => 'module',
  'module' => 
  array (
    0 => 'yfe',
    1 => 'index',
    2 => 'detail',
  ),
)
[ info ] [ HEADER ] array (
  'host' => 'fhweb.u776.com:88',
  'accept-encoding' => 'gzip, deflate',
  'cookie' => 'PHPSESSID=3g9n55ee99ibnobjr7eafisba1',
  'connection' => 'keep-alive',
  'accept' => 'application/json, text/javascript, */*; q=0.01',
  'user-agent' => 'Mozilla/5.0 (iPhone; CPU iPhone OS 10_3_1 like Mac OS X) AppleWebKit/603.1.30 (KHTML, like Gecko) Mobile/14E304',
  'referer' => 'http://fhweb.u776.com:88/hngame/public/static/web/yfe/content.html?id=27',
  'accept-language' => 'zh-cn',
  'x-requested-with' => 'XMLHttpRequest',
  'content-type' => '',
  'content-length' => '',
)
[ info ] [ PARAM ] array (
  'id' => '27',
)
[ info ] [ RUN ] app\yfe\controller\Index->detail[ /data/home/hngame/application/yfe/controller/Index.php ]
[ info ] [ DB ] INIT mysql
[ info ] [ LOG ] INIT File
[ sql ] [ DB ] CONNECT:[ UseTime:0.001371s ] mysql:dbname=guanwang;host=106.75.27.180;port=3306;charset=utf8
[ sql ] [ SQL ] SHOW COLUMNS FROM `hn_archive` [ RunTime:0.001434s ]
[ sql ] [ SQL ] SELECT * FROM `hn_archive` WHERE  `id` = 27 LIMIT 1 [ RunTime:0.000769s ]
---------------------------------------------------------------
[ 2017-11-21T16:55:34+08:00 ] 10.9.46.224 121.204.112.120 GET /hngame/public/index.php/yfe/index/archiveList/code/dc/count/0/num/10
[ info ] fhweb.u776.com:88/hngame/public/index.php/yfe/index/archiveList/code/dc/count/0/num/10 [运行时间：0.047737s][吞吐率：20.95req/s] [内存消耗：3,724.99kb] [文件加载：58]
[ info ] [ LANG ] /data/home/hngame/thinkphp/lang/zh-cn.php
[ info ] [ ROUTE ] array (
  'type' => 'module',
  'module' => 
  array (
    0 => 'yfe',
    1 => 'index',
    2 => 'archiveList',
  ),
)
[ info ] [ HEADER ] array (
  'host' => 'fhweb.u776.com:88',
  'accept-encoding' => 'gzip, deflate',
  'cookie' => 'PHPSESSID=3g9n55ee99ibnobjr7eafisba1',
  'connection' => 'keep-alive',
  'accept' => 'application/json, text/javascript, */*; q=0.01',
  'user-agent' => 'Mozilla/5.0 (iPhone; CPU iPhone OS 10_3_1 like Mac OS X) AppleWebKit/603.1.30 (KHTML, like Gecko) Mobile/14E304',
  'referer' => 'http://fhweb.u776.com:88/hngame/public/static/web/yfe/daily_list.html?code=dc',
  'accept-language' => 'zh-cn',
  'x-requested-with' => 'XMLHttpRequest',
  'content-type' => '',
  'content-length' => '',
)
[ info ] [ PARAM ] array (
  'code' => 'dc',
  'count' => '0',
  'num' => '10',
)
[ info ] [ RUN ] app\yfe\controller\Index->archiveList[ /data/home/hngame/application/yfe/controller/Index.php ]
[ info ] [ DB ] INIT mysql
[ info ] [ LOG ] INIT File
[ sql ] [ DB ] CONNECT:[ UseTime:0.001105s ] mysql:dbname=guanwang;host=106.75.27.180;port=3306;charset=utf8
[ sql ] [ SQL ] SHOW COLUMNS FROM `hn_arctype` [ RunTime:0.001560s ]
[ sql ] [ SQL ] SELECT * FROM `hn_arctype` WHERE  `code` = 'dc' LIMIT 1 [ RunTime:0.000914s ]
[ sql ] [ SQL ] SHOW COLUMNS FROM `hn_archive` [ RunTime:0.001834s ]
[ sql ] [ SQL ] SELECT * FROM `hn_archive` WHERE  `typeid` = 5  AND `status` = 1 ORDER BY create_time desc LIMIT 0,10 [ RunTime:0.000721s ]
---------------------------------------------------------------
[ 2017-11-21T16:55:36+08:00 ] 10.9.46.224 121.204.112.120 GET /hngame/public/index.php/yfe/index/detail/id/26
[ info ] fhweb.u776.com:88/hngame/public/index.php/yfe/index/detail/id/26 [运行时间：0.046995s][吞吐率：21.28req/s] [内存消耗：3,617.45kb] [文件加载：56]
[ info ] [ LANG ] /data/home/hngame/thinkphp/lang/zh-cn.php
[ info ] [ ROUTE ] array (
  'type' => 'module',
  'module' => 
  array (
    0 => 'yfe',
    1 => 'index',
    2 => 'detail',
  ),
)
[ info ] [ HEADER ] array (
  'host' => 'fhweb.u776.com:88',
  'accept-encoding' => 'gzip, deflate',
  'cookie' => 'PHPSESSID=3g9n55ee99ibnobjr7eafisba1',
  'connection' => 'keep-alive',
  'accept' => 'application/json, text/javascript, */*; q=0.01',
  'user-agent' => 'Mozilla/5.0 (iPhone; CPU iPhone OS 10_3_1 like Mac OS X) AppleWebKit/603.1.30 (KHTML, like Gecko) Mobile/14E304',
  'referer' => 'http://fhweb.u776.com:88/hngame/public/static/web/yfe/content.html?id=26',
  'accept-language' => 'zh-cn',
  'x-requested-with' => 'XMLHttpRequest',
  'content-type' => '',
  'content-length' => '',
)
[ info ] [ PARAM ] array (
  'id' => '26',
)
[ info ] [ RUN ] app\yfe\controller\Index->detail[ /data/home/hngame/application/yfe/controller/Index.php ]
[ info ] [ DB ] INIT mysql
[ info ] [ LOG ] INIT File
[ sql ] [ DB ] CONNECT:[ UseTime:0.001463s ] mysql:dbname=guanwang;host=106.75.27.180;port=3306;charset=utf8
[ sql ] [ SQL ] SHOW COLUMNS FROM `hn_archive` [ RunTime:0.001516s ]
[ sql ] [ SQL ] SELECT * FROM `hn_archive` WHERE  `id` = 26 LIMIT 1 [ RunTime:0.000851s ]
---------------------------------------------------------------
[ 2017-11-21T16:55:43+08:00 ] 10.9.46.224 121.204.112.120 GET /hngame/public/index.php/yfe/index/archiveList/code/dc/count/0/num/10
[ info ] fhweb.u776.com:88/hngame/public/index.php/yfe/index/archiveList/code/dc/count/0/num/10 [运行时间：0.044940s][吞吐率：22.25req/s] [内存消耗：3,724.99kb] [文件加载：58]
[ info ] [ LANG ] /data/home/hngame/thinkphp/lang/zh-cn.php
[ info ] [ ROUTE ] array (
  'type' => 'module',
  'module' => 
  array (
    0 => 'yfe',
    1 => 'index',
    2 => 'archiveList',
  ),
)
[ info ] [ HEADER ] array (
  'host' => 'fhweb.u776.com:88',
  'accept-encoding' => 'gzip, deflate',
  'cookie' => 'PHPSESSID=3g9n55ee99ibnobjr7eafisba1',
  'connection' => 'keep-alive',
  'accept' => 'application/json, text/javascript, */*; q=0.01',
  'user-agent' => 'Mozilla/5.0 (iPhone; CPU iPhone OS 10_3_1 like Mac OS X) AppleWebKit/603.1.30 (KHTML, like Gecko) Mobile/14E304',
  'referer' => 'http://fhweb.u776.com:88/hngame/public/static/web/yfe/daily_list.html?code=dc',
  'accept-language' => 'zh-cn',
  'x-requested-with' => 'XMLHttpRequest',
  'content-type' => '',
  'content-length' => '',
)
[ info ] [ PARAM ] array (
  'code' => 'dc',
  'count' => '0',
  'num' => '10',
)
[ info ] [ RUN ] app\yfe\controller\Index->archiveList[ /data/home/hngame/application/yfe/controller/Index.php ]
[ info ] [ DB ] INIT mysql
[ info ] [ LOG ] INIT File
[ sql ] [ DB ] CONNECT:[ UseTime:0.001349s ] mysql:dbname=guanwang;host=106.75.27.180;port=3306;charset=utf8
[ sql ] [ SQL ] SHOW COLUMNS FROM `hn_arctype` [ RunTime:0.004061s ]
[ sql ] [ SQL ] SELECT * FROM `hn_arctype` WHERE  `code` = 'dc' LIMIT 1 [ RunTime:0.000826s ]
[ sql ] [ SQL ] SHOW COLUMNS FROM `hn_archive` [ RunTime:0.001208s ]
[ sql ] [ SQL ] SELECT * FROM `hn_archive` WHERE  `typeid` = 5  AND `status` = 1 ORDER BY create_time desc LIMIT 0,10 [ RunTime:0.000868s ]
---------------------------------------------------------------
[ 2017-11-21T16:55:48+08:00 ] 10.9.46.224 121.204.112.120 GET /hngame/public/index.php/yfe/index/archiveList/code/dt/count/0/num/10
[ info ] fhweb.u776.com:88/hngame/public/index.php/yfe/index/archiveList/code/dt/count/0/num/10 [运行时间：0.047938s][吞吐率：20.86req/s] [内存消耗：3,708.98kb] [文件加载：58]
[ info ] [ LANG ] /data/home/hngame/thinkphp/lang/zh-cn.php
[ info ] [ ROUTE ] array (
  'type' => 'module',
  'module' => 
  array (
    0 => 'yfe',
    1 => 'index',
    2 => 'archiveList',
  ),
)
[ info ] [ HEADER ] array (
  'host' => 'fhweb.u776.com:88',
  'accept-encoding' => 'gzip, deflate',
  'cookie' => 'PHPSESSID=3g9n55ee99ibnobjr7eafisba1',
  'connection' => 'keep-alive',
  'accept' => 'application/json, text/javascript, */*; q=0.01',
  'user-agent' => 'Mozilla/5.0 (iPhone; CPU iPhone OS 10_3_1 like Mac OS X) AppleWebKit/603.1.30 (KHTML, like Gecko) Mobile/14E304',
  'referer' => 'http://fhweb.u776.com:88/hngame/public/static/web/yfe/fashion_list.html?code=dt',
  'accept-language' => 'zh-cn',
  'x-requested-with' => 'XMLHttpRequest',
  'content-type' => '',
  'content-length' => '',
)
[ info ] [ PARAM ] array (
  'code' => 'dt',
  'count' => '0',
  'num' => '10',
)
[ info ] [ RUN ] app\yfe\controller\Index->archiveList[ /data/home/hngame/application/yfe/controller/Index.php ]
[ info ] [ DB ] INIT mysql
[ info ] [ LOG ] INIT File
[ sql ] [ DB ] CONNECT:[ UseTime:0.001275s ] mysql:dbname=guanwang;host=106.75.27.180;port=3306;charset=utf8
[ sql ] [ SQL ] SHOW COLUMNS FROM `hn_arctype` [ RunTime:0.001889s ]
[ sql ] [ SQL ] SELECT * FROM `hn_arctype` WHERE  `code` = 'dt' LIMIT 1 [ RunTime:0.000771s ]
[ sql ] [ SQL ] SHOW COLUMNS FROM `hn_archive` [ RunTime:0.001245s ]
[ sql ] [ SQL ] SELECT * FROM `hn_archive` WHERE  `typeid` = 6  AND `status` = 1 ORDER BY create_time desc LIMIT 0,10 [ RunTime:0.000592s ]
---------------------------------------------------------------
[ 2017-11-21T16:55:50+08:00 ] 10.9.46.224 121.204.112.120 GET /hngame/public/index.php/yfe/index/archiveList/code/dc/count/0/num/10
[ info ] fhweb.u776.com:88/hngame/public/index.php/yfe/index/archiveList/code/dc/count/0/num/10 [运行时间：0.045102s][吞吐率：22.17req/s] [内存消耗：3,724.99kb] [文件加载：58]
[ info ] [ LANG ] /data/home/hngame/thinkphp/lang/zh-cn.php
[ info ] [ ROUTE ] array (
  'type' => 'module',
  'module' => 
  array (
    0 => 'yfe',
    1 => 'index',
    2 => 'archiveList',
  ),
)
[ info ] [ HEADER ] array (
  'host' => 'fhweb.u776.com:88',
  'accept-encoding' => 'gzip, deflate',
  'cookie' => 'PHPSESSID=3g9n55ee99ibnobjr7eafisba1',
  'connection' => 'keep-alive',
  'accept' => 'application/json, text/javascript, */*; q=0.01',
  'user-agent' => 'Mozilla/5.0 (iPhone; CPU iPhone OS 10_3_1 like Mac OS X) AppleWebKit/603.1.30 (KHTML, like Gecko) Mobile/14E304',
  'referer' => 'http://fhweb.u776.com:88/hngame/public/static/web/yfe/daily_list.html?code=dc',
  'accept-language' => 'zh-cn',
  'x-requested-with' => 'XMLHttpRequest',
  'content-type' => '',
  'content-length' => '',
)
[ info ] [ PARAM ] array (
  'code' => 'dc',
  'count' => '0',
  'num' => '10',
)
[ info ] [ RUN ] app\yfe\controller\Index->archiveList[ /data/home/hngame/application/yfe/controller/Index.php ]
[ info ] [ DB ] INIT mysql
[ info ] [ LOG ] INIT File
[ sql ] [ DB ] CONNECT:[ UseTime:0.001326s ] mysql:dbname=guanwang;host=106.75.27.180;port=3306;charset=utf8
[ sql ] [ SQL ] SHOW COLUMNS FROM `hn_arctype` [ RunTime:0.001624s ]
[ sql ] [ SQL ] SELECT * FROM `hn_arctype` WHERE  `code` = 'dc' LIMIT 1 [ RunTime:0.000723s ]
[ sql ] [ SQL ] SHOW COLUMNS FROM `hn_archive` [ RunTime:0.001055s ]
[ sql ] [ SQL ] SELECT * FROM `hn_archive` WHERE  `typeid` = 5  AND `status` = 1 ORDER BY create_time desc LIMIT 0,10 [ RunTime:0.000727s ]
---------------------------------------------------------------
[ 2017-11-21T21:40:31+08:00 ] 10.9.46.224 27.156.124.207 GET /hngame/public/index.php/admin/archive/index
[ info ] fhweb.u776.com:88/hngame/public/index.php/admin/archive/index [运行时间：0.039052s][吞吐率：25.61req/s] [内存消耗：3,782.42kb] [文件加载：61]
[ info ] [ LANG ] /data/home/hngame/thinkphp/lang/zh-cn.php
[ info ] [ ROUTE ] array (
  'type' => 'module',
  'module' => 
  array (
    0 => 'admin',
    1 => 'archive',
    2 => 'index',
  ),
)
[ info ] [ HEADER ] array (
  'host' => 'fhweb.u776.com:88',
  'connection' => 'keep-alive',
  'user-agent' => 'Mozilla/5.0 (Windows NT 6.1; WOW64) AppleWebKit/537.36 (KHTML, like Gecko) Chrome/62.0.3202.94 Safari/537.36',
  'upgrade-insecure-requests' => '1',
  'accept' => 'text/html,application/xhtml+xml,application/xml;q=0.9,image/webp,image/apng,*/*;q=0.8',
  'accept-encoding' => 'gzip, deflate',
  'accept-language' => 'zh-CN,zh;q=0.9',
  'content-type' => '',
  'content-length' => '',
)
[ info ] [ PARAM ] array (
)
[ info ] [ LANG ] /data/home/hngame/public/../application/admin/lang/zh-cn.php
[ info ] [ DB ] INIT mysql
[ info ] [ SESSION ] INIT array (
  'id' => '',
  'var_session_id' => '',
  'prefix' => 'tf',
  'type' => '',
  'auto_start' => true,
)
[ info ] [ LOG ] INIT File
---------------------------------------------------------------
[ 2017-11-21T21:40:31+08:00 ] 10.9.46.224 27.156.124.207 GET /hngame/public/index.php/admin/login/index
[ info ] fhweb.u776.com:88/hngame/public/index.php/admin/login/index [运行时间：0.033783s][吞吐率：29.60req/s] [内存消耗：3,632.75kb] [文件加载：57]
[ info ] [ LANG ] /data/home/hngame/thinkphp/lang/zh-cn.php
[ info ] [ ROUTE ] array (
  'type' => 'module',
  'module' => 
  array (
    0 => 'admin',
    1 => 'login',
    2 => 'index',
  ),
)
[ info ] [ HEADER ] array (
  'host' => 'fhweb.u776.com:88',
  'connection' => 'keep-alive',
  'user-agent' => 'Mozilla/5.0 (Windows NT 6.1; WOW64) AppleWebKit/537.36 (KHTML, like Gecko) Chrome/62.0.3202.94 Safari/537.36',
  'upgrade-insecure-requests' => '1',
  'accept' => 'text/html,application/xhtml+xml,application/xml;q=0.9,image/webp,image/apng,*/*;q=0.8',
  'accept-encoding' => 'gzip, deflate',
  'accept-language' => 'zh-CN,zh;q=0.9',
  'cookie' => 'PHPSESSID=i1fmoe3c398p7njl7g386mhks1',
  'content-type' => '',
  'content-length' => '',
)
[ info ] [ PARAM ] array (
)
[ info ] [ LANG ] /data/home/hngame/public/../application/admin/lang/zh-cn.php
[ info ] [ DB ] INIT mysql
[ info ] [ RUN ] app\admin\controller\Login->index[ /data/home/hngame/application/admin/controller/Login.php ]
[ info ] [ SESSION ] INIT array (
  'id' => '',
  'var_session_id' => '',
  'prefix' => 'tf',
  'type' => '',
  'auto_start' => true,
)
[ info ] [ VIEW ] /data/home/hngame/public/../application/admin/view/login/index.html [ array (
) ]
[ info ] [ LOG ] INIT File
---------------------------------------------------------------
[ 2017-11-21T21:40:34+08:00 ] 10.9.46.224 27.156.124.207 POST /hngame/public/index.php/admin/login/checklogin
[ info ] fhweb.u776.com:88/hngame/public/index.php/admin/login/checklogin [运行时间：0.183258s][吞吐率：5.46req/s] [内存消耗：4,204.29kb] [文件加载：67]
[ info ] [ LANG ] /data/home/hngame/thinkphp/lang/zh-cn.php
[ info ] [ ROUTE ] array (
  'type' => 'module',
  'module' => 
  array (
    0 => 'admin',
    1 => 'login',
    2 => 'checklogin',
  ),
)
[ info ] [ HEADER ] array (
  'host' => 'fhweb.u776.com:88',
  'connection' => 'keep-alive',
  'content-length' => '30',
  'accept' => 'application/json, text/javascript, */*; q=0.01',
  'origin' => 'http://fhweb.u776.com:88',
  'x-requested-with' => 'XMLHttpRequest',
  'user-agent' => 'Mozilla/5.0 (Windows NT 6.1; WOW64) AppleWebKit/537.36 (KHTML, like Gecko) Chrome/62.0.3202.94 Safari/537.36',
  'content-type' => 'application/x-www-form-urlencoded; charset=UTF-8',
  'referer' => 'http://fhweb.u776.com:88/hngame/public/index.php/admin/login/index',
  'accept-encoding' => 'gzip, deflate',
  'accept-language' => 'zh-CN,zh;q=0.9',
  'cookie' => 'PHPSESSID=i1fmoe3c398p7njl7g386mhks1',
)
[ info ] [ PARAM ] array (
  'username' => 'admin',
  'password' => '123456',
)
[ info ] [ LANG ] /data/home/hngame/public/../application/admin/lang/zh-cn.php
[ info ] [ DB ] INIT mysql
[ info ] [ RUN ] app\admin\controller\Login->checkLogin[ /data/home/hngame/application/admin/controller/Login.php ]
[ info ] [ CACHE ] INIT File
[ info ] [ SESSION ] INIT array (
  'id' => '',
  'var_session_id' => '',
  'prefix' => 'tf',
  'type' => '',
  'auto_start' => true,
)
[ info ] [ LOG ] INIT File
[ sql ] [ DB ] CONNECT:[ UseTime:0.001437s ] mysql:dbname=guanwang;host=106.75.27.180;port=3306;charset=utf8
[ sql ] [ SQL ] SHOW COLUMNS FROM `hn_user` [ RunTime:0.001314s ]
[ sql ] [ SQL ] SELECT * FROM `hn_user` WHERE  `username` = 'admin' LIMIT 1 [ RunTime:0.000768s ]
[ sql ] [ SQL ] SHOW COLUMNS FROM `hn_user_info` [ RunTime:0.001109s ]
[ sql ] [ SQL ] SELECT * FROM `hn_user_info` WHERE  `uid` = 1 LIMIT 1 [ RunTime:0.000704s ]
[ sql ] [ SQL ] UPDATE `hn_user`  SET `logins`=135,`last_time`=1511271634,`last_ip`='27.156.124.207'  WHERE  `id` = 1 [ RunTime:0.002765s ]
[ sql ] [ SQL ] SHOW COLUMNS FROM `hn_config` [ RunTime:0.001512s ]
[ sql ] [ SQL ] SELECT `v` FROM `hn_config` WHERE  `type` = 'system'  AND `k` = 'login_time' LIMIT 1 [ RunTime:0.000631s ]
[ sql ] [ SQL ] SHOW COLUMNS FROM `hn_user_token` [ RunTime:0.001214s ]
[ sql ] [ SQL ] SELECT * FROM `hn_user_token` WHERE  `uid` = 1  AND `type` = 1 LIMIT 1 [ RunTime:0.000734s ]
[ sql ] [ SQL ] UPDATE `hn_user_token`  SET `token`='e14e015341742c0af011c74ebabb1057',`token_time`=1511273434  WHERE  `uid` = 1  AND `type` = 1 [ RunTime:0.002529s ]
[ sql ] [ SQL ] SHOW COLUMNS FROM `hn_login_log` [ RunTime:0.001669s ]
[ sql ] [ SQL ] INSERT INTO `hn_login_log` (`uid` , `ip` , `country` , `province` , `city` , `district` , `create_time` , `update_time`) VALUES (1 , '27.156.124.207' , '中国' , '福建' , '福州' , '' , 1511271634 , 1511271634) [ RunTime:0.003151s ]
---------------------------------------------------------------
[ 2017-11-21T21:40:35+08:00 ] 10.9.46.224 27.156.124.207 GET /hngame/public/index.php/admin/index/index
[ info ] fhweb.u776.com:88/hngame/public/index.php/admin/index/index [运行时间：0.089169s][吞吐率：11.21req/s] [内存消耗：4,585.82kb] [文件加载：78]
[ info ] [ LANG ] /data/home/hngame/thinkphp/lang/zh-cn.php
[ info ] [ ROUTE ] array (
  'type' => 'module',
  'module' => 
  array (
    0 => 'admin',
    1 => 'index',
    2 => 'index',
  ),
)
[ info ] [ HEADER ] array (
  'host' => 'fhweb.u776.com:88',
  'connection' => 'keep-alive',
  'upgrade-insecure-requests' => '1',
  'user-agent' => 'Mozilla/5.0 (Windows NT 6.1; WOW64) AppleWebKit/537.36 (KHTML, like Gecko) Chrome/62.0.3202.94 Safari/537.36',
  'accept' => 'text/html,application/xhtml+xml,application/xml;q=0.9,image/webp,image/apng,*/*;q=0.8',
  'referer' => 'http://fhweb.u776.com:88/hngame/public/index.php/admin/login/index',
  'accept-encoding' => 'gzip, deflate',
  'accept-language' => 'zh-CN,zh;q=0.9',
  'cookie' => 'PHPSESSID=i1fmoe3c398p7njl7g386mhks1; name=%E8%A1%A3%E8%8C%83%E5%84%BF; uname=admin; uid=1; avatar=%2Fhngame%2Fpublic%2Fuserfiles%2Fimages%2F11.jpeg',
  'content-type' => '',
  'content-length' => '',
)
[ info ] [ PARAM ] array (
)
[ info ] [ LANG ] /data/home/hngame/public/../application/admin/lang/zh-cn.php
[ info ] [ DB ] INIT mysql
[ info ] [ SESSION ] INIT array (
  'id' => '',
  'var_session_id' => '',
  'prefix' => 'tf',
  'type' => '',
  'auto_start' => true,
)
[ info ] [ CACHE ] INIT File
[ info ] [ LANG ] /data/home/hngame/public/../application/admin/lang/zh-cn/Index.php
[ info ] [ RUN ] app\admin\controller\Index->index[ /data/home/hngame/application/admin/controller/Index.php ]
[ info ] [ VIEW ] /data/home/hngame/public/../application/admin/view/index/index.html [ array (
  0 => 'box_is_pjax',
  1 => 'treeMenu',
  2 => 'userTotal',
  3 => 'archiveTotal',
  4 => 'userNear',
  5 => 'loginLogList',
  6 => 'groupPieJson',
) ]
[ info ] [ LOG ] INIT File
[ sql ] [ DB ] CONNECT:[ UseTime:0.001258s ] mysql:dbname=guanwang;host=106.75.27.180;port=3306;charset=utf8
[ sql ] [ SQL ] SHOW COLUMNS FROM `hn_config` [ RunTime:0.001809s ]
[ sql ] [ SQL ] SELECT `v` FROM `hn_config` WHERE  `type` = 'system'  AND `k` = 'login_time' LIMIT 1 [ RunTime:0.000881s ]
[ sql ] [ SQL ] SHOW COLUMNS FROM `hn_user_token` [ RunTime:0.001597s ]
[ sql ] [ SQL ] SELECT * FROM `hn_user_token` WHERE  `uid` = 1  AND `type` = 1 LIMIT 1 [ RunTime:0.000834s ]
[ sql ] [ SQL ] UPDATE `hn_user_token`  SET `token_time`=1511273435  WHERE  `uid` = 1  AND `type` = 1 [ RunTime:0.002194s ]
[ sql ] [ SQL ] SELECT * FROM `hn_config` WHERE  `k` = 'isbrowse' LIMIT 1 [ RunTime:0.000755s ]
[ sql ] [ SQL ] SHOW COLUMNS FROM `hn_role_user` [ RunTime:0.001120s ]
[ sql ] [ SQL ] SELECT * FROM `hn_role_user` `a` INNER JOIN `hn_role` `g` ON `a`.`group_id`=`g`.`id` WHERE  (  a.uid='1' and g.status='1' ) [ RunTime:0.000638s ]
[ sql ] [ SQL ] SHOW COLUMNS FROM `hn_auth_rule` [ RunTime:0.001398s ]
[ sql ] [ SQL ] SELECT * FROM `hn_auth_rule` WHERE  `id` IN (1,50,61,62,63,64,48,92,93)  AND `type` = 1  AND `status` = 1 [ RunTime:0.000689s ]
[ sql ] [ SQL ] SHOW COLUMNS FROM `hn_user` [ RunTime:0.000977s ]
[ sql ] [ SQL ] SELECT COUNT(*) AS tp_count FROM `hn_user` LIMIT 1 [ RunTime:0.000615s ]
[ sql ] [ SQL ] SHOW COLUMNS FROM `hn_archive` [ RunTime:0.001037s ]
[ sql ] [ SQL ] SELECT COUNT(*) AS tp_count FROM `hn_archive` LIMIT 1 [ RunTime:0.000523s ]
[ sql ] [ SQL ] SELECT COUNT(*) AS tp_count FROM `hn_user` WHERE  `create_time` >= 1510675200 LIMIT 1 [ RunTime:0.000949s ]
[ sql ] [ SQL ] SHOW COLUMNS FROM `hn_login_log` [ RunTime:0.001447s ]
[ sql ] [ SQL ] SELECT * FROM `hn_login_log` WHERE  `uid` = 1 ORDER BY id DESC LIMIT 8 [ RunTime:0.000821s ]
[ sql ] [ SQL ] SHOW COLUMNS FROM `hn_role` [ RunTime:0.001197s ]
[ sql ] [ SQL ] SELECT * FROM `hn_role` WHERE  `status` = 1 [ RunTime:0.000903s ]
[ sql ] [ SQL ] SELECT * FROM `hn_user` [ RunTime:0.000829s ]
[ sql ] [ SQL ] SELECT * FROM `hn_role_user` WHERE  `uid` = 1 [ RunTime:0.000848s ]
[ sql ] [ SQL ] SELECT * FROM `hn_role_user` WHERE  `uid` = 2 [ RunTime:0.000746s ]
[ sql ] [ SQL ] SELECT * FROM `hn_role_user` WHERE  `uid` = 6 [ RunTime:0.000601s ]
[ sql ] [ SQL ] SELECT * FROM `hn_role_user` WHERE  `uid` = 7 [ RunTime:0.000625s ]
[ error ] [8]未定义数组索引: think_var[/data/home/hngame/application/admin/controller/Common.php:39]
[ error ] [8]未定义变量: array[/data/home/hngame/application/admin/controller/Index.php:100]
[ error ] [8]未定义变量: guestbookTotal[/data/home/hngame/runtime/temp/f856569cdc460f73317e418b8ed30480.php:141]
[ error ] [8]未定义变量: systemConfig[/data/home/hngame/runtime/temp/f856569cdc460f73317e418b8ed30480.php:196]
[ error ] [8]未定义变量: systemConfig[/data/home/hngame/runtime/temp/f856569cdc460f73317e418b8ed30480.php:196]
[ error ] [8]未定义变量: systemConfig[/data/home/hngame/runtime/temp/f856569cdc460f73317e418b8ed30480.php:196]
[ error ] [8]未定义变量: loginLogLineJson[/data/home/hngame/runtime/temp/f856569cdc460f73317e418b8ed30480.php:209]
[ error ] [8]未定义变量: rest_login[/data/home/hngame/runtime/temp/f856569cdc460f73317e418b8ed30480.php:231]
---------------------------------------------------------------
[ 2017-11-21T21:41:16+08:00 ] 10.9.46.224 27.156.124.207 GET /hngame/public/index.php/admin/archive/index?_pjax=%23pjax-container
[ info ] fhweb.u776.com:88/hngame/public/index.php/admin/archive/index?_pjax=%23pjax-container [运行时间：0.076652s][吞吐率：13.05req/s] [内存消耗：4,690.75kb] [文件加载：79]
[ info ] [ LANG ] /data/home/hngame/thinkphp/lang/zh-cn.php
[ info ] [ ROUTE ] array (
  'type' => 'module',
  'module' => 
  array (
    0 => 'admin',
    1 => 'archive',
    2 => 'index',
  ),
)
[ info ] [ HEADER ] array (
  'host' => 'fhweb.u776.com:88',
  'connection' => 'keep-alive',
  'accept' => 'text/html, */*; q=0.01',
  'x-requested-with' => 'XMLHttpRequest',
  'x-pjax' => 'true',
  'x-pjax-container' => '#pjax-container',
  'user-agent' => 'Mozilla/5.0 (Windows NT 6.1; WOW64) AppleWebKit/537.36 (KHTML, like Gecko) Chrome/62.0.3202.94 Safari/537.36',
  'content-type' => 'application/x-www-form-urlencoded; charset=UTF-8',
  'referer' => 'http://fhweb.u776.com:88/hngame/public/index.php/admin/index/index',
  'accept-encoding' => 'gzip, deflate',
  'accept-language' => 'zh-CN,zh;q=0.9',
  'cookie' => 'PHPSESSID=i1fmoe3c398p7njl7g386mhks1; name=%E8%A1%A3%E8%8C%83%E5%84%BF; uname=admin; uid=1; avatar=%2Fhngame%2Fpublic%2Fuserfiles%2Fimages%2F11.jpeg',
  'content-length' => '',
)
[ info ] [ PARAM ] array (
  '_pjax' => '#pjax-container',
)
[ info ] [ LANG ] /data/home/hngame/public/../application/admin/lang/zh-cn.php
[ info ] [ DB ] INIT mysql
[ info ] [ SESSION ] INIT array (
  'id' => '',
  'var_session_id' => '',
  'prefix' => 'tf',
  'type' => '',
  'auto_start' => true,
)
[ info ] [ CACHE ] INIT File
[ info ] [ LANG ] /data/home/hngame/public/../application/admin/lang/zh-cn/Archive.php
[ info ] [ RUN ] app\admin\controller\Archive->index[ /data/home/hngame/application/admin/controller/Archive.php ]
[ info ] [ VIEW ] /data/home/hngame/public/../application/admin/view/archive/index.html [ array (
  0 => 'box_is_pjax',
  1 => 'treeMenu',
  2 => 'dataList',
) ]
[ info ] [ LOG ] INIT File
[ sql ] [ DB ] CONNECT:[ UseTime:0.001312s ] mysql:dbname=guanwang;host=106.75.27.180;port=3306;charset=utf8
[ sql ] [ SQL ] SHOW COLUMNS FROM `hn_config` [ RunTime:0.001254s ]
[ sql ] [ SQL ] SELECT `v` FROM `hn_config` WHERE  `type` = 'system'  AND `k` = 'login_time' LIMIT 1 [ RunTime:0.000640s ]
[ sql ] [ SQL ] SHOW COLUMNS FROM `hn_user_token` [ RunTime:0.001269s ]
[ sql ] [ SQL ] SELECT * FROM `hn_user_token` WHERE  `uid` = 1  AND `type` = 1 LIMIT 1 [ RunTime:0.000782s ]
[ sql ] [ SQL ] UPDATE `hn_user_token`  SET `token_time`=1511273476  WHERE  `uid` = 1  AND `type` = 1 [ RunTime:0.002446s ]
[ sql ] [ SQL ] SELECT * FROM `hn_config` WHERE  `k` = 'isbrowse' LIMIT 1 [ RunTime:0.000790s ]
[ sql ] [ SQL ] SHOW COLUMNS FROM `hn_role_user` [ RunTime:0.001156s ]
[ sql ] [ SQL ] SELECT * FROM `hn_role_user` `a` INNER JOIN `hn_role` `g` ON `a`.`group_id`=`g`.`id` WHERE  (  a.uid='1' and g.status='1' ) [ RunTime:0.000613s ]
[ sql ] [ SQL ] SHOW COLUMNS FROM `hn_auth_rule` [ RunTime:0.001312s ]
[ sql ] [ SQL ] SELECT * FROM `hn_auth_rule` WHERE  `id` IN (1,50,61,62,63,64,48,92,93)  AND `type` = 1  AND `status` = 1 [ RunTime:0.000780s ]
[ sql ] [ SQL ] SHOW COLUMNS FROM `hn_archive` [ RunTime:0.001299s ]
[ sql ] [ SQL ] SELECT COUNT(*) AS tp_count FROM `hn_archive` LIMIT 1 [ RunTime:0.000638s ]
[ sql ] [ SQL ] SELECT * FROM `hn_archive` ORDER BY id desc LIMIT 0,10 [ RunTime:0.000712s ]
[ sql ] [ SQL ] SHOW COLUMNS FROM `hn_arctype` [ RunTime:0.001653s ]
[ sql ] [ SQL ] SELECT `typename`,`mid`,`jumplink` FROM `hn_arctype` WHERE  `id` = 5 LIMIT 1 [ RunTime:0.000605s ]
[ sql ] [ SQL ] SHOW COLUMNS FROM `hn_user` [ RunTime:0.001318s ]
[ sql ] [ SQL ] SELECT `name` FROM `hn_user` WHERE  `id` = 1 LIMIT 1 [ RunTime:0.000768s ]
[ sql ] [ SQL ] SELECT `typename`,`mid`,`jumplink` FROM `hn_arctype` WHERE  `id` = 5 LIMIT 1 [ RunTime:0.000633s ]
[ sql ] [ SQL ] SELECT `name` FROM `hn_user` WHERE  `id` = 1 LIMIT 1 [ RunTime:0.000594s ]
[ error ] [8]未定义数组索引: think_var[/data/home/hngame/application/admin/controller/Common.php:39]
[ error ] [8]Array to string conversion[/data/home/hngame/application/admin/common.php:299]
[ error ] [8]Array to string conversion[/data/home/hngame/application/admin/common.php:307]
[ error ] [8]Array to string conversion[/data/home/hngame/application/admin/common.php:299]
[ error ] [8]Array to string conversion[/data/home/hngame/application/admin/common.php:307]
[ error ] [2]Invalid argument supplied for foreach()[/data/home/hngame/thinkphp/library/think/Url.php:142]
[ error ] [2]Invalid argument supplied for foreach()[/data/home/hngame/thinkphp/library/think/Url.php:142]
[ error ] [2]Invalid argument supplied for foreach()[/data/home/hngame/thinkphp/library/think/Url.php:142]
[ error ] [2]Invalid argument supplied for foreach()[/data/home/hngame/thinkphp/library/think/Url.php:142]
[ error ] [2]Invalid argument supplied for foreach()[/data/home/hngame/thinkphp/library/think/Url.php:142]
[ error ] [2]Invalid argument supplied for foreach()[/data/home/hngame/thinkphp/library/think/Url.php:142]
[ error ] [2]Invalid argument supplied for foreach()[/data/home/hngame/thinkphp/library/think/Url.php:142]
[ error ] [2]Invalid argument supplied for foreach()[/data/home/hngame/thinkphp/library/think/Url.php:142]
[ error ] [8]Array to string conversion[/data/home/hngame/application/admin/common.php:299]
[ error ] [8]Array to string conversion[/data/home/hngame/application/admin/common.php:307]
[ error ] [2]Invalid argument supplied for foreach()[/data/home/hngame/thinkphp/library/think/Url.php:142]
[ error ] [2]Invalid argument supplied for foreach()[/data/home/hngame/thinkphp/library/think/Url.php:142]
[ error ] [2]Invalid argument supplied for foreach()[/data/home/hngame/thinkphp/library/think/Url.php:142]
[ error ] [2]Invalid argument supplied for foreach()[/data/home/hngame/thinkphp/library/think/Url.php:142]
[ error ] [2]Invalid argument supplied for foreach()[/data/home/hngame/thinkphp/library/think/Url.php:142]
[ error ] [2]Invalid argument supplied for foreach()[/data/home/hngame/thinkphp/library/think/Url.php:142]
[ error ] [2]Invalid argument supplied for foreach()[/data/home/hngame/thinkphp/library/think/Url.php:142]
[ error ] [2]Invalid argument supplied for foreach()[/data/home/hngame/thinkphp/library/think/Url.php:142]
[ error ] [8]未定义变量: rest_login[/data/home/hngame/runtime/temp/dffd7b8722668940263411856ff6f701.php:233]
---------------------------------------------------------------
[ 2017-11-21T21:42:07+08:00 ] 10.9.46.224 121.204.112.120 GET /hngame/public/index.php/yfe/index/archiveList/code/dt/count/0/num/10
[ info ] fhweb.u776.com:88/hngame/public/index.php/yfe/index/archiveList/code/dt/count/0/num/10 [运行时间：0.052956s][吞吐率：18.88req/s] [内存消耗：3,709.03kb] [文件加载：58]
[ info ] [ LANG ] /data/home/hngame/thinkphp/lang/zh-cn.php
[ info ] [ ROUTE ] array (
  'type' => 'module',
  'module' => 
  array (
    0 => 'yfe',
    1 => 'index',
    2 => 'archiveList',
  ),
)
[ info ] [ HEADER ] array (
  'host' => 'fhweb.u776.com:88',
  'accept-encoding' => 'gzip, deflate',
  'connection' => 'keep-alive',
  'accept' => 'application/json, text/javascript, */*; q=0.01',
  'user-agent' => 'Mozilla/5.0 (iPhone; CPU iPhone OS 10_3_2 like Mac OS X) AppleWebKit/603.2.4 (KHTML, like Gecko) Mobile/14F89 MicroMessenger/6.5.21 NetType/WIFI Language/zh_CN',
  'referer' => 'http://fhweb.u776.com:88/hngame/public/static/web/yfe/fashion_list.html?code=dt',
  'accept-language' => 'zh-cn',
  'x-requested-with' => 'XMLHttpRequest',
  'content-type' => '',
  'content-length' => '',
)
[ info ] [ PARAM ] array (
  'code' => 'dt',
  'count' => '0',
  'num' => '10',
)
[ info ] [ RUN ] app\yfe\controller\Index->archiveList[ /data/home/hngame/application/yfe/controller/Index.php ]
[ info ] [ DB ] INIT mysql
[ info ] [ LOG ] INIT File
[ sql ] [ DB ] CONNECT:[ UseTime:0.001454s ] mysql:dbname=guanwang;host=106.75.27.180;port=3306;charset=utf8
[ sql ] [ SQL ] SHOW COLUMNS FROM `hn_arctype` [ RunTime:0.001831s ]
[ sql ] [ SQL ] SELECT * FROM `hn_arctype` WHERE  `code` = 'dt' LIMIT 1 [ RunTime:0.000728s ]
[ sql ] [ SQL ] SHOW COLUMNS FROM `hn_archive` [ RunTime:0.001429s ]
[ sql ] [ SQL ] SELECT * FROM `hn_archive` WHERE  `typeid` = 6  AND `status` = 1 ORDER BY create_time desc LIMIT 0,10 [ RunTime:0.000874s ]
---------------------------------------------------------------
[ 2017-11-21T21:42:09+08:00 ] 10.9.46.224 121.204.112.120 GET /hngame/public/index.php/yfe/index/archiveList/code/dc/count/0/num/10
[ info ] fhweb.u776.com:88/hngame/public/index.php/yfe/index/archiveList/code/dc/count/0/num/10 [运行时间：0.052070s][吞吐率：19.20req/s] [内存消耗：3,725.04kb] [文件加载：58]
[ info ] [ LANG ] /data/home/hngame/thinkphp/lang/zh-cn.php
[ info ] [ ROUTE ] array (
  'type' => 'module',
  'module' => 
  array (
    0 => 'yfe',
    1 => 'index',
    2 => 'archiveList',
  ),
)
[ info ] [ HEADER ] array (
  'host' => 'fhweb.u776.com:88',
  'accept-encoding' => 'gzip, deflate',
  'cookie' => 'PHPSESSID=3pkum0ib1v27reou04uj424h11',
  'connection' => 'keep-alive',
  'accept' => 'application/json, text/javascript, */*; q=0.01',
  'user-agent' => 'Mozilla/5.0 (iPhone; CPU iPhone OS 10_3_2 like Mac OS X) AppleWebKit/603.2.4 (KHTML, like Gecko) Mobile/14F89 MicroMessenger/6.5.21 NetType/WIFI Language/zh_CN',
  'referer' => 'http://fhweb.u776.com:88/hngame/public/static/web/yfe/daily_list.html?code=dc',
  'accept-language' => 'zh-cn',
  'x-requested-with' => 'XMLHttpRequest',
  'content-type' => '',
  'content-length' => '',
)
[ info ] [ PARAM ] array (
  'code' => 'dc',
  'count' => '0',
  'num' => '10',
)
[ info ] [ RUN ] app\yfe\controller\Index->archiveList[ /data/home/hngame/application/yfe/controller/Index.php ]
[ info ] [ DB ] INIT mysql
[ info ] [ LOG ] INIT File
[ sql ] [ DB ] CONNECT:[ UseTime:0.001267s ] mysql:dbname=guanwang;host=106.75.27.180;port=3306;charset=utf8
[ sql ] [ SQL ] SHOW COLUMNS FROM `hn_arctype` [ RunTime:0.001643s ]
[ sql ] [ SQL ] SELECT * FROM `hn_arctype` WHERE  `code` = 'dc' LIMIT 1 [ RunTime:0.000843s ]
[ sql ] [ SQL ] SHOW COLUMNS FROM `hn_archive` [ RunTime:0.001600s ]
[ sql ] [ SQL ] SELECT * FROM `hn_archive` WHERE  `typeid` = 5  AND `status` = 1 ORDER BY create_time desc LIMIT 0,10 [ RunTime:0.001213s ]
