---------------------------------------------------------------
[ 2017-11-22T14:37:11+08:00 ] 10.9.46.224 27.156.124.207 GET /hngame/public/index.php/admin/archive/index
[ info ] fhweb.u776.com:88/hngame/public/index.php/admin/archive/index [运行时间：0.037920s][吞吐率：26.37req/s] [内存消耗：3,782.41kb] [文件加载：61]
[ info ] [ LANG ] /data/home/hngame/thinkphp/lang/zh-cn.php
[ info ] [ ROUTE ] array (
  'type' => 'module',
  'module' => 
  array (
    0 => 'admin',
    1 => 'archive',
    2 => 'index',
  ),
)
[ info ] [ HEADER ] array (
  'host' => 'fhweb.u776.com:88',
  'connection' => 'keep-alive',
  'user-agent' => 'Mozilla/5.0 (Windows NT 6.1; WOW64) AppleWebKit/537.36 (KHTML, like Gecko) Chrome/62.0.3202.94 Safari/537.36',
  'upgrade-insecure-requests' => '1',
  'accept' => 'text/html,application/xhtml+xml,application/xml;q=0.9,image/webp,image/apng,*/*;q=0.8',
  'accept-encoding' => 'gzip, deflate',
  'accept-language' => 'zh-CN,zh;q=0.9',
  'content-type' => '',
  'content-length' => '',
)
[ info ] [ PARAM ] array (
)
[ info ] [ LANG ] /data/home/hngame/public/../application/admin/lang/zh-cn.php
[ info ] [ DB ] INIT mysql
[ info ] [ SESSION ] INIT array (
  'id' => '',
  'var_session_id' => '',
  'prefix' => 'tf',
  'type' => '',
  'auto_start' => true,
)
[ info ] [ LOG ] INIT File
---------------------------------------------------------------
[ 2017-11-22T14:37:11+08:00 ] 10.9.46.224 27.156.124.207 GET /hngame/public/index.php/admin/login/index
[ info ] fhweb.u776.com:88/hngame/public/index.php/admin/login/index [运行时间：0.035548s][吞吐率：28.13req/s] [内存消耗：3,632.75kb] [文件加载：57]
[ info ] [ LANG ] /data/home/hngame/thinkphp/lang/zh-cn.php
[ info ] [ ROUTE ] array (
  'type' => 'module',
  'module' => 
  array (
    0 => 'admin',
    1 => 'login',
    2 => 'index',
  ),
)
[ info ] [ HEADER ] array (
  'host' => 'fhweb.u776.com:88',
  'connection' => 'keep-alive',
  'user-agent' => 'Mozilla/5.0 (Windows NT 6.1; WOW64) AppleWebKit/537.36 (KHTML, like Gecko) Chrome/62.0.3202.94 Safari/537.36',
  'upgrade-insecure-requests' => '1',
  'accept' => 'text/html,application/xhtml+xml,application/xml;q=0.9,image/webp,image/apng,*/*;q=0.8',
  'accept-encoding' => 'gzip, deflate',
  'accept-language' => 'zh-CN,zh;q=0.9',
  'cookie' => 'PHPSESSID=hj7vs8nnaklvm9l3f52nb84ot5',
  'content-type' => '',
  'content-length' => '',
)
[ info ] [ PARAM ] array (
)
[ info ] [ LANG ] /data/home/hngame/public/../application/admin/lang/zh-cn.php
[ info ] [ DB ] INIT mysql
[ info ] [ RUN ] app\admin\controller\Login->index[ /data/home/hngame/application/admin/controller/Login.php ]
[ info ] [ SESSION ] INIT array (
  'id' => '',
  'var_session_id' => '',
  'prefix' => 'tf',
  'type' => '',
  'auto_start' => true,
)
[ info ] [ VIEW ] /data/home/hngame/public/../application/admin/view/login/index.html [ array (
) ]
[ info ] [ LOG ] INIT File
---------------------------------------------------------------
[ 2017-11-22T14:37:13+08:00 ] 10.9.46.224 27.156.124.207 POST /hngame/public/index.php/admin/login/checklogin
[ info ] fhweb.u776.com:88/hngame/public/index.php/admin/login/checklogin [运行时间：0.228348s][吞吐率：4.38req/s] [内存消耗：4,204.29kb] [文件加载：67]
[ info ] [ LANG ] /data/home/hngame/thinkphp/lang/zh-cn.php
[ info ] [ ROUTE ] array (
  'type' => 'module',
  'module' => 
  array (
    0 => 'admin',
    1 => 'login',
    2 => 'checklogin',
  ),
)
[ info ] [ HEADER ] array (
  'host' => 'fhweb.u776.com:88',
  'connection' => 'keep-alive',
  'content-length' => '30',
  'accept' => 'application/json, text/javascript, */*; q=0.01',
  'origin' => 'http://fhweb.u776.com:88',
  'x-requested-with' => 'XMLHttpRequest',
  'user-agent' => 'Mozilla/5.0 (Windows NT 6.1; WOW64) AppleWebKit/537.36 (KHTML, like Gecko) Chrome/62.0.3202.94 Safari/537.36',
  'content-type' => 'application/x-www-form-urlencoded; charset=UTF-8',
  'referer' => 'http://fhweb.u776.com:88/hngame/public/index.php/admin/login/index',
  'accept-encoding' => 'gzip, deflate',
  'accept-language' => 'zh-CN,zh;q=0.9',
  'cookie' => 'PHPSESSID=hj7vs8nnaklvm9l3f52nb84ot5',
)
[ info ] [ PARAM ] array (
  'username' => 'admin',
  'password' => '123456',
)
[ info ] [ LANG ] /data/home/hngame/public/../application/admin/lang/zh-cn.php
[ info ] [ DB ] INIT mysql
[ info ] [ RUN ] app\admin\controller\Login->checkLogin[ /data/home/hngame/application/admin/controller/Login.php ]
[ info ] [ CACHE ] INIT File
[ info ] [ SESSION ] INIT array (
  'id' => '',
  'var_session_id' => '',
  'prefix' => 'tf',
  'type' => '',
  'auto_start' => true,
)
[ info ] [ LOG ] INIT File
[ sql ] [ DB ] CONNECT:[ UseTime:0.001540s ] mysql:dbname=guanwang;host=106.75.27.180;port=3306;charset=utf8
[ sql ] [ SQL ] SHOW COLUMNS FROM `hn_user` [ RunTime:0.001491s ]
[ sql ] [ SQL ] SELECT * FROM `hn_user` WHERE  `username` = 'admin' LIMIT 1 [ RunTime:0.000895s ]
[ sql ] [ SQL ] SHOW COLUMNS FROM `hn_user_info` [ RunTime:0.001160s ]
[ sql ] [ SQL ] SELECT * FROM `hn_user_info` WHERE  `uid` = 1 LIMIT 1 [ RunTime:0.000620s ]
[ sql ] [ SQL ] UPDATE `hn_user`  SET `logins`=136,`last_time`=1511332633,`last_ip`='27.156.124.207'  WHERE  `id` = 1 [ RunTime:0.002762s ]
[ sql ] [ SQL ] SHOW COLUMNS FROM `hn_config` [ RunTime:0.001237s ]
[ sql ] [ SQL ] SELECT `v` FROM `hn_config` WHERE  `type` = 'system'  AND `k` = 'login_time' LIMIT 1 [ RunTime:0.000563s ]
[ sql ] [ SQL ] SHOW COLUMNS FROM `hn_user_token` [ RunTime:0.001163s ]
[ sql ] [ SQL ] SELECT * FROM `hn_user_token` WHERE  `uid` = 1  AND `type` = 1 LIMIT 1 [ RunTime:0.000727s ]
[ sql ] [ SQL ] UPDATE `hn_user_token`  SET `token`='f9a11dab5e411d1d55488c8c7edd411a',`token_time`=1511334433  WHERE  `uid` = 1  AND `type` = 1 [ RunTime:0.002342s ]
[ sql ] [ SQL ] SHOW COLUMNS FROM `hn_login_log` [ RunTime:0.001312s ]
[ sql ] [ SQL ] INSERT INTO `hn_login_log` (`uid` , `ip` , `country` , `province` , `city` , `district` , `create_time` , `update_time`) VALUES (1 , '27.156.124.207' , '中国' , '福建' , '福州' , '' , 1511332633 , 1511332633) [ RunTime:0.002413s ]
---------------------------------------------------------------
[ 2017-11-22T14:37:14+08:00 ] 10.9.46.224 27.156.124.207 GET /hngame/public/index.php/admin/index/index
[ info ] fhweb.u776.com:88/hngame/public/index.php/admin/index/index [运行时间：0.077306s][吞吐率：12.94req/s] [内存消耗：4,585.82kb] [文件加载：78]
[ info ] [ LANG ] /data/home/hngame/thinkphp/lang/zh-cn.php
[ info ] [ ROUTE ] array (
  'type' => 'module',
  'module' => 
  array (
    0 => 'admin',
    1 => 'index',
    2 => 'index',
  ),
)
[ info ] [ HEADER ] array (
  'host' => 'fhweb.u776.com:88',
  'connection' => 'keep-alive',
  'upgrade-insecure-requests' => '1',
  'user-agent' => 'Mozilla/5.0 (Windows NT 6.1; WOW64) AppleWebKit/537.36 (KHTML, like Gecko) Chrome/62.0.3202.94 Safari/537.36',
  'accept' => 'text/html,application/xhtml+xml,application/xml;q=0.9,image/webp,image/apng,*/*;q=0.8',
  'referer' => 'http://fhweb.u776.com:88/hngame/public/index.php/admin/login/index',
  'accept-encoding' => 'gzip, deflate',
  'accept-language' => 'zh-CN,zh;q=0.9',
  'cookie' => 'PHPSESSID=hj7vs8nnaklvm9l3f52nb84ot5; name=%E8%A1%A3%E8%8C%83%E5%84%BF; uname=admin; uid=1; avatar=%2Fhngame%2Fpublic%2Fuserfiles%2Fimages%2F11.jpeg',
  'content-type' => '',
  'content-length' => '',
)
[ info ] [ PARAM ] array (
)
[ info ] [ LANG ] /data/home/hngame/public/../application/admin/lang/zh-cn.php
[ info ] [ DB ] INIT mysql
[ info ] [ SESSION ] INIT array (
  'id' => '',
  'var_session_id' => '',
  'prefix' => 'tf',
  'type' => '',
  'auto_start' => true,
)
[ info ] [ CACHE ] INIT File
[ info ] [ LANG ] /data/home/hngame/public/../application/admin/lang/zh-cn/Index.php
[ info ] [ RUN ] app\admin\controller\Index->index[ /data/home/hngame/application/admin/controller/Index.php ]
[ info ] [ VIEW ] /data/home/hngame/public/../application/admin/view/index/index.html [ array (
  0 => 'box_is_pjax',
  1 => 'treeMenu',
  2 => 'userTotal',
  3 => 'archiveTotal',
  4 => 'userNear',
  5 => 'loginLogList',
  6 => 'groupPieJson',
) ]
[ info ] [ LOG ] INIT File
[ sql ] [ DB ] CONNECT:[ UseTime:0.001100s ] mysql:dbname=guanwang;host=106.75.27.180;port=3306;charset=utf8
[ sql ] [ SQL ] SHOW COLUMNS FROM `hn_config` [ RunTime:0.001530s ]
[ sql ] [ SQL ] SELECT `v` FROM `hn_config` WHERE  `type` = 'system'  AND `k` = 'login_time' LIMIT 1 [ RunTime:0.000614s ]
[ sql ] [ SQL ] SHOW COLUMNS FROM `hn_user_token` [ RunTime:0.001062s ]
[ sql ] [ SQL ] SELECT * FROM `hn_user_token` WHERE  `uid` = 1  AND `type` = 1 LIMIT 1 [ RunTime:0.000717s ]
[ sql ] [ SQL ] UPDATE `hn_user_token`  SET `token_time`=1511334434  WHERE  `uid` = 1  AND `type` = 1 [ RunTime:0.002353s ]
[ sql ] [ SQL ] SELECT * FROM `hn_config` WHERE  `k` = 'isbrowse' LIMIT 1 [ RunTime:0.000642s ]
[ sql ] [ SQL ] SHOW COLUMNS FROM `hn_role_user` [ RunTime:0.001078s ]
[ sql ] [ SQL ] SELECT * FROM `hn_role_user` `a` INNER JOIN `hn_role` `g` ON `a`.`group_id`=`g`.`id` WHERE  (  a.uid='1' and g.status='1' ) [ RunTime:0.000612s ]
[ sql ] [ SQL ] SHOW COLUMNS FROM `hn_auth_rule` [ RunTime:0.001073s ]
[ sql ] [ SQL ] SELECT * FROM `hn_auth_rule` WHERE  `id` IN (1,50,61,62,63,64,48,92,93)  AND `type` = 1  AND `status` = 1 [ RunTime:0.000681s ]
[ sql ] [ SQL ] SHOW COLUMNS FROM `hn_user` [ RunTime:0.001013s ]
[ sql ] [ SQL ] SELECT COUNT(*) AS tp_count FROM `hn_user` LIMIT 1 [ RunTime:0.000575s ]
[ sql ] [ SQL ] SHOW COLUMNS FROM `hn_archive` [ RunTime:0.001017s ]
[ sql ] [ SQL ] SELECT COUNT(*) AS tp_count FROM `hn_archive` LIMIT 1 [ RunTime:0.000456s ]
[ sql ] [ SQL ] SELECT COUNT(*) AS tp_count FROM `hn_user` WHERE  `create_time` >= 1510761600 LIMIT 1 [ RunTime:0.000619s ]
[ sql ] [ SQL ] SHOW COLUMNS FROM `hn_login_log` [ RunTime:0.000982s ]
[ sql ] [ SQL ] SELECT * FROM `hn_login_log` WHERE  `uid` = 1 ORDER BY id DESC LIMIT 8 [ RunTime:0.000708s ]
[ sql ] [ SQL ] SHOW COLUMNS FROM `hn_role` [ RunTime:0.001155s ]
[ sql ] [ SQL ] SELECT * FROM `hn_role` WHERE  `status` = 1 [ RunTime:0.000580s ]
[ sql ] [ SQL ] SELECT * FROM `hn_user` [ RunTime:0.000603s ]
[ sql ] [ SQL ] SELECT * FROM `hn_role_user` WHERE  `uid` = 1 [ RunTime:0.000549s ]
[ sql ] [ SQL ] SELECT * FROM `hn_role_user` WHERE  `uid` = 2 [ RunTime:0.000503s ]
[ sql ] [ SQL ] SELECT * FROM `hn_role_user` WHERE  `uid` = 6 [ RunTime:0.000720s ]
[ sql ] [ SQL ] SELECT * FROM `hn_role_user` WHERE  `uid` = 7 [ RunTime:0.000631s ]
[ error ] [8]未定义数组索引: think_var[/data/home/hngame/application/admin/controller/Common.php:39]
[ error ] [8]未定义变量: array[/data/home/hngame/application/admin/controller/Index.php:100]
[ error ] [8]未定义变量: guestbookTotal[/data/home/hngame/runtime/temp/f856569cdc460f73317e418b8ed30480.php:141]
[ error ] [8]未定义变量: systemConfig[/data/home/hngame/runtime/temp/f856569cdc460f73317e418b8ed30480.php:196]
[ error ] [8]未定义变量: systemConfig[/data/home/hngame/runtime/temp/f856569cdc460f73317e418b8ed30480.php:196]
[ error ] [8]未定义变量: systemConfig[/data/home/hngame/runtime/temp/f856569cdc460f73317e418b8ed30480.php:196]
[ error ] [8]未定义变量: loginLogLineJson[/data/home/hngame/runtime/temp/f856569cdc460f73317e418b8ed30480.php:209]
[ error ] [8]未定义变量: rest_login[/data/home/hngame/runtime/temp/f856569cdc460f73317e418b8ed30480.php:231]
---------------------------------------------------------------
[ 2017-11-22T14:37:19+08:00 ] 10.9.46.224 27.156.124.207 GET /hngame/public/index.php/admin/archive/index?_pjax=%23pjax-container
[ info ] fhweb.u776.com:88/hngame/public/index.php/admin/archive/index?_pjax=%23pjax-container [运行时间：0.072753s][吞吐率：13.75req/s] [内存消耗：4,690.75kb] [文件加载：79]
[ info ] [ LANG ] /data/home/hngame/thinkphp/lang/zh-cn.php
[ info ] [ ROUTE ] array (
  'type' => 'module',
  'module' => 
  array (
    0 => 'admin',
    1 => 'archive',
    2 => 'index',
  ),
)
[ info ] [ HEADER ] array (
  'host' => 'fhweb.u776.com:88',
  'connection' => 'keep-alive',
  'accept' => 'text/html, */*; q=0.01',
  'x-requested-with' => 'XMLHttpRequest',
  'x-pjax' => 'true',
  'x-pjax-container' => '#pjax-container',
  'user-agent' => 'Mozilla/5.0 (Windows NT 6.1; WOW64) AppleWebKit/537.36 (KHTML, like Gecko) Chrome/62.0.3202.94 Safari/537.36',
  'content-type' => 'application/x-www-form-urlencoded; charset=UTF-8',
  'referer' => 'http://fhweb.u776.com:88/hngame/public/index.php/admin/index/index',
  'accept-encoding' => 'gzip, deflate',
  'accept-language' => 'zh-CN,zh;q=0.9',
  'cookie' => 'PHPSESSID=hj7vs8nnaklvm9l3f52nb84ot5; name=%E8%A1%A3%E8%8C%83%E5%84%BF; uname=admin; uid=1; avatar=%2Fhngame%2Fpublic%2Fuserfiles%2Fimages%2F11.jpeg',
  'content-length' => '',
)
[ info ] [ PARAM ] array (
  '_pjax' => '#pjax-container',
)
[ info ] [ LANG ] /data/home/hngame/public/../application/admin/lang/zh-cn.php
[ info ] [ DB ] INIT mysql
[ info ] [ SESSION ] INIT array (
  'id' => '',
  'var_session_id' => '',
  'prefix' => 'tf',
  'type' => '',
  'auto_start' => true,
)
[ info ] [ CACHE ] INIT File
[ info ] [ LANG ] /data/home/hngame/public/../application/admin/lang/zh-cn/Archive.php
[ info ] [ RUN ] app\admin\controller\Archive->index[ /data/home/hngame/application/admin/controller/Archive.php ]
[ info ] [ VIEW ] /data/home/hngame/public/../application/admin/view/archive/index.html [ array (
  0 => 'box_is_pjax',
  1 => 'treeMenu',
  2 => 'dataList',
) ]
[ info ] [ LOG ] INIT File
[ sql ] [ DB ] CONNECT:[ UseTime:0.001216s ] mysql:dbname=guanwang;host=106.75.27.180;port=3306;charset=utf8
[ sql ] [ SQL ] SHOW COLUMNS FROM `hn_config` [ RunTime:0.001245s ]
[ sql ] [ SQL ] SELECT `v` FROM `hn_config` WHERE  `type` = 'system'  AND `k` = 'login_time' LIMIT 1 [ RunTime:0.000711s ]
[ sql ] [ SQL ] SHOW COLUMNS FROM `hn_user_token` [ RunTime:0.001104s ]
[ sql ] [ SQL ] SELECT * FROM `hn_user_token` WHERE  `uid` = 1  AND `type` = 1 LIMIT 1 [ RunTime:0.000666s ]
[ sql ] [ SQL ] UPDATE `hn_user_token`  SET `token_time`=1511334439  WHERE  `uid` = 1  AND `type` = 1 [ RunTime:0.002284s ]
[ sql ] [ SQL ] SELECT * FROM `hn_config` WHERE  `k` = 'isbrowse' LIMIT 1 [ RunTime:0.000740s ]
[ sql ] [ SQL ] SHOW COLUMNS FROM `hn_role_user` [ RunTime:0.001363s ]
[ sql ] [ SQL ] SELECT * FROM `hn_role_user` `a` INNER JOIN `hn_role` `g` ON `a`.`group_id`=`g`.`id` WHERE  (  a.uid='1' and g.status='1' ) [ RunTime:0.000708s ]
[ sql ] [ SQL ] SHOW COLUMNS FROM `hn_auth_rule` [ RunTime:0.001024s ]
[ sql ] [ SQL ] SELECT * FROM `hn_auth_rule` WHERE  `id` IN (1,50,61,62,63,64,48,92,93)  AND `type` = 1  AND `status` = 1 [ RunTime:0.000754s ]
[ sql ] [ SQL ] SHOW COLUMNS FROM `hn_archive` [ RunTime:0.001025s ]
[ sql ] [ SQL ] SELECT COUNT(*) AS tp_count FROM `hn_archive` LIMIT 1 [ RunTime:0.000571s ]
[ sql ] [ SQL ] SELECT * FROM `hn_archive` ORDER BY id desc LIMIT 0,10 [ RunTime:0.000825s ]
[ sql ] [ SQL ] SHOW COLUMNS FROM `hn_arctype` [ RunTime:0.001109s ]
[ sql ] [ SQL ] SELECT `typename`,`mid`,`jumplink` FROM `hn_arctype` WHERE  `id` = 5 LIMIT 1 [ RunTime:0.000667s ]
[ sql ] [ SQL ] SHOW COLUMNS FROM `hn_user` [ RunTime:0.001030s ]
[ sql ] [ SQL ] SELECT `name` FROM `hn_user` WHERE  `id` = 1 LIMIT 1 [ RunTime:0.000654s ]
[ sql ] [ SQL ] SELECT `typename`,`mid`,`jumplink` FROM `hn_arctype` WHERE  `id` = 5 LIMIT 1 [ RunTime:0.000555s ]
[ sql ] [ SQL ] SELECT `name` FROM `hn_user` WHERE  `id` = 1 LIMIT 1 [ RunTime:0.000592s ]
[ error ] [8]未定义数组索引: think_var[/data/home/hngame/application/admin/controller/Common.php:39]
[ error ] [8]Array to string conversion[/data/home/hngame/application/admin/common.php:299]
[ error ] [8]Array to string conversion[/data/home/hngame/application/admin/common.php:307]
[ error ] [8]Array to string conversion[/data/home/hngame/application/admin/common.php:299]
[ error ] [8]Array to string conversion[/data/home/hngame/application/admin/common.php:307]
[ error ] [2]Invalid argument supplied for foreach()[/data/home/hngame/thinkphp/library/think/Url.php:142]
[ error ] [2]Invalid argument supplied for foreach()[/data/home/hngame/thinkphp/library/think/Url.php:142]
[ error ] [2]Invalid argument supplied for foreach()[/data/home/hngame/thinkphp/library/think/Url.php:142]
[ error ] [2]Invalid argument supplied for foreach()[/data/home/hngame/thinkphp/library/think/Url.php:142]
[ error ] [2]Invalid argument supplied for foreach()[/data/home/hngame/thinkphp/library/think/Url.php:142]
[ error ] [2]Invalid argument supplied for foreach()[/data/home/hngame/thinkphp/library/think/Url.php:142]
[ error ] [2]Invalid argument supplied for foreach()[/data/home/hngame/thinkphp/library/think/Url.php:142]
[ error ] [2]Invalid argument supplied for foreach()[/data/home/hngame/thinkphp/library/think/Url.php:142]
[ error ] [8]Array to string conversion[/data/home/hngame/application/admin/common.php:299]
[ error ] [8]Array to string conversion[/data/home/hngame/application/admin/common.php:307]
[ error ] [2]Invalid argument supplied for foreach()[/data/home/hngame/thinkphp/library/think/Url.php:142]
[ error ] [2]Invalid argument supplied for foreach()[/data/home/hngame/thinkphp/library/think/Url.php:142]
[ error ] [2]Invalid argument supplied for foreach()[/data/home/hngame/thinkphp/library/think/Url.php:142]
[ error ] [2]Invalid argument supplied for foreach()[/data/home/hngame/thinkphp/library/think/Url.php:142]
[ error ] [2]Invalid argument supplied for foreach()[/data/home/hngame/thinkphp/library/think/Url.php:142]
[ error ] [2]Invalid argument supplied for foreach()[/data/home/hngame/thinkphp/library/think/Url.php:142]
[ error ] [2]Invalid argument supplied for foreach()[/data/home/hngame/thinkphp/library/think/Url.php:142]
[ error ] [2]Invalid argument supplied for foreach()[/data/home/hngame/thinkphp/library/think/Url.php:142]
[ error ] [8]未定义变量: rest_login[/data/home/hngame/runtime/temp/dffd7b8722668940263411856ff6f701.php:233]
---------------------------------------------------------------
[ 2017-11-22T14:37:24+08:00 ] 10.9.46.224 27.156.124.207 GET /hngame/public/index.php/admin/archive/create/typeid/-1?_pjax=%23pjax-container
[ info ] fhweb.u776.com:88/hngame/public/index.php/admin/archive/create/typeid/-1?_pjax=%23pjax-container [运行时间：0.060104s][吞吐率：16.64req/s] [内存消耗：4,337.06kb] [文件加载：72]
[ info ] [ LANG ] /data/home/hngame/thinkphp/lang/zh-cn.php
[ info ] [ ROUTE ] array (
  'type' => 'module',
  'module' => 
  array (
    0 => 'admin',
    1 => 'archive',
    2 => 'create',
  ),
)
[ info ] [ HEADER ] array (
  'host' => 'fhweb.u776.com:88',
  'connection' => 'keep-alive',
  'accept' => 'text/html, */*; q=0.01',
  'x-requested-with' => 'XMLHttpRequest',
  'x-pjax' => 'true',
  'x-pjax-container' => '#pjax-container',
  'user-agent' => 'Mozilla/5.0 (Windows NT 6.1; WOW64) AppleWebKit/537.36 (KHTML, like Gecko) Chrome/62.0.3202.94 Safari/537.36',
  'content-type' => 'application/x-www-form-urlencoded; charset=UTF-8',
  'referer' => 'http://fhweb.u776.com:88/hngame/public/index.php/admin/archive/index',
  'accept-encoding' => 'gzip, deflate',
  'accept-language' => 'zh-CN,zh;q=0.9',
  'cookie' => 'PHPSESSID=hj7vs8nnaklvm9l3f52nb84ot5; name=%E8%A1%A3%E8%8C%83%E5%84%BF; uname=admin; uid=1; avatar=%2Fhngame%2Fpublic%2Fuserfiles%2Fimages%2F11.jpeg',
  'content-length' => '',
)
[ info ] [ PARAM ] array (
  '_pjax' => '#pjax-container',
  'typeid' => '-1',
)
[ info ] [ LANG ] /data/home/hngame/public/../application/admin/lang/zh-cn.php
[ info ] [ DB ] INIT mysql
[ info ] [ SESSION ] INIT array (
  'id' => '',
  'var_session_id' => '',
  'prefix' => 'tf',
  'type' => '',
  'auto_start' => true,
)
[ info ] [ CACHE ] INIT File
[ info ] [ LANG ] /data/home/hngame/public/../application/admin/lang/zh-cn/Archive.php
[ info ] [ RUN ] app\admin\controller\Archive->create[ /data/home/hngame/application/admin/controller/Archive.php ]
[ info ] [ VIEW ] /data/home/hngame/public/../application/admin/view/archive/edit.html [ array (
  0 => 'box_is_pjax',
  1 => 'treeMenu',
  2 => 'arctypeList',
  3 => 'data',
) ]
[ info ] [ LOG ] INIT File
[ sql ] [ DB ] CONNECT:[ UseTime:0.001399s ] mysql:dbname=guanwang;host=106.75.27.180;port=3306;charset=utf8
[ sql ] [ SQL ] SHOW COLUMNS FROM `hn_config` [ RunTime:0.001219s ]
[ sql ] [ SQL ] SELECT `v` FROM `hn_config` WHERE  `type` = 'system'  AND `k` = 'login_time' LIMIT 1 [ RunTime:0.000683s ]
[ sql ] [ SQL ] SHOW COLUMNS FROM `hn_user_token` [ RunTime:0.001109s ]
[ sql ] [ SQL ] SELECT * FROM `hn_user_token` WHERE  `uid` = 1  AND `type` = 1 LIMIT 1 [ RunTime:0.000678s ]
[ sql ] [ SQL ] UPDATE `hn_user_token`  SET `token_time`=1511334444  WHERE  `uid` = 1  AND `type` = 1 [ RunTime:0.002295s ]
[ sql ] [ SQL ] SELECT * FROM `hn_config` WHERE  `k` = 'isbrowse' LIMIT 1 [ RunTime:0.000592s ]
[ sql ] [ SQL ] SHOW COLUMNS FROM `hn_role_user` [ RunTime:0.001079s ]
[ sql ] [ SQL ] SELECT * FROM `hn_role_user` `a` INNER JOIN `hn_role` `g` ON `a`.`group_id`=`g`.`id` WHERE  (  a.uid='1' and g.status='1' ) [ RunTime:0.000665s ]
[ sql ] [ SQL ] SHOW COLUMNS FROM `hn_auth_rule` [ RunTime:0.000997s ]
[ sql ] [ SQL ] SELECT * FROM `hn_auth_rule` WHERE  `id` IN (1,50,61,62,63,64,48,92,93)  AND `type` = 1  AND `status` = 1 [ RunTime:0.000658s ]
[ sql ] [ SQL ] SHOW COLUMNS FROM `hn_arctype` [ RunTime:0.001243s ]
[ sql ] [ SQL ] SELECT * FROM `hn_arctype` WHERE  `id` = -1 LIMIT 1 [ RunTime:0.000662s ]
[ error ] [8]未定义数组索引: think_var[/data/home/hngame/application/admin/controller/Common.php:39]
[ error ] [8]未定义数组索引: id[/data/home/hngame/runtime/temp/cadf5a5c0d4cf8fba883d17f13dab88f.php:120]
[ error ] [8]未定义数组索引: title[/data/home/hngame/runtime/temp/cadf5a5c0d4cf8fba883d17f13dab88f.php:145]
[ error ] [8]未定义数组索引: description[/data/home/hngame/runtime/temp/cadf5a5c0d4cf8fba883d17f13dab88f.php:149]
[ error ] [8]未定义数组索引: flag[/data/home/hngame/runtime/temp/cadf5a5c0d4cf8fba883d17f13dab88f.php:154]
[ error ] [2]in_array() expects parameter 2 to be array, null given[/data/home/hngame/runtime/temp/cadf5a5c0d4cf8fba883d17f13dab88f.php:154]
[ error ] [8]未定义数组索引: flag[/data/home/hngame/runtime/temp/cadf5a5c0d4cf8fba883d17f13dab88f.php:155]
[ error ] [2]in_array() expects parameter 2 to be array, null given[/data/home/hngame/runtime/temp/cadf5a5c0d4cf8fba883d17f13dab88f.php:155]
[ error ] [8]未定义数组索引: flag[/data/home/hngame/runtime/temp/cadf5a5c0d4cf8fba883d17f13dab88f.php:156]
[ error ] [2]in_array() expects parameter 2 to be array, null given[/data/home/hngame/runtime/temp/cadf5a5c0d4cf8fba883d17f13dab88f.php:156]
[ error ] [8]未定义数组索引: flag[/data/home/hngame/runtime/temp/cadf5a5c0d4cf8fba883d17f13dab88f.php:157]
[ error ] [2]in_array() expects parameter 2 to be array, null given[/data/home/hngame/runtime/temp/cadf5a5c0d4cf8fba883d17f13dab88f.php:157]
[ error ] [8]未定义数组索引: flag[/data/home/hngame/runtime/temp/cadf5a5c0d4cf8fba883d17f13dab88f.php:158]
[ error ] [2]in_array() expects parameter 2 to be array, null given[/data/home/hngame/runtime/temp/cadf5a5c0d4cf8fba883d17f13dab88f.php:158]
[ error ] [8]未定义数组索引: flag[/data/home/hngame/runtime/temp/cadf5a5c0d4cf8fba883d17f13dab88f.php:159]
[ error ] [2]in_array() expects parameter 2 to be array, null given[/data/home/hngame/runtime/temp/cadf5a5c0d4cf8fba883d17f13dab88f.php:159]
[ error ] [8]未定义数组索引: flag[/data/home/hngame/runtime/temp/cadf5a5c0d4cf8fba883d17f13dab88f.php:162]
[ error ] [2]in_array() expects parameter 2 to be array, null given[/data/home/hngame/runtime/temp/cadf5a5c0d4cf8fba883d17f13dab88f.php:162]
[ error ] [8]未定义数组索引: jumplink[/data/home/hngame/runtime/temp/cadf5a5c0d4cf8fba883d17f13dab88f.php:164]
[ error ] [8]未定义数组索引: litpic[/data/home/hngame/runtime/temp/cadf5a5c0d4cf8fba883d17f13dab88f.php:170]
[ error ] [8]未定义数组索引: content[/data/home/hngame/runtime/temp/cadf5a5c0d4cf8fba883d17f13dab88f.php:184]
[ error ] [8]未定义数组索引: writer[/data/home/hngame/runtime/temp/cadf5a5c0d4cf8fba883d17f13dab88f.php:188]
[ error ] [8]未定义数组索引: source[/data/home/hngame/runtime/temp/cadf5a5c0d4cf8fba883d17f13dab88f.php:192]
[ error ] [8]未定义数组索引: status[/data/home/hngame/runtime/temp/cadf5a5c0d4cf8fba883d17f13dab88f.php:204]
[ error ] [8]未定义数组索引: status[/data/home/hngame/runtime/temp/cadf5a5c0d4cf8fba883d17f13dab88f.php:205]
[ error ] [8]未定义变量: rest_login[/data/home/hngame/runtime/temp/cadf5a5c0d4cf8fba883d17f13dab88f.php:273]
---------------------------------------------------------------
[ 2017-11-22T14:37:41+08:00 ] 10.9.46.224 27.156.124.207 POST /hngame/public/index.php/admin/archive/create/typeid/-1
[ info ] fhweb.u776.com:88/hngame/public/index.php/admin/archive/create/typeid/-1 [运行时间：0.064908s][吞吐率：15.41req/s] [内存消耗：4,394.53kb] [文件加载：72]
[ info ] [ LANG ] /data/home/hngame/thinkphp/lang/zh-cn.php
[ info ] [ ROUTE ] array (
  'type' => 'module',
  'module' => 
  array (
    0 => 'admin',
    1 => 'archive',
    2 => 'create',
  ),
)
[ info ] [ HEADER ] array (
  'host' => 'fhweb.u776.com:88',
  'connection' => 'keep-alive',
  'content-length' => '157',
  'accept' => 'application/json, text/javascript, */*; q=0.01',
  'origin' => 'http://fhweb.u776.com:88',
  'x-requested-with' => 'XMLHttpRequest',
  'user-agent' => 'Mozilla/5.0 (Windows NT 6.1; WOW64) AppleWebKit/537.36 (KHTML, like Gecko) Chrome/62.0.3202.94 Safari/537.36',
  'content-type' => 'application/x-www-form-urlencoded; charset=UTF-8',
  'referer' => 'http://fhweb.u776.com:88/hngame/public/index.php/admin/archive/create/typeid/-1',
  'accept-encoding' => 'gzip, deflate',
  'accept-language' => 'zh-CN,zh;q=0.9',
  'cookie' => 'PHPSESSID=hj7vs8nnaklvm9l3f52nb84ot5; name=%E8%A1%A3%E8%8C%83%E5%84%BF; uname=admin; uid=1; avatar=%2Fhngame%2Fpublic%2Fuserfiles%2Fimages%2F11.jpeg',
)
[ info ] [ PARAM ] array (
  'id' => '',
  'typeid' => '-1',
  'title' => '111111',
  'description' => '1111',
  'jumplink' => '',
  'litpic' => '',
  'content' => '&lt;p&gt;1111111&lt;/p&gt;
',
  'source' => '',
  'click' => '0',
  'status' => '0',
  'create_time' => '2017-11-22 14:37:24',
)
[ info ] [ LANG ] /data/home/hngame/public/../application/admin/lang/zh-cn.php
[ info ] [ DB ] INIT mysql
[ info ] [ SESSION ] INIT array (
  'id' => '',
  'var_session_id' => '',
  'prefix' => 'tf',
  'type' => '',
  'auto_start' => true,
)
[ info ] [ CACHE ] INIT File
[ info ] [ LANG ] /data/home/hngame/public/../application/admin/lang/zh-cn/Archive.php
[ info ] [ RUN ] app\admin\controller\Archive->create[ /data/home/hngame/application/admin/controller/Archive.php ]
[ info ] [ LOG ] INIT File
[ sql ] [ DB ] CONNECT:[ UseTime:0.001338s ] mysql:dbname=guanwang;host=106.75.27.180;port=3306;charset=utf8
[ sql ] [ SQL ] SHOW COLUMNS FROM `hn_config` [ RunTime:0.001245s ]
[ sql ] [ SQL ] SELECT `v` FROM `hn_config` WHERE  `type` = 'system'  AND `k` = 'login_time' LIMIT 1 [ RunTime:0.000652s ]
[ sql ] [ SQL ] SHOW COLUMNS FROM `hn_user_token` [ RunTime:0.001099s ]
[ sql ] [ SQL ] SELECT * FROM `hn_user_token` WHERE  `uid` = 1  AND `type` = 1 LIMIT 1 [ RunTime:0.000789s ]
[ sql ] [ SQL ] UPDATE `hn_user_token`  SET `token_time`=1511334461  WHERE  `uid` = 1  AND `type` = 1 [ RunTime:0.002186s ]
[ sql ] [ SQL ] SELECT * FROM `hn_config` WHERE  `k` = 'isbrowse' LIMIT 1 [ RunTime:0.000795s ]
[ sql ] [ SQL ] SHOW COLUMNS FROM `hn_role_user` [ RunTime:0.001350s ]
[ sql ] [ SQL ] SELECT * FROM `hn_role_user` `a` INNER JOIN `hn_role` `g` ON `a`.`group_id`=`g`.`id` WHERE  (  a.uid='1' and g.status='1' ) [ RunTime:0.000716s ]
[ sql ] [ SQL ] SHOW COLUMNS FROM `hn_auth_rule` [ RunTime:0.001270s ]
[ sql ] [ SQL ] SELECT * FROM `hn_auth_rule` WHERE  `id` IN (1,50,61,62,63,64,48,92,93)  AND `type` = 1  AND `status` = 1 [ RunTime:0.000730s ]
[ sql ] [ SQL ] SHOW COLUMNS FROM `hn_archive` [ RunTime:0.001368s ]
[ sql ] [ SQL ] INSERT INTO `hn_archive` (`id` , `typeid` , `title` , `description` , `jumplink` , `litpic` , `content` , `source` , `click` , `status` , `create_time` , `flag` , `writer` , `update_time`) VALUES (0 , 5 , '111111' , '1111' , '' , '' , '&lt;p&gt;1111111&lt;/p&gt;\n' , '' , 0 , 0 , 1511332644 , '' , 1 , 1511332661) [ RunTime:0.002378s ]
[ error ] [8]未定义数组索引: think_var[/data/home/hngame/application/admin/controller/Common.php:39]
[ error ] [8]未定义数组索引: flag[/data/home/hngame/application/admin/controller/Archive.php:57]
---------------------------------------------------------------
[ 2017-11-22T14:37:42+08:00 ] 10.9.46.224 27.156.124.207 GET /hngame/public/index.php/admin/archive/index?_pjax=%23pjax-container
[ info ] fhweb.u776.com:88/hngame/public/index.php/admin/archive/index?_pjax=%23pjax-container [运行时间：0.083890s][吞吐率：11.92req/s] [内存消耗：4,711.82kb] [文件加载：79]
[ info ] [ LANG ] /data/home/hngame/thinkphp/lang/zh-cn.php
[ info ] [ ROUTE ] array (
  'type' => 'module',
  'module' => 
  array (
    0 => 'admin',
    1 => 'archive',
    2 => 'index',
  ),
)
[ info ] [ HEADER ] array (
  'host' => 'fhweb.u776.com:88',
  'connection' => 'keep-alive',
  'accept' => 'text/html, */*; q=0.01',
  'x-requested-with' => 'XMLHttpRequest',
  'x-pjax' => 'true',
  'x-pjax-container' => '#pjax-container',
  'user-agent' => 'Mozilla/5.0 (Windows NT 6.1; WOW64) AppleWebKit/537.36 (KHTML, like Gecko) Chrome/62.0.3202.94 Safari/537.36',
  'content-type' => 'application/x-www-form-urlencoded; charset=UTF-8',
  'referer' => 'http://fhweb.u776.com:88/hngame/public/index.php/admin/archive/create/typeid/-1',
  'accept-encoding' => 'gzip, deflate',
  'accept-language' => 'zh-CN,zh;q=0.9',
  'cookie' => 'PHPSESSID=hj7vs8nnaklvm9l3f52nb84ot5; name=%E8%A1%A3%E8%8C%83%E5%84%BF; uname=admin; uid=1; avatar=%2Fhngame%2Fpublic%2Fuserfiles%2Fimages%2F11.jpeg',
  'content-length' => '',
)
[ info ] [ PARAM ] array (
  '_pjax' => '#pjax-container',
)
[ info ] [ LANG ] /data/home/hngame/public/../application/admin/lang/zh-cn.php
[ info ] [ DB ] INIT mysql
[ info ] [ SESSION ] INIT array (
  'id' => '',
  'var_session_id' => '',
  'prefix' => 'tf',
  'type' => '',
  'auto_start' => true,
)
[ info ] [ CACHE ] INIT File
[ info ] [ LANG ] /data/home/hngame/public/../application/admin/lang/zh-cn/Archive.php
[ info ] [ RUN ] app\admin\controller\Archive->index[ /data/home/hngame/application/admin/controller/Archive.php ]
[ info ] [ VIEW ] /data/home/hngame/public/../application/admin/view/archive/index.html [ array (
  0 => 'box_is_pjax',
  1 => 'treeMenu',
  2 => 'dataList',
) ]
[ info ] [ LOG ] INIT File
[ sql ] [ DB ] CONNECT:[ UseTime:0.001149s ] mysql:dbname=guanwang;host=106.75.27.180;port=3306;charset=utf8
[ sql ] [ SQL ] SHOW COLUMNS FROM `hn_config` [ RunTime:0.001469s ]
[ sql ] [ SQL ] SELECT `v` FROM `hn_config` WHERE  `type` = 'system'  AND `k` = 'login_time' LIMIT 1 [ RunTime:0.000638s ]
[ sql ] [ SQL ] SHOW COLUMNS FROM `hn_user_token` [ RunTime:0.001244s ]
[ sql ] [ SQL ] SELECT * FROM `hn_user_token` WHERE  `uid` = 1  AND `type` = 1 LIMIT 1 [ RunTime:0.000742s ]
[ sql ] [ SQL ] UPDATE `hn_user_token`  SET `token_time`=1511334462  WHERE  `uid` = 1  AND `type` = 1 [ RunTime:0.002943s ]
[ sql ] [ SQL ] SELECT * FROM `hn_config` WHERE  `k` = 'isbrowse' LIMIT 1 [ RunTime:0.000742s ]
[ sql ] [ SQL ] SHOW COLUMNS FROM `hn_role_user` [ RunTime:0.001121s ]
[ sql ] [ SQL ] SELECT * FROM `hn_role_user` `a` INNER JOIN `hn_role` `g` ON `a`.`group_id`=`g`.`id` WHERE  (  a.uid='1' and g.status='1' ) [ RunTime:0.000597s ]
[ sql ] [ SQL ] SHOW COLUMNS FROM `hn_auth_rule` [ RunTime:0.001116s ]
[ sql ] [ SQL ] SELECT * FROM `hn_auth_rule` WHERE  `id` IN (1,50,61,62,63,64,48,92,93)  AND `type` = 1  AND `status` = 1 [ RunTime:0.000771s ]
[ sql ] [ SQL ] SHOW COLUMNS FROM `hn_archive` [ RunTime:0.001049s ]
[ sql ] [ SQL ] SELECT COUNT(*) AS tp_count FROM `hn_archive` LIMIT 1 [ RunTime:0.000608s ]
[ sql ] [ SQL ] SELECT * FROM `hn_archive` ORDER BY id desc LIMIT 0,10 [ RunTime:0.001105s ]
[ sql ] [ SQL ] SHOW COLUMNS FROM `hn_arctype` [ RunTime:0.001314s ]
[ sql ] [ SQL ] SELECT `typename`,`mid`,`jumplink` FROM `hn_arctype` WHERE  `id` = 5 LIMIT 1 [ RunTime:0.000592s ]
[ sql ] [ SQL ] SHOW COLUMNS FROM `hn_user` [ RunTime:0.001316s ]
[ sql ] [ SQL ] SELECT `name` FROM `hn_user` WHERE  `id` = 1 LIMIT 1 [ RunTime:0.000487s ]
[ sql ] [ SQL ] SELECT `typename`,`mid`,`jumplink` FROM `hn_arctype` WHERE  `id` = 5 LIMIT 1 [ RunTime:0.000538s ]
[ sql ] [ SQL ] SELECT `name` FROM `hn_user` WHERE  `id` = 1 LIMIT 1 [ RunTime:0.000496s ]
[ sql ] [ SQL ] SELECT `typename`,`mid`,`jumplink` FROM `hn_arctype` WHERE  `id` = 5 LIMIT 1 [ RunTime:0.000569s ]
[ sql ] [ SQL ] SELECT `name` FROM `hn_user` WHERE  `id` = 1 LIMIT 1 [ RunTime:0.000452s ]
[ error ] [8]未定义数组索引: think_var[/data/home/hngame/application/admin/controller/Common.php:39]
[ error ] [2]in_array() expects parameter 2 to be array, string given[/data/home/hngame/application/admin/controller/Archive.php:36]
[ error ] [8]Array to string conversion[/data/home/hngame/application/admin/common.php:299]
[ error ] [8]Array to string conversion[/data/home/hngame/application/admin/common.php:307]
[ error ] [2]Invalid argument supplied for foreach()[/data/home/hngame/runtime/temp/dffd7b8722668940263411856ff6f701.php:152]
[ error ] [8]Array to string conversion[/data/home/hngame/application/admin/common.php:299]
[ error ] [8]Array to string conversion[/data/home/hngame/application/admin/common.php:307]
[ error ] [2]Invalid argument supplied for foreach()[/data/home/hngame/thinkphp/library/think/Url.php:142]
[ error ] [2]Invalid argument supplied for foreach()[/data/home/hngame/thinkphp/library/think/Url.php:142]
[ error ] [2]Invalid argument supplied for foreach()[/data/home/hngame/thinkphp/library/think/Url.php:142]
[ error ] [2]Invalid argument supplied for foreach()[/data/home/hngame/thinkphp/library/think/Url.php:142]
[ error ] [2]Invalid argument supplied for foreach()[/data/home/hngame/thinkphp/library/think/Url.php:142]
[ error ] [2]Invalid argument supplied for foreach()[/data/home/hngame/thinkphp/library/think/Url.php:142]
[ error ] [2]Invalid argument supplied for foreach()[/data/home/hngame/thinkphp/library/think/Url.php:142]
[ error ] [2]Invalid argument supplied for foreach()[/data/home/hngame/thinkphp/library/think/Url.php:142]
[ error ] [8]Array to string conversion[/data/home/hngame/application/admin/common.php:299]
[ error ] [8]Array to string conversion[/data/home/hngame/application/admin/common.php:307]
[ error ] [2]Invalid argument supplied for foreach()[/data/home/hngame/thinkphp/library/think/Url.php:142]
[ error ] [2]Invalid argument supplied for foreach()[/data/home/hngame/thinkphp/library/think/Url.php:142]
[ error ] [2]Invalid argument supplied for foreach()[/data/home/hngame/thinkphp/library/think/Url.php:142]
[ error ] [2]Invalid argument supplied for foreach()[/data/home/hngame/thinkphp/library/think/Url.php:142]
[ error ] [2]Invalid argument supplied for foreach()[/data/home/hngame/thinkphp/library/think/Url.php:142]
[ error ] [2]Invalid argument supplied for foreach()[/data/home/hngame/thinkphp/library/think/Url.php:142]
[ error ] [2]Invalid argument supplied for foreach()[/data/home/hngame/thinkphp/library/think/Url.php:142]
[ error ] [2]Invalid argument supplied for foreach()[/data/home/hngame/thinkphp/library/think/Url.php:142]
[ error ] [8]Array to string conversion[/data/home/hngame/application/admin/common.php:299]
[ error ] [8]Array to string conversion[/data/home/hngame/application/admin/common.php:307]
[ error ] [2]Invalid argument supplied for foreach()[/data/home/hngame/thinkphp/library/think/Url.php:142]
[ error ] [2]Invalid argument supplied for foreach()[/data/home/hngame/thinkphp/library/think/Url.php:142]
[ error ] [2]Invalid argument supplied for foreach()[/data/home/hngame/thinkphp/library/think/Url.php:142]
[ error ] [2]Invalid argument supplied for foreach()[/data/home/hngame/thinkphp/library/think/Url.php:142]
[ error ] [2]Invalid argument supplied for foreach()[/data/home/hngame/thinkphp/library/think/Url.php:142]
[ error ] [2]Invalid argument supplied for foreach()[/data/home/hngame/thinkphp/library/think/Url.php:142]
[ error ] [2]Invalid argument supplied for foreach()[/data/home/hngame/thinkphp/library/think/Url.php:142]
[ error ] [2]Invalid argument supplied for foreach()[/data/home/hngame/thinkphp/library/think/Url.php:142]
[ error ] [8]未定义变量: rest_login[/data/home/hngame/runtime/temp/dffd7b8722668940263411856ff6f701.php:233]
---------------------------------------------------------------
[ 2017-11-22T19:21:56+08:00 ] 10.9.46.224 27.156.124.207 GET /hngame/public/index.php/admin/archive/index?_sort=status,asc&_pjax=%23pjax-container
[ info ] fhweb.u776.com:88/hngame/public/index.php/admin/archive/index?_sort=status,asc&_pjax=%23pjax-container [运行时间：0.082831s][吞吐率：12.07req/s] [内存消耗：4,707.83kb] [文件加载：79]
[ info ] [ LANG ] /data/home/hngame/thinkphp/lang/zh-cn.php
[ info ] [ ROUTE ] array (
  'type' => 'module',
  'module' => 
  array (
    0 => 'admin',
    1 => 'archive',
    2 => 'index',
  ),
)
[ info ] [ HEADER ] array (
  'host' => 'fhweb.u776.com:88',
  'connection' => 'keep-alive',
  'accept' => 'text/html, */*; q=0.01',
  'x-requested-with' => 'XMLHttpRequest',
  'x-pjax' => 'true',
  'x-pjax-container' => '#pjax-container',
  'user-agent' => 'Mozilla/5.0 (Windows NT 6.1; WOW64) AppleWebKit/537.36 (KHTML, like Gecko) Chrome/62.0.3202.94 Safari/537.36',
  'content-type' => 'application/x-www-form-urlencoded; charset=UTF-8',
  'referer' => 'http://fhweb.u776.com:88/hngame/public/index.php/admin/archive/index',
  'accept-encoding' => 'gzip, deflate',
  'accept-language' => 'zh-CN,zh;q=0.9',
  'cookie' => 'PHPSESSID=hj7vs8nnaklvm9l3f52nb84ot5; name=%E8%A1%A3%E8%8C%83%E5%84%BF; uname=admin; uid=1; avatar=%2Fhngame%2Fpublic%2Fuserfiles%2Fimages%2F11.jpeg',
  'content-length' => '',
)
[ info ] [ PARAM ] array (
  '_sort' => 'status,asc',
  '_pjax' => '#pjax-container',
)
[ info ] [ LANG ] /data/home/hngame/public/../application/admin/lang/zh-cn.php
[ info ] [ DB ] INIT mysql
[ info ] [ SESSION ] INIT array (
  'id' => '',
  'var_session_id' => '',
  'prefix' => 'tf',
  'type' => '',
  'auto_start' => true,
)
[ info ] [ CACHE ] INIT File
[ info ] [ LANG ] /data/home/hngame/public/../application/admin/lang/zh-cn/Archive.php
[ info ] [ RUN ] app\admin\controller\Archive->index[ /data/home/hngame/application/admin/controller/Archive.php ]
[ info ] [ VIEW ] /data/home/hngame/public/../application/admin/view/archive/index.html [ array (
  0 => 'rest_login_info',
  1 => 'rest_login',
  2 => 'box_is_pjax',
  3 => 'treeMenu',
  4 => 'dataList',
) ]
[ info ] [ LOG ] INIT File
[ sql ] [ DB ] CONNECT:[ UseTime:0.001566s ] mysql:dbname=guanwang;host=106.75.27.180;port=3306;charset=utf8
[ sql ] [ SQL ] SHOW COLUMNS FROM `hn_config` [ RunTime:0.001700s ]
[ sql ] [ SQL ] SELECT `v` FROM `hn_config` WHERE  `type` = 'system'  AND `k` = 'login_time' LIMIT 1 [ RunTime:0.000773s ]
[ sql ] [ SQL ] SHOW COLUMNS FROM `hn_user_token` [ RunTime:0.001433s ]
[ sql ] [ SQL ] SELECT * FROM `hn_user_token` WHERE  `uid` = 1  AND `type` = 1 LIMIT 1 [ RunTime:0.000785s ]
[ sql ] [ SQL ] SELECT * FROM `hn_config` WHERE  `k` = 'isbrowse' LIMIT 1 [ RunTime:0.000679s ]
[ sql ] [ SQL ] SHOW COLUMNS FROM `hn_role_user` [ RunTime:0.001135s ]
[ sql ] [ SQL ] SELECT * FROM `hn_role_user` `a` INNER JOIN `hn_role` `g` ON `a`.`group_id`=`g`.`id` WHERE  (  a.uid='1' and g.status='1' ) [ RunTime:0.000620s ]
[ sql ] [ SQL ] SHOW COLUMNS FROM `hn_auth_rule` [ RunTime:0.001077s ]
[ sql ] [ SQL ] SELECT * FROM `hn_auth_rule` WHERE  `id` IN (1,50,61,62,63,64,48,92,93)  AND `type` = 1  AND `status` = 1 [ RunTime:0.000765s ]
[ sql ] [ SQL ] SHOW COLUMNS FROM `hn_archive` [ RunTime:0.001272s ]
[ sql ] [ SQL ] SELECT COUNT(*) AS tp_count FROM `hn_archive` LIMIT 1 [ RunTime:0.000569s ]
[ sql ] [ SQL ] SELECT * FROM `hn_archive` ORDER BY status asc LIMIT 0,10 [ RunTime:0.001058s ]
[ sql ] [ SQL ] SHOW COLUMNS FROM `hn_arctype` [ RunTime:0.001443s ]
[ sql ] [ SQL ] SELECT `typename`,`mid`,`jumplink` FROM `hn_arctype` WHERE  `id` = 5 LIMIT 1 [ RunTime:0.000610s ]
[ sql ] [ SQL ] SHOW COLUMNS FROM `hn_user` [ RunTime:0.001275s ]
[ sql ] [ SQL ] SELECT `name` FROM `hn_user` WHERE  `id` = 1 LIMIT 1 [ RunTime:0.000678s ]
[ sql ] [ SQL ] SELECT `typename`,`mid`,`jumplink` FROM `hn_arctype` WHERE  `id` = 5 LIMIT 1 [ RunTime:0.000579s ]
[ sql ] [ SQL ] SELECT `name` FROM `hn_user` WHERE  `id` = 1 LIMIT 1 [ RunTime:0.000582s ]
[ sql ] [ SQL ] SELECT `typename`,`mid`,`jumplink` FROM `hn_arctype` WHERE  `id` = 5 LIMIT 1 [ RunTime:0.000600s ]
[ sql ] [ SQL ] SELECT `name` FROM `hn_user` WHERE  `id` = 1 LIMIT 1 [ RunTime:0.000575s ]
[ error ] [8]未定义数组索引: think_var[/data/home/hngame/application/admin/controller/Common.php:39]
[ error ] [2]in_array() expects parameter 2 to be array, string given[/data/home/hngame/application/admin/controller/Archive.php:36]
[ error ] [8]Array to string conversion[/data/home/hngame/application/admin/common.php:299]
[ error ] [8]Array to string conversion[/data/home/hngame/application/admin/common.php:307]
[ error ] [2]Invalid argument supplied for foreach()[/data/home/hngame/runtime/temp/dffd7b8722668940263411856ff6f701.php:152]
[ error ] [8]Array to string conversion[/data/home/hngame/application/admin/common.php:299]
[ error ] [8]Array to string conversion[/data/home/hngame/application/admin/common.php:307]
[ error ] [2]Invalid argument supplied for foreach()[/data/home/hngame/thinkphp/library/think/Url.php:142]
[ error ] [2]Invalid argument supplied for foreach()[/data/home/hngame/thinkphp/library/think/Url.php:142]
[ error ] [2]Invalid argument supplied for foreach()[/data/home/hngame/thinkphp/library/think/Url.php:142]
[ error ] [2]Invalid argument supplied for foreach()[/data/home/hngame/thinkphp/library/think/Url.php:142]
[ error ] [2]Invalid argument supplied for foreach()[/data/home/hngame/thinkphp/library/think/Url.php:142]
[ error ] [2]Invalid argument supplied for foreach()[/data/home/hngame/thinkphp/library/think/Url.php:142]
[ error ] [2]Invalid argument supplied for foreach()[/data/home/hngame/thinkphp/library/think/Url.php:142]
[ error ] [2]Invalid argument supplied for foreach()[/data/home/hngame/thinkphp/library/think/Url.php:142]
[ error ] [8]Array to string conversion[/data/home/hngame/application/admin/common.php:299]
[ error ] [8]Array to string conversion[/data/home/hngame/application/admin/common.php:307]
[ error ] [2]Invalid argument supplied for foreach()[/data/home/hngame/thinkphp/library/think/Url.php:142]
[ error ] [2]Invalid argument supplied for foreach()[/data/home/hngame/thinkphp/library/think/Url.php:142]
[ error ] [2]Invalid argument supplied for foreach()[/data/home/hngame/thinkphp/library/think/Url.php:142]
[ error ] [2]Invalid argument supplied for foreach()[/data/home/hngame/thinkphp/library/think/Url.php:142]
[ error ] [2]Invalid argument supplied for foreach()[/data/home/hngame/thinkphp/library/think/Url.php:142]
[ error ] [2]Invalid argument supplied for foreach()[/data/home/hngame/thinkphp/library/think/Url.php:142]
[ error ] [2]Invalid argument supplied for foreach()[/data/home/hngame/thinkphp/library/think/Url.php:142]
[ error ] [2]Invalid argument supplied for foreach()[/data/home/hngame/thinkphp/library/think/Url.php:142]
[ error ] [8]Array to string conversion[/data/home/hngame/application/admin/common.php:299]
[ error ] [8]Array to string conversion[/data/home/hngame/application/admin/common.php:307]
[ error ] [2]Invalid argument supplied for foreach()[/data/home/hngame/thinkphp/library/think/Url.php:142]
[ error ] [2]Invalid argument supplied for foreach()[/data/home/hngame/thinkphp/library/think/Url.php:142]
[ error ] [2]Invalid argument supplied for foreach()[/data/home/hngame/thinkphp/library/think/Url.php:142]
[ error ] [2]Invalid argument supplied for foreach()[/data/home/hngame/thinkphp/library/think/Url.php:142]
[ error ] [2]Invalid argument supplied for foreach()[/data/home/hngame/thinkphp/library/think/Url.php:142]
[ error ] [2]Invalid argument supplied for foreach()[/data/home/hngame/thinkphp/library/think/Url.php:142]
[ error ] [2]Invalid argument supplied for foreach()[/data/home/hngame/thinkphp/library/think/Url.php:142]
[ error ] [2]Invalid argument supplied for foreach()[/data/home/hngame/thinkphp/library/think/Url.php:142]
---------------------------------------------------------------
[ 2017-11-22T19:21:56+08:00 ] 10.9.46.224 27.156.124.207 GET /hngame/public/index.php/admin/login/restlogin
[ info ] fhweb.u776.com:88/hngame/public/index.php/admin/login/restlogin [运行时间：0.030833s][吞吐率：32.43req/s] [内存消耗：3,631.91kb] [文件加载：57]
[ info ] [ LANG ] /data/home/hngame/thinkphp/lang/zh-cn.php
[ info ] [ ROUTE ] array (
  'type' => 'module',
  'module' => 
  array (
    0 => 'admin',
    1 => 'login',
    2 => 'restlogin',
  ),
)
[ info ] [ HEADER ] array (
  'host' => 'fhweb.u776.com:88',
  'connection' => 'keep-alive',
  'accept' => 'text/html, */*; q=0.01',
  'x-requested-with' => 'XMLHttpRequest',
  'user-agent' => 'Mozilla/5.0 (Windows NT 6.1; WOW64) AppleWebKit/537.36 (KHTML, like Gecko) Chrome/62.0.3202.94 Safari/537.36',
  'referer' => 'http://fhweb.u776.com:88/hngame/public/index.php/admin/archive/index?_sort=status,asc',
  'accept-encoding' => 'gzip, deflate',
  'accept-language' => 'zh-CN,zh;q=0.9',
  'cookie' => 'PHPSESSID=hj7vs8nnaklvm9l3f52nb84ot5; name=%E8%A1%A3%E8%8C%83%E5%84%BF; uname=admin; uid=1; avatar=%2Fhngame%2Fpublic%2Fuserfiles%2Fimages%2F11.jpeg',
  'content-type' => '',
  'content-length' => '',
)
[ info ] [ PARAM ] array (
)
[ info ] [ LANG ] /data/home/hngame/public/../application/admin/lang/zh-cn.php
[ info ] [ DB ] INIT mysql
[ info ] [ RUN ] app\admin\controller\Login->restLogin[ /data/home/hngame/application/admin/controller/Login.php ]
[ info ] [ VIEW ] /data/home/hngame/public/../application/admin/view/login/restlogin.html [ array (
) ]
[ info ] [ LOG ] INIT File
---------------------------------------------------------------
[ 2017-11-22T19:21:59+08:00 ] 10.9.46.224 27.156.124.207 POST /hngame/public/index.php/admin/login/checklogin
[ info ] fhweb.u776.com:88/hngame/public/index.php/admin/login/checklogin [运行时间：0.230611s][吞吐率：4.34req/s] [内存消耗：4,203.96kb] [文件加载：67]
[ info ] [ LANG ] /data/home/hngame/thinkphp/lang/zh-cn.php
[ info ] [ ROUTE ] array (
  'type' => 'module',
  'module' => 
  array (
    0 => 'admin',
    1 => 'login',
    2 => 'checklogin',
  ),
)
[ info ] [ HEADER ] array (
  'host' => 'fhweb.u776.com:88',
  'connection' => 'keep-alive',
  'content-length' => '30',
  'accept' => 'application/json, text/javascript, */*; q=0.01',
  'origin' => 'http://fhweb.u776.com:88',
  'x-requested-with' => 'XMLHttpRequest',
  'user-agent' => 'Mozilla/5.0 (Windows NT 6.1; WOW64) AppleWebKit/537.36 (KHTML, like Gecko) Chrome/62.0.3202.94 Safari/537.36',
  'content-type' => 'application/x-www-form-urlencoded; charset=UTF-8',
  'referer' => 'http://fhweb.u776.com:88/hngame/public/index.php/admin/archive/index?_sort=status,asc',
  'accept-encoding' => 'gzip, deflate',
  'accept-language' => 'zh-CN,zh;q=0.9',
  'cookie' => 'PHPSESSID=hj7vs8nnaklvm9l3f52nb84ot5; name=%E8%A1%A3%E8%8C%83%E5%84%BF; uname=admin; uid=1; avatar=%2Fhngame%2Fpublic%2Fuserfiles%2Fimages%2F11.jpeg',
)
[ info ] [ PARAM ] array (
  'username' => 'admin',
  'password' => '123456',
)
[ info ] [ LANG ] /data/home/hngame/public/../application/admin/lang/zh-cn.php
[ info ] [ DB ] INIT mysql
[ info ] [ RUN ] app\admin\controller\Login->checkLogin[ /data/home/hngame/application/admin/controller/Login.php ]
[ info ] [ CACHE ] INIT File
[ info ] [ SESSION ] INIT array (
  'id' => '',
  'var_session_id' => '',
  'prefix' => 'tf',
  'type' => '',
  'auto_start' => true,
)
[ info ] [ LOG ] INIT File
[ sql ] [ DB ] CONNECT:[ UseTime:0.001280s ] mysql:dbname=guanwang;host=106.75.27.180;port=3306;charset=utf8
[ sql ] [ SQL ] SHOW COLUMNS FROM `hn_user` [ RunTime:0.001314s ]
[ sql ] [ SQL ] SELECT * FROM `hn_user` WHERE  `username` = 'admin' LIMIT 1 [ RunTime:0.000796s ]
[ sql ] [ SQL ] SHOW COLUMNS FROM `hn_user_info` [ RunTime:0.001919s ]
[ sql ] [ SQL ] SELECT * FROM `hn_user_info` WHERE  `uid` = 1 LIMIT 1 [ RunTime:0.000706s ]
[ sql ] [ SQL ] UPDATE `hn_user`  SET `logins`=137,`last_time`=1511349719,`last_ip`='27.156.124.207'  WHERE  `id` = 1 [ RunTime:0.002412s ]
[ sql ] [ SQL ] SHOW COLUMNS FROM `hn_config` [ RunTime:0.001649s ]
[ sql ] [ SQL ] SELECT `v` FROM `hn_config` WHERE  `type` = 'system'  AND `k` = 'login_time' LIMIT 1 [ RunTime:0.000620s ]
[ sql ] [ SQL ] SHOW COLUMNS FROM `hn_user_token` [ RunTime:0.001311s ]
[ sql ] [ SQL ] SELECT * FROM `hn_user_token` WHERE  `uid` = 1  AND `type` = 1 LIMIT 1 [ RunTime:0.000795s ]
[ sql ] [ SQL ] UPDATE `hn_user_token`  SET `token`='ff360a72d35020c46031582cb00fe839',`token_time`=1511351519  WHERE  `uid` = 1  AND `type` = 1 [ RunTime:0.002551s ]
[ sql ] [ SQL ] SHOW COLUMNS FROM `hn_login_log` [ RunTime:0.001434s ]
[ sql ] [ SQL ] INSERT INTO `hn_login_log` (`uid` , `ip` , `country` , `province` , `city` , `district` , `create_time` , `update_time`) VALUES (1 , '27.156.124.207' , '中国' , '福建' , '福州' , '' , 1511349719 , 1511349719) [ RunTime:0.002060s ]
