---------------------------------------------------------------
[ 2017-11-24T09:11:35+08:00 ] 10.9.46.224 218.50.4.48 GET /hngame/public/index.php/admin/login/index
[ info ] fhweb.u776.com:88/hngame/public/index.php/admin/login/index [运行时间：0.031241s][吞吐率：32.01req/s] [内存消耗：3,658.61kb] [文件加载：58]
[ info ] [ LANG ] /data/home/hngame/thinkphp/lang/zh-cn.php
[ info ] [ ROUTE ] array (
  'type' => 'module',
  'module' => 
  array (
    0 => 'admin',
    1 => 'login',
    2 => 'index',
  ),
)
[ info ] [ HEADER ] array (
  'host' => 'fhweb.u776.com:88',
  'connection' => 'keep-alive',
  'user-agent' => 'Mozilla/5.0 (Windows NT 6.1; WOW64) AppleWebKit/537.36 (KHTML, like Gecko) Chrome/62.0.3202.94 Safari/537.36',
  'upgrade-insecure-requests' => '1',
  'accept' => 'text/html,application/xhtml+xml,application/xml;q=0.9,image/webp,image/apng,*/*;q=0.8',
  'referer' => 'http://fhweb.u776.com:88/hngame/public/index.php/admin/archive/index',
  'accept-encoding' => 'gzip, deflate',
  'accept-language' => 'zh-CN,zh;q=0.9',
  'cookie' => 'PHPSESSID=abdijaiv2ft7s3gn1rikd09hg2; name=%E8%A1%A3%E8%8C%83%E5%84%BF; uname=admin; uid=1; avatar=%2Fhngame%2Fpublic%2Fuserfiles%2Fimages%2F11.jpeg',
  'content-type' => '',
  'content-length' => '',
)
[ info ] [ PARAM ] array (
)
[ info ] [ LANG ] /data/home/hngame/public/../application/admin/lang/zh-cn.php
[ info ] [ DB ] INIT mysql
[ info ] [ RUN ] app\admin\controller\Login->index[ /data/home/hngame/application/admin/controller/Login.php ]
[ info ] [ SESSION ] INIT array (
  'id' => '',
  'var_session_id' => '',
  'prefix' => 'tf',
  'type' => '',
  'auto_start' => true,
)
[ info ] [ LOG ] INIT File
---------------------------------------------------------------
[ 2017-11-24T09:11:35+08:00 ] 10.9.46.224 218.50.4.48 GET /hngame/public/index.php/hngame/public/index.php/admin/index/index
[ info ] fhweb.u776.com:88/hngame/public/index.php/hngame/public/index.php/admin/index/index [运行时间：0.021673s][吞吐率：46.14req/s] [内存消耗：1,853.57kb] [文件加载：40]
[ info ] [ LANG ] /data/home/hngame/thinkphp/lang/zh-cn.php
[ info ] [ ROUTE ] array (
  'type' => 'module',
  'module' => 
  array (
    0 => 'hngame',
    1 => 'public',
    2 => 'index.php',
  ),
)
[ info ] [ HEADER ] array (
  'host' => 'fhweb.u776.com:88',
  'connection' => 'keep-alive',
  'user-agent' => 'Mozilla/5.0 (Windows NT 6.1; WOW64) AppleWebKit/537.36 (KHTML, like Gecko) Chrome/62.0.3202.94 Safari/537.36',
  'upgrade-insecure-requests' => '1',
  'accept' => 'text/html,application/xhtml+xml,application/xml;q=0.9,image/webp,image/apng,*/*;q=0.8',
  'referer' => 'http://fhweb.u776.com:88/hngame/public/index.php/admin/archive/index',
  'accept-encoding' => 'gzip, deflate',
  'accept-language' => 'zh-CN,zh;q=0.9',
  'cookie' => 'PHPSESSID=abdijaiv2ft7s3gn1rikd09hg2; name=%E8%A1%A3%E8%8C%83%E5%84%BF; uname=admin; uid=1; avatar=%2Fhngame%2Fpublic%2Fuserfiles%2Fimages%2F11.jpeg',
  'content-type' => '',
  'content-length' => '',
)
[ info ] [ PARAM ] array (
  'admin' => 'index',
)
[ info ] [ LOG ] INIT File
---------------------------------------------------------------
[ 2017-11-24T09:39:22+08:00 ] 10.9.46.224 27.156.124.207 GET /hngame/public/index.php/admin/index/index
[ info ] fhweb.u776.com:88/hngame/public/index.php/admin/index/index [运行时间：0.036863s][吞吐率：27.13req/s] [内存消耗：3,771.23kb] [文件加载：61]
[ info ] [ LANG ] /data/home/hngame/thinkphp/lang/zh-cn.php
[ info ] [ ROUTE ] array (
  'type' => 'module',
  'module' => 
  array (
    0 => 'admin',
    1 => 'index',
    2 => 'index',
  ),
)
[ info ] [ HEADER ] array (
  'host' => 'fhweb.u776.com:88',
  'connection' => 'keep-alive',
  'upgrade-insecure-requests' => '1',
  'user-agent' => 'Mozilla/5.0 (Windows NT 6.1; WOW64) AppleWebKit/537.36 (KHTML, like Gecko) Chrome/55.0.2883.87 UBrowser/6.2.3831.211 Safari/537.36',
  'accept' => 'text/html,application/xhtml+xml,application/xml;q=0.9,image/webp,*/*;q=0.8',
  'accept-encoding' => 'gzip, deflate',
  'accept-language' => 'zh-CN,zh;q=0.8',
  'content-type' => '',
  'content-length' => '',
)
[ info ] [ PARAM ] array (
)
[ info ] [ LANG ] /data/home/hngame/public/../application/admin/lang/zh-cn.php
[ info ] [ DB ] INIT mysql
[ info ] [ SESSION ] INIT array (
  'id' => '',
  'var_session_id' => '',
  'prefix' => 'tf',
  'type' => '',
  'auto_start' => true,
)
[ info ] [ LOG ] INIT File
---------------------------------------------------------------
[ 2017-11-24T09:39:22+08:00 ] 10.9.46.224 27.156.124.207 GET /hngame/public/index.php/admin/login/index
[ info ] fhweb.u776.com:88/hngame/public/index.php/admin/login/index [运行时间：0.035698s][吞吐率：28.01req/s] [内存消耗：3,632.68kb] [文件加载：57]
[ info ] [ LANG ] /data/home/hngame/thinkphp/lang/zh-cn.php
[ info ] [ ROUTE ] array (
  'type' => 'module',
  'module' => 
  array (
    0 => 'admin',
    1 => 'login',
    2 => 'index',
  ),
)
[ info ] [ HEADER ] array (
  'host' => 'fhweb.u776.com:88',
  'connection' => 'keep-alive',
  'upgrade-insecure-requests' => '1',
  'user-agent' => 'Mozilla/5.0 (Windows NT 6.1; WOW64) AppleWebKit/537.36 (KHTML, like Gecko) Chrome/55.0.2883.87 UBrowser/6.2.3831.211 Safari/537.36',
  'accept' => 'text/html,application/xhtml+xml,application/xml;q=0.9,image/webp,*/*;q=0.8',
  'accept-encoding' => 'gzip, deflate',
  'accept-language' => 'zh-CN,zh;q=0.8',
  'cookie' => 'PHPSESSID=kbfl9j4l0kqqe7l1qhdtsn1fc4',
  'content-type' => '',
  'content-length' => '',
)
[ info ] [ PARAM ] array (
)
[ info ] [ LANG ] /data/home/hngame/public/../application/admin/lang/zh-cn.php
[ info ] [ DB ] INIT mysql
[ info ] [ RUN ] app\admin\controller\Login->index[ /data/home/hngame/application/admin/controller/Login.php ]
[ info ] [ SESSION ] INIT array (
  'id' => '',
  'var_session_id' => '',
  'prefix' => 'tf',
  'type' => '',
  'auto_start' => true,
)
[ info ] [ VIEW ] /data/home/hngame/public/../application/admin/view/login/index.html [ array (
) ]
[ info ] [ LOG ] INIT File
---------------------------------------------------------------
[ 2017-11-24T09:39:34+08:00 ] 10.9.46.224 27.156.124.207 POST /hngame/public/index.php/admin/login/checklogin
[ info ] fhweb.u776.com:88/hngame/public/index.php/admin/login/checklogin [运行时间：0.179540s][吞吐率：5.57req/s] [内存消耗：4,204.36kb] [文件加载：67]
[ info ] [ LANG ] /data/home/hngame/thinkphp/lang/zh-cn.php
[ info ] [ ROUTE ] array (
  'type' => 'module',
  'module' => 
  array (
    0 => 'admin',
    1 => 'login',
    2 => 'checklogin',
  ),
)
[ info ] [ HEADER ] array (
  'host' => 'fhweb.u776.com:88',
  'connection' => 'keep-alive',
  'content-length' => '30',
  'accept' => 'application/json, text/javascript, */*; q=0.01',
  'origin' => 'http://fhweb.u776.com:88',
  'x-requested-with' => 'XMLHttpRequest',
  'user-agent' => 'Mozilla/5.0 (Windows NT 6.1; WOW64) AppleWebKit/537.36 (KHTML, like Gecko) Chrome/55.0.2883.87 UBrowser/6.2.3831.211 Safari/537.36',
  'content-type' => 'application/x-www-form-urlencoded; charset=UTF-8',
  'referer' => 'http://fhweb.u776.com:88/hngame/public/index.php/admin/login/index',
  'accept-encoding' => 'gzip, deflate',
  'accept-language' => 'zh-CN,zh;q=0.8',
  'cookie' => 'PHPSESSID=kbfl9j4l0kqqe7l1qhdtsn1fc4',
)
[ info ] [ PARAM ] array (
  'username' => 'admin',
  'password' => '123456',
)
[ info ] [ LANG ] /data/home/hngame/public/../application/admin/lang/zh-cn.php
[ info ] [ DB ] INIT mysql
[ info ] [ RUN ] app\admin\controller\Login->checkLogin[ /data/home/hngame/application/admin/controller/Login.php ]
[ info ] [ CACHE ] INIT File
[ info ] [ SESSION ] INIT array (
  'id' => '',
  'var_session_id' => '',
  'prefix' => 'tf',
  'type' => '',
  'auto_start' => true,
)
[ info ] [ LOG ] INIT File
[ sql ] [ DB ] CONNECT:[ UseTime:0.001295s ] mysql:dbname=guanwang;host=106.75.27.180;port=3306;charset=utf8
[ sql ] [ SQL ] SHOW COLUMNS FROM `hn_user` [ RunTime:0.001772s ]
[ sql ] [ SQL ] SELECT * FROM `hn_user` WHERE  `username` = 'admin' LIMIT 1 [ RunTime:0.000781s ]
[ sql ] [ SQL ] SHOW COLUMNS FROM `hn_user_info` [ RunTime:0.001102s ]
[ sql ] [ SQL ] SELECT * FROM `hn_user_info` WHERE  `uid` = 1 LIMIT 1 [ RunTime:0.000538s ]
[ sql ] [ SQL ] UPDATE `hn_user`  SET `logins`=140,`last_time`=1511487574,`last_ip`='27.156.124.207'  WHERE  `id` = 1 [ RunTime:0.002668s ]
[ sql ] [ SQL ] SHOW COLUMNS FROM `hn_config` [ RunTime:0.001303s ]
[ sql ] [ SQL ] SELECT `v` FROM `hn_config` WHERE  `type` = 'system'  AND `k` = 'login_time' LIMIT 1 [ RunTime:0.000534s ]
[ sql ] [ SQL ] SHOW COLUMNS FROM `hn_user_token` [ RunTime:0.000951s ]
[ sql ] [ SQL ] SELECT * FROM `hn_user_token` WHERE  `uid` = 1  AND `type` = 1 LIMIT 1 [ RunTime:0.000684s ]
[ sql ] [ SQL ] UPDATE `hn_user_token`  SET `token`='2dcb71cef86bbbf16342770e482d265c',`token_time`=1511489374  WHERE  `uid` = 1  AND `type` = 1 [ RunTime:0.002237s ]
[ sql ] [ SQL ] SHOW COLUMNS FROM `hn_login_log` [ RunTime:0.001290s ]
[ sql ] [ SQL ] INSERT INTO `hn_login_log` (`uid` , `ip` , `country` , `province` , `city` , `district` , `create_time` , `update_time`) VALUES (1 , '27.156.124.207' , '中国' , '福建' , '福州' , '' , 1511487574 , 1511487574) [ RunTime:0.002228s ]
---------------------------------------------------------------
[ 2017-11-24T09:39:35+08:00 ] 10.9.46.224 27.156.124.207 GET /hngame/public/index.php/admin/index/index
[ info ] fhweb.u776.com:88/hngame/public/index.php/admin/index/index [运行时间：0.075824s][吞吐率：13.19req/s] [内存消耗：4,585.81kb] [文件加载：78]
[ info ] [ LANG ] /data/home/hngame/thinkphp/lang/zh-cn.php
[ info ] [ ROUTE ] array (
  'type' => 'module',
  'module' => 
  array (
    0 => 'admin',
    1 => 'index',
    2 => 'index',
  ),
)
[ info ] [ HEADER ] array (
  'host' => 'fhweb.u776.com:88',
  'connection' => 'keep-alive',
  'upgrade-insecure-requests' => '1',
  'user-agent' => 'Mozilla/5.0 (Windows NT 6.1; WOW64) AppleWebKit/537.36 (KHTML, like Gecko) Chrome/55.0.2883.87 UBrowser/6.2.3831.211 Safari/537.36',
  'accept' => 'text/html,application/xhtml+xml,application/xml;q=0.9,image/webp,*/*;q=0.8',
  'referer' => 'http://fhweb.u776.com:88/hngame/public/index.php/admin/login/index',
  'accept-encoding' => 'gzip, deflate',
  'accept-language' => 'zh-CN,zh;q=0.8',
  'cookie' => 'PHPSESSID=kbfl9j4l0kqqe7l1qhdtsn1fc4; name=%E8%A1%A3%E8%8C%83%E5%84%BF; uname=admin; uid=1; avatar=%2Fhngame%2Fpublic%2Fuserfiles%2Fimages%2F11.jpeg',
  'content-type' => '',
  'content-length' => '',
)
[ info ] [ PARAM ] array (
)
[ info ] [ LANG ] /data/home/hngame/public/../application/admin/lang/zh-cn.php
[ info ] [ DB ] INIT mysql
[ info ] [ SESSION ] INIT array (
  'id' => '',
  'var_session_id' => '',
  'prefix' => 'tf',
  'type' => '',
  'auto_start' => true,
)
[ info ] [ CACHE ] INIT File
[ info ] [ LANG ] /data/home/hngame/public/../application/admin/lang/zh-cn/Index.php
[ info ] [ RUN ] app\admin\controller\Index->index[ /data/home/hngame/application/admin/controller/Index.php ]
[ info ] [ VIEW ] /data/home/hngame/public/../application/admin/view/index/index.html [ array (
  0 => 'box_is_pjax',
  1 => 'treeMenu',
  2 => 'userTotal',
  3 => 'archiveTotal',
  4 => 'userNear',
  5 => 'loginLogList',
  6 => 'groupPieJson',
) ]
[ info ] [ LOG ] INIT File
[ sql ] [ DB ] CONNECT:[ UseTime:0.001139s ] mysql:dbname=guanwang;host=106.75.27.180;port=3306;charset=utf8
[ sql ] [ SQL ] SHOW COLUMNS FROM `hn_config` [ RunTime:0.001464s ]
[ sql ] [ SQL ] SELECT `v` FROM `hn_config` WHERE  `type` = 'system'  AND `k` = 'login_time' LIMIT 1 [ RunTime:0.000627s ]
[ sql ] [ SQL ] SHOW COLUMNS FROM `hn_user_token` [ RunTime:0.001305s ]
[ sql ] [ SQL ] SELECT * FROM `hn_user_token` WHERE  `uid` = 1  AND `type` = 1 LIMIT 1 [ RunTime:0.000961s ]
[ sql ] [ SQL ] UPDATE `hn_user_token`  SET `token_time`=1511489375  WHERE  `uid` = 1  AND `type` = 1 [ RunTime:0.002343s ]
[ sql ] [ SQL ] SELECT * FROM `hn_config` WHERE  `k` = 'isbrowse' LIMIT 1 [ RunTime:0.000767s ]
[ sql ] [ SQL ] SHOW COLUMNS FROM `hn_role_user` [ RunTime:0.001412s ]
[ sql ] [ SQL ] SELECT * FROM `hn_role_user` `a` INNER JOIN `hn_role` `g` ON `a`.`group_id`=`g`.`id` WHERE  (  a.uid='1' and g.status='1' ) [ RunTime:0.000676s ]
[ sql ] [ SQL ] SHOW COLUMNS FROM `hn_auth_rule` [ RunTime:0.001085s ]
[ sql ] [ SQL ] SELECT * FROM `hn_auth_rule` WHERE  `id` IN (1,50,61,62,63,64,48,92,93)  AND `type` = 1  AND `status` = 1 [ RunTime:0.000608s ]
[ sql ] [ SQL ] SHOW COLUMNS FROM `hn_user` [ RunTime:0.000884s ]
[ sql ] [ SQL ] SELECT COUNT(*) AS tp_count FROM `hn_user` LIMIT 1 [ RunTime:0.000573s ]
[ sql ] [ SQL ] SHOW COLUMNS FROM `hn_archive` [ RunTime:0.001031s ]
[ sql ] [ SQL ] SELECT COUNT(*) AS tp_count FROM `hn_archive` LIMIT 1 [ RunTime:0.000579s ]
[ sql ] [ SQL ] SELECT COUNT(*) AS tp_count FROM `hn_user` WHERE  `create_time` >= 1510934400 LIMIT 1 [ RunTime:0.000878s ]
[ sql ] [ SQL ] SHOW COLUMNS FROM `hn_login_log` [ RunTime:0.001566s ]
[ sql ] [ SQL ] SELECT * FROM `hn_login_log` WHERE  `uid` = 1 ORDER BY id DESC LIMIT 8 [ RunTime:0.000849s ]
[ sql ] [ SQL ] SHOW COLUMNS FROM `hn_role` [ RunTime:0.001078s ]
[ sql ] [ SQL ] SELECT * FROM `hn_role` WHERE  `status` = 1 [ RunTime:0.000661s ]
[ sql ] [ SQL ] SELECT * FROM `hn_user` [ RunTime:0.000621s ]
[ sql ] [ SQL ] SELECT * FROM `hn_role_user` WHERE  `uid` = 1 [ RunTime:0.000635s ]
[ sql ] [ SQL ] SELECT * FROM `hn_role_user` WHERE  `uid` = 2 [ RunTime:0.000587s ]
[ sql ] [ SQL ] SELECT * FROM `hn_role_user` WHERE  `uid` = 6 [ RunTime:0.000625s ]
[ sql ] [ SQL ] SELECT * FROM `hn_role_user` WHERE  `uid` = 7 [ RunTime:0.000602s ]
[ error ] [8]未定义数组索引: think_var[/data/home/hngame/application/admin/controller/Common.php:39]
[ error ] [8]未定义变量: array[/data/home/hngame/application/admin/controller/Index.php:100]
[ error ] [8]未定义变量: guestbookTotal[/data/home/hngame/runtime/temp/f856569cdc460f73317e418b8ed30480.php:141]
[ error ] [8]未定义变量: systemConfig[/data/home/hngame/runtime/temp/f856569cdc460f73317e418b8ed30480.php:196]
[ error ] [8]未定义变量: systemConfig[/data/home/hngame/runtime/temp/f856569cdc460f73317e418b8ed30480.php:196]
[ error ] [8]未定义变量: systemConfig[/data/home/hngame/runtime/temp/f856569cdc460f73317e418b8ed30480.php:196]
[ error ] [8]未定义变量: loginLogLineJson[/data/home/hngame/runtime/temp/f856569cdc460f73317e418b8ed30480.php:209]
[ error ] [8]未定义变量: rest_login[/data/home/hngame/runtime/temp/f856569cdc460f73317e418b8ed30480.php:231]
---------------------------------------------------------------
[ 2017-11-24T09:39:48+08:00 ] 10.9.46.224 27.156.124.207 GET /hngame/public/index.php/admin/index/index?_pjax=%23pjax-container
[ info ] fhweb.u776.com:88/hngame/public/index.php/admin/index/index?_pjax=%23pjax-container [运行时间：0.073286s][吞吐率：13.65req/s] [内存消耗：4,547.25kb] [文件加载：77]
[ info ] [ LANG ] /data/home/hngame/thinkphp/lang/zh-cn.php
[ info ] [ ROUTE ] array (
  'type' => 'module',
  'module' => 
  array (
    0 => 'admin',
    1 => 'index',
    2 => 'index',
  ),
)
[ info ] [ HEADER ] array (
  'host' => 'fhweb.u776.com:88',
  'connection' => 'keep-alive',
  'accept' => 'text/html, */*; q=0.01',
  'x-requested-with' => 'XMLHttpRequest',
  'x-pjax' => 'true',
  'x-pjax-container' => '#pjax-container',
  'user-agent' => 'Mozilla/5.0 (Windows NT 6.1; WOW64) AppleWebKit/537.36 (KHTML, like Gecko) Chrome/55.0.2883.87 UBrowser/6.2.3831.211 Safari/537.36',
  'content-type' => 'application/x-www-form-urlencoded; charset=UTF-8',
  'referer' => 'http://fhweb.u776.com:88/hngame/public/index.php/admin/index/index',
  'accept-encoding' => 'gzip, deflate',
  'accept-language' => 'zh-CN,zh;q=0.8',
  'cookie' => 'PHPSESSID=kbfl9j4l0kqqe7l1qhdtsn1fc4; name=%E8%A1%A3%E8%8C%83%E5%84%BF; uname=admin; uid=1; avatar=%2Fhngame%2Fpublic%2Fuserfiles%2Fimages%2F11.jpeg',
  'content-length' => '',
)
[ info ] [ PARAM ] array (
  '_pjax' => '#pjax-container',
)
[ info ] [ LANG ] /data/home/hngame/public/../application/admin/lang/zh-cn.php
[ info ] [ DB ] INIT mysql
[ info ] [ SESSION ] INIT array (
  'id' => '',
  'var_session_id' => '',
  'prefix' => 'tf',
  'type' => '',
  'auto_start' => true,
)
[ info ] [ CACHE ] INIT File
[ info ] [ LANG ] /data/home/hngame/public/../application/admin/lang/zh-cn/Index.php
[ info ] [ RUN ] app\admin\controller\Index->index[ /data/home/hngame/application/admin/controller/Index.php ]
[ info ] [ VIEW ] /data/home/hngame/public/../application/admin/view/index/index.html [ array (
  0 => 'box_is_pjax',
  1 => 'treeMenu',
  2 => 'userTotal',
  3 => 'archiveTotal',
  4 => 'userNear',
  5 => 'loginLogList',
  6 => 'groupPieJson',
) ]
[ info ] [ LOG ] INIT File
[ sql ] [ DB ] CONNECT:[ UseTime:0.001258s ] mysql:dbname=guanwang;host=106.75.27.180;port=3306;charset=utf8
[ sql ] [ SQL ] SHOW COLUMNS FROM `hn_config` [ RunTime:0.001363s ]
[ sql ] [ SQL ] SELECT `v` FROM `hn_config` WHERE  `type` = 'system'  AND `k` = 'login_time' LIMIT 1 [ RunTime:0.000558s ]
[ sql ] [ SQL ] SHOW COLUMNS FROM `hn_user_token` [ RunTime:0.000953s ]
[ sql ] [ SQL ] SELECT * FROM `hn_user_token` WHERE  `uid` = 1  AND `type` = 1 LIMIT 1 [ RunTime:0.000719s ]
[ sql ] [ SQL ] UPDATE `hn_user_token`  SET `token_time`=1511489388  WHERE  `uid` = 1  AND `type` = 1 [ RunTime:0.002265s ]
[ sql ] [ SQL ] SELECT * FROM `hn_config` WHERE  `k` = 'isbrowse' LIMIT 1 [ RunTime:0.000726s ]
[ sql ] [ SQL ] SHOW COLUMNS FROM `hn_role_user` [ RunTime:0.001119s ]
[ sql ] [ SQL ] SELECT * FROM `hn_role_user` `a` INNER JOIN `hn_role` `g` ON `a`.`group_id`=`g`.`id` WHERE  (  a.uid='1' and g.status='1' ) [ RunTime:0.000544s ]
[ sql ] [ SQL ] SHOW COLUMNS FROM `hn_auth_rule` [ RunTime:0.000955s ]
[ sql ] [ SQL ] SELECT * FROM `hn_auth_rule` WHERE  `id` IN (1,50,61,62,63,64,48,92,93)  AND `type` = 1  AND `status` = 1 [ RunTime:0.000627s ]
[ sql ] [ SQL ] SHOW COLUMNS FROM `hn_user` [ RunTime:0.000993s ]
[ sql ] [ SQL ] SELECT COUNT(*) AS tp_count FROM `hn_user` LIMIT 1 [ RunTime:0.000577s ]
[ sql ] [ SQL ] SHOW COLUMNS FROM `hn_archive` [ RunTime:0.001079s ]
[ sql ] [ SQL ] SELECT COUNT(*) AS tp_count FROM `hn_archive` LIMIT 1 [ RunTime:0.000482s ]
[ sql ] [ SQL ] SELECT COUNT(*) AS tp_count FROM `hn_user` WHERE  `create_time` >= 1510934400 LIMIT 1 [ RunTime:0.000526s ]
[ sql ] [ SQL ] SHOW COLUMNS FROM `hn_login_log` [ RunTime:0.001036s ]
[ sql ] [ SQL ] SELECT * FROM `hn_login_log` WHERE  `uid` = 1 ORDER BY id DESC LIMIT 8 [ RunTime:0.000581s ]
[ sql ] [ SQL ] SHOW COLUMNS FROM `hn_role` [ RunTime:0.000940s ]
[ sql ] [ SQL ] SELECT * FROM `hn_role` WHERE  `status` = 1 [ RunTime:0.000565s ]
[ sql ] [ SQL ] SELECT * FROM `hn_user` [ RunTime:0.000557s ]
[ sql ] [ SQL ] SELECT * FROM `hn_role_user` WHERE  `uid` = 1 [ RunTime:0.000609s ]
[ sql ] [ SQL ] SELECT * FROM `hn_role_user` WHERE  `uid` = 2 [ RunTime:0.000541s ]
[ sql ] [ SQL ] SELECT * FROM `hn_role_user` WHERE  `uid` = 6 [ RunTime:0.000535s ]
[ sql ] [ SQL ] SELECT * FROM `hn_role_user` WHERE  `uid` = 7 [ RunTime:0.000497s ]
[ error ] [8]未定义数组索引: think_var[/data/home/hngame/application/admin/controller/Common.php:39]
[ error ] [8]未定义变量: array[/data/home/hngame/application/admin/controller/Index.php:100]
[ error ] [8]未定义变量: guestbookTotal[/data/home/hngame/runtime/temp/f856569cdc460f73317e418b8ed30480.php:141]
[ error ] [8]未定义变量: systemConfig[/data/home/hngame/runtime/temp/f856569cdc460f73317e418b8ed30480.php:196]
[ error ] [8]未定义变量: systemConfig[/data/home/hngame/runtime/temp/f856569cdc460f73317e418b8ed30480.php:196]
[ error ] [8]未定义变量: systemConfig[/data/home/hngame/runtime/temp/f856569cdc460f73317e418b8ed30480.php:196]
[ error ] [8]未定义变量: loginLogLineJson[/data/home/hngame/runtime/temp/f856569cdc460f73317e418b8ed30480.php:209]
[ error ] [8]未定义变量: rest_login[/data/home/hngame/runtime/temp/f856569cdc460f73317e418b8ed30480.php:231]
---------------------------------------------------------------
[ 2017-11-24T09:40:12+08:00 ] 10.9.46.224 27.156.124.207 GET /hngame/public/index.php/admin/index/index?_pjax=%23pjax-container
[ info ] fhweb.u776.com:88/hngame/public/index.php/admin/index/index?_pjax=%23pjax-container [运行时间：0.093280s][吞吐率：10.72req/s] [内存消耗：4,547.25kb] [文件加载：77]
[ info ] [ LANG ] /data/home/hngame/thinkphp/lang/zh-cn.php
[ info ] [ ROUTE ] array (
  'type' => 'module',
  'module' => 
  array (
    0 => 'admin',
    1 => 'index',
    2 => 'index',
  ),
)
[ info ] [ HEADER ] array (
  'host' => 'fhweb.u776.com:88',
  'connection' => 'keep-alive',
  'accept' => 'text/html, */*; q=0.01',
  'x-requested-with' => 'XMLHttpRequest',
  'x-pjax' => 'true',
  'x-pjax-container' => '#pjax-container',
  'user-agent' => 'Mozilla/5.0 (Windows NT 6.1; WOW64) AppleWebKit/537.36 (KHTML, like Gecko) Chrome/55.0.2883.87 UBrowser/6.2.3831.211 Safari/537.36',
  'content-type' => 'application/x-www-form-urlencoded; charset=UTF-8',
  'referer' => 'http://fhweb.u776.com:88/hngame/public/index.php/admin/index/index',
  'accept-encoding' => 'gzip, deflate',
  'accept-language' => 'zh-CN,zh;q=0.8',
  'cookie' => 'PHPSESSID=kbfl9j4l0kqqe7l1qhdtsn1fc4; name=%E8%A1%A3%E8%8C%83%E5%84%BF; uname=admin; uid=1; avatar=%2Fhngame%2Fpublic%2Fuserfiles%2Fimages%2F11.jpeg',
  'content-length' => '',
)
[ info ] [ PARAM ] array (
  '_pjax' => '#pjax-container',
)
[ info ] [ LANG ] /data/home/hngame/public/../application/admin/lang/zh-cn.php
[ info ] [ DB ] INIT mysql
[ info ] [ SESSION ] INIT array (
  'id' => '',
  'var_session_id' => '',
  'prefix' => 'tf',
  'type' => '',
  'auto_start' => true,
)
[ info ] [ CACHE ] INIT File
[ info ] [ LANG ] /data/home/hngame/public/../application/admin/lang/zh-cn/Index.php
[ info ] [ RUN ] app\admin\controller\Index->index[ /data/home/hngame/application/admin/controller/Index.php ]
[ info ] [ VIEW ] /data/home/hngame/public/../application/admin/view/index/index.html [ array (
  0 => 'box_is_pjax',
  1 => 'treeMenu',
  2 => 'userTotal',
  3 => 'archiveTotal',
  4 => 'userNear',
  5 => 'loginLogList',
  6 => 'groupPieJson',
) ]
[ info ] [ LOG ] INIT File
[ sql ] [ DB ] CONNECT:[ UseTime:0.001371s ] mysql:dbname=guanwang;host=106.75.27.180;port=3306;charset=utf8
[ sql ] [ SQL ] SHOW COLUMNS FROM `hn_config` [ RunTime:0.001455s ]
[ sql ] [ SQL ] SELECT `v` FROM `hn_config` WHERE  `type` = 'system'  AND `k` = 'login_time' LIMIT 1 [ RunTime:0.000612s ]
[ sql ] [ SQL ] SHOW COLUMNS FROM `hn_user_token` [ RunTime:0.001244s ]
[ sql ] [ SQL ] SELECT * FROM `hn_user_token` WHERE  `uid` = 1  AND `type` = 1 LIMIT 1 [ RunTime:0.000667s ]
[ sql ] [ SQL ] UPDATE `hn_user_token`  SET `token_time`=1511489412  WHERE  `uid` = 1  AND `type` = 1 [ RunTime:0.016220s ]
[ sql ] [ SQL ] SELECT * FROM `hn_config` WHERE  `k` = 'isbrowse' LIMIT 1 [ RunTime:0.000854s ]
[ sql ] [ SQL ] SHOW COLUMNS FROM `hn_role_user` [ RunTime:0.001203s ]
[ sql ] [ SQL ] SELECT * FROM `hn_role_user` `a` INNER JOIN `hn_role` `g` ON `a`.`group_id`=`g`.`id` WHERE  (  a.uid='1' and g.status='1' ) [ RunTime:0.000631s ]
[ sql ] [ SQL ] SHOW COLUMNS FROM `hn_auth_rule` [ RunTime:0.001087s ]
[ sql ] [ SQL ] SELECT * FROM `hn_auth_rule` WHERE  `id` IN (1,50,61,62,63,64,48,92,93)  AND `type` = 1  AND `status` = 1 [ RunTime:0.000709s ]
[ sql ] [ SQL ] SHOW COLUMNS FROM `hn_user` [ RunTime:0.001086s ]
[ sql ] [ SQL ] SELECT COUNT(*) AS tp_count FROM `hn_user` LIMIT 1 [ RunTime:0.000579s ]
[ sql ] [ SQL ] SHOW COLUMNS FROM `hn_archive` [ RunTime:0.001247s ]
[ sql ] [ SQL ] SELECT COUNT(*) AS tp_count FROM `hn_archive` LIMIT 1 [ RunTime:0.000525s ]
[ sql ] [ SQL ] SELECT COUNT(*) AS tp_count FROM `hn_user` WHERE  `create_time` >= 1510934400 LIMIT 1 [ RunTime:0.000601s ]
[ sql ] [ SQL ] SHOW COLUMNS FROM `hn_login_log` [ RunTime:0.001112s ]
[ sql ] [ SQL ] SELECT * FROM `hn_login_log` WHERE  `uid` = 1 ORDER BY id DESC LIMIT 8 [ RunTime:0.000671s ]
[ sql ] [ SQL ] SHOW COLUMNS FROM `hn_role` [ RunTime:0.001046s ]
[ sql ] [ SQL ] SELECT * FROM `hn_role` WHERE  `status` = 1 [ RunTime:0.000623s ]
[ sql ] [ SQL ] SELECT * FROM `hn_user` [ RunTime:0.000636s ]
[ sql ] [ SQL ] SELECT * FROM `hn_role_user` WHERE  `uid` = 1 [ RunTime:0.000719s ]
[ sql ] [ SQL ] SELECT * FROM `hn_role_user` WHERE  `uid` = 2 [ RunTime:0.000639s ]
[ sql ] [ SQL ] SELECT * FROM `hn_role_user` WHERE  `uid` = 6 [ RunTime:0.000624s ]
[ sql ] [ SQL ] SELECT * FROM `hn_role_user` WHERE  `uid` = 7 [ RunTime:0.001005s ]
[ error ] [8]未定义数组索引: think_var[/data/home/hngame/application/admin/controller/Common.php:39]
[ error ] [8]未定义变量: array[/data/home/hngame/application/admin/controller/Index.php:100]
[ error ] [8]未定义变量: guestbookTotal[/data/home/hngame/runtime/temp/f856569cdc460f73317e418b8ed30480.php:141]
[ error ] [8]未定义变量: systemConfig[/data/home/hngame/runtime/temp/f856569cdc460f73317e418b8ed30480.php:196]
[ error ] [8]未定义变量: systemConfig[/data/home/hngame/runtime/temp/f856569cdc460f73317e418b8ed30480.php:196]
[ error ] [8]未定义变量: systemConfig[/data/home/hngame/runtime/temp/f856569cdc460f73317e418b8ed30480.php:196]
[ error ] [8]未定义变量: loginLogLineJson[/data/home/hngame/runtime/temp/f856569cdc460f73317e418b8ed30480.php:209]
[ error ] [8]未定义变量: rest_login[/data/home/hngame/runtime/temp/f856569cdc460f73317e418b8ed30480.php:231]
---------------------------------------------------------------
[ 2017-11-24T09:40:16+08:00 ] 10.9.46.224 27.156.124.207 GET /hngame/public/index.php/admin/archive/index?_pjax=%23pjax-container
[ info ] fhweb.u776.com:88/hngame/public/index.php/admin/archive/index?_pjax=%23pjax-container [运行时间：0.078859s][吞吐率：12.68req/s] [内存消耗：4,711.66kb] [文件加载：79]
[ info ] [ LANG ] /data/home/hngame/thinkphp/lang/zh-cn.php
[ info ] [ ROUTE ] array (
  'type' => 'module',
  'module' => 
  array (
    0 => 'admin',
    1 => 'archive',
    2 => 'index',
  ),
)
[ info ] [ HEADER ] array (
  'host' => 'fhweb.u776.com:88',
  'connection' => 'keep-alive',
  'accept' => 'text/html, */*; q=0.01',
  'x-requested-with' => 'XMLHttpRequest',
  'x-pjax' => 'true',
  'x-pjax-container' => '#pjax-container',
  'user-agent' => 'Mozilla/5.0 (Windows NT 6.1; WOW64) AppleWebKit/537.36 (KHTML, like Gecko) Chrome/55.0.2883.87 UBrowser/6.2.3831.211 Safari/537.36',
  'content-type' => 'application/x-www-form-urlencoded; charset=UTF-8',
  'referer' => 'http://fhweb.u776.com:88/hngame/public/index.php/admin/index/index',
  'accept-encoding' => 'gzip, deflate',
  'accept-language' => 'zh-CN,zh;q=0.8',
  'cookie' => 'PHPSESSID=kbfl9j4l0kqqe7l1qhdtsn1fc4; name=%E8%A1%A3%E8%8C%83%E5%84%BF; uname=admin; uid=1; avatar=%2Fhngame%2Fpublic%2Fuserfiles%2Fimages%2F11.jpeg',
  'content-length' => '',
)
[ info ] [ PARAM ] array (
  '_pjax' => '#pjax-container',
)
[ info ] [ LANG ] /data/home/hngame/public/../application/admin/lang/zh-cn.php
[ info ] [ DB ] INIT mysql
[ info ] [ SESSION ] INIT array (
  'id' => '',
  'var_session_id' => '',
  'prefix' => 'tf',
  'type' => '',
  'auto_start' => true,
)
[ info ] [ CACHE ] INIT File
[ info ] [ LANG ] /data/home/hngame/public/../application/admin/lang/zh-cn/Archive.php
[ info ] [ RUN ] app\admin\controller\Archive->index[ /data/home/hngame/application/admin/controller/Archive.php ]
[ info ] [ VIEW ] /data/home/hngame/public/../application/admin/view/archive/index.html [ array (
  0 => 'box_is_pjax',
  1 => 'treeMenu',
  2 => 'dataList',
) ]
[ info ] [ LOG ] INIT File
[ sql ] [ DB ] CONNECT:[ UseTime:0.001484s ] mysql:dbname=guanwang;host=106.75.27.180;port=3306;charset=utf8
[ sql ] [ SQL ] SHOW COLUMNS FROM `hn_config` [ RunTime:0.001320s ]
[ sql ] [ SQL ] SELECT `v` FROM `hn_config` WHERE  `type` = 'system'  AND `k` = 'login_time' LIMIT 1 [ RunTime:0.000579s ]
[ sql ] [ SQL ] SHOW COLUMNS FROM `hn_user_token` [ RunTime:0.001060s ]
[ sql ] [ SQL ] SELECT * FROM `hn_user_token` WHERE  `uid` = 1  AND `type` = 1 LIMIT 1 [ RunTime:0.000700s ]
[ sql ] [ SQL ] UPDATE `hn_user_token`  SET `token_time`=1511489416  WHERE  `uid` = 1  AND `type` = 1 [ RunTime:0.002210s ]
[ sql ] [ SQL ] SELECT * FROM `hn_config` WHERE  `k` = 'isbrowse' LIMIT 1 [ RunTime:0.000679s ]
[ sql ] [ SQL ] SHOW COLUMNS FROM `hn_role_user` [ RunTime:0.001220s ]
[ sql ] [ SQL ] SELECT * FROM `hn_role_user` `a` INNER JOIN `hn_role` `g` ON `a`.`group_id`=`g`.`id` WHERE  (  a.uid='1' and g.status='1' ) [ RunTime:0.000591s ]
[ sql ] [ SQL ] SHOW COLUMNS FROM `hn_auth_rule` [ RunTime:0.001058s ]
[ sql ] [ SQL ] SELECT * FROM `hn_auth_rule` WHERE  `id` IN (1,50,61,62,63,64,48,92,93)  AND `type` = 1  AND `status` = 1 [ RunTime:0.000669s ]
[ sql ] [ SQL ] SHOW COLUMNS FROM `hn_archive` [ RunTime:0.001094s ]
[ sql ] [ SQL ] SELECT COUNT(*) AS tp_count FROM `hn_archive` LIMIT 1 [ RunTime:0.000532s ]
[ sql ] [ SQL ] SELECT * FROM `hn_archive` ORDER BY id desc LIMIT 0,10 [ RunTime:0.000737s ]
[ sql ] [ SQL ] SHOW COLUMNS FROM `hn_arctype` [ RunTime:0.001048s ]
[ sql ] [ SQL ] SELECT `typename`,`mid`,`jumplink` FROM `hn_arctype` WHERE  `id` = 5 LIMIT 1 [ RunTime:0.000553s ]
[ sql ] [ SQL ] SHOW COLUMNS FROM `hn_user` [ RunTime:0.001022s ]
[ sql ] [ SQL ] SELECT `name` FROM `hn_user` WHERE  `id` = 1 LIMIT 1 [ RunTime:0.000688s ]
[ sql ] [ SQL ] SELECT `typename`,`mid`,`jumplink` FROM `hn_arctype` WHERE  `id` = 6 LIMIT 1 [ RunTime:0.000543s ]
[ sql ] [ SQL ] SELECT `name` FROM `hn_user` WHERE  `id` = 1 LIMIT 1 [ RunTime:0.000571s ]
[ sql ] [ SQL ] SELECT `typename`,`mid`,`jumplink` FROM `hn_arctype` WHERE  `id` = 6 LIMIT 1 [ RunTime:0.000542s ]
[ sql ] [ SQL ] SELECT `name` FROM `hn_user` WHERE  `id` = 1 LIMIT 1 [ RunTime:0.000592s ]
[ error ] [8]未定义数组索引: think_var[/data/home/hngame/application/admin/controller/Common.php:39]
[ error ] [2]in_array() expects parameter 2 to be array, string given[/data/home/hngame/application/admin/controller/Archive.php:36]
[ error ] [8]Array to string conversion[/data/home/hngame/application/admin/common.php:299]
[ error ] [8]Array to string conversion[/data/home/hngame/application/admin/common.php:307]
[ error ] [2]Invalid argument supplied for foreach()[/data/home/hngame/runtime/temp/dffd7b8722668940263411856ff6f701.php:152]
[ error ] [8]Array to string conversion[/data/home/hngame/application/admin/common.php:299]
[ error ] [8]Array to string conversion[/data/home/hngame/application/admin/common.php:307]
[ error ] [2]Invalid argument supplied for foreach()[/data/home/hngame/thinkphp/library/think/Url.php:142]
[ error ] [2]Invalid argument supplied for foreach()[/data/home/hngame/thinkphp/library/think/Url.php:142]
[ error ] [2]Invalid argument supplied for foreach()[/data/home/hngame/thinkphp/library/think/Url.php:142]
[ error ] [2]Invalid argument supplied for foreach()[/data/home/hngame/thinkphp/library/think/Url.php:142]
[ error ] [2]Invalid argument supplied for foreach()[/data/home/hngame/thinkphp/library/think/Url.php:142]
[ error ] [2]Invalid argument supplied for foreach()[/data/home/hngame/thinkphp/library/think/Url.php:142]
[ error ] [2]Invalid argument supplied for foreach()[/data/home/hngame/thinkphp/library/think/Url.php:142]
[ error ] [2]Invalid argument supplied for foreach()[/data/home/hngame/thinkphp/library/think/Url.php:142]
[ error ] [8]Array to string conversion[/data/home/hngame/application/admin/common.php:299]
[ error ] [8]Array to string conversion[/data/home/hngame/application/admin/common.php:307]
[ error ] [2]Invalid argument supplied for foreach()[/data/home/hngame/thinkphp/library/think/Url.php:142]
[ error ] [2]Invalid argument supplied for foreach()[/data/home/hngame/thinkphp/library/think/Url.php:142]
[ error ] [2]Invalid argument supplied for foreach()[/data/home/hngame/thinkphp/library/think/Url.php:142]
[ error ] [2]Invalid argument supplied for foreach()[/data/home/hngame/thinkphp/library/think/Url.php:142]
[ error ] [2]Invalid argument supplied for foreach()[/data/home/hngame/thinkphp/library/think/Url.php:142]
[ error ] [2]Invalid argument supplied for foreach()[/data/home/hngame/thinkphp/library/think/Url.php:142]
[ error ] [2]Invalid argument supplied for foreach()[/data/home/hngame/thinkphp/library/think/Url.php:142]
[ error ] [2]Invalid argument supplied for foreach()[/data/home/hngame/thinkphp/library/think/Url.php:142]
[ error ] [8]Array to string conversion[/data/home/hngame/application/admin/common.php:299]
[ error ] [8]Array to string conversion[/data/home/hngame/application/admin/common.php:307]
[ error ] [2]Invalid argument supplied for foreach()[/data/home/hngame/thinkphp/library/think/Url.php:142]
[ error ] [2]Invalid argument supplied for foreach()[/data/home/hngame/thinkphp/library/think/Url.php:142]
[ error ] [2]Invalid argument supplied for foreach()[/data/home/hngame/thinkphp/library/think/Url.php:142]
[ error ] [2]Invalid argument supplied for foreach()[/data/home/hngame/thinkphp/library/think/Url.php:142]
[ error ] [2]Invalid argument supplied for foreach()[/data/home/hngame/thinkphp/library/think/Url.php:142]
[ error ] [2]Invalid argument supplied for foreach()[/data/home/hngame/thinkphp/library/think/Url.php:142]
[ error ] [2]Invalid argument supplied for foreach()[/data/home/hngame/thinkphp/library/think/Url.php:142]
[ error ] [2]Invalid argument supplied for foreach()[/data/home/hngame/thinkphp/library/think/Url.php:142]
[ error ] [8]未定义变量: rest_login[/data/home/hngame/runtime/temp/dffd7b8722668940263411856ff6f701.php:233]
---------------------------------------------------------------
[ 2017-11-24T09:40:30+08:00 ] 10.9.46.224 27.156.124.207 GET /hngame/public/index.php/yfe/index/detail/id/27
[ info ] fhweb.u776.com:88/hngame/public/index.php/yfe/index/detail/id/27 [运行时间：0.040296s][吞吐率：24.82req/s] [内存消耗：3,612.52kb] [文件加载：56]
[ info ] [ LANG ] /data/home/hngame/thinkphp/lang/zh-cn.php
[ info ] [ ROUTE ] array (
  'type' => 'module',
  'module' => 
  array (
    0 => 'yfe',
    1 => 'index',
    2 => 'detail',
  ),
)
[ info ] [ HEADER ] array (
  'host' => 'fhweb.u776.com:88',
  'connection' => 'keep-alive',
  'accept' => 'application/json, text/javascript, */*; q=0.01',
  'x-requested-with' => 'XMLHttpRequest',
  'user-agent' => 'Mozilla/5.0 (Windows NT 6.1; WOW64) AppleWebKit/537.36 (KHTML, like Gecko) Chrome/55.0.2883.87 UBrowser/6.2.3831.211 Safari/537.36',
  'referer' => 'http://fhweb.u776.com:88/hngame/public/static/web/yfe/content.html?id=27',
  'accept-encoding' => 'gzip, deflate',
  'accept-language' => 'zh-CN,zh;q=0.8',
  'cookie' => 'PHPSESSID=kbfl9j4l0kqqe7l1qhdtsn1fc4; name=%E8%A1%A3%E8%8C%83%E5%84%BF; uname=admin; uid=1; avatar=%2Fhngame%2Fpublic%2Fuserfiles%2Fimages%2F11.jpeg',
  'content-type' => '',
  'content-length' => '',
)
[ info ] [ PARAM ] array (
  'id' => '27',
)
[ info ] [ RUN ] app\yfe\controller\Index->detail[ /data/home/hngame/application/yfe/controller/Index.php ]
[ info ] [ DB ] INIT mysql
[ info ] [ LOG ] INIT File
[ sql ] [ DB ] CONNECT:[ UseTime:0.001221s ] mysql:dbname=guanwang;host=106.75.27.180;port=3306;charset=utf8
[ sql ] [ SQL ] SHOW COLUMNS FROM `hn_archive` [ RunTime:0.001361s ]
[ sql ] [ SQL ] SELECT * FROM `hn_archive` WHERE  `id` = 27 LIMIT 1 [ RunTime:0.000859s ]
---------------------------------------------------------------
[ 2017-11-24T09:40:36+08:00 ] 10.9.46.224 27.156.124.207 GET /hngame/public/index.php/admin/archive/create/typeid/-1?_pjax=%23pjax-container
[ info ] fhweb.u776.com:88/hngame/public/index.php/admin/archive/create/typeid/-1?_pjax=%23pjax-container [运行时间：0.059860s][吞吐率：16.71req/s] [内存消耗：4,337.40kb] [文件加载：72]
[ info ] [ LANG ] /data/home/hngame/thinkphp/lang/zh-cn.php
[ info ] [ ROUTE ] array (
  'type' => 'module',
  'module' => 
  array (
    0 => 'admin',
    1 => 'archive',
    2 => 'create',
  ),
)
[ info ] [ HEADER ] array (
  'host' => 'fhweb.u776.com:88',
  'connection' => 'keep-alive',
  'accept' => 'text/html, */*; q=0.01',
  'x-requested-with' => 'XMLHttpRequest',
  'x-pjax' => 'true',
  'x-pjax-container' => '#pjax-container',
  'user-agent' => 'Mozilla/5.0 (Windows NT 6.1; WOW64) AppleWebKit/537.36 (KHTML, like Gecko) Chrome/55.0.2883.87 UBrowser/6.2.3831.211 Safari/537.36',
  'content-type' => 'application/x-www-form-urlencoded; charset=UTF-8',
  'referer' => 'http://fhweb.u776.com:88/hngame/public/index.php/admin/archive/index',
  'accept-encoding' => 'gzip, deflate',
  'accept-language' => 'zh-CN,zh;q=0.8',
  'cookie' => 'PHPSESSID=kbfl9j4l0kqqe7l1qhdtsn1fc4; name=%E8%A1%A3%E8%8C%83%E5%84%BF; uname=admin; uid=1; avatar=%2Fhngame%2Fpublic%2Fuserfiles%2Fimages%2F11.jpeg',
  'content-length' => '',
)
[ info ] [ PARAM ] array (
  '_pjax' => '#pjax-container',
  'typeid' => '-1',
)
[ info ] [ LANG ] /data/home/hngame/public/../application/admin/lang/zh-cn.php
[ info ] [ DB ] INIT mysql
[ info ] [ SESSION ] INIT array (
  'id' => '',
  'var_session_id' => '',
  'prefix' => 'tf',
  'type' => '',
  'auto_start' => true,
)
[ info ] [ CACHE ] INIT File
[ info ] [ LANG ] /data/home/hngame/public/../application/admin/lang/zh-cn/Archive.php
[ info ] [ RUN ] app\admin\controller\Archive->create[ /data/home/hngame/application/admin/controller/Archive.php ]
[ info ] [ VIEW ] /data/home/hngame/public/../application/admin/view/archive/edit.html [ array (
  0 => 'box_is_pjax',
  1 => 'treeMenu',
  2 => 'arctypeList',
  3 => 'data',
) ]
[ info ] [ LOG ] INIT File
[ sql ] [ DB ] CONNECT:[ UseTime:0.001461s ] mysql:dbname=guanwang;host=106.75.27.180;port=3306;charset=utf8
[ sql ] [ SQL ] SHOW COLUMNS FROM `hn_config` [ RunTime:0.001723s ]
[ sql ] [ SQL ] SELECT `v` FROM `hn_config` WHERE  `type` = 'system'  AND `k` = 'login_time' LIMIT 1 [ RunTime:0.000640s ]
[ sql ] [ SQL ] SHOW COLUMNS FROM `hn_user_token` [ RunTime:0.002191s ]
[ sql ] [ SQL ] SELECT * FROM `hn_user_token` WHERE  `uid` = 1  AND `type` = 1 LIMIT 1 [ RunTime:0.000716s ]
[ sql ] [ SQL ] UPDATE `hn_user_token`  SET `token_time`=1511489436  WHERE  `uid` = 1  AND `type` = 1 [ RunTime:0.002553s ]
[ sql ] [ SQL ] SELECT * FROM `hn_config` WHERE  `k` = 'isbrowse' LIMIT 1 [ RunTime:0.000974s ]
[ sql ] [ SQL ] SHOW COLUMNS FROM `hn_role_user` [ RunTime:0.001202s ]
[ sql ] [ SQL ] SELECT * FROM `hn_role_user` `a` INNER JOIN `hn_role` `g` ON `a`.`group_id`=`g`.`id` WHERE  (  a.uid='1' and g.status='1' ) [ RunTime:0.000737s ]
[ sql ] [ SQL ] SHOW COLUMNS FROM `hn_auth_rule` [ RunTime:0.001124s ]
[ sql ] [ SQL ] SELECT * FROM `hn_auth_rule` WHERE  `id` IN (1,50,61,62,63,64,48,92,93)  AND `type` = 1  AND `status` = 1 [ RunTime:0.000752s ]
[ sql ] [ SQL ] SHOW COLUMNS FROM `hn_arctype` [ RunTime:0.001171s ]
[ sql ] [ SQL ] SELECT * FROM `hn_arctype` WHERE  `id` = -1 LIMIT 1 [ RunTime:0.000623s ]
[ error ] [8]未定义数组索引: think_var[/data/home/hngame/application/admin/controller/Common.php:39]
[ error ] [8]未定义数组索引: id[/data/home/hngame/runtime/temp/cadf5a5c0d4cf8fba883d17f13dab88f.php:120]
[ error ] [8]未定义数组索引: title[/data/home/hngame/runtime/temp/cadf5a5c0d4cf8fba883d17f13dab88f.php:145]
[ error ] [8]未定义数组索引: description[/data/home/hngame/runtime/temp/cadf5a5c0d4cf8fba883d17f13dab88f.php:149]
[ error ] [8]未定义数组索引: flag[/data/home/hngame/runtime/temp/cadf5a5c0d4cf8fba883d17f13dab88f.php:154]
[ error ] [2]in_array() expects parameter 2 to be array, null given[/data/home/hngame/runtime/temp/cadf5a5c0d4cf8fba883d17f13dab88f.php:154]
[ error ] [8]未定义数组索引: flag[/data/home/hngame/runtime/temp/cadf5a5c0d4cf8fba883d17f13dab88f.php:155]
[ error ] [2]in_array() expects parameter 2 to be array, null given[/data/home/hngame/runtime/temp/cadf5a5c0d4cf8fba883d17f13dab88f.php:155]
[ error ] [8]未定义数组索引: flag[/data/home/hngame/runtime/temp/cadf5a5c0d4cf8fba883d17f13dab88f.php:156]
[ error ] [2]in_array() expects parameter 2 to be array, null given[/data/home/hngame/runtime/temp/cadf5a5c0d4cf8fba883d17f13dab88f.php:156]
[ error ] [8]未定义数组索引: flag[/data/home/hngame/runtime/temp/cadf5a5c0d4cf8fba883d17f13dab88f.php:157]
[ error ] [2]in_array() expects parameter 2 to be array, null given[/data/home/hngame/runtime/temp/cadf5a5c0d4cf8fba883d17f13dab88f.php:157]
[ error ] [8]未定义数组索引: flag[/data/home/hngame/runtime/temp/cadf5a5c0d4cf8fba883d17f13dab88f.php:158]
[ error ] [2]in_array() expects parameter 2 to be array, null given[/data/home/hngame/runtime/temp/cadf5a5c0d4cf8fba883d17f13dab88f.php:158]
[ error ] [8]未定义数组索引: flag[/data/home/hngame/runtime/temp/cadf5a5c0d4cf8fba883d17f13dab88f.php:159]
[ error ] [2]in_array() expects parameter 2 to be array, null given[/data/home/hngame/runtime/temp/cadf5a5c0d4cf8fba883d17f13dab88f.php:159]
[ error ] [8]未定义数组索引: flag[/data/home/hngame/runtime/temp/cadf5a5c0d4cf8fba883d17f13dab88f.php:162]
[ error ] [2]in_array() expects parameter 2 to be array, null given[/data/home/hngame/runtime/temp/cadf5a5c0d4cf8fba883d17f13dab88f.php:162]
[ error ] [8]未定义数组索引: jumplink[/data/home/hngame/runtime/temp/cadf5a5c0d4cf8fba883d17f13dab88f.php:164]
[ error ] [8]未定义数组索引: litpic[/data/home/hngame/runtime/temp/cadf5a5c0d4cf8fba883d17f13dab88f.php:170]
[ error ] [8]未定义数组索引: content[/data/home/hngame/runtime/temp/cadf5a5c0d4cf8fba883d17f13dab88f.php:184]
[ error ] [8]未定义数组索引: writer[/data/home/hngame/runtime/temp/cadf5a5c0d4cf8fba883d17f13dab88f.php:188]
[ error ] [8]未定义数组索引: source[/data/home/hngame/runtime/temp/cadf5a5c0d4cf8fba883d17f13dab88f.php:192]
[ error ] [8]未定义数组索引: status[/data/home/hngame/runtime/temp/cadf5a5c0d4cf8fba883d17f13dab88f.php:204]
[ error ] [8]未定义数组索引: status[/data/home/hngame/runtime/temp/cadf5a5c0d4cf8fba883d17f13dab88f.php:205]
[ error ] [8]未定义变量: rest_login[/data/home/hngame/runtime/temp/cadf5a5c0d4cf8fba883d17f13dab88f.php:273]
---------------------------------------------------------------
[ 2017-11-24T09:41:26+08:00 ] 10.9.46.224 27.156.124.207 GET /hngame/public/index.php/admin/index/index?_pjax=%23pjax-container
[ info ] fhweb.u776.com:88/hngame/public/index.php/admin/index/index?_pjax=%23pjax-container [运行时间：0.080685s][吞吐率：12.39req/s] [内存消耗：4,547.34kb] [文件加载：77]
[ info ] [ LANG ] /data/home/hngame/thinkphp/lang/zh-cn.php
[ info ] [ ROUTE ] array (
  'type' => 'module',
  'module' => 
  array (
    0 => 'admin',
    1 => 'index',
    2 => 'index',
  ),
)
[ info ] [ HEADER ] array (
  'host' => 'fhweb.u776.com:88',
  'connection' => 'keep-alive',
  'accept' => 'text/html, */*; q=0.01',
  'x-requested-with' => 'XMLHttpRequest',
  'x-pjax' => 'true',
  'x-pjax-container' => '#pjax-container',
  'user-agent' => 'Mozilla/5.0 (Windows NT 6.1; WOW64) AppleWebKit/537.36 (KHTML, like Gecko) Chrome/55.0.2883.87 UBrowser/6.2.3831.211 Safari/537.36',
  'content-type' => 'application/x-www-form-urlencoded; charset=UTF-8',
  'referer' => 'http://fhweb.u776.com:88/hngame/public/index.php/admin/archive/create/typeid/-1',
  'accept-encoding' => 'gzip, deflate',
  'accept-language' => 'zh-CN,zh;q=0.8',
  'cookie' => 'PHPSESSID=kbfl9j4l0kqqe7l1qhdtsn1fc4; name=%E8%A1%A3%E8%8C%83%E5%84%BF; uname=admin; uid=1; avatar=%2Fhngame%2Fpublic%2Fuserfiles%2Fimages%2F11.jpeg',
  'content-length' => '',
)
[ info ] [ PARAM ] array (
  '_pjax' => '#pjax-container',
)
[ info ] [ LANG ] /data/home/hngame/public/../application/admin/lang/zh-cn.php
[ info ] [ DB ] INIT mysql
[ info ] [ SESSION ] INIT array (
  'id' => '',
  'var_session_id' => '',
  'prefix' => 'tf',
  'type' => '',
  'auto_start' => true,
)
[ info ] [ CACHE ] INIT File
[ info ] [ LANG ] /data/home/hngame/public/../application/admin/lang/zh-cn/Index.php
[ info ] [ RUN ] app\admin\controller\Index->index[ /data/home/hngame/application/admin/controller/Index.php ]
[ info ] [ VIEW ] /data/home/hngame/public/../application/admin/view/index/index.html [ array (
  0 => 'box_is_pjax',
  1 => 'treeMenu',
  2 => 'userTotal',
  3 => 'archiveTotal',
  4 => 'userNear',
  5 => 'loginLogList',
  6 => 'groupPieJson',
) ]
[ info ] [ LOG ] INIT File
[ sql ] [ DB ] CONNECT:[ UseTime:0.001316s ] mysql:dbname=guanwang;host=106.75.27.180;port=3306;charset=utf8
[ sql ] [ SQL ] SHOW COLUMNS FROM `hn_config` [ RunTime:0.001557s ]
[ sql ] [ SQL ] SELECT `v` FROM `hn_config` WHERE  `type` = 'system'  AND `k` = 'login_time' LIMIT 1 [ RunTime:0.000642s ]
[ sql ] [ SQL ] SHOW COLUMNS FROM `hn_user_token` [ RunTime:0.001081s ]
[ sql ] [ SQL ] SELECT * FROM `hn_user_token` WHERE  `uid` = 1  AND `type` = 1 LIMIT 1 [ RunTime:0.000695s ]
[ sql ] [ SQL ] UPDATE `hn_user_token`  SET `token_time`=1511489486  WHERE  `uid` = 1  AND `type` = 1 [ RunTime:0.002296s ]
[ sql ] [ SQL ] SELECT * FROM `hn_config` WHERE  `k` = 'isbrowse' LIMIT 1 [ RunTime:0.000656s ]
[ sql ] [ SQL ] SHOW COLUMNS FROM `hn_role_user` [ RunTime:0.001251s ]
[ sql ] [ SQL ] SELECT * FROM `hn_role_user` `a` INNER JOIN `hn_role` `g` ON `a`.`group_id`=`g`.`id` WHERE  (  a.uid='1' and g.status='1' ) [ RunTime:0.000611s ]
[ sql ] [ SQL ] SHOW COLUMNS FROM `hn_auth_rule` [ RunTime:0.001256s ]
[ sql ] [ SQL ] SELECT * FROM `hn_auth_rule` WHERE  `id` IN (1,50,61,62,63,64,48,92,93)  AND `type` = 1  AND `status` = 1 [ RunTime:0.000661s ]
[ sql ] [ SQL ] SHOW COLUMNS FROM `hn_user` [ RunTime:0.001165s ]
[ sql ] [ SQL ] SELECT COUNT(*) AS tp_count FROM `hn_user` LIMIT 1 [ RunTime:0.000480s ]
[ sql ] [ SQL ] SHOW COLUMNS FROM `hn_archive` [ RunTime:0.001248s ]
[ sql ] [ SQL ] SELECT COUNT(*) AS tp_count FROM `hn_archive` LIMIT 1 [ RunTime:0.000489s ]
[ sql ] [ SQL ] SELECT COUNT(*) AS tp_count FROM `hn_user` WHERE  `create_time` >= 1510934400 LIMIT 1 [ RunTime:0.000551s ]
[ sql ] [ SQL ] SHOW COLUMNS FROM `hn_login_log` [ RunTime:0.001169s ]
[ sql ] [ SQL ] SELECT * FROM `hn_login_log` WHERE  `uid` = 1 ORDER BY id DESC LIMIT 8 [ RunTime:0.000606s ]
[ sql ] [ SQL ] SHOW COLUMNS FROM `hn_role` [ RunTime:0.001161s ]
[ sql ] [ SQL ] SELECT * FROM `hn_role` WHERE  `status` = 1 [ RunTime:0.000566s ]
[ sql ] [ SQL ] SELECT * FROM `hn_user` [ RunTime:0.000532s ]
[ sql ] [ SQL ] SELECT * FROM `hn_role_user` WHERE  `uid` = 1 [ RunTime:0.000585s ]
[ sql ] [ SQL ] SELECT * FROM `hn_role_user` WHERE  `uid` = 2 [ RunTime:0.000567s ]
[ sql ] [ SQL ] SELECT * FROM `hn_role_user` WHERE  `uid` = 6 [ RunTime:0.000553s ]
[ sql ] [ SQL ] SELECT * FROM `hn_role_user` WHERE  `uid` = 7 [ RunTime:0.000565s ]
[ error ] [8]未定义数组索引: think_var[/data/home/hngame/application/admin/controller/Common.php:39]
[ error ] [8]未定义变量: array[/data/home/hngame/application/admin/controller/Index.php:100]
[ error ] [8]未定义变量: guestbookTotal[/data/home/hngame/runtime/temp/f856569cdc460f73317e418b8ed30480.php:141]
[ error ] [8]未定义变量: systemConfig[/data/home/hngame/runtime/temp/f856569cdc460f73317e418b8ed30480.php:196]
[ error ] [8]未定义变量: systemConfig[/data/home/hngame/runtime/temp/f856569cdc460f73317e418b8ed30480.php:196]
[ error ] [8]未定义变量: systemConfig[/data/home/hngame/runtime/temp/f856569cdc460f73317e418b8ed30480.php:196]
[ error ] [8]未定义变量: loginLogLineJson[/data/home/hngame/runtime/temp/f856569cdc460f73317e418b8ed30480.php:209]
[ error ] [8]未定义变量: rest_login[/data/home/hngame/runtime/temp/f856569cdc460f73317e418b8ed30480.php:231]
---------------------------------------------------------------
[ 2017-11-24T09:43:31+08:00 ] 10.9.46.224 27.156.124.207 GET /hngame/public/index.php/admin/user/index?_pjax=%23pjax-container
[ info ] fhweb.u776.com:88/hngame/public/index.php/admin/user/index?_pjax=%23pjax-container [运行时间：0.076250s][吞吐率：13.11req/s] [内存消耗：4,294.07kb] [文件加载：72]
[ info ] [ LANG ] /data/home/hngame/thinkphp/lang/zh-cn.php
[ info ] [ ROUTE ] array (
  'type' => 'module',
  'module' => 
  array (
    0 => 'admin',
    1 => 'user',
    2 => 'index',
  ),
)
[ info ] [ HEADER ] array (
  'host' => 'fhweb.u776.com:88',
  'connection' => 'keep-alive',
  'accept' => 'text/html, */*; q=0.01',
  'x-requested-with' => 'XMLHttpRequest',
  'x-pjax' => 'true',
  'x-pjax-container' => '#pjax-container',
  'user-agent' => 'Mozilla/5.0 (Windows NT 6.1; WOW64) AppleWebKit/537.36 (KHTML, like Gecko) Chrome/55.0.2883.87 UBrowser/6.2.3831.211 Safari/537.36',
  'content-type' => 'application/x-www-form-urlencoded; charset=UTF-8',
  'referer' => 'http://fhweb.u776.com:88/hngame/public/index.php/admin/index/index',
  'accept-encoding' => 'gzip, deflate',
  'accept-language' => 'zh-CN,zh;q=0.8',
  'cookie' => 'PHPSESSID=kbfl9j4l0kqqe7l1qhdtsn1fc4; name=%E8%A1%A3%E8%8C%83%E5%84%BF; uname=admin; uid=1; avatar=%2Fhngame%2Fpublic%2Fuserfiles%2Fimages%2F11.jpeg',
  'content-length' => '',
)
[ info ] [ PARAM ] array (
  '_pjax' => '#pjax-container',
)
[ info ] [ LANG ] /data/home/hngame/public/../application/admin/lang/zh-cn.php
[ info ] [ DB ] INIT mysql
[ info ] [ SESSION ] INIT array (
  'id' => '',
  'var_session_id' => '',
  'prefix' => 'tf',
  'type' => '',
  'auto_start' => true,
)
[ info ] [ CACHE ] INIT File
[ info ] [ LANG ] /data/home/hngame/public/../application/admin/lang/zh-cn/User.php
[ info ] [ VIEW ] /data/home/hngame/thinkphp/tpl/dispatch_jump.tpl [ array (
  0 => 'box_is_pjax',
  1 => 'treeMenu',
  2 => 'code',
  3 => 'msg',
  4 => 'data',
  5 => 'url',
  6 => 'wait',
) ]
[ info ] [ LOG ] INIT File
[ sql ] [ DB ] CONNECT:[ UseTime:0.001636s ] mysql:dbname=guanwang;host=106.75.27.180;port=3306;charset=utf8
[ sql ] [ SQL ] SHOW COLUMNS FROM `hn_config` [ RunTime:0.001442s ]
[ sql ] [ SQL ] SELECT `v` FROM `hn_config` WHERE  `type` = 'system'  AND `k` = 'login_time' LIMIT 1 [ RunTime:0.000606s ]
[ sql ] [ SQL ] SHOW COLUMNS FROM `hn_user_token` [ RunTime:0.001116s ]
[ sql ] [ SQL ] SELECT * FROM `hn_user_token` WHERE  `uid` = 1  AND `type` = 1 LIMIT 1 [ RunTime:0.000736s ]
[ sql ] [ SQL ] UPDATE `hn_user_token`  SET `token_time`=1511489611  WHERE  `uid` = 1  AND `type` = 1 [ RunTime:0.021724s ]
[ sql ] [ SQL ] SELECT * FROM `hn_config` WHERE  `k` = 'isbrowse' LIMIT 1 [ RunTime:0.000821s ]
[ sql ] [ SQL ] SHOW COLUMNS FROM `hn_role_user` [ RunTime:0.001196s ]
[ sql ] [ SQL ] SELECT * FROM `hn_role_user` `a` INNER JOIN `hn_role` `g` ON `a`.`group_id`=`g`.`id` WHERE  (  a.uid='1' and g.status='1' ) [ RunTime:0.000676s ]
[ sql ] [ SQL ] SHOW COLUMNS FROM `hn_auth_rule` [ RunTime:0.001124s ]
[ sql ] [ SQL ] SELECT * FROM `hn_auth_rule` WHERE  `id` IN (1,50,61,62,63,64,48,92,93)  AND `type` = 1  AND `status` = 1 [ RunTime:0.000745s ]
[ error ] [8]未定义数组索引: think_var[/data/home/hngame/application/admin/controller/Common.php:39]
---------------------------------------------------------------
[ 2017-11-24T09:43:31+08:00 ] 10.9.46.224 27.156.124.207 GET /hngame/public/index.php/admin/user/index
[ info ] fhweb.u776.com:88/hngame/public/index.php/admin/user/index [运行时间：0.060290s][吞吐率：16.59req/s] [内存消耗：4,292.56kb] [文件加载：72]
[ info ] [ LANG ] /data/home/hngame/thinkphp/lang/zh-cn.php
[ info ] [ ROUTE ] array (
  'type' => 'module',
  'module' => 
  array (
    0 => 'admin',
    1 => 'user',
    2 => 'index',
  ),
)
[ info ] [ HEADER ] array (
  'host' => 'fhweb.u776.com:88',
  'connection' => 'keep-alive',
  'upgrade-insecure-requests' => '1',
  'user-agent' => 'Mozilla/5.0 (Windows NT 6.1; WOW64) AppleWebKit/537.36 (KHTML, like Gecko) Chrome/55.0.2883.87 UBrowser/6.2.3831.211 Safari/537.36',
  'accept' => 'text/html,application/xhtml+xml,application/xml;q=0.9,image/webp,*/*;q=0.8',
  'referer' => 'http://fhweb.u776.com:88/hngame/public/index.php/admin/index/index',
  'accept-encoding' => 'gzip, deflate',
  'accept-language' => 'zh-CN,zh;q=0.8',
  'cookie' => 'PHPSESSID=kbfl9j4l0kqqe7l1qhdtsn1fc4; name=%E8%A1%A3%E8%8C%83%E5%84%BF; uname=admin; uid=1; avatar=%2Fhngame%2Fpublic%2Fuserfiles%2Fimages%2F11.jpeg',
  'content-type' => '',
  'content-length' => '',
)
[ info ] [ PARAM ] array (
)
[ info ] [ LANG ] /data/home/hngame/public/../application/admin/lang/zh-cn.php
[ info ] [ DB ] INIT mysql
[ info ] [ SESSION ] INIT array (
  'id' => '',
  'var_session_id' => '',
  'prefix' => 'tf',
  'type' => '',
  'auto_start' => true,
)
[ info ] [ CACHE ] INIT File
[ info ] [ LANG ] /data/home/hngame/public/../application/admin/lang/zh-cn/User.php
[ info ] [ VIEW ] /data/home/hngame/thinkphp/tpl/dispatch_jump.tpl [ array (
  0 => 'box_is_pjax',
  1 => 'treeMenu',
  2 => 'code',
  3 => 'msg',
  4 => 'data',
  5 => 'url',
  6 => 'wait',
) ]
[ info ] [ LOG ] INIT File
[ sql ] [ DB ] CONNECT:[ UseTime:0.001261s ] mysql:dbname=guanwang;host=106.75.27.180;port=3306;charset=utf8
[ sql ] [ SQL ] SHOW COLUMNS FROM `hn_config` [ RunTime:0.001451s ]
[ sql ] [ SQL ] SELECT `v` FROM `hn_config` WHERE  `type` = 'system'  AND `k` = 'login_time' LIMIT 1 [ RunTime:0.000641s ]
[ sql ] [ SQL ] SHOW COLUMNS FROM `hn_user_token` [ RunTime:0.001110s ]
[ sql ] [ SQL ] SELECT * FROM `hn_user_token` WHERE  `uid` = 1  AND `type` = 1 LIMIT 1 [ RunTime:0.000831s ]
[ sql ] [ SQL ] UPDATE `hn_user_token`  SET `token_time`=1511489611  WHERE  `uid` = 1  AND `type` = 1 [ RunTime:0.002263s ]
[ sql ] [ SQL ] SELECT * FROM `hn_config` WHERE  `k` = 'isbrowse' LIMIT 1 [ RunTime:0.000811s ]
[ sql ] [ SQL ] SHOW COLUMNS FROM `hn_role_user` [ RunTime:0.001235s ]
[ sql ] [ SQL ] SELECT * FROM `hn_role_user` `a` INNER JOIN `hn_role` `g` ON `a`.`group_id`=`g`.`id` WHERE  (  a.uid='1' and g.status='1' ) [ RunTime:0.000665s ]
[ sql ] [ SQL ] SHOW COLUMNS FROM `hn_auth_rule` [ RunTime:0.001081s ]
[ sql ] [ SQL ] SELECT * FROM `hn_auth_rule` WHERE  `id` IN (1,50,61,62,63,64,48,92,93)  AND `type` = 1  AND `status` = 1 [ RunTime:0.000809s ]
[ error ] [8]未定义数组索引: think_var[/data/home/hngame/application/admin/controller/Common.php:39]
---------------------------------------------------------------
[ 2017-11-24T09:53:55+08:00 ] 10.9.46.224 27.156.124.207 GET /hngame/public/index.php/admin/index/index
[ info ] fhweb.u776.com:88/hngame/public/index.php/admin/index/index [运行时间：0.077220s][吞吐率：12.95req/s] [内存消耗：4,585.66kb] [文件加载：78]
[ info ] [ LANG ] /data/home/hngame/thinkphp/lang/zh-cn.php
[ info ] [ ROUTE ] array (
  'type' => 'module',
  'module' => 
  array (
    0 => 'admin',
    1 => 'index',
    2 => 'index',
  ),
)
[ info ] [ HEADER ] array (
  'host' => 'fhweb.u776.com:88',
  'connection' => 'keep-alive',
  'upgrade-insecure-requests' => '1',
  'user-agent' => 'Mozilla/5.0 (Windows NT 6.1; WOW64) AppleWebKit/537.36 (KHTML, like Gecko) Chrome/55.0.2883.87 UBrowser/6.2.3831.211 Safari/537.36',
  'accept' => 'text/html,application/xhtml+xml,application/xml;q=0.9,image/webp,*/*;q=0.8',
  'accept-encoding' => 'gzip, deflate',
  'accept-language' => 'zh-CN,zh;q=0.8',
  'cookie' => 'PHPSESSID=kbfl9j4l0kqqe7l1qhdtsn1fc4; name=%E8%A1%A3%E8%8C%83%E5%84%BF; uname=admin; uid=1; avatar=%2Fhngame%2Fpublic%2Fuserfiles%2Fimages%2F11.jpeg',
  'content-type' => '',
  'content-length' => '',
)
[ info ] [ PARAM ] array (
)
[ info ] [ LANG ] /data/home/hngame/public/../application/admin/lang/zh-cn.php
[ info ] [ DB ] INIT mysql
[ info ] [ SESSION ] INIT array (
  'id' => '',
  'var_session_id' => '',
  'prefix' => 'tf',
  'type' => '',
  'auto_start' => true,
)
[ info ] [ CACHE ] INIT File
[ info ] [ LANG ] /data/home/hngame/public/../application/admin/lang/zh-cn/Index.php
[ info ] [ RUN ] app\admin\controller\Index->index[ /data/home/hngame/application/admin/controller/Index.php ]
[ info ] [ VIEW ] /data/home/hngame/public/../application/admin/view/index/index.html [ array (
  0 => 'box_is_pjax',
  1 => 'treeMenu',
  2 => 'userTotal',
  3 => 'archiveTotal',
  4 => 'userNear',
  5 => 'loginLogList',
  6 => 'groupPieJson',
) ]
[ info ] [ LOG ] INIT File
[ sql ] [ DB ] CONNECT:[ UseTime:0.001246s ] mysql:dbname=guanwang;host=106.75.27.180;port=3306;charset=utf8
[ sql ] [ SQL ] SHOW COLUMNS FROM `hn_config` [ RunTime:0.001443s ]
[ sql ] [ SQL ] SELECT `v` FROM `hn_config` WHERE  `type` = 'system'  AND `k` = 'login_time' LIMIT 1 [ RunTime:0.000702s ]
[ sql ] [ SQL ] SHOW COLUMNS FROM `hn_user_token` [ RunTime:0.001256s ]
[ sql ] [ SQL ] SELECT * FROM `hn_user_token` WHERE  `uid` = 1  AND `type` = 1 LIMIT 1 [ RunTime:0.000693s ]
[ sql ] [ SQL ] UPDATE `hn_user_token`  SET `token_time`=1511490235  WHERE  `uid` = 1  AND `type` = 1 [ RunTime:0.002657s ]
[ sql ] [ SQL ] SELECT * FROM `hn_config` WHERE  `k` = 'isbrowse' LIMIT 1 [ RunTime:0.000766s ]
[ sql ] [ SQL ] SHOW COLUMNS FROM `hn_role_user` [ RunTime:0.001488s ]
[ sql ] [ SQL ] SELECT * FROM `hn_role_user` `a` INNER JOIN `hn_role` `g` ON `a`.`group_id`=`g`.`id` WHERE  (  a.uid='1' and g.status='1' ) [ RunTime:0.000787s ]
[ sql ] [ SQL ] SHOW COLUMNS FROM `hn_auth_rule` [ RunTime:0.001454s ]
[ sql ] [ SQL ] SELECT * FROM `hn_auth_rule` WHERE  `id` IN (1,50,61,62,63,64,48,92,93)  AND `type` = 1  AND `status` = 1 [ RunTime:0.000777s ]
[ sql ] [ SQL ] SHOW COLUMNS FROM `hn_user` [ RunTime:0.001090s ]
[ sql ] [ SQL ] SELECT COUNT(*) AS tp_count FROM `hn_user` LIMIT 1 [ RunTime:0.000534s ]
[ sql ] [ SQL ] SHOW COLUMNS FROM `hn_archive` [ RunTime:0.001100s ]
[ sql ] [ SQL ] SELECT COUNT(*) AS tp_count FROM `hn_archive` LIMIT 1 [ RunTime:0.000504s ]
[ sql ] [ SQL ] SELECT COUNT(*) AS tp_count FROM `hn_user` WHERE  `create_time` >= 1510934400 LIMIT 1 [ RunTime:0.000578s ]
[ sql ] [ SQL ] SHOW COLUMNS FROM `hn_login_log` [ RunTime:0.001823s ]
[ sql ] [ SQL ] SELECT * FROM `hn_login_log` WHERE  `uid` = 1 ORDER BY id DESC LIMIT 8 [ RunTime:0.000654s ]
[ sql ] [ SQL ] SHOW COLUMNS FROM `hn_role` [ RunTime:0.001083s ]
[ sql ] [ SQL ] SELECT * FROM `hn_role` WHERE  `status` = 1 [ RunTime:0.000651s ]
[ sql ] [ SQL ] SELECT * FROM `hn_user` [ RunTime:0.000576s ]
[ sql ] [ SQL ] SELECT * FROM `hn_role_user` WHERE  `uid` = 1 [ RunTime:0.000578s ]
[ sql ] [ SQL ] SELECT * FROM `hn_role_user` WHERE  `uid` = 2 [ RunTime:0.000838s ]
[ sql ] [ SQL ] SELECT * FROM `hn_role_user` WHERE  `uid` = 6 [ RunTime:0.000641s ]
[ sql ] [ SQL ] SELECT * FROM `hn_role_user` WHERE  `uid` = 7 [ RunTime:0.000593s ]
[ error ] [8]未定义数组索引: think_var[/data/home/hngame/application/admin/controller/Common.php:39]
[ error ] [8]未定义变量: array[/data/home/hngame/application/admin/controller/Index.php:100]
[ error ] [8]未定义变量: guestbookTotal[/data/home/hngame/runtime/temp/f856569cdc460f73317e418b8ed30480.php:141]
[ error ] [8]未定义变量: systemConfig[/data/home/hngame/runtime/temp/f856569cdc460f73317e418b8ed30480.php:196]
[ error ] [8]未定义变量: systemConfig[/data/home/hngame/runtime/temp/f856569cdc460f73317e418b8ed30480.php:196]
[ error ] [8]未定义变量: systemConfig[/data/home/hngame/runtime/temp/f856569cdc460f73317e418b8ed30480.php:196]
[ error ] [8]未定义变量: loginLogLineJson[/data/home/hngame/runtime/temp/f856569cdc460f73317e418b8ed30480.php:209]
[ error ] [8]未定义变量: rest_login[/data/home/hngame/runtime/temp/f856569cdc460f73317e418b8ed30480.php:231]
---------------------------------------------------------------
[ 2017-11-24T09:54:00+08:00 ] 10.9.46.224 27.156.124.207 GET /hngame/public/index.php/admin/archive/index?_pjax=%23pjax-container
[ info ] fhweb.u776.com:88/hngame/public/index.php/admin/archive/index?_pjax=%23pjax-container [运行时间：0.100582s][吞吐率：9.94req/s] [内存消耗：4,711.66kb] [文件加载：79]
[ info ] [ LANG ] /data/home/hngame/thinkphp/lang/zh-cn.php
[ info ] [ ROUTE ] array (
  'type' => 'module',
  'module' => 
  array (
    0 => 'admin',
    1 => 'archive',
    2 => 'index',
  ),
)
[ info ] [ HEADER ] array (
  'host' => 'fhweb.u776.com:88',
  'connection' => 'keep-alive',
  'accept' => 'text/html, */*; q=0.01',
  'x-requested-with' => 'XMLHttpRequest',
  'x-pjax' => 'true',
  'x-pjax-container' => '#pjax-container',
  'user-agent' => 'Mozilla/5.0 (Windows NT 6.1; WOW64) AppleWebKit/537.36 (KHTML, like Gecko) Chrome/55.0.2883.87 UBrowser/6.2.3831.211 Safari/537.36',
  'content-type' => 'application/x-www-form-urlencoded; charset=UTF-8',
  'referer' => 'http://fhweb.u776.com:88/hngame/public/index.php/admin/index/index',
  'accept-encoding' => 'gzip, deflate',
  'accept-language' => 'zh-CN,zh;q=0.8',
  'cookie' => 'PHPSESSID=kbfl9j4l0kqqe7l1qhdtsn1fc4; name=%E8%A1%A3%E8%8C%83%E5%84%BF; uname=admin; uid=1; avatar=%2Fhngame%2Fpublic%2Fuserfiles%2Fimages%2F11.jpeg',
  'content-length' => '',
)
[ info ] [ PARAM ] array (
  '_pjax' => '#pjax-container',
)
[ info ] [ LANG ] /data/home/hngame/public/../application/admin/lang/zh-cn.php
[ info ] [ DB ] INIT mysql
[ info ] [ SESSION ] INIT array (
  'id' => '',
  'var_session_id' => '',
  'prefix' => 'tf',
  'type' => '',
  'auto_start' => true,
)
[ info ] [ CACHE ] INIT File
[ info ] [ LANG ] /data/home/hngame/public/../application/admin/lang/zh-cn/Archive.php
[ info ] [ RUN ] app\admin\controller\Archive->index[ /data/home/hngame/application/admin/controller/Archive.php ]
[ info ] [ VIEW ] /data/home/hngame/public/../application/admin/view/archive/index.html [ array (
  0 => 'box_is_pjax',
  1 => 'treeMenu',
  2 => 'dataList',
) ]
[ info ] [ LOG ] INIT File
[ sql ] [ DB ] CONNECT:[ UseTime:0.001617s ] mysql:dbname=guanwang;host=106.75.27.180;port=3306;charset=utf8
[ sql ] [ SQL ] SHOW COLUMNS FROM `hn_config` [ RunTime:0.001312s ]
[ sql ] [ SQL ] SELECT `v` FROM `hn_config` WHERE  `type` = 'system'  AND `k` = 'login_time' LIMIT 1 [ RunTime:0.000616s ]
[ sql ] [ SQL ] SHOW COLUMNS FROM `hn_user_token` [ RunTime:0.000999s ]
[ sql ] [ SQL ] SELECT * FROM `hn_user_token` WHERE  `uid` = 1  AND `type` = 1 LIMIT 1 [ RunTime:0.000975s ]
[ sql ] [ SQL ] UPDATE `hn_user_token`  SET `token_time`=1511490240  WHERE  `uid` = 1  AND `type` = 1 [ RunTime:0.002700s ]
[ sql ] [ SQL ] SELECT * FROM `hn_config` WHERE  `k` = 'isbrowse' LIMIT 1 [ RunTime:0.002209s ]
[ sql ] [ SQL ] SHOW COLUMNS FROM `hn_role_user` [ RunTime:0.003053s ]
[ sql ] [ SQL ] SELECT * FROM `hn_role_user` `a` INNER JOIN `hn_role` `g` ON `a`.`group_id`=`g`.`id` WHERE  (  a.uid='1' and g.status='1' ) [ RunTime:0.000864s ]
[ sql ] [ SQL ] SHOW COLUMNS FROM `hn_auth_rule` [ RunTime:0.001145s ]
[ sql ] [ SQL ] SELECT * FROM `hn_auth_rule` WHERE  `id` IN (1,50,61,62,63,64,48,92,93)  AND `type` = 1  AND `status` = 1 [ RunTime:0.000805s ]
[ sql ] [ SQL ] SHOW COLUMNS FROM `hn_archive` [ RunTime:0.001284s ]
[ sql ] [ SQL ] SELECT COUNT(*) AS tp_count FROM `hn_archive` LIMIT 1 [ RunTime:0.000668s ]
[ sql ] [ SQL ] SELECT * FROM `hn_archive` ORDER BY id desc LIMIT 0,10 [ RunTime:0.000748s ]
[ sql ] [ SQL ] SHOW COLUMNS FROM `hn_arctype` [ RunTime:0.001686s ]
[ sql ] [ SQL ] SELECT `typename`,`mid`,`jumplink` FROM `hn_arctype` WHERE  `id` = 5 LIMIT 1 [ RunTime:0.000829s ]
[ sql ] [ SQL ] SHOW COLUMNS FROM `hn_user` [ RunTime:0.001403s ]
[ sql ] [ SQL ] SELECT `name` FROM `hn_user` WHERE  `id` = 1 LIMIT 1 [ RunTime:0.001489s ]
[ sql ] [ SQL ] SELECT `typename`,`mid`,`jumplink` FROM `hn_arctype` WHERE  `id` = 6 LIMIT 1 [ RunTime:0.003084s ]
[ sql ] [ SQL ] SELECT `name` FROM `hn_user` WHERE  `id` = 1 LIMIT 1 [ RunTime:0.000943s ]
[ sql ] [ SQL ] SELECT `typename`,`mid`,`jumplink` FROM `hn_arctype` WHERE  `id` = 6 LIMIT 1 [ RunTime:0.003292s ]
[ sql ] [ SQL ] SELECT `name` FROM `hn_user` WHERE  `id` = 1 LIMIT 1 [ RunTime:0.000696s ]
[ error ] [8]未定义数组索引: think_var[/data/home/hngame/application/admin/controller/Common.php:39]
[ error ] [2]in_array() expects parameter 2 to be array, string given[/data/home/hngame/application/admin/controller/Archive.php:36]
[ error ] [8]Array to string conversion[/data/home/hngame/application/admin/common.php:299]
[ error ] [8]Array to string conversion[/data/home/hngame/application/admin/common.php:307]
[ error ] [2]Invalid argument supplied for foreach()[/data/home/hngame/runtime/temp/dffd7b8722668940263411856ff6f701.php:152]
[ error ] [8]Array to string conversion[/data/home/hngame/application/admin/common.php:299]
[ error ] [8]Array to string conversion[/data/home/hngame/application/admin/common.php:307]
[ error ] [2]Invalid argument supplied for foreach()[/data/home/hngame/thinkphp/library/think/Url.php:142]
[ error ] [2]Invalid argument supplied for foreach()[/data/home/hngame/thinkphp/library/think/Url.php:142]
[ error ] [2]Invalid argument supplied for foreach()[/data/home/hngame/thinkphp/library/think/Url.php:142]
[ error ] [2]Invalid argument supplied for foreach()[/data/home/hngame/thinkphp/library/think/Url.php:142]
[ error ] [2]Invalid argument supplied for foreach()[/data/home/hngame/thinkphp/library/think/Url.php:142]
[ error ] [2]Invalid argument supplied for foreach()[/data/home/hngame/thinkphp/library/think/Url.php:142]
[ error ] [2]Invalid argument supplied for foreach()[/data/home/hngame/thinkphp/library/think/Url.php:142]
[ error ] [2]Invalid argument supplied for foreach()[/data/home/hngame/thinkphp/library/think/Url.php:142]
[ error ] [8]Array to string conversion[/data/home/hngame/application/admin/common.php:299]
[ error ] [8]Array to string conversion[/data/home/hngame/application/admin/common.php:307]
[ error ] [2]Invalid argument supplied for foreach()[/data/home/hngame/thinkphp/library/think/Url.php:142]
[ error ] [2]Invalid argument supplied for foreach()[/data/home/hngame/thinkphp/library/think/Url.php:142]
[ error ] [2]Invalid argument supplied for foreach()[/data/home/hngame/thinkphp/library/think/Url.php:142]
[ error ] [2]Invalid argument supplied for foreach()[/data/home/hngame/thinkphp/library/think/Url.php:142]
[ error ] [2]Invalid argument supplied for foreach()[/data/home/hngame/thinkphp/library/think/Url.php:142]
[ error ] [2]Invalid argument supplied for foreach()[/data/home/hngame/thinkphp/library/think/Url.php:142]
[ error ] [2]Invalid argument supplied for foreach()[/data/home/hngame/thinkphp/library/think/Url.php:142]
[ error ] [2]Invalid argument supplied for foreach()[/data/home/hngame/thinkphp/library/think/Url.php:142]
[ error ] [8]Array to string conversion[/data/home/hngame/application/admin/common.php:299]
[ error ] [8]Array to string conversion[/data/home/hngame/application/admin/common.php:307]
[ error ] [2]Invalid argument supplied for foreach()[/data/home/hngame/thinkphp/library/think/Url.php:142]
[ error ] [2]Invalid argument supplied for foreach()[/data/home/hngame/thinkphp/library/think/Url.php:142]
[ error ] [2]Invalid argument supplied for foreach()[/data/home/hngame/thinkphp/library/think/Url.php:142]
[ error ] [2]Invalid argument supplied for foreach()[/data/home/hngame/thinkphp/library/think/Url.php:142]
[ error ] [2]Invalid argument supplied for foreach()[/data/home/hngame/thinkphp/library/think/Url.php:142]
[ error ] [2]Invalid argument supplied for foreach()[/data/home/hngame/thinkphp/library/think/Url.php:142]
[ error ] [2]Invalid argument supplied for foreach()[/data/home/hngame/thinkphp/library/think/Url.php:142]
[ error ] [2]Invalid argument supplied for foreach()[/data/home/hngame/thinkphp/library/think/Url.php:142]
[ error ] [8]未定义变量: rest_login[/data/home/hngame/runtime/temp/dffd7b8722668940263411856ff6f701.php:233]
---------------------------------------------------------------
[ 2017-11-24T09:54:03+08:00 ] 10.9.46.224 27.156.124.207 GET /hngame/public/index.php/admin/archive/edit/id/27?_pjax=%23pjax-container
[ info ] fhweb.u776.com:88/hngame/public/index.php/admin/archive/edit/id/27?_pjax=%23pjax-container [运行时间：0.057570s][吞吐率：17.37req/s] [内存消耗：4,340.00kb] [文件加载：72]
[ info ] [ LANG ] /data/home/hngame/thinkphp/lang/zh-cn.php
[ info ] [ ROUTE ] array (
  'type' => 'module',
  'module' => 
  array (
    0 => 'admin',
    1 => 'archive',
    2 => 'edit',
  ),
)
[ info ] [ HEADER ] array (
  'host' => 'fhweb.u776.com:88',
  'connection' => 'keep-alive',
  'accept' => 'text/html, */*; q=0.01',
  'x-requested-with' => 'XMLHttpRequest',
  'x-pjax' => 'true',
  'x-pjax-container' => '#pjax-container',
  'user-agent' => 'Mozilla/5.0 (Windows NT 6.1; WOW64) AppleWebKit/537.36 (KHTML, like Gecko) Chrome/55.0.2883.87 UBrowser/6.2.3831.211 Safari/537.36',
  'content-type' => 'application/x-www-form-urlencoded; charset=UTF-8',
  'referer' => 'http://fhweb.u776.com:88/hngame/public/index.php/admin/archive/index',
  'accept-encoding' => 'gzip, deflate',
  'accept-language' => 'zh-CN,zh;q=0.8',
  'cookie' => 'PHPSESSID=kbfl9j4l0kqqe7l1qhdtsn1fc4; name=%E8%A1%A3%E8%8C%83%E5%84%BF; uname=admin; uid=1; avatar=%2Fhngame%2Fpublic%2Fuserfiles%2Fimages%2F11.jpeg',
  'content-length' => '',
)
[ info ] [ PARAM ] array (
  '_pjax' => '#pjax-container',
  'id' => '27',
)
[ info ] [ LANG ] /data/home/hngame/public/../application/admin/lang/zh-cn.php
[ info ] [ DB ] INIT mysql
[ info ] [ SESSION ] INIT array (
  'id' => '',
  'var_session_id' => '',
  'prefix' => 'tf',
  'type' => '',
  'auto_start' => true,
)
[ info ] [ CACHE ] INIT File
[ info ] [ LANG ] /data/home/hngame/public/../application/admin/lang/zh-cn/Archive.php
[ info ] [ RUN ] app\admin\controller\Archive->edit[ /data/home/hngame/application/admin/controller/Archive.php ]
[ info ] [ VIEW ] /data/home/hngame/public/../application/admin/view/archive/edit.html [ array (
  0 => 'box_is_pjax',
  1 => 'treeMenu',
  2 => 'arctypeList',
  3 => 'data',
) ]
[ info ] [ LOG ] INIT File
[ sql ] [ DB ] CONNECT:[ UseTime:0.001378s ] mysql:dbname=guanwang;host=106.75.27.180;port=3306;charset=utf8
[ sql ] [ SQL ] SHOW COLUMNS FROM `hn_config` [ RunTime:0.001523s ]
[ sql ] [ SQL ] SELECT `v` FROM `hn_config` WHERE  `type` = 'system'  AND `k` = 'login_time' LIMIT 1 [ RunTime:0.000690s ]
[ sql ] [ SQL ] SHOW COLUMNS FROM `hn_user_token` [ RunTime:0.001025s ]
[ sql ] [ SQL ] SELECT * FROM `hn_user_token` WHERE  `uid` = 1  AND `type` = 1 LIMIT 1 [ RunTime:0.000651s ]
[ sql ] [ SQL ] UPDATE `hn_user_token`  SET `token_time`=1511490243  WHERE  `uid` = 1  AND `type` = 1 [ RunTime:0.002049s ]
[ sql ] [ SQL ] SELECT * FROM `hn_config` WHERE  `k` = 'isbrowse' LIMIT 1 [ RunTime:0.000616s ]
[ sql ] [ SQL ] SHOW COLUMNS FROM `hn_role_user` [ RunTime:0.001257s ]
[ sql ] [ SQL ] SELECT * FROM `hn_role_user` `a` INNER JOIN `hn_role` `g` ON `a`.`group_id`=`g`.`id` WHERE  (  a.uid='1' and g.status='1' ) [ RunTime:0.000603s ]
[ sql ] [ SQL ] SHOW COLUMNS FROM `hn_auth_rule` [ RunTime:0.000977s ]
[ sql ] [ SQL ] SELECT * FROM `hn_auth_rule` WHERE  `id` IN (1,50,61,62,63,64,48,92,93)  AND `type` = 1  AND `status` = 1 [ RunTime:0.000612s ]
[ sql ] [ SQL ] SHOW COLUMNS FROM `hn_archive` [ RunTime:0.001068s ]
[ sql ] [ SQL ] SELECT * FROM `hn_archive` WHERE  `id` = 27 LIMIT 1 [ RunTime:0.000639s ]
[ error ] [8]未定义数组索引: think_var[/data/home/hngame/application/admin/controller/Common.php:39]
[ error ] [8]未定义变量: rest_login[/data/home/hngame/runtime/temp/cadf5a5c0d4cf8fba883d17f13dab88f.php:273]
---------------------------------------------------------------
[ 2017-11-24T09:54:34+08:00 ] 10.9.46.224 27.156.124.207 GET /hngame/public/index.php/admin/archive/index?_pjax=%23pjax-container
[ info ] fhweb.u776.com:88/hngame/public/index.php/admin/archive/index?_pjax=%23pjax-container [运行时间：0.075373s][吞吐率：13.27req/s] [内存消耗：4,711.52kb] [文件加载：79]
[ info ] [ LANG ] /data/home/hngame/thinkphp/lang/zh-cn.php
[ info ] [ ROUTE ] array (
  'type' => 'module',
  'module' => 
  array (
    0 => 'admin',
    1 => 'archive',
    2 => 'index',
  ),
)
[ info ] [ HEADER ] array (
  'host' => 'fhweb.u776.com:88',
  'connection' => 'keep-alive',
  'accept' => 'text/html, */*; q=0.01',
  'x-requested-with' => 'XMLHttpRequest',
  'x-pjax' => 'true',
  'x-pjax-container' => '#pjax-container',
  'user-agent' => 'Mozilla/5.0 (Windows NT 6.1; WOW64) AppleWebKit/537.36 (KHTML, like Gecko) Chrome/55.0.2883.87 UBrowser/6.2.3831.211 Safari/537.36',
  'content-type' => 'application/x-www-form-urlencoded; charset=UTF-8',
  'referer' => 'http://fhweb.u776.com:88/hngame/public/index.php/admin/archive/index',
  'accept-encoding' => 'gzip, deflate',
  'accept-language' => 'zh-CN,zh;q=0.8',
  'cookie' => 'PHPSESSID=kbfl9j4l0kqqe7l1qhdtsn1fc4; name=%E8%A1%A3%E8%8C%83%E5%84%BF; uname=admin; uid=1; avatar=%2Fhngame%2Fpublic%2Fuserfiles%2Fimages%2F11.jpeg',
  'content-length' => '',
)
[ info ] [ PARAM ] array (
  '_pjax' => '#pjax-container',
)
[ info ] [ LANG ] /data/home/hngame/public/../application/admin/lang/zh-cn.php
[ info ] [ DB ] INIT mysql
[ info ] [ SESSION ] INIT array (
  'id' => '',
  'var_session_id' => '',
  'prefix' => 'tf',
  'type' => '',
  'auto_start' => true,
)
[ info ] [ CACHE ] INIT File
[ info ] [ LANG ] /data/home/hngame/public/../application/admin/lang/zh-cn/Archive.php
[ info ] [ RUN ] app\admin\controller\Archive->index[ /data/home/hngame/application/admin/controller/Archive.php ]
[ info ] [ VIEW ] /data/home/hngame/public/../application/admin/view/archive/index.html [ array (
  0 => 'box_is_pjax',
  1 => 'treeMenu',
  2 => 'dataList',
) ]
[ info ] [ LOG ] INIT File
[ sql ] [ DB ] CONNECT:[ UseTime:0.001251s ] mysql:dbname=guanwang;host=106.75.27.180;port=3306;charset=utf8
[ sql ] [ SQL ] SHOW COLUMNS FROM `hn_config` [ RunTime:0.001324s ]
[ sql ] [ SQL ] SELECT `v` FROM `hn_config` WHERE  `type` = 'system'  AND `k` = 'login_time' LIMIT 1 [ RunTime:0.000593s ]
[ sql ] [ SQL ] SHOW COLUMNS FROM `hn_user_token` [ RunTime:0.001010s ]
[ sql ] [ SQL ] SELECT * FROM `hn_user_token` WHERE  `uid` = 1  AND `type` = 1 LIMIT 1 [ RunTime:0.000829s ]
[ sql ] [ SQL ] UPDATE `hn_user_token`  SET `token_time`=1511490274  WHERE  `uid` = 1  AND `type` = 1 [ RunTime:0.002583s ]
[ sql ] [ SQL ] SELECT * FROM `hn_config` WHERE  `k` = 'isbrowse' LIMIT 1 [ RunTime:0.000687s ]
[ sql ] [ SQL ] SHOW COLUMNS FROM `hn_role_user` [ RunTime:0.001087s ]
[ sql ] [ SQL ] SELECT * FROM `hn_role_user` `a` INNER JOIN `hn_role` `g` ON `a`.`group_id`=`g`.`id` WHERE  (  a.uid='1' and g.status='1' ) [ RunTime:0.000634s ]
[ sql ] [ SQL ] SHOW COLUMNS FROM `hn_auth_rule` [ RunTime:0.001084s ]
[ sql ] [ SQL ] SELECT * FROM `hn_auth_rule` WHERE  `id` IN (1,50,61,62,63,64,48,92,93)  AND `type` = 1  AND `status` = 1 [ RunTime:0.000693s ]
[ sql ] [ SQL ] SHOW COLUMNS FROM `hn_archive` [ RunTime:0.001125s ]
[ sql ] [ SQL ] SELECT COUNT(*) AS tp_count FROM `hn_archive` LIMIT 1 [ RunTime:0.000529s ]
[ sql ] [ SQL ] SELECT * FROM `hn_archive` ORDER BY id desc LIMIT 0,10 [ RunTime:0.000720s ]
[ sql ] [ SQL ] SHOW COLUMNS FROM `hn_arctype` [ RunTime:0.001149s ]
[ sql ] [ SQL ] SELECT `typename`,`mid`,`jumplink` FROM `hn_arctype` WHERE  `id` = 5 LIMIT 1 [ RunTime:0.000607s ]
[ sql ] [ SQL ] SHOW COLUMNS FROM `hn_user` [ RunTime:0.001075s ]
[ sql ] [ SQL ] SELECT `name` FROM `hn_user` WHERE  `id` = 1 LIMIT 1 [ RunTime:0.000582s ]
[ sql ] [ SQL ] SELECT `typename`,`mid`,`jumplink` FROM `hn_arctype` WHERE  `id` = 6 LIMIT 1 [ RunTime:0.000603s ]
[ sql ] [ SQL ] SELECT `name` FROM `hn_user` WHERE  `id` = 1 LIMIT 1 [ RunTime:0.000589s ]
[ sql ] [ SQL ] SELECT `typename`,`mid`,`jumplink` FROM `hn_arctype` WHERE  `id` = 6 LIMIT 1 [ RunTime:0.000597s ]
[ sql ] [ SQL ] SELECT `name` FROM `hn_user` WHERE  `id` = 1 LIMIT 1 [ RunTime:0.000572s ]
[ error ] [8]未定义数组索引: think_var[/data/home/hngame/application/admin/controller/Common.php:39]
[ error ] [2]in_array() expects parameter 2 to be array, string given[/data/home/hngame/application/admin/controller/Archive.php:36]
[ error ] [8]Array to string conversion[/data/home/hngame/application/admin/common.php:299]
[ error ] [8]Array to string conversion[/data/home/hngame/application/admin/common.php:307]
[ error ] [2]Invalid argument supplied for foreach()[/data/home/hngame/runtime/temp/dffd7b8722668940263411856ff6f701.php:152]
[ error ] [8]Array to string conversion[/data/home/hngame/application/admin/common.php:299]
[ error ] [8]Array to string conversion[/data/home/hngame/application/admin/common.php:307]
[ error ] [2]Invalid argument supplied for foreach()[/data/home/hngame/thinkphp/library/think/Url.php:142]
[ error ] [2]Invalid argument supplied for foreach()[/data/home/hngame/thinkphp/library/think/Url.php:142]
[ error ] [2]Invalid argument supplied for foreach()[/data/home/hngame/thinkphp/library/think/Url.php:142]
[ error ] [2]Invalid argument supplied for foreach()[/data/home/hngame/thinkphp/library/think/Url.php:142]
[ error ] [2]Invalid argument supplied for foreach()[/data/home/hngame/thinkphp/library/think/Url.php:142]
[ error ] [2]Invalid argument supplied for foreach()[/data/home/hngame/thinkphp/library/think/Url.php:142]
[ error ] [2]Invalid argument supplied for foreach()[/data/home/hngame/thinkphp/library/think/Url.php:142]
[ error ] [2]Invalid argument supplied for foreach()[/data/home/hngame/thinkphp/library/think/Url.php:142]
[ error ] [8]Array to string conversion[/data/home/hngame/application/admin/common.php:299]
[ error ] [8]Array to string conversion[/data/home/hngame/application/admin/common.php:307]
[ error ] [2]Invalid argument supplied for foreach()[/data/home/hngame/thinkphp/library/think/Url.php:142]
[ error ] [2]Invalid argument supplied for foreach()[/data/home/hngame/thinkphp/library/think/Url.php:142]
[ error ] [2]Invalid argument supplied for foreach()[/data/home/hngame/thinkphp/library/think/Url.php:142]
[ error ] [2]Invalid argument supplied for foreach()[/data/home/hngame/thinkphp/library/think/Url.php:142]
[ error ] [2]Invalid argument supplied for foreach()[/data/home/hngame/thinkphp/library/think/Url.php:142]
[ error ] [2]Invalid argument supplied for foreach()[/data/home/hngame/thinkphp/library/think/Url.php:142]
[ error ] [2]Invalid argument supplied for foreach()[/data/home/hngame/thinkphp/library/think/Url.php:142]
[ error ] [2]Invalid argument supplied for foreach()[/data/home/hngame/thinkphp/library/think/Url.php:142]
[ error ] [8]Array to string conversion[/data/home/hngame/application/admin/common.php:299]
[ error ] [8]Array to string conversion[/data/home/hngame/application/admin/common.php:307]
[ error ] [2]Invalid argument supplied for foreach()[/data/home/hngame/thinkphp/library/think/Url.php:142]
[ error ] [2]Invalid argument supplied for foreach()[/data/home/hngame/thinkphp/library/think/Url.php:142]
[ error ] [2]Invalid argument supplied for foreach()[/data/home/hngame/thinkphp/library/think/Url.php:142]
[ error ] [2]Invalid argument supplied for foreach()[/data/home/hngame/thinkphp/library/think/Url.php:142]
[ error ] [2]Invalid argument supplied for foreach()[/data/home/hngame/thinkphp/library/think/Url.php:142]
[ error ] [2]Invalid argument supplied for foreach()[/data/home/hngame/thinkphp/library/think/Url.php:142]
[ error ] [2]Invalid argument supplied for foreach()[/data/home/hngame/thinkphp/library/think/Url.php:142]
[ error ] [2]Invalid argument supplied for foreach()[/data/home/hngame/thinkphp/library/think/Url.php:142]
[ error ] [8]未定义变量: rest_login[/data/home/hngame/runtime/temp/dffd7b8722668940263411856ff6f701.php:233]
