==========Begin===============

========archiveDaily========
Array
(
    [0] => 1
    [1] => 2
    [2] => 1
    [3] => 2
    [4] => 1
    [5] => 2
    [6] => 1
    [7] => 1
    [8] => 1
    [9] => 1
    [10] => 1
    [11] => 2
    [12] => 2
    [13] => 1
    [14] => 1
    [15] => 1
    [16] => 1
    [17] => 1
    [18] => 2
    [19] => 2
    [20] => 1
    [21] => 1
    [22] => 1
    [23] => 1
    [24] => 1
    [25] => 51
    [26] => 25
    [27] => 22
    [28] => 8
    [29] => 11
    [30] => 10
    [31] => 3
    [32] => 11
    [33] => 12
    [34] => 2
    [35] => 1
    [36] => 6
    [37] => 2
    [38] => 7
    [39] => 6
    [40] => 4
    [41] => 8
    [42] => 4
    [43] => 3
    [44] => 5
    [45] => 2
    [46] => 2
    [47] => 4
    [48] => 1
    [49] => 2
    [50] => 9
    [51] => 3
    [52] => 2
    [53] => 2
    [54] => 1
    [55] => 1
    [56] => 1
    [57] => 1
    [58] => 1
    [59] => 1
    [60] => 1
    [61] => 1
    [62] => 2
    [63] => 1
    [64] => 1
    [65] => 1
    [66] => 1
    [67] => 1
    [68] => 1
    [69] => 1
    [70] => 3
    [71] => 1
    [72] => 1
    [73] => 1
    [74] => 2
    [75] => 2
    [76] => 1
    [77] => 2
    [78] => 2
    [79] => 2
    [80] => 1
    [81] => 1
    [82] => 1
    [83] => 1
    [84] => 1
    [85] => 1
    [86] => 2
    [87] => 1
    [88] => 2
    [89] => 1
    [90] => 1
    [91] => 1
    [92] => 1
    [93] => 1
    [94] => 1
    [95] => 1
    [96] => 1
    [97] => 1
    [98] => 1
    [99] => 1
    [100] => 1
    [101] => 1
    [102] => 1
    [103] => 1
    [104] => 1
    [105] => 1
    [106] => 3
    [107] => 2
    [108] => 1
    [109] => 1
    [110] => 1
    [111] => 1
    [112] => 1
    [113] => 1
    [114] => 2
    [115] => 1
    [116] => 1
    [117] => 1
    [118] => 1
    [119] => 1
    [120] => 1
    [121] => 1
    [122] => 2
    [123] => 1
    [124] => 1
    [125] => 1
    [126] => 1
    [127] => 1
    [128] => 1
    [129] => 1
    [130] => 1
    [131] => 1
    [132] => 1
    [133] => 1
    [134] => 1
    [135] => 1
    [136] => 1
    [137] => 1
    [138] => 1
    [139] => 1
    [140] => 1
    [141] => 1
    [142] => 1
    [143] => 1
    [144] => 1
    [145] => 1
    [146] => 1
    [147] => 1
    [148] => 1
    [149] => 1
    [150] => 1
    [151] => 1
    [152] => 1
    [153] => 1
    [154] => 1
    [155] => 1
    [156] => 1
    [157] => 1
    [158] => 1
    [159] => 1
    [160] => 1
    [161] => 1
    [162] => 3
    [163] => 1
    [164] => 1
    [165] => 1
    [166] => 1
    [167] => 1
    [168] => 1
    [169] => 1
    [170] => 1
    [171] => 1
    [172] => 2
    [173] => 2
    [174] => 1
    [175] => 1
    [176] => 1
    [177] => 1
    [178] => 1
    [179] => 1
    [180] => 1
    [181] => 1
    [182] => 1
    [183] => 1
    [184] => 1
    [185] => 1
    [186] => 1
    [187] => 1
    [188] => 1
    [189] => 1
    [190] => 1
    [191] => 1
    [192] => 1
    [193] => 2
    [194] => 1
    [195] => 1
    [196] => 1
    [197] => 1
    [198] => 1
    [199] => 1
    [200] => 1
    [201] => 1
    [202] => 1
    [203] => 1
    [204] => 1
    [205] => 1
    [206] => 4
    [207] => 1
    [208] => 1
    [209] => 3
    [210] => 1
    [211] => 1
    [212] => 1
    [213] => 1
    [214] => 1
    [215] => 1
    [216] => 1
    [217] => 1
    [218] => 1
    [219] => 1
    [220] => 1
    [221] => 1
    [222] => 1
    [223] => 1
    [224] => 1
    [225] => 1
    [226] => 1
    [227] => 1
    [228] => 1
    [229] => 1
    [230] => 1
    [231] => 1
    [232] => 1
    [233] => 1
    [234] => 1
    [235] => 1
    [236] => 1
    [237] => 1
    [238] => 1
    [239] => 1
    [240] => 2
    [241] => 1
    [242] => 1
    [243] => 1
    [244] => 1
    [245] => 1
    [246] => 3
    [247] => 1
    [248] => 1
    [249] => 1
    [250] => 1
    [251] => 1
    [252] => 1
    [253] => 1
    [254] => 1
    [255] => 1
    [256] => 1
    [257] => 1
    [258] => 1
    [259] => 1
    [260] => 1
    [261] => 1
    [262] => 1
    [263] => 1
    [264] => 1
    [265] => 1
    [266] => 1
    [267] => 1
    [268] => 1
    [269] => 1
    [270] => 1
    [271] => 1
    [272] => 1
    [273] => 1
    [274] => 1
    [275] => 1
    [276] => 1
    [277] => 1
    [278] => 1
    [279] => 1
    [280] => 1
    [281] => 1
    [282] => 1
    [283] => 1
    [284] => 1
    [285] => 1
    [286] => 1
    [287] => 1
    [288] => 1
    [289] => 1
    [290] => 1
    [291] => 1
    [292] => 1
    [293] => 1
    [294] => 1
    [295] => 1
    [296] => 2
    [297] => 1
    [298] => 1
    [299] => 1
    [300] => 1
    [301] => 1
    [302] => 1
    [303] => 1
    [304] => 1
    [305] => 1
    [306] => 2
    [307] => 1
    [308] => 1
    [309] => 1
    [310] => 1
    [311] => 1
    [312] => 1
    [313] => 1
    [314] => 1
    [315] => 1
    [316] => 1
    [317] => 1
    [318] => 1
    [319] => 1
    [320] => 1
    [321] => 2
    [322] => 1
    [323] => 1
    [324] => 1
    [325] => 1
    [326] => 1
    [327] => 1
    [328] => 1
    [329] => 1
    [330] => 1
    [331] => 1
    [332] => 1
    [333] => 1
    [334] => 1
    [335] => 1
    [336] => 1
    [337] => 1
    [338] => 1
    [339] => 1
    [340] => 1
    [341] => 1
    [342] => 1
    [343] => 1
    [344] => 1
    [345] => 1
    [346] => 1
    [347] => 1
    [348] => 1
    [349] => 1
    [350] => 1
    [351] => 1
    [352] => 1
    [353] => 1
    [354] => 1
    [355] => 2
    [356] => 1
    [357] => 1
    [358] => 1
    [359] => 2
    [360] => 1
    [361] => 1
    [362] => 1
    [363] => 1
    [364] => 1
    [365] => 1
    [366] => 1
    [367] => 1
    [368] => 1
    [369] => 1
    [370] => 1
    [371] => 1
    [372] => 1
    [373] => 1
    [374] => 1
    [375] => 1
    [376] => 1
    [377] => 1
    [378] => 1
    [379] => 1
    [380] => 1
    [381] => 1
    [382] => 1
    [383] => 1
    [384] => 3
    [385] => 1
    [386] => 2
    [387] => 1
    [388] => 1
    [389] => 1
    [390] => 1
    [391] => 1
    [392] => 1
    [393] => 1
    [394] => 1
    [395] => 1
    [396] => 1
    [397] => 1
    [398] => 2
    [399] => 1
    [400] => 1
    [401] => 1
    [402] => 1
    [403] => 1
    [404] => 1
    [405] => 1
    [406] => 1
    [407] => 1
    [408] => 1
    [409] => 1
    [410] => 1
    [411] => 2
    [412] => 1
    [413] => 1
    [414] => 1
    [415] => 1
    [416] => 1
    [417] => 2
    [418] => 1
    [419] => 1
    [420] => 1
    [421] => 1
    [422] => 1
    [423] => 2
    [424] => 1
    [425] => 1
    [426] => 1
    [427] => 1
    [428] => 1
    [429] => 1
    [430] => 1
    [431] => 1
    [432] => 1
    [433] => 2
    [434] => 1
    [435] => 1
    [436] => 1
    [437] => 1
    [438] => 1
    [439] => 1
    [440] => 1
    [441] => 1
    [442] => 1
    [443] => 2
    [444] => 1
    [445] => 1
    [446] => 1
    [447] => 1
    [448] => 1
    [449] => 1
    [450] => 3
    [451] => 3
    [452] => 1
    [453] => 2
    [454] => 1
    [455] => 3
    [456] => 1
    [457] => 3
    [458] => 1
    [459] => 1
    [460] => 1
    [461] => 1
    [462] => 1
    [463] => 3
    [464] => 1
    [465] => 1
    [466] => 1
    [467] => 1
    [468] => 1
    [469] => 1
    [470] => 1
    [471] => 1
    [472] => 1
    [473] => 2
    [474] => 3
    [475] => 1
    [476] => 1
    [477] => 1
    [478] => 1
    [479] => 1
    [480] => 1
    [481] => 1
    [482] => 1
    [483] => 1
    [484] => 1
    [485] => 1
    [486] => 1
    [487] => 3
    [488] => 1
    [489] => 1
    [490] => 1
    [491] => 1
    [492] => 1
    [493] => 1
    [494] => 1
    [495] => 1
    [496] => 1
    [497] => 2
    [498] => 1
    [499] => 1
    [500] => 1
    [501] => 1
    [502] => 1
    [503] => 1
    [504] => 4
    [505] => 1
    [506] => 1
    [507] => 1
    [508] => 1
    [509] => 2
    [510] => 1
    [511] => 1
    [512] => 1
    [513] => 1
    [514] => 1
    [515] => 1
    [516] => 1
    [517] => 1
    [518] => 2
    [519] => 1
    [520] => 1
    [521] => 1
    [522] => 1
    [523] => 1
    [524] => 1
    [525] => 1
    [526] => 1
    [527] => 1
    [528] => 1
    [529] => 1
    [530] => 1
    [531] => 1
    [532] => 1
    [533] => 2
    [534] => 1
    [535] => 1
    [536] => 1
    [537] => 1
    [538] => 1
    [539] => 1
    [540] => 1
    [541] => 1
    [542] => 2
    [543] => 1
    [544] => 1
    [545] => 4
    [546] => 2
    [547] => 1
    [548] => 1
    [549] => 1
    [550] => 1
    [551] => 1
    [552] => 1
    [553] => 5
    [554] => 1
    [555] => 1
    [556] => 1
    [557] => 1
    [558] => 1
    [559] => 1
    [560] => 1
    [561] => 1
    [562] => 2
    [563] => 1
    [564] => 1
    [565] => 1
    [566] => 1
    [567] => 1
    [568] => 1
    [569] => 1
    [570] => 1
    [571] => 1
    [572] => 1
    [573] => 1
    [574] => 1
    [575] => 1
    [576] => 1
    [577] => 1
    [578] => 1
    [579] => 1
    [580] => 1
    [581] => 1
    [582] => 1
    [583] => 1
    [584] => 1
    [585] => 5
    [586] => 1
    [587] => 1
    [588] => 1
    [589] => 3
    [590] => 1
    [591] => 1
    [592] => 1
    [593] => 1
    [594] => 1
    [595] => 1
    [596] => 2
    [597] => 6
    [598] => 3
    [599] => 1
    [600] => 1
    [601] => 1
    [602] => 1
    [603] => 1
    [604] => 1
    [605] => 1
    [606] => 1
    [607] => 1
    [608] => 1
    [609] => 2
    [610] => 1
    [611] => 1
    [612] => 1
    [613] => 1
    [614] => 1
    [615] => 1
    [616] => 1
    [617] => 1
    [618] => 1
    [619] => 1
    [620] => 1
    [621] => 1
    [622] => 1
    [623] => 1
    [624] => 1
    [625] => 1
    [626] => 1
    [627] => 1
    [628] => 2
    [629] => 2
    [630] => 2
    [631] => 1
    [632] => 1
    [633] => 1
    [634] => 5
    [635] => 2
    [636] => 1
    [637] => 1
    [638] => 1
    [639] => 1
    [640] => 1
    [641] => 1
    [642] => 1
    [643] => 3
    [644] => 1
    [645] => 1
    [646] => 1
    [647] => 8
    [648] => 2
    [649] => 1
    [650] => 1
    [651] => 1
    [652] => 1
    [653] => 1
    [654] => 7
    [655] => 2
    [656] => 1
    [657] => 1
    [658] => 1
    [659] => 1
    [660] => 1
    [661] => 1
    [662] => 1
    [663] => 1
    [664] => 1
    [665] => 1
    [666] => 1
    [667] => 1
    [668] => 2
    [669] => 1
    [670] => 1
    [671] => 1
    [672] => 1
    [673] => 2
    [674] => 1
    [675] => 1
    [676] => 1
    [677] => 1
    [678] => 1
    [679] => 1
    [680] => 1
    [681] => 1
    [682] => 1
    [683] => 1
    [684] => 1
    [685] => 1
    [686] => 2
    [687] => 1
    [688] => 1
    [689] => 1
    [690] => 1
    [691] => 1
    [692] => 1
    [693] => 1
    [694] => 1
    [695] => 1
    [696] => 1
    [697] => 1
    [698] => 9
    [699] => 3
    [700] => 2
    [701] => 1
    [702] => 1
    [703] => 1
    [704] => 1
    [705] => 1
    [706] => 1
    [707] => 1
    [708] => 1
    [709] => 1
    [710] => 1
    [711] => 1
    [712] => 1
    [713] => 3
    [714] => 1
    [715] => 5
    [716] => 5
    [717] => 4
    [718] => 1
    [719] => 2
    [720] => 2
    [721] => 1
    [722] => 1
    [723] => 1
    [724] => 1
    [725] => 1
    [726] => 1
    [727] => 2
    [728] => 2
    [729] => 1
    [730] => 7
    [731] => 2
    [732] => 1
    [733] => 1
    [734] => 1
    [735] => 3
    [736] => 1
    [737] => 1
    [738] => 1
    [739] => 1
    [740] => 1
    [741] => 1
    [742] => 1
    [743] => 1
    [744] => 2
    [745] => 1
    [746] => 1
    [747] => 1
    [748] => 1
    [749] => 2
    [750] => 1
    [751] => 1
    [752] => 1
    [753] => 1
    [754] => 1
    [755] => 1
    [756] => 1
    [757] => 1
    [758] => 1
    [759] => 1
    [760] => 1
    [761] => 2
    [762] => 2
    [763] => 1
    [764] => 1
    [765] => 2
    [766] => 1
    [767] => 1
    [768] => 3
    [769] => 1
    [770] => 1
    [771] => 1
    [772] => 1
    [773] => 1
    [774] => 1
    [775] => 1
    [776] => 1
    [777] => 1
    [778] => 1
    [779] => 1
    [780] => 1
    [781] => 1
    [782] => 1
    [783] => 1
    [784] => 1
    [785] => 1
    [786] => 6
    [787] => 7
    [788] => 2
    [789] => 1
    [790] => 1
    [791] => 1
    [792] => 1
    [793] => 1
    [794] => 1
    [795] => 1
    [796] => 1
    [797] => 1
    [798] => 2
    [799] => 1
    [800] => 1
    [801] => 2
    [802] => 1
    [803] => 1
    [804] => 1
    [805] => 1
    [806] => 1
    [807] => 5
    [808] => 4
    [809] => 1
    [810] => 1
    [811] => 1
    [812] => 1
    [813] => 1
    [814] => 10
    [815] => 7
    [816] => 1
    [817] => 1
    [818] => 4
    [819] => 1
    [820] => 2
    [821] => 1
    [822] => 1
    [823] => 1
    [824] => 2
    [825] => 2
    [826] => 1
    [827] => 1
    [828] => 3
    [829] => 1
    [830] => 2
    [831] => 2
    [832] => 2
    [833] => 2
    [834] => 2
    [835] => 1
    [836] => 1
    [837] => 1
    [838] => 10
    [839] => 9
    [840] => 2
    [841] => 2
    [842] => 1
    [843] => 1
    [844] => 2
    [845] => 1
    [846] => 1
    [847] => 2
    [848] => 1
    [849] => 1
    [850] => 2
    [851] => 1
    [852] => 1
    [853] => 4
    [854] => 4
    [855] => 1
    [856] => 1
    [857] => 1
    [858] => 3
    [859] => 1
    [860] => 1
    [861] => 3
    [862] => 1
    [863] => 1
    [864] => 1
    [865] => 1
    [866] => 1
    [867] => 1
    [868] => 7
    [869] => 1
    [870] => 1
    [871] => 1
    [872] => 1
    [873] => 2
    [874] => 1
    [875] => 7
    [876] => 1
    [877] => 1
    [878] => 1
    [879] => 1
    [880] => 1
    [881] => 1
    [882] => 1
    [883] => 1
    [884] => 1
    [885] => 1
    [886] => 1
    [887] => 1
    [888] => 10
    [889] => 3
    [890] => 1
    [891] => 2
    [892] => 1
    [893] => 1
    [894] => 2
    [895] => 1
    [896] => 1
    [897] => 1
    [898] => 1
    [899] => 1
    [900] => 1
    [901] => 1
    [902] => 1
    [903] => 1
    [904] => 1
    [905] => 1
    [906] => 1
    [907] => 4
    [908] => 1
    [909] => 5
    [910] => 1
    [911] => 1
    [912] => 1
    [913] => 1
    [914] => 1
    [915] => 3
    [916] => 3
    [917] => 1
    [918] => 2
    [919] => 1
    [920] => 1
    [921] => 1
    [922] => 2
    [923] => 1
    [924] => 1
    [925] => 1
    [926] => 1
    [927] => 1
    [928] => 2
    [929] => 1
    [930] => 2
    [931] => 1
    [932] => 1
    [933] => 3
    [934] => 1
    [935] => 1
    [936] => 1
    [937] => 2
    [938] => 1
    [939] => 1
    [940] => 1
    [941] => 1
    [942] => 1
    [943] => 1
    [944] => 2
    [945] => 1
    [946] => 3
    [947] => 1
    [948] => 1
    [949] => 1
    [950] => 1
    [951] => 1
    [952] => 1
    [953] => 2
    [954] => 1
    [955] => 27
    [956] => 11
    [957] => 4
    [958] => 1
    [959] => 2
    [960] => 3
    [961] => 1
    [962] => 5
    [963] => 3
    [964] => 2
    [965] => 1
    [966] => 1
    [967] => 1
    [968] => 1
    [969] => 1
    [970] => 1
    [971] => 1
    [972] => 1
    [973] => 1
    [974] => 1
    [975] => 1
    [976] => 1
    [977] => 1
    [978] => 1
    [979] => 1
    [980] => 1
    [981] => 1
    [982] => 1
    [983] => 1
    [984] => 3
    [985] => 3
    [986] => 1
    [987] => 1
    [988] => 1
    [989] => 1
    [990] => 1
    [991] => 1
    [992] => 14
    [993] => 16
    [994] => 7
    [995] => 1
    [996] => 3
    [997] => 1
    [998] => 1
    [999] => 3
    [1000] => 1
    [1001] => 1
    [1002] => 2
    [1003] => 1
    [1004] => 2
    [1005] => 1
    [1006] => 2
    [1007] => 3
    [1008] => 3
    [1009] => 1
    [1010] => 1
    [1011] => 1
    [1012] => 4
    [1013] => 1
    [1014] => 1
    [1015] => 2
    [1016] => 1
    [1017] => 1
    [1018] => 1
    [1019] => 1
    [1020] => 24
    [1021] => 23
    [1022] => 12
    [1023] => 2
    [1024] => 6
    [1025] => 3
    [1026] => 2
    [1027] => 2
    [1028] => 8
    [1029] => 1
    [1030] => 7
    [1031] => 4
    [1032] => 1
    [1033] => 3
    [1034] => 1
    [1035] => 3
    [1036] => 5
    [1037] => 4
    [1038] => 3
    [1039] => 3
    [1040] => 2
    [1041] => 7
    [1042] => 2
    [1043] => 2
    [1044] => 1
    [1045] => 2
    [1046] => 1
    [1047] => 5
    [1048] => 1
    [1049] => 2
    [1050] => 2
    [1051] => 1
    [1052] => 1
    [1053] => 1
    [1054] => 1
    [1055] => 1
    [1056] => 255
    [1057] => 237
    [1058] => 165
    [1059] => 34
    [1060] => 68
    [1061] => 113
    [1062] => 18
    [1063] => 10
    [1064] => 111
    [1065] => 33
    [1066] => 86
    [1067] => 28
    [1068] => 9
    [1069] => 55
    [1070] => 16
    [1071] => 40
    [1072] => 47
    [1073] => 48
    [1074] => 22
    [1075] => 23
    [1076] => 30
    [1077] => 48
    [1078] => 14
    [1079] => 16
    [1080] => 10
    [1081] => 21
    [1082] => 14
    [1083] => 18
    [1084] => 9
    [1085] => 29
    [1086] => 26
    [1087] => 6
    [1088] => 2
    [1089] => 6
    [1090] => 5
    [1091] => 7
    [1092] => 5
    [1093] => 6
    [1094] => 4
    [1095] => 1
    [1096] => 2
    [1097] => 2
    [1098] => 3
    [1099] => 1
    [1100] => 1
    [1101] => 19
    [1102] => 26
    [1103] => 12
    [1104] => 5
    [1105] => 4
    [1106] => 13
    [1107] => 2
    [1108] => 2
    [1109] => 8
    [1110] => 3
    [1111] => 6
    [1112] => 2
    [1113] => 1
    [1114] => 6
    [1115] => 1
    [1116] => 2
    [1117] => 4
    [1118] => 5
    [1119] => 2
    [1120] => 3
    [1121] => 5
    [1122] => 4
    [1123] => 2
    [1124] => 1
    [1125] => 1
    [1126] => 2
    [1127] => 1
    [1128] => 1
    [1129] => 10
    [1130] => 1
    [1131] => 3
    [1132] => 1
    [1133] => 1
    [1134] => 1
    [1135] => 1
    [1136] => 28
    [1137] => 20
    [1138] => 9
    [1139] => 3
    [1140] => 7
    [1141] => 8
    [1142] => 2
    [1143] => 2
    [1144] => 5
    [1145] => 3
    [1146] => 10
    [1147] => 8
    [1148] => 1
    [1149] => 4
    [1150] => 3
    [1151] => 3
    [1152] => 3
    [1153] => 1
    [1154] => 1
    [1155] => 7
    [1156] => 2
    [1157] => 1
    [1158] => 2
    [1159] => 1
    [1160] => 1
    [1161] => 1
    [1162] => 3
    [1163] => 1
    [1164] => 1
    [1165] => 1
    [1166] => 1
    [1167] => 1
    [1168] => 198
    [1169] => 198
    [1170] => 167
    [1171] => 41
    [1172] => 54
    [1173] => 107
    [1174] => 17
    [1175] => 8
    [1176] => 101
    [1177] => 29
    [1178] => 71
    [1179] => 20
    [1180] => 4
    [1181] => 52
    [1182] => 14
    [1183] => 35
    [1184] => 51
    [1185] => 29
    [1186] => 18
    [1187] => 22
    [1188] => 45
    [1189] => 30
    [1190] => 14
    [1191] => 9
    [1192] => 12
    [1193] => 21
    [1194] => 12
    [1195] => 18
    [1196] => 6
    [1197] => 37
    [1198] => 16
    [1199] => 11
    [1200] => 8
    [1201] => 7
    [1202] => 12
    [1203] => 5
    [1204] => 4
    [1205] => 2
    [1206] => 1
    [1207] => 1
    [1208] => 1
    [1209] => 2
    [1210] => 3
    [1211] => 1
    [1212] => 1
    [1213] => 1
    [1214] => 1
    [1215] => 1
    [1216] => 1
    [1217] => 1
    [1218] => 24
    [1219] => 43
    [1220] => 37
    [1221] => 5
    [1222] => 12
    [1223] => 25
    [1224] => 5
    [1225] => 2
    [1226] => 25
    [1227] => 3
    [1228] => 19
    [1229] => 7
    [1230] => 2
    [1231] => 14
    [1232] => 3
    [1233] => 4
    [1234] => 6
    [1235] => 2
    [1236] => 5
    [1237] => 1
    [1238] => 8
    [1239] => 3
    [1240] => 5
    [1241] => 1
    [1242] => 2
    [1243] => 3
    [1244] => 1
    [1245] => 5
    [1246] => 2
    [1247] => 6
    [1248] => 1
    [1249] => 3
    [1250] => 3
    [1251] => 1
    [1252] => 1
    [1253] => 1
    [1254] => 7
    [1255] => 8
    [1256] => 2
    [1257] => 3
    [1258] => 2
    [1259] => 1
    [1260] => 5
    [1261] => 2
    [1262] => 1
    [1263] => 3
    [1264] => 1
    [1265] => 2
    [1266] => 2
    [1267] => 1
    [1268] => 1
    [1269] => 1
    [1270] => 3
    [1271] => 1
    [1272] => 1
    [1273] => 2
    [1274] => 2
    [1275] => 1
    [1276] => 1
    [1277] => 50
    [1278] => 35
    [1279] => 28
    [1280] => 5
    [1281] => 7
    [1282] => 20
    [1283] => 1
    [1284] => 2
    [1285] => 11
    [1286] => 5
    [1287] => 8
    [1288] => 3
    [1289] => 2
    [1290] => 5
    [1291] => 2
    [1292] => 8
    [1293] => 9
    [1294] => 6
    [1295] => 5
    [1296] => 5
    [1297] => 4
    [1298] => 2
    [1299] => 1
    [1300] => 3
    [1301] => 2
    [1302] => 3
    [1303] => 1
    [1304] => 1
    [1305] => 5
    [1306] => 2
    [1307] => 2
    [1308] => 3
    [1309] => 1
    [1310] => 1
    [1311] => 1
    [1312] => 1
    [1313] => 5
    [1314] => 3
    [1315] => 3
    [1316] => 2
    [1317] => 2
    [1318] => 4
    [1319] => 1
    [1320] => 1
    [1321] => 2
    [1322] => 1
    [1323] => 1
    [1324] => 1
    [1325] => 1
    [1326] => 1
    [1327] => 1
    [1328] => 2
    [1329] => 1
    [1330] => 1
    [1331] => 1
    [1332] => 1
    [1333] => 1
    [1334] => 44
    [1335] => 31
    [1336] => 22
    [1337] => 3
    [1338] => 12
    [1339] => 12
    [1340] => 1
    [1341] => 14
    [1342] => 7
    [1343] => 2
    [1344] => 4
    [1345] => 3
    [1346] => 4
    [1347] => 4
    [1348] => 4
    [1349] => 3
    [1350] => 4
    [1351] => 3
    [1352] => 5
    [1353] => 1
    [1354] => 1
    [1355] => 3
    [1356] => 2
    [1357] => 3
    [1358] => 1
    [1359] => 3
    [1360] => 2
    [1361] => 1
    [1362] => 2
    [1363] => 1
    [1364] => 2
    [1365] => 2
    [1366] => 1
    [1367] => 1
    [1368] => 1
    [1369] => 100
    [1370] => 68
    [1371] => 48
    [1372] => 13
    [1373] => 23
    [1374] => 23
    [1375] => 10
    [1376] => 8
    [1377] => 27
    [1378] => 9
    [1379] => 20
    [1380] => 5
    [1381] => 3
    [1382] => 12
    [1383] => 6
    [1384] => 13
    [1385] => 14
    [1386] => 7
    [1387] => 9
    [1388] => 13
    [1389] => 10
    [1390] => 15
    [1391] => 2
    [1392] => 6
    [1393] => 4
    [1394] => 6
    [1395] => 2
    [1396] => 8
    [1397] => 1
    [1398] => 8
    [1399] => 6
    [1400] => 7
    [1401] => 6
    [1402] => 4
    [1403] => 4
    [1404] => 1
    [1405] => 1
    [1406] => 1
    [1407] => 1
    [1408] => 1
    [1409] => 1
    [1410] => 16
    [1411] => 3
    [1412] => 12
    [1413] => 2
    [1414] => 4
    [1415] => 5
    [1416] => 1
    [1417] => 2
    [1418] => 4
    [1419] => 2
    [1420] => 7
    [1421] => 1
    [1422] => 2
    [1423] => 4
    [1424] => 3
    [1425] => 3
    [1426] => 1
    [1427] => 2
    [1428] => 2
    [1429] => 3
    [1430] => 2
    [1431] => 1
    [1432] => 1
    [1433] => 1
    [1434] => 2
    [1435] => 1
    [1436] => 1
    [1437] => 1
    [1438] => 1
    [1439] => 156
    [1440] => 68
    [1441] => 30
    [1442] => 10
    [1443] => 17
    [1444] => 19
    [1445] => 5
    [1446] => 1
    [1447] => 19
    [1448] => 3
    [1449] => 10
    [1450] => 2
    [1451] => 1
    [1452] => 9
    [1453] => 3
    [1454] => 4
    [1455] => 7
    [1456] => 4
    [1457] => 1
    [1458] => 3
    [1459] => 1
    [1460] => 3
    [1461] => 2
    [1462] => 2
    [1463] => 2
    [1464] => 4
    [1465] => 2
    [1466] => 1
    [1467] => 2
    [1468] => 1
    [1469] => 1
    [1470] => 121
    [1471] => 104
    [1472] => 72
    [1473] => 15
    [1474] => 24
    [1475] => 42
    [1476] => 10
    [1477] => 10
    [1478] => 39
    [1479] => 5
    [1480] => 30
    [1481] => 10
    [1482] => 1
    [1483] => 26
    [1484] => 2
    [1485] => 17
    [1486] => 22
    [1487] => 22
    [1488] => 9
    [1489] => 17
    [1490] => 15
    [1491] => 14
    [1492] => 5
    [1493] => 9
    [1494] => 5
    [1495] => 4
    [1496] => 6
    [1497] => 7
    [1498] => 5
    [1499] => 13
    [1500] => 7
    [1501] => 2
    [1502] => 5
    [1503] => 7
    [1504] => 3
    [1505] => 1
    [1506] => 3
    [1507] => 2
    [1508] => 1
    [1509] => 1
    [1510] => 163
    [1511] => 87
    [1512] => 50
    [1513] => 12
    [1514] => 16
    [1515] => 27
    [1516] => 9
    [1517] => 4
    [1518] => 32
    [1519] => 4
    [1520] => 20
    [1521] => 7
    [1522] => 3
    [1523] => 14
    [1524] => 1
    [1525] => 8
    [1526] => 6
    [1527] => 6
    [1528] => 4
    [1529] => 7
    [1530] => 8
    [1531] => 6
    [1532] => 3
    [1533] => 3
    [1534] => 2
    [1535] => 3
    [1536] => 4
    [1537] => 4
    [1538] => 2
    [1539] => 4
    [1540] => 2
    [1541] => 2
    [1542] => 2
    [1543] => 7
    [1544] => 1
    [1545] => 2
    [1546] => 3
    [1547] => 4
    [1548] => 1
    [1549] => 1
    [1550] => 1
    [1551] => 1
    [1552] => 1
    [1553] => 1
    [1554] => 1
    [1555] => 46
    [1556] => 57
    [1557] => 26
    [1558] => 5
    [1559] => 11
    [1560] => 12
    [1561] => 2
    [1562] => 3
    [1563] => 16
    [1564] => 18
    [1565] => 4
    [1566] => 1
    [1567] => 9
    [1568] => 2
    [1569] => 9
    [1570] => 8
    [1571] => 10
    [1572] => 8
    [1573] => 2
    [1574] => 5
    [1575] => 5
    [1576] => 3
    [1577] => 1
    [1578] => 5
    [1579] => 5
    [1580] => 1
    [1581] => 4
    [1582] => 2
    [1583] => 1
    [1584] => 1
    [1585] => 4
    [1586] => 1
    [1587] => 18
    [1588] => 16
    [1589] => 7
    [1590] => 3
    [1591] => 5
    [1592] => 6
    [1593] => 1
    [1594] => 14
    [1595] => 1
    [1596] => 6
    [1597] => 2
    [1598] => 10
    [1599] => 6
    [1600] => 9
    [1601] => 4
    [1602] => 4
    [1603] => 5
    [1604] => 9
    [1605] => 5
    [1606] => 1
    [1607] => 5
    [1608] => 4
    [1609] => 3
    [1610] => 1
    [1611] => 1
    [1612] => 1
    [1613] => 2
    [1614] => 1
    [1615] => 3
    [1616] => 5
    [1617] => 2
    [1618] => 1
    [1619] => 2
    [1620] => 2
    [1621] => 2
    [1622] => 1
    [1623] => 2
    [1624] => 2
    [1625] => 1
    [1626] => 1
    [1627] => 1
    [1628] => 1
    [1629] => 1
    [1630] => 1
    [1631] => 4
    [1632] => 2
    [1633] => 2
    [1634] => 1
    [1635] => 1
    [1636] => 1
    [1637] => 1
    [1638] => 1
    [1639] => 1
    [1640] => 1
    [1641] => 1
    [1642] => 1
    [1643] => 1
    [1644] => 21
    [1645] => 24
    [1646] => 11
    [1647] => 2
    [1648] => 10
    [1649] => 5
    [1650] => 1
    [1651] => 7
    [1652] => 2
    [1653] => 16
    [1654] => 3
    [1655] => 1
    [1656] => 2
    [1657] => 2
    [1658] => 4
    [1659] => 5
    [1660] => 4
    [1661] => 2
    [1662] => 4
    [1663] => 3
    [1664] => 4
    [1665] => 2
    [1666] => 1
    [1667] => 1
    [1668] => 1
    [1669] => 1
    [1670] => 2
    [1671] => 1
    [1672] => 3
    [1673] => 2
    [1674] => 1
    [1675] => 1
    [1676] => 1
    [1677] => 2
    [1678] => 1
    [1679] => 15
    [1680] => 10
    [1681] => 6
    [1682] => 1
    [1683] => 1
    [1684] => 3
    [1685] => 6
    [1686] => 1
    [1687] => 5
    [1688] => 1
    [1689] => 1
    [1690] => 2
    [1691] => 1
    [1692] => 1
    [1693] => 1
    [1694] => 1
    [1695] => 2
    [1696] => 1
    [1697] => 1
    [1698] => 2
    [1699] => 1
    [1700] => 1
    [1701] => 2
    [1702] => 1
    [1703] => 1
    [1704] => 1
    [1705] => 1
    [1706] => 15
    [1707] => 10
    [1708] => 9
    [1709] => 3
    [1710] => 5
    [1711] => 9
    [1712] => 6
    [1713] => 3
    [1714] => 1
    [1715] => 1
    [1716] => 2
    [1717] => 2
    [1718] => 3
    [1719] => 4
    [1720] => 2
    [1721] => 1
    [1722] => 1
    [1723] => 1
    [1724] => 2
    [1725] => 1
    [1726] => 1
    [1727] => 2
    [1728] => 2
    [1729] => 2
    [1730] => 1
    [1731] => 2
    [1732] => 1
    [1733] => 1
    [1734] => 1
    [1735] => 1
    [1736] => 1
    [1737] => 8
    [1738] => 1
    [1739] => 1
    [1740] => 1
    [1741] => 1
    [1742] => 5
    [1743] => 2
    [1744] => 1
    [1745] => 1
    [1746] => 1
    [1747] => 2
    [1748] => 1
    [1749] => 2
    [1750] => 1
    [1751] => 1
    [1752] => 1
    [1753] => 1
    [1754] => 1
    [1755] => 2
    [1756] => 11
    [1757] => 10
    [1758] => 5
    [1759] => 2
    [1760] => 2
    [1761] => 6
    [1762] => 5
    [1763] => 2
    [1764] => 3
    [1765] => 3
    [1766] => 1
    [1767] => 5
    [1768] => 2
    [1769] => 1
    [1770] => 1
    [1771] => 1
    [1772] => 1
    [1773] => 1
    [1774] => 2
    [1775] => 1
    [1776] => 3
    [1777] => 1
    [1778] => 1
    [1779] => 2
    [1780] => 1
    [1781] => 1
    [1782] => 1
    [1783] => 1
    [1784] => 9
    [1785] => 14
    [1786] => 5
    [1787] => 6
    [1788] => 2
    [1789] => 3
    [1790] => 7
    [1791] => 5
    [1792] => 3
    [1793] => 1
    [1794] => 2
    [1795] => 1
    [1796] => 7
    [1797] => 4
    [1798] => 3
    [1799] => 1
    [1800] => 5
    [1801] => 5
    [1802] => 2
    [1803] => 2
    [1804] => 1
    [1805] => 2
    [1806] => 6
    [1807] => 2
    [1808] => 1
    [1809] => 1
    [1810] => 1
    [1811] => 1
    [1812] => 1
    [1813] => 1
    [1814] => 3
    [1815] => 7
    [1816] => 5
    [1817] => 1
    [1818] => 2
    [1819] => 1
    [1820] => 1
    [1821] => 1
    [1822] => 3
    [1823] => 2
    [1824] => 1
    [1825] => 1
    [1826] => 1
    [1827] => 1
    [1828] => 1
    [1829] => 2
    [1830] => 2
    [1831] => 11
    [1832] => 10
    [1833] => 5
    [1834] => 2
    [1835] => 3
    [1836] => 2
    [1837] => 1
    [1838] => 1
    [1839] => 6
    [1840] => 1
    [1841] => 2
    [1842] => 1
    [1843] => 1
    [1844] => 2
    [1845] => 1
    [1846] => 1
    [1847] => 1
    [1848] => 1
    [1849] => 2
    [1850] => 2
    [1851] => 1
    [1852] => 2
    [1853] => 1
    [1854] => 1
    [1855] => 1
    [1856] => 1
    [1857] => 1
    [1858] => 2
    [1859] => 1
    [1860] => 1
    [1861] => 1
    [1862] => 2
    [1863] => 1
    [1864] => 1
    [1865] => 1
    [1866] => 18
    [1867] => 13
    [1868] => 7
    [1869] => 2
    [1870] => 6
    [1871] => 7
    [1872] => 2
    [1873] => 1
    [1874] => 11
    [1875] => 6
    [1876] => 5
    [1877] => 2
    [1878] => 6
    [1879] => 4
    [1880] => 3
    [1881] => 3
    [1882] => 3
    [1883] => 2
    [1884] => 5
    [1885] => 2
    [1886] => 3
    [1887] => 2
    [1888] => 1
    [1889] => 1
    [1890] => 3
    [1891] => 1
    [1892] => 3
    [1893] => 1
    [1894] => 3
    [1895] => 2
    [1896] => 1
    [1897] => 1
    [1898] => 1
    [1899] => 1
    [1900] => 9
    [1901] => 8
    [1902] => 10
    [1903] => 2
    [1904] => 3
    [1905] => 5
    [1906] => 2
    [1907] => 1
    [1908] => 4
    [1909] => 2
    [1910] => 7
    [1911] => 1
    [1912] => 3
    [1913] => 3
    [1914] => 3
    [1915] => 1
    [1916] => 3
    [1917] => 2
    [1918] => 1
    [1919] => 1
    [1920] => 4
    [1921] => 1
    [1922] => 1
    [1923] => 1
    [1924] => 1
    [1925] => 344
    [1926] => 298
    [1927] => 267
    [1928] => 58
    [1929] => 67
    [1930] => 150
    [1931] => 33
    [1932] => 15
    [1933] => 137
    [1934] => 27
    [1935] => 138
    [1936] => 32
    [1937] => 7
    [1938] => 77
    [1939] => 20
    [1940] => 52
    [1941] => 59
    [1942] => 48
    [1943] => 40
    [1944] => 33
    [1945] => 41
    [1946] => 31
    [1947] => 26
    [1948] => 11
    [1949] => 15
    [1950] => 22
    [1951] => 13
    [1952] => 33
    [1953] => 7
    [1954] => 16
    [1955] => 17
    [1956] => 13
    [1957] => 18
    [1958] => 15
    [1959] => 16
    [1960] => 12
    [1961] => 9
    [1962] => 4
    [1963] => 5
    [1964] => 1
    [1965] => 3
    [1966] => 4
    [1967] => 2
    [1968] => 3
    [1969] => 1
    [1970] => 1
    [1971] => 1
    [1972] => 2
    [1973] => 2
    [1974] => 1
    [1975] => 1
    [1976] => 1
    [1977] => 1
    [1978] => 1
    [1979] => 1
    [1980] => 1
    [1981] => 35
    [1982] => 40
    [1983] => 40
    [1984] => 10
    [1985] => 11
    [1986] => 17
    [1987] => 1
    [1988] => 19
    [1989] => 2
    [1990] => 21
    [1991] => 1
    [1992] => 10
    [1993] => 2
    [1994] => 6
    [1995] => 6
    [1996] => 7
    [1997] => 4
    [1998] => 4
    [1999] => 8
    [2000] => 2
    [2001] => 2
    [2002] => 3
    [2003] => 1
    [2004] => 5
    [2005] => 1
    [2006] => 4
    [2007] => 2
    [2008] => 4
    [2009] => 4
    [2010] => 2
    [2011] => 1
    [2012] => 2
    [2013] => 1
    [2014] => 6
    [2015] => 4
    [2016] => 4
    [2017] => 2
    [2018] => 3
    [2019] => 7
    [2020] => 1
    [2021] => 5
    [2022] => 2
    [2023] => 2
    [2024] => 2
    [2025] => 1
    [2026] => 1
    [2027] => 1
    [2028] => 1
    [2029] => 1
    [2030] => 1
    [2031] => 1
    [2032] => 75
    [2033] => 63
    [2034] => 59
    [2035] => 7
    [2036] => 28
    [2037] => 27
    [2038] => 6
    [2039] => 5
    [2040] => 39
    [2041] => 9
    [2042] => 17
    [2043] => 10
    [2044] => 1
    [2045] => 16
    [2046] => 3
    [2047] => 16
    [2048] => 10
    [2049] => 10
    [2050] => 15
    [2051] => 16
    [2052] => 11
    [2053] => 8
    [2054] => 5
    [2055] => 6
    [2056] => 4
    [2057] => 5
    [2058] => 6
    [2059] => 9
    [2060] => 3
    [2061] => 4
    [2062] => 2
    [2063] => 2
    [2064] => 3
    [2065] => 6
    [2066] => 3
    [2067] => 5
    [2068] => 2
    [2069] => 1
    [2070] => 2
)
