==========Begin===============
==============SumRegTrans=============
Array
(
    [501_60006] => Array
        (
            [4] => 2
        )

    [501_60023] => Array
        (
            [1] => 14
        )

    [502_60006] => Array
        (
            [1] => 15
        )

    [502_60023] => Array
        (
            [5] => 392
        )

    [901_60003] => Array
        (
            [1] => 2
        )

    [901_60006] => Array
        (
            [1] => 11
        )

    [901_60008] => Array
        (
            [5] => 1
        )

    [901_60009] => Array
        (
            [4] => 3
        )

    [901_60019] => Array
        (
            [1] => 1
        )

    [901_60023] => Array
        (
            [1] => 1
        )

    [901_60043] => Array
        (
            [4] => 1
        )

    [901_60052] => Array
        (
            [1] => 1
        )

    [901_61004] => Array
        (
            [1] => 2
        )

    [901_61005] => Array
        (
            [5] => 1
        )

    [901_61006] => Array
        (
            [4] => 3
        )

    [901_61010] => Array
        (
            [1] => 2
        )

    [902_60003] => Array
        (
            [4] => 2
        )

    [902_60006] => Array
        (
            [1] => 17
        )

    [902_60007] => Array
        (
            [3] => 1
        )

    [902_60008] => Array
        (
            [2] => 2
        )

    [902_60009] => Array
        (
            [2] => 6
        )

    [902_60011] => Array
        (
            [4] => 1
        )

    [902_60016] => Array
        (
            [1] => 1
        )

    [902_60017] => Array
        (
            [5] => 1
        )

    [902_60019] => Array
        (
            [2] => 2
        )

    [902_60020] => Array
        (
            [4] => 6
        )

    [902_60021] => Array
        (
            [5] => 1
        )

    [902_60023] => Array
        (
            [1] => 4
        )

    [902_60027] => Array
        (
            [1] => 2
        )

    [902_60028] => Array
        (
            [4] => 1
        )

    [902_60033] => Array
        (
            [4] => 1
        )

    [902_60044] => Array
        (
            [3] => 2
        )

    [902_60052] => Array
        (
            [1] => 2
        )

    [902_61006] => Array
        (
            [1] => 6
        )

    [902_61010] => Array
        (
            [1] => 2
        )

    [903_60003] => Array
        (
            [4] => 1
        )

    [903_60006] => Array
        (
            [3] => 4
        )

    [903_60007] => Array
        (
            [1] => 2
        )

    [903_60009] => Array
        (
            [1] => 2
        )

    [903_60011] => Array
        (
            [4] => 1
        )

    [903_60020] => Array
        (
            [4] => 2
        )

    [903_60021] => Array
        (
            [3] => 1
        )

    [903_60028] => Array
        (
            [1] => 1
        )

    [903_60033] => Array
        (
            [3] => 2
        )

    [903_61006] => Array
        (
            [2] => 6
        )

    [903_61010] => Array
        (
            [5] => 2
        )

    [904_60003] => Array
        (
            [4] => 1
        )

    [904_60006] => Array
        (
            [5] => 6
        )

    [904_60009] => Array
        (
            [2] => 1
        )

    [904_60020] => Array
        (
            [2] => 2
        )

    [904_60021] => Array
        (
            [2] => 1
        )

    [904_61006] => Array
        (
            [1] => 2
        )

    [905_60003] => Array
        (
            [2] => 1
        )

    [905_60006] => Array
        (
            [1] => 2
        )

    [905_60009] => Array
        (
            [4] => 1
        )

    [905_60020] => Array
        (
            [1] => 1
        )

    [905_60021] => Array
        (
            [4] => 1
        )

    [905_61010] => Array
        (
            [3] => 1
        )

    [906_60002] => Array
        (
            [5] => 1
        )

    [906_60008] => Array
        (
            [1] => 1
        )

    [906_60011] => Array
        (
            [5] => 1
        )

    [906_60014] => Array
        (
            [4] => 2
        )

    [906_60020] => Array
        (
            [2] => 1
        )

    [907_60006] => Array
        (
            [4] => 1
        )

    [907_60008] => Array
        (
            [5] => 1
        )

    [907_60011] => Array
        (
            [2] => 1
        )

    [907_61010] => Array
        (
            [4] => 1
        )

    [908_60003] => Array
        (
            [5] => 1
        )

    [908_60006] => Array
        (
            [1] => 2
        )

    [908_60011] => Array
        (
            [3] => 1
        )

    [909_60006] => Array
        (
            [1] => 1
        )

    [909_60007] => Array
        (
            [4] => 1
        )

    [909_60009] => Array
        (
            [1] => 1
        )

    [909_60011] => Array
        (
            [3] => 3
        )

    [909_60044] => Array
        (
            [5] => 2
        )

    [909_61006] => Array
        (
            [5] => 2
        )

    [910_60006] => Array
        (
            [4] => 4
        )

    [910_60008] => Array
        (
            [5] => 1
        )

    [910_60011] => Array
        (
            [5] => 1
        )

    [910_60026] => Array
        (
            [3] => 2
        )

    [910_61005] => Array
        (
            [5] => 1
        )

    [911_60006] => Array
        (
            [4] => 2
        )

    [911_60016] => Array
        (
            [3] => 1
        )

    [911_61010] => Array
        (
            [3] => 1
        )

    [912_60006] => Array
        (
            [1] => 2
        )

    [912_61004] => Array
        (
            [5] => 1
        )

    [913_61006] => Array
        (
            [4] => 1
        )

    [914_60006] => Array
        (
            [5] => 2
        )

    [914_60008] => Array
        (
            [5] => 1
        )

    [915_60006] => Array
        (
            [1] => 1
        )

    [915_60027] => Array
        (
            [1] => 2
        )

    [917_60019] => Array
        (
            [3] => 1
        )

    [917_60030] => Array
        (
            [2] => 1
        )

    [918_60011] => Array
        (
            [5] => 1
        )

    [918_60014] => Array
        (
            [5] => 1
        )

    [918_61010] => Array
        (
            [5] => 1
        )

    [919_60002] => Array
        (
            [1] => 1
        )

    [919_60006] => Array
        (
            [5] => 1
        )

    [919_60011] => Array
        (
            [5] => 2
        )

    [919_60014] => Array
        (
            [1] => 1
        )

    [919_60016] => Array
        (
            [5] => 1
        )

    [920_60006] => Array
        (
            [1] => 3
        )

    [920_60008] => Array
        (
            [5] => 1
        )

    [920_61006] => Array
        (
            [5] => 1
        )

    [921_61010] => Array
        (
            [4] => 1
        )

    [922_60006] => Array
        (
            [3] => 4
        )

    [922_60009] => Array
        (
            [1] => 2
        )

    [922_60019] => Array
        (
            [5] => 1
        )

    [922_61004] => Array
        (
            [4] => 1
        )

    [922_61006] => Array
        (
            [1] => 1
        )

    [923_60016] => Array
        (
            [4] => 1
        )

    [924_60006] => Array
        (
            [5] => 1
        )

    [924_60009] => Array
        (
            [1] => 1
        )

    [925_60009] => Array
        (
            [4] => 1
        )

    [925_60011] => Array
        (
            [1] => 1
        )

    [925_60021] => Array
        (
            [3] => 1
        )

    [925_60026] => Array
        (
            [4] => 2
        )

    [925_60027] => Array
        (
            [1] => 1
        )

    [926_60006] => Array
        (
            [2] => 4
        )

    [926_60014] => Array
        (
            [4] => 1
        )

    [927_60006] => Array
        (
            [1] => 2
        )

    [928_60003] => Array
        (
            [5] => 1
        )

    [928_60006] => Array
        (
            [1] => 5
        )

    [928_60011] => Array
        (
            [4] => 1
        )

    [928_60027] => Array
        (
            [5] => 1
        )

    [928_61008] => Array
        (
            [3] => 1
        )

    [930_60002] => Array
        (
            [5] => 1
        )

    [930_60023] => Array
        (
            [1] => 2
        )

    [931_60006] => Array
        (
            [3] => 2
        )

    [931_60011] => Array
        (
            [2] => 1
        )

    [931_61010] => Array
        (
            [5] => 1
        )

    [932_60002] => Array
        (
            [1] => 1
        )

    [932_60006] => Array
        (
            [4] => 3
        )

    [932_61004] => Array
        (
            [4] => 1
        )

    [933_60006] => Array
        (
            [1] => 9
        )

    [933_60011] => Array
        (
            [4] => 1
        )

    [933_60014] => Array
        (
            [1] => 1
        )

    [933_60016] => Array
        (
            [3] => 2
        )

    [934_60006] => Array
        (
            [5] => 3
        )

    [934_60009] => Array
        (
            [5] => 2
        )

    [934_60011] => Array
        (
            [1] => 3
        )

    [935_60006] => Array
        (
            [1] => 2
        )

    [935_60009] => Array
        (
            [5] => 1
        )

    [935_61008] => Array
        (
            [2] => 2
        )

    [936_60006] => Array
        (
            [1] => 2
        )

    [936_60043] => Array
        (
            [1] => 1
        )

    [937_60006] => Array
        (
            [3] => 5
        )

    [937_60009] => Array
        (
            [5] => 5
        )

    [937_60011] => Array
        (
            [5] => 1
        )

    [937_60014] => Array
        (
            [1] => 1
        )

    [937_60016] => Array
        (
            [1] => 1
        )

    [938_60006] => Array
        (
            [1] => 2
        )

    [938_60009] => Array
        (
            [2] => 1
        )

    [939_60006] => Array
        (
            [2] => 2
        )

    [939_60008] => Array
        (
            [1] => 2
        )

    [939_60023] => Array
        (
            [4] => 2
        )

    [940_60006] => Array
        (
            [1] => 2
        )

    [940_60008] => Array
        (
            [4] => 3
        )

    [940_60011] => Array
        (
            [3] => 1
        )

    [940_60033] => Array
        (
            [2] => 1
        )

    [941_60006] => Array
        (
            [4] => 2
        )

    [941_60030] => Array
        (
            [1] => 1
        )

    [941_60044] => Array
        (
            [1] => 1
        )

    [941_61006] => Array
        (
            [1] => 1
        )

    [941_61010] => Array
        (
            [2] => 1
        )

    [942_60002] => Array
        (
            [5] => 1
        )

    [942_60006] => Array
        (
            [1] => 2
        )

    [943_60006] => Array
        (
            [5] => 1
        )

    [943_60007] => Array
        (
            [4] => 2
        )

    [943_61006] => Array
        (
            [1] => 1
        )

    [944_60002] => Array
        (
            [1] => 2
        )

    [945_60003] => Array
        (
            [1] => 2
        )

    [945_60011] => Array
        (
            [5] => 1
        )

    [945_60021] => Array
        (
            [5] => 1
        )

    [946_60020] => Array
        (
            [1] => 1
        )

    [947_60003] => Array
        (
            [4] => 2
        )

    [947_60008] => Array
        (
            [1] => 2
        )

    [947_60023] => Array
        (
            [2] => 1
        )

    [947_60044] => Array
        (
            [1] => 1
        )

    [947_61006] => Array
        (
            [5] => 4
        )

    [947_61008] => Array
        (
            [1] => 1
        )

    [948_60006] => Array
        (
            [3] => 2
        )

    [948_60008] => Array
        (
            [5] => 1
        )

    [948_60011] => Array
        (
            [5] => 1
        )

    [948_60016] => Array
        (
            [5] => 1
        )

    [948_60034] => Array
        (
            [5] => 1
        )

    [948_61006] => Array
        (
            [3] => 1
        )

    [949_60003] => Array
        (
            [5] => 1
        )

    [949_60006] => Array
        (
            [1] => 3
        )

    [949_60024] => Array
        (
            [4] => 1
        )

    [949_60027] => Array
        (
            [4] => 1
        )

    [950_60006] => Array
        (
            [5] => 6
        )

    [950_60019] => Array
        (
            [4] => 1
        )

    [951_60006] => Array
        (
            [5] => 3
        )

    [951_60011] => Array
        (
            [1] => 1
        )

    [951_60014] => Array
        (
            [1] => 1
        )

    [951_60019] => Array
        (
            [4] => 1
        )

    [951_60020] => Array
        (
            [3] => 1
        )

    [951_60046] => Array
        (
            [5] => 1
        )

    [952_60002] => Array
        (
            [5] => 2
        )

    [952_60003] => Array
        (
            [5] => 1
        )

    [952_60006] => Array
        (
            [4] => 5
        )

    [952_60011] => Array
        (
            [5] => 1
        )

    [952_60044] => Array
        (
            [4] => 1
        )

    [952_61006] => Array
        (
            [3] => 1
        )

    [952_61008] => Array
        (
            [3] => 1
        )

    [953_60006] => Array
        (
            [5] => 5
        )

    [953_60014] => Array
        (
            [1] => 1
        )

    [953_60019] => Array
        (
            [5] => 1
        )

    [953_61006] => Array
        (
            [2] => 1
        )

    [954_60006] => Array
        (
            [3] => 2
        )

    [954_60011] => Array
        (
            [1] => 1
        )

    [954_60027] => Array
        (
            [5] => 2
        )

    [954_61006] => Array
        (
            [5] => 1
        )

    [955_60002] => Array
        (
            [1] => 2
        )

    [955_60006] => Array
        (
            [5] => 1
        )

    [955_60009] => Array
        (
            [5] => 1
        )

    [955_60014] => Array
        (
            [1] => 1
        )

    [956_60002] => Array
        (
            [1] => 1
        )

    [956_60006] => Array
        (
            [5] => 2
        )

    [956_60009] => Array
        (
            [4] => 1
        )

    [956_60011] => Array
        (
            [1] => 1
        )

    [956_60019] => Array
        (
            [2] => 1
        )

    [956_60041] => Array
        (
            [5] => 1
        )

    [956_60052] => Array
        (
            [5] => 1
        )

    [956_61004] => Array
        (
            [5] => 1
        )

    [957_60006] => Array
        (
            [5] => 1
        )

    [957_60008] => Array
        (
            [4] => 1
        )

    [957_60014] => Array
        (
            [5] => 1
        )

    [957_60016] => Array
        (
            [4] => 1
        )

    [957_60019] => Array
        (
            [5] => 1
        )

    [957_60023] => Array
        (
            [4] => 1
        )

    [957_60036] => Array
        (
            [5] => 1
        )

    [957_61005] => Array
        (
            [5] => 1
        )

    [958_60006] => Array
        (
            [1] => 5
        )

    [958_60009] => Array
        (
            [5] => 1
        )

    [958_60011] => Array
        (
            [5] => 1
        )

    [958_60020] => Array
        (
            [5] => 1
        )

    [958_60023] => Array
        (
            [1] => 1
        )

    [958_60026] => Array
        (
            [1] => 2
        )

    [958_60034] => Array
        (
            [1] => 1
        )

    [958_60052] => Array
        (
            [5] => 1
        )

    [958_61004] => Array
        (
            [5] => 3
        )

    [958_61006] => Array
        (
            [3] => 2
        )

    [959_60006] => Array
        (
            [1] => 2
        )

    [959_60009] => Array
        (
            [1] => 1
        )

    [959_60017] => Array
        (
            [5] => 1
        )

    [959_60021] => Array
        (
            [4] => 1
        )

    [959_60028] => Array
        (
            [1] => 1
        )

    [959_61006] => Array
        (
            [4] => 1
        )

    [960_60015] => Array
        (
            [4] => 2
        )

    [960_60016] => Array
        (
            [5] => 1
        )

    [960_60023] => Array
        (
            [5] => 1
        )

    [960_60026] => Array
        (
            [3] => 1
        )

    [960_61005] => Array
        (
            [5] => 1
        )

    [960_61006] => Array
        (
            [2] => 1
        )

    [961_60003] => Array
        (
            [5] => 1
        )

    [961_60006] => Array
        (
            [2] => 3
        )

    [961_60008] => Array
        (
            [5] => 1
        )

    [961_60011] => Array
        (
            [5] => 1
        )

    [961_60019] => Array
        (
            [4] => 1
        )

    [961_60024] => Array
        (
            [5] => 2
        )

    [961_60026] => Array
        (
            [3] => 1
        )

    [961_61006] => Array
        (
            [3] => 3
        )

    [961_61010] => Array
        (
            [4] => 1
        )

    [962_60006] => Array
        (
            [1] => 2
        )

    [962_60009] => Array
        (
            [4] => 2
        )

    [962_60021] => Array
        (
            [4] => 1
        )

    [962_60027] => Array
        (
            [2] => 1
        )

    [962_60034] => Array
        (
            [2] => 1
        )

    [962_61010] => Array
        (
            [1] => 1
        )

    [963_60006] => Array
        (
            [4] => 1
        )

    [963_60011] => Array
        (
            [1] => 1
        )

    [963_60027] => Array
        (
            [1] => 2
        )

    [963_61010] => Array
        (
            [5] => 2
        )

    [964_60003] => Array
        (
            [4] => 1
        )

    [964_60006] => Array
        (
            [1] => 3
        )

    [964_60020] => Array
        (
            [4] => 2
        )

    [964_61006] => Array
        (
            [2] => 1
        )

    [964_61010] => Array
        (
            [4] => 2
        )

    [965_60006] => Array
        (
            [3] => 2
        )

    [965_60009] => Array
        (
            [1] => 1
        )

    [965_60014] => Array
        (
            [5] => 1
        )

    [965_60023] => Array
        (
            [5] => 2
        )

    [965_60024] => Array
        (
            [4] => 1
        )

    [965_61006] => Array
        (
            [4] => 3
        )

    [965_61010] => Array
        (
            [4] => 2
        )

    [966_60006] => Array
        (
            [5] => 6
        )

    [966_60007] => Array
        (
            [1] => 1
        )

    [966_60008] => Array
        (
            [5] => 1
        )

    [966_60023] => Array
        (
            [1] => 3
        )

    [966_60024] => Array
        (
            [1] => 1
        )

    [966_61004] => Array
        (
            [5] => 1
        )

    [966_61006] => Array
        (
            [4] => 1
        )

    [966_61009] => Array
        (
            [4] => 3
        )

    [966_61010] => Array
        (
            [4] => 1
        )

    [967_60006] => Array
        (
            [5] => 4
        )

    [967_60008] => Array
        (
            [1] => 1
        )

    [967_60009] => Array
        (
            [1] => 1
        )

    [967_60011] => Array
        (
            [5] => 1
        )

    [967_60019] => Array
        (
            [5] => 1
        )

    [967_60020] => Array
        (
            [2] => 1
        )

    [967_60026] => Array
        (
            [5] => 2
        )

    [967_61004] => Array
        (
            [4] => 2
        )

    [967_61006] => Array
        (
            [4] => 1
        )

    [968_60003] => Array
        (
            [5] => 1
        )

    [968_60006] => Array
        (
            [4] => 5
        )

    [968_60017] => Array
        (
            [1] => 1
        )

    [968_60019] => Array
        (
            [3] => 2
        )

    [968_61006] => Array
        (
            [1] => 2
        )

    [969_60003] => Array
        (
            [1] => 1
        )

    [969_60008] => Array
        (
            [5] => 1
        )

    [969_60009] => Array
        (
            [1] => 2
        )

    [969_60017] => Array
        (
            [4] => 1
        )

    [969_60023] => Array
        (
            [2] => 6
        )

    [969_61006] => Array
        (
            [3] => 2
        )

    [969_61010] => Array
        (
            [4] => 1
        )

    [970_60006] => Array
        (
            [5] => 3
        )

    [970_60009] => Array
        (
            [4] => 1
        )

    [970_60011] => Array
        (
            [1] => 1
        )

    [970_60020] => Array
        (
            [4] => 1
        )

    [970_60023] => Array
        (
            [5] => 1
        )

    [970_60024] => Array
        (
            [4] => 1
        )

    [970_60027] => Array
        (
            [1] => 1
        )

    [970_61004] => Array
        (
            [2] => 1
        )

    [971_60006] => Array
        (
            [3] => 3
        )

    [971_60008] => Array
        (
            [5] => 1
        )

    [971_60011] => Array
        (
            [1] => 1
        )

    [971_60014] => Array
        (
            [4] => 1
        )

    [971_60020] => Array
        (
            [5] => 1
        )

    [971_60033] => Array
        (
            [3] => 5
        )

    [971_60042] => Array
        (
            [2] => 1
        )

    [971_60043] => Array
        (
            [1] => 1
        )

    [972_60003] => Array
        (
            [2] => 1
        )

    [972_60006] => Array
        (
            [1] => 2
        )

    [972_60008] => Array
        (
            [5] => 1
        )

    [972_60009] => Array
        (
            [1] => 1
        )

    [972_60014] => Array
        (
            [1] => 3
        )

    [972_60019] => Array
        (
            [5] => 3
        )

    [972_60020] => Array
        (
            [5] => 1
        )

    [972_60023] => Array
        (
            [5] => 1
        )

    [972_60030] => Array
        (
            [4] => 1
        )

    [972_60044] => Array
        (
            [5] => 1
        )

    [973_60003] => Array
        (
            [1] => 2
        )

    [973_60006] => Array
        (
            [4] => 5
        )

    [973_60008] => Array
        (
            [1] => 1
        )

    [973_60009] => Array
        (
            [1] => 2
        )

    [973_60014] => Array
        (
            [5] => 2
        )

    [973_60020] => Array
        (
            [4] => 1
        )

    [973_60022] => Array
        (
            [3] => 7
        )

    [973_60023] => Array
        (
            [3] => 2
        )

    [973_60024] => Array
        (
            [4] => 2
        )

    [973_60034] => Array
        (
            [5] => 1
        )

    [973_61006] => Array
        (
            [1] => 1
        )

    [974_60003] => Array
        (
            [3] => 2
        )

    [974_60006] => Array
        (
            [1] => 4
        )

    [974_60007] => Array
        (
            [3] => 2
        )

    [974_60009] => Array
        (
            [5] => 1
        )

    [974_60010] => Array
        (
            [1] => 1
        )

    [974_60011] => Array
        (
            [1] => 1
        )

    [974_60014] => Array
        (
            [4] => 1
        )

    [974_60019] => Array
        (
            [3] => 1
        )

    [974_60023] => Array
        (
            [4] => 2
        )

    [974_60024] => Array
        (
            [2] => 1
        )

    [974_61004] => Array
        (
            [2] => 1
        )

    [974_61006] => Array
        (
            [1] => 3
        )

    [974_61008] => Array
        (
            [4] => 1
        )

    [975_60006] => Array
        (
            [4] => 3
        )

    [975_60008] => Array
        (
            [5] => 1
        )

    [975_60009] => Array
        (
            [1] => 1
        )

    [975_60026] => Array
        (
            [2] => 1
        )

    [975_60033] => Array
        (
            [2] => 1
        )

    [975_60043] => Array
        (
            [4] => 1
        )

    [975_61004] => Array
        (
            [3] => 1
        )

    [976_60003] => Array
        (
            [1] => 1
        )

    [976_60006] => Array
        (
            [4] => 9
        )

    [976_60008] => Array
        (
            [5] => 1
        )

    [976_60009] => Array
        (
            [4] => 2
        )

    [976_60022] => Array
        (
            [4] => 1
        )

    [976_60024] => Array
        (
            [1] => 1
        )

    [976_60026] => Array
        (
            [5] => 5
        )

    [976_60027] => Array
        (
            [1] => 1
        )

    [976_60033] => Array
        (
            [1] => 1
        )

    [976_60052] => Array
        (
            [2] => 2
        )

    [976_61006] => Array
        (
            [3] => 6
        )

    [976_61009] => Array
        (
            [1] => 1
        )

    [976_61010] => Array
        (
            [5] => 1
        )

    [977_60003] => Array
        (
            [5] => 3
        )

    [977_60006] => Array
        (
            [5] => 3
        )

    [977_60008] => Array
        (
            [5] => 1
        )

    [977_60044] => Array
        (
            [4] => 1
        )

    [977_61006] => Array
        (
            [5] => 1
        )

    [978_60006] => Array
        (
            [1] => 6
        )

    [978_60007] => Array
        (
            [5] => 1
        )

    [978_60011] => Array
        (
            [1] => 1
        )

    [978_60019] => Array
        (
            [3] => 1
        )

    [978_60020] => Array
        (
            [4] => 2
        )

    [978_60023] => Array
        (
            [1] => 1
        )

    [978_60027] => Array
        (
            [3] => 1
        )

    [978_60034] => Array
        (
            [5] => 1
        )

    [978_60041] => Array
        (
            [5] => 1
        )

    [978_61004] => Array
        (
            [3] => 1
        )

    [978_61006] => Array
        (
            [5] => 2
        )

    [979_60003] => Array
        (
            [1] => 1
        )

    [979_60006] => Array
        (
            [4] => 2
        )

    [979_60008] => Array
        (
            [3] => 1
        )

    [979_60009] => Array
        (
            [1] => 3
        )

    [979_60019] => Array
        (
            [2] => 3
        )

    [979_60034] => Array
        (
            [1] => 1
        )

    [979_61004] => Array
        (
            [1] => 1
        )

    [979_61006] => Array
        (
            [4] => 1
        )

    [980_60003] => Array
        (
            [1] => 1
        )

    [980_60006] => Array
        (
            [1] => 1
        )

    [980_60008] => Array
        (
            [1] => 1
        )

    [980_60009] => Array
        (
            [1] => 2
        )

    [980_60011] => Array
        (
            [4] => 2
        )

    [980_60019] => Array
        (
            [2] => 1
        )

    [980_60020] => Array
        (
            [4] => 1
        )

    [980_61004] => Array
        (
            [1] => 1
        )

    [980_61006] => Array
        (
            [1] => 2
        )

    [981_60006] => Array
        (
            [3] => 3
        )

    [981_60008] => Array
        (
            [5] => 3
        )

    [981_60009] => Array
        (
            [3] => 2
        )

    [981_60020] => Array
        (
            [5] => 1
        )

    [981_60026] => Array
        (
            [5] => 1
        )

    [981_60027] => Array
        (
            [1] => 1
        )

    [981_60033] => Array
        (
            [5] => 1
        )

    [981_60036] => Array
        (
            [5] => 1
        )

    [981_60041] => Array
        (
            [4] => 1
        )

    [981_60044] => Array
        (
            [4] => 2
        )

    [981_61004] => Array
        (
            [2] => 1
        )

    [981_61006] => Array
        (
            [5] => 3
        )

    [982_60003] => Array
        (
            [4] => 1
        )

    [982_60006] => Array
        (
            [1] => 5
        )

    [982_60008] => Array
        (
            [1] => 1
        )

    [982_60009] => Array
        (
            [5] => 6
        )

    [982_60011] => Array
        (
            [1] => 1
        )

    [982_60020] => Array
        (
            [2] => 1
        )

    [982_60024] => Array
        (
            [1] => 2
        )

    [982_60027] => Array
        (
            [4] => 2
        )

    [982_60028] => Array
        (
            [1] => 1
        )

    [982_60044] => Array
        (
            [1] => 1
        )

    [982_60052] => Array
        (
            [1] => 1
        )

    [982_61004] => Array
        (
            [3] => 1
        )

    [982_61006] => Array
        (
            [3] => 1
        )

    [983_60003] => Array
        (
            [5] => 1
        )

    [983_60006] => Array
        (
            [5] => 3
        )

    [983_60008] => Array
        (
            [4] => 2
        )

    [983_60009] => Array
        (
            [3] => 1
        )

    [983_60011] => Array
        (
            [5] => 1
        )

    [983_60019] => Array
        (
            [2] => 1
        )

    [983_60023] => Array
        (
            [4] => 1
        )

    [983_60027] => Array
        (
            [4] => 1
        )

    [983_60034] => Array
        (
            [4] => 1
        )

    [983_60044] => Array
        (
            [4] => 2
        )

    [983_60045] => Array
        (
            [5] => 1
        )

    [984_60003] => Array
        (
            [5] => 1
        )

    [984_60006] => Array
        (
            [5] => 7
        )

    [984_60007] => Array
        (
            [3] => 1
        )

    [984_60009] => Array
        (
            [5] => 2
        )

    [984_60011] => Array
        (
            [1] => 4
        )

    [984_60019] => Array
        (
            [5] => 1
        )

    [984_60023] => Array
        (
            [2] => 2
        )

    [984_60024] => Array
        (
            [4] => 2
        )

    [984_60027] => Array
        (
            [5] => 1
        )

    [984_60034] => Array
        (
            [1] => 2
        )

    [984_61004] => Array
        (
            [2] => 1
        )

    [984_61006] => Array
        (
            [4] => 4
        )

    [985_60003] => Array
        (
            [1] => 3
        )

    [985_60006] => Array
        (
            [5] => 6
        )

    [985_60007] => Array
        (
            [1] => 2
        )

    [985_60008] => Array
        (
            [5] => 4
        )

    [985_60009] => Array
        (
            [3] => 2
        )

    [985_60019] => Array
        (
            [3] => 1
        )

    [985_60021] => Array
        (
            [4] => 1
        )

    [985_60024] => Array
        (
            [4] => 2
        )

    [985_60027] => Array
        (
            [3] => 1
        )

    [985_60030] => Array
        (
            [1] => 1
        )

    [985_60033] => Array
        (
            [1] => 1
        )

    [985_60045] => Array
        (
            [3] => 1
        )

    [985_60052] => Array
        (
            [2] => 1
        )

    [985_61006] => Array
        (
            [2] => 3
        )

    [985_61010] => Array
        (
            [1] => 1
        )

    [986_60002] => Array
        (
            [5] => 1
        )

    [986_60003] => Array
        (
            [3] => 4
        )

    [986_60006] => Array
        (
            [4] => 15
        )

    [986_60008] => Array
        (
            [4] => 1
        )

    [986_60009] => Array
        (
            [3] => 1
        )

    [986_60011] => Array
        (
            [1] => 3
        )

    [986_60019] => Array
        (
            [4] => 1
        )

    [986_60020] => Array
        (
            [5] => 1
        )

    [986_60021] => Array
        (
            [5] => 1
        )

    [986_60023] => Array
        (
            [4] => 5
        )

    [986_60024] => Array
        (
            [1] => 4
        )

    [986_60026] => Array
        (
            [2] => 1
        )

    [986_60027] => Array
        (
            [5] => 4
        )

    [986_60034] => Array
        (
            [5] => 2
        )

    [986_60036] => Array
        (
            [1] => 1
        )

    [986_60045] => Array
        (
            [2] => 1
        )

    [986_60052] => Array
        (
            [1] => 1
        )

    [986_61004] => Array
        (
            [1] => 1
        )

    [986_61006] => Array
        (
            [1] => 3
        )

    [987_60003] => Array
        (
            [2] => 1
        )

    [987_60006] => Array
        (
            [5] => 9
        )

    [987_60007] => Array
        (
            [5] => 2
        )

    [987_60008] => Array
        (
            [1] => 1
        )

    [987_60009] => Array
        (
            [2] => 7
        )

    [987_60011] => Array
        (
            [5] => 1
        )

    [987_60019] => Array
        (
            [1] => 1
        )

    [987_60022] => Array
        (
            [4] => 4
        )

    [987_60023] => Array
        (
            [5] => 6
        )

    [987_60024] => Array
        (
            [3] => 3
        )

    [987_60027] => Array
        (
            [4] => 2
        )

    [987_60030] => Array
        (
            [5] => 1
        )

    [987_60033] => Array
        (
            [1] => 1
        )

    [987_60034] => Array
        (
            [1] => 2
        )

    [987_60036] => Array
        (
            [4] => 1
        )

    [987_60045] => Array
        (
            [5] => 1
        )

    [987_60050] => Array
        (
            [3] => 1
        )

    [987_61004] => Array
        (
            [2] => 2
        )

    [987_61006] => Array
        (
            [5] => 6
        )

    [987_61010] => Array
        (
            [2] => 2
        )

    [988_60002] => Array
        (
            [2] => 2
        )

    [988_60006] => Array
        (
            [5] => 16
        )

    [988_60007] => Array
        (
            [4] => 2
        )

    [988_60008] => Array
        (
            [4] => 2
        )

    [988_60009] => Array
        (
            [2] => 7
        )

    [988_60011] => Array
        (
            [5] => 1
        )

    [988_60014] => Array
        (
            [1] => 1
        )

    [988_60019] => Array
        (
            [1] => 3
        )

    [988_60020] => Array
        (
            [1] => 3
        )

    [988_60024] => Array
        (
            [1] => 3
        )

    [988_60030] => Array
        (
            [1] => 1
        )

    [988_60033] => Array
        (
            [1] => 1
        )

    [988_60044] => Array
        (
            [1] => 2
        )

    [988_60052] => Array
        (
            [2] => 2
        )

    [988_61004] => Array
        (
            [1] => 1
        )

    [988_61006] => Array
        (
            [5] => 7
        )

    [988_61009] => Array
        (
            [5] => 1
        )

    [989_60002] => Array
        (
            [5] => 3
        )

    [989_60003] => Array
        (
            [4] => 2
        )

    [989_60006] => Array
        (
            [1] => 25
        )

    [989_60007] => Array
        (
            [2] => 1
        )

    [989_60008] => Array
        (
            [4] => 3
        )

    [989_60009] => Array
        (
            [2] => 13
        )

    [989_60011] => Array
        (
            [3] => 1
        )

    [989_60016] => Array
        (
            [2] => 2
        )

    [989_60017] => Array
        (
            [4] => 1
        )

    [989_60019] => Array
        (
            [3] => 4
        )

    [989_60020] => Array
        (
            [5] => 2
        )

    [989_60022] => Array
        (
            [1] => 3
        )

    [989_60023] => Array
        (
            [1] => 5
        )

    [989_60024] => Array
        (
            [1] => 5
        )

    [989_60026] => Array
        (
            [4] => 1
        )

    [989_60027] => Array
        (
            [5] => 3
        )

    [989_60033] => Array
        (
            [4] => 2
        )

    [989_60034] => Array
        (
            [2] => 3
        )

    [989_60036] => Array
        (
            [4] => 2
        )

    [989_60044] => Array
        (
            [2] => 3
        )

    [989_60045] => Array
        (
            [4] => 1
        )

    [989_60052] => Array
        (
            [3] => 1
        )

    [989_61002] => Array
        (
            [5] => 1
        )

    [989_61004] => Array
        (
            [1] => 1
        )

    [989_61005] => Array
        (
            [2] => 1
        )

    [989_61006] => Array
        (
            [2] => 23
        )

    [989_61010] => Array
        (
            [1] => 4
        )

    [990_60002] => Array
        (
            [4] => 1
        )

    [990_60003] => Array
        (
            [1] => 4
        )

    [990_60006] => Array
        (
            [1] => 36
        )

    [990_60007] => Array
        (
            [2] => 3
        )

    [990_60008] => Array
        (
            [1] => 1
        )

    [990_60009] => Array
        (
            [3] => 10
        )

    [990_60011] => Array
        (
            [3] => 3
        )

    [990_60014] => Array
        (
            [4] => 1
        )

    [990_60015] => Array
        (
            [1] => 1
        )

    [990_60016] => Array
        (
            [4] => 3
        )

    [990_60017] => Array
        (
            [2] => 1
        )

    [990_60019] => Array
        (
            [5] => 3
        )

    [990_60020] => Array
        (
            [1] => 4
        )

    [990_60022] => Array
        (
            [4] => 1
        )

    [990_60023] => Array
        (
            [5] => 12
        )

    [990_60024] => Array
        (
            [3] => 7
        )

    [990_60026] => Array
        (
            [3] => 2
        )

    [990_60027] => Array
        (
            [2] => 4
        )

    [990_60033] => Array
        (
            [5] => 1
        )

    [990_60034] => Array
        (
            [4] => 2
        )

    [990_60036] => Array
        (
            [5] => 1
        )

    [990_60041] => Array
        (
            [1] => 1
        )

    [990_60043] => Array
        (
            [1] => 1
        )

    [990_60044] => Array
        (
            [5] => 6
        )

    [990_60049] => Array
        (
            [1] => 1
        )

    [990_60052] => Array
        (
            [4] => 4
        )

    [990_61002] => Array
        (
            [4] => 1
        )

    [990_61004] => Array
        (
            [1] => 7
        )

    [990_61005] => Array
        (
            [3] => 2
        )

    [990_61006] => Array
        (
            [4] => 27
        )

    [990_61009] => Array
        (
            [1] => 3
        )

    [990_61010] => Array
        (
            [3] => 5
        )

    [991_60002] => Array
        (
            [3] => 5
        )

    [991_60003] => Array
        (
            [3] => 7
        )

    [991_60006] => Array
        (
            [1] => 42
        )

    [991_60007] => Array
        (
            [4] => 5
        )

    [991_60008] => Array
        (
            [1] => 6
        )

    [991_60009] => Array
        (
            [4] => 18
        )

    [991_60011] => Array
        (
            [1] => 8
        )

    [991_60014] => Array
        (
            [5] => 3
        )

    [991_60016] => Array
        (
            [5] => 5
        )

    [991_60019] => Array
        (
            [4] => 10
        )

    [991_60020] => Array
        (
            [3] => 2
        )

    [991_60021] => Array
        (
            [4] => 3
        )

    [991_60022] => Array
        (
            [1] => 4
        )

    [991_60023] => Array
        (
            [1] => 15
        )

    [991_60024] => Array
        (
            [1] => 4
        )

    [991_60026] => Array
        (
            [2] => 1
        )

    [991_60027] => Array
        (
            [1] => 9
        )

    [991_60030] => Array
        (
            [4] => 1
        )

    [991_60031] => Array
        (
            [3] => 1
        )

    [991_60033] => Array
        (
            [3] => 1
        )

    [991_60034] => Array
        (
            [4] => 1
        )

    [991_60036] => Array
        (
            [2] => 1
        )

    [991_60041] => Array
        (
            [5] => 3
        )

    [991_60043] => Array
        (
            [1] => 3
        )

    [991_60044] => Array
        (
            [1] => 4
        )

    [991_60045] => Array
        (
            [1] => 1
        )

    [991_60052] => Array
        (
            [5] => 1
        )

    [991_61002] => Array
        (
            [2] => 1
        )

    [991_61004] => Array
        (
            [1] => 9
        )

    [991_61005] => Array
        (
            [2] => 3
        )

    [991_61006] => Array
        (
            [1] => 40
        )

    [991_61009] => Array
        (
            [4] => 2
        )

    [991_61010] => Array
        (
            [1] => 4
        )

    [992_60002] => Array
        (
            [4] => 14
        )

    [992_60003] => Array
        (
            [5] => 35
        )

    [992_60006] => Array
        (
            [5] => 139
        )

    [992_60007] => Array
        (
            [4] => 17
        )

    [992_60008] => Array
        (
            [4] => 11
        )

    [992_60009] => Array
        (
            [5] => 55
        )

    [992_60010] => Array
        (
            [4] => 4
        )

    [992_60011] => Array
        (
            [3] => 37
        )

    [992_60014] => Array
        (
            [3] => 8
        )

    [992_60016] => Array
        (
            [1] => 8
        )

    [992_60017] => Array
        (
            [1] => 6
        )

    [992_60019] => Array
        (
            [1] => 17
        )

    [992_60020] => Array
        (
            [3] => 24
        )

    [992_60021] => Array
        (
            [5] => 10
        )

    [992_60022] => Array
        (
            [3] => 5
        )

    [992_60023] => Array
        (
            [1] => 52
        )

    [992_60024] => Array
        (
            [1] => 18
        )

    [992_60026] => Array
        (
            [1] => 9
        )

    [992_60027] => Array
        (
            [5] => 23
        )

    [992_60028] => Array
        (
            [1] => 4
        )

    [992_60030] => Array
        (
            [1] => 2
        )

    [992_60031] => Array
        (
            [2] => 1
        )

    [992_60033] => Array
        (
            [1] => 3
        )

    [992_60034] => Array
        (
            [1] => 4
        )

    [992_60036] => Array
        (
            [1] => 2
        )

    [992_60041] => Array
        (
            [1] => 3
        )

    [992_60043] => Array
        (
            [1] => 8
        )

    [992_60044] => Array
        (
            [5] => 14
        )

    [992_60045] => Array
        (
            [1] => 1
        )

    [992_60046] => Array
        (
            [3] => 1
        )

    [992_60052] => Array
        (
            [2] => 17
        )

    [992_61002] => Array
        (
            [3] => 1
        )

    [992_61004] => Array
        (
            [5] => 33
        )

    [992_61005] => Array
        (
            [1] => 12
        )

    [992_61006] => Array
        (
            [4] => 123
        )

    [992_61008] => Array
        (
            [4] => 1
        )

    [992_61009] => Array
        (
            [3] => 4
        )

    [992_61010] => Array
        (
            [4] => 18
        )

    [993_60002] => Array
        (
            [3] => 128
        )

    [993_60003] => Array
        (
            [5] => 221
        )

    [993_60006] => Array
        (
            [4] => 2751
        )

    [993_60007] => Array
        (
            [4] => 270
        )

    [993_60008] => Array
        (
            [2] => 265
        )

    [993_60009] => Array
        (
            [1] => 1053
        )

    [993_60010] => Array
        (
            [2] => 3
        )

    [993_60011] => Array
        (
            [1] => 493
        )

    [993_60014] => Array
        (
            [3] => 68
        )

    [993_60016] => Array
        (
            [1] => 149
        )

    [993_60017] => Array
        (
            [1] => 69
        )

    [993_60019] => Array
        (
            [3] => 360
        )

    [993_60020] => Array
        (
            [4] => 401
        )

    [993_60021] => Array
        (
            [5] => 106
        )

    [993_60022] => Array
        (
            [1] => 172
        )

    [993_60023] => Array
        (
            [1] => 905
        )

    [993_60024] => Array
        (
            [2] => 1028
        )

    [993_60025] => Array
        (
            [5] => 9
        )

    [993_60026] => Array
        (
            [1] => 183
        )

    [993_60027] => Array
        (
            [1] => 168
        )

    [993_60028] => Array
        (
            [5] => 33
        )

    [993_60030] => Array
        (
            [1] => 13
        )

    [993_60031] => Array
        (
            [5] => 3
        )

    [993_60032] => Array
        (
            [2] => 7
        )

    [993_60033] => Array
        (
            [1] => 177
        )

    [993_60034] => Array
        (
            [1] => 138
        )

    [993_60035] => Array
        (
            [1] => 5
        )

    [993_60036] => Array
        (
            [4] => 132
        )

    [993_60040] => Array
        (
            [1] => 1
        )

    [993_60041] => Array
        (
            [3] => 72
        )

    [993_60042] => Array
        (
            [1] => 1
        )

    [993_60043] => Array
        (
            [5] => 115
        )

    [993_60044] => Array
        (
            [3] => 147
        )

    [993_60045] => Array
        (
            [3] => 29
        )

    [993_60046] => Array
        (
            [4] => 4
        )

    [993_60049] => Array
        (
            [2] => 14
        )

    [993_60050] => Array
        (
            [1] => 15
        )

    [993_60052] => Array
        (
            [3] => 288
        )

    [993_60053] => Array
        (
            [1] => 1
        )

    [993_61002] => Array
        (
            [1] => 1
        )

    [993_61003] => Array
        (
            [1] => 1
        )

    [993_61004] => Array
        (
            [3] => 531
        )

    [993_61005] => Array
        (
            [4] => 129
        )

    [993_61006] => Array
        (
            [2] => 2546
        )

    [993_61007] => Array
        (
            [4] => 11
        )

    [993_61008] => Array
        (
            [3] => 11
        )

    [993_61009] => Array
        (
            [3] => 95
        )

    [993_61010] => Array
        (
            [5] => 413
        )

    [994_60002] => Array
        (
            [5] => 1
        )

    [994_60003] => Array
        (
            [5] => 9
        )

    [994_60006] => Array
        (
            [4] => 19
        )

    [994_60007] => Array
        (
            [5] => 1
        )

    [994_60008] => Array
        (
            [3] => 4
        )

    [994_60009] => Array
        (
            [2] => 6
        )

    [994_60011] => Array
        (
            [5] => 2
        )

    [994_60014] => Array
        (
            [3] => 1
        )

    [994_60017] => Array
        (
            [2] => 1
        )

    [994_60019] => Array
        (
            [1] => 2
        )

    [994_60020] => Array
        (
            [5] => 3
        )

    [994_60022] => Array
        (
            [1] => 1
        )

    [994_60023] => Array
        (
            [4] => 5
        )

    [994_60024] => Array
        (
            [5] => 3
        )

    [994_60026] => Array
        (
            [2] => 3
        )

    [994_60027] => Array
        (
            [5] => 6
        )

    [994_60044] => Array
        (
            [1] => 4
        )

    [994_60052] => Array
        (
            [1] => 2
        )

    [994_61004] => Array
        (
            [5] => 5
        )

    [994_61006] => Array
        (
            [5] => 13
        )

    [994_61009] => Array
        (
            [3] => 1
        )

    [994_61010] => Array
        (
            [5] => 5
        )

)
